2024-12-31 09:56:12,432 [INFO] Activator:176 - 


2024-12-31 09:56:12,440 [INFO] Activator:177 - !SESSION log4j initialized
2024-12-31 09:56:29,067 [INFO] LogOutputStream:77 - [STDOUT_REDIRECT] 
2024-12-31 09:56:39,852 [INFO] ApplicationProperties:184 - Using Application install path: C:\ST\STM32CubeIDE_1.15.0\STM32CubeIDE\plugins\com.st.stm32cube.common.mx_6.13.0.202411220809
2024-12-31 09:56:39,882 [INFO] DbMcusXml:78 - Set database path to: C:\ST\STM32CubeIDE_1.15.0\STM32CubeIDE\plugins\com.st.stm32cube.common.mx_6.13.0.202411220809\\db\/mcu/
2024-12-31 09:56:39,883 [INFO] ApiDb:274 - Set plugin database path to: C:\ST\STM32CubeIDE_1.15.0\STM32CubeIDE\plugins\com.st.stm32cube.common.mx_6.13.0.202411220809\\db\/plugins/boardmanager/
2024-12-31 09:56:39,884 [WARN] ApiDb:259 - Overriding images path with different value:  => C:\ST\STM32CubeIDE_1.15.0\STM32CubeIDE\plugins\com.st.stm32cube.common.mx_6.13.0.202411220809\\db\/plugins/mcufinder/images/
2024-12-31 09:56:39,899 [INFO] ApiDb:250 - Set database path to: C:\Users\User\.stmcufinder\plugins\mcufinder//mcu/
2024-12-31 09:56:39,901 [INFO] DbMcusAds:125 - Set database path to: C:\Users\User\.stmcufinder\plugins\mcufinder//mcu/
2024-12-31 09:56:39,915 [INFO] CrossReferenceDbSqlite:203 - Set database path to: C:\Users\User\.stmcufinder\plugins\mcufinder//mcu/cs/
2024-12-31 09:56:40,173 [INFO] RulesReader:64 - Compatibility file has been processed (297 Rules)
2024-12-31 09:56:40,358 [INFO] DbMcusXml:78 - Set database path to: C:\ST\STM32CubeIDE_1.15.0\STM32CubeIDE\plugins\com.st.stm32cube.common.mx_6.13.0.202411220809\\db\/mcu/
2024-12-31 09:56:40,358 [INFO] ApiDb:274 - Set plugin database path to: C:\ST\STM32CubeIDE_1.15.0\STM32CubeIDE\plugins\com.st.stm32cube.common.mx_6.13.0.202411220809\\db\/plugins/boardmanager/
2024-12-31 09:56:40,358 [INFO] ApiDb:261 - Set plugin images path to: C:\ST\STM32CubeIDE_1.15.0\STM32CubeIDE\plugins\com.st.stm32cube.common.mx_6.13.0.202411220809\\db\/plugins/mcufinder/images/
2024-12-31 09:56:40,359 [WARN] DbFile:41 - Overriding database path with different value: C:\Users\User\.stmcufinder\plugins\mcufinder/ => C:\Users\User\.stmcufinder\plugins\mcufinder
2024-12-31 09:56:40,359 [INFO] ApiDb:250 - Set database path to: C:\Users\User\.stmcufinder\plugins\mcufinder//mcu/
2024-12-31 09:56:40,359 [WARN] DbFile:41 - Overriding database path with different value: C:\Users\User\.stmcufinder\plugins\mcufinder/ => C:\Users\User\.stmcufinder\plugins\mcufinder
2024-12-31 09:56:40,359 [INFO] DbMcusAds:125 - Set database path to: C:\Users\User\.stmcufinder\plugins\mcufinder//mcu/
2024-12-31 09:56:40,360 [WARN] DbFile:41 - Overriding database path with different value: C:\Users\User\.stmcufinder\plugins\mcufinder/ => C:\Users\User\.stmcufinder\plugins\mcufinder
2024-12-31 09:56:40,360 [WARN] DbFile:41 - Overriding database path with different value: C:\Users\User\.stmcufinder\plugins\mcufinder/ => C:\Users\User\.stmcufinder\plugins\mcufinder
2024-12-31 09:56:40,360 [INFO] CrossReferenceDbSqlite:203 - Set database path to: C:\Users\User\.stmcufinder\plugins\mcufinder//mcu/cs/
2024-12-31 09:56:40,499 [INFO] MainPanel:272 - HeapMemory: 268435456
2024-12-31 09:56:40,714 [INFO] DbMcusXml:78 - Set database path to: C:\ST\STM32CubeIDE_1.15.0\STM32CubeIDE\plugins\com.st.stm32cube.common.mx_6.13.0.202411220809\\db\/mcu/
2024-12-31 09:56:40,714 [INFO] ApiDb:274 - Set plugin database path to: C:\ST\STM32CubeIDE_1.15.0\STM32CubeIDE\plugins\com.st.stm32cube.common.mx_6.13.0.202411220809\\db\/plugins/boardmanager/
2024-12-31 09:56:40,714 [INFO] ApiDb:261 - Set plugin images path to: C:\ST\STM32CubeIDE_1.15.0\STM32CubeIDE\plugins\com.st.stm32cube.common.mx_6.13.0.202411220809\\db\/plugins/mcufinder/images/
2024-12-31 09:56:40,715 [WARN] DbFile:41 - Overriding database path with different value: C:\Users\User\.stmcufinder\plugins\mcufinder/ => C:\Users\User\.stmcufinder\plugins\mcufinder
2024-12-31 09:56:40,715 [INFO] ApiDb:250 - Set database path to: C:\Users\User\.stmcufinder\plugins\mcufinder//mcu/
2024-12-31 09:56:40,715 [WARN] DbFile:41 - Overriding database path with different value: C:\Users\User\.stmcufinder\plugins\mcufinder/ => C:\Users\User\.stmcufinder\plugins\mcufinder
2024-12-31 09:56:40,715 [INFO] DbMcusAds:125 - Set database path to: C:\Users\User\.stmcufinder\plugins\mcufinder//mcu/
2024-12-31 09:56:40,715 [WARN] DbFile:41 - Overriding database path with different value: C:\Users\User\.stmcufinder\plugins\mcufinder/ => C:\Users\User\.stmcufinder\plugins\mcufinder
2024-12-31 09:56:40,715 [WARN] DbFile:41 - Overriding database path with different value: C:\Users\User\.stmcufinder\plugins\mcufinder/ => C:\Users\User\.stmcufinder\plugins\mcufinder
2024-12-31 09:56:40,716 [INFO] CrossReferenceDbSqlite:203 - Set database path to: C:\Users\User\.stmcufinder\plugins\mcufinder//mcu/cs/
2024-12-31 09:56:40,744 [INFO] ApplicationProperties:184 - Using Application install path: C:\ST\STM32CubeIDE_1.15.0\STM32CubeIDE\plugins\com.st.stm32cube.common.mx_6.13.0.202411220809
2024-12-31 09:56:40,748 [INFO] PluginManage:196 - Search for loadable plugins [exclusion list=, ]
2024-12-31 09:56:40,750 [INFO] PluginManage:310 - Check plugin analytics
2024-12-31 09:56:41,234 [INFO] AnalyticsPlugin:253 - Accepted Software Licenses: 
2024-12-31 09:56:41,234 [INFO] AnalyticsPlugin:255 - Accepted CMSIS Pack Licenses: 
2024-12-31 09:56:41,234 [INFO] AnalyticsPlugin:257 - Accepted Firmware Licenses: 
2024-12-31 09:56:41,238 [INFO] PluginManage:359 - Loaded plugin analytics (category:tool,tabindex:-1)
2024-12-31 09:56:41,238 [INFO] PluginManage:310 - Check plugin cadmodel
2024-12-31 09:56:41,261 [INFO] CADModel:105 - Init CAD model plugin
2024-12-31 09:56:41,261 [INFO] PluginManage:359 - Loaded plugin cadmodel (category:power,tabindex:5)
2024-12-31 09:56:41,261 [INFO] PluginManage:310 - Check plugin clock
2024-12-31 09:56:41,293 [INFO] PluginManage:359 - Loaded plugin clock (category:base,tabindex:2)
2024-12-31 09:56:41,293 [INFO] PluginManage:310 - Check plugin ddr
2024-12-31 09:56:41,298 [INFO] PluginManage:359 - Loaded plugin ddr (category:tool,tabindex:6)
2024-12-31 09:56:41,298 [INFO] PluginManage:310 - Check plugin filemanager
2024-12-31 09:56:41,612 [INFO] PluginManage:359 - Loaded plugin filemanager (category:base,tabindex:10)
2024-12-31 09:56:41,612 [INFO] PluginManage:310 - Check plugin ipmanager
2024-12-31 09:56:41,623 [INFO] PluginManage:359 - Loaded plugin ipmanager (category:base,tabindex:5)
2024-12-31 09:56:41,623 [INFO] PluginManage:310 - Check plugin lpbam
2024-12-31 09:56:41,657 [INFO] PluginManage:359 - Loaded plugin lpbam (category:base,tabindex:0)
2024-12-31 09:56:41,658 [INFO] PluginManage:310 - Check plugin memorymap
2024-12-31 09:56:41,715 [INFO] PluginManage:359 - Loaded plugin memorymap (category:base,tabindex:4)
2024-12-31 09:56:41,715 [INFO] PluginManage:310 - Check plugin pinoutandconfiguration
2024-12-31 09:56:41,754 [INFO] PluginManage:359 - Loaded plugin pinoutandconfiguration (category:base,tabindex:1)
2024-12-31 09:56:41,754 [INFO] PluginManage:310 - Check plugin pinoutconfig
2024-12-31 09:56:41,906 [WARN] SupportedApi:132 - Cannot load RTOS API schema: s4s-elt-must-match.1: The content of 'definitions' must match (annotation?, (simpleType | complexType)?, (unique | key | keyref)*)). A problem was found starting at: attribute.
2024-12-31 09:56:42,126 [INFO] PluginManage:359 - Loaded plugin pinoutconfig (category:base,tabindex:0)
2024-12-31 09:56:42,126 [INFO] PluginManage:310 - Check plugin power
2024-12-31 09:56:42,162 [INFO] PluginManage:359 - Loaded plugin power (category:power,tabindex:4)
2024-12-31 09:56:42,162 [INFO] PluginManage:310 - Check plugin projectmanager
2024-12-31 09:56:42,186 [INFO] PluginManage:359 - Loaded plugin projectmanager (category:projectmanager,tabindex:4)
2024-12-31 09:56:42,186 [INFO] PluginManage:310 - Check plugin rif
2024-12-31 09:56:42,212 [INFO] PluginManage:359 - Loaded plugin rif (category:base,tabindex:3)
2024-12-31 09:56:42,213 [INFO] PluginManage:310 - Check plugin thirdparty
2024-12-31 09:56:42,777 [WARN] IntegrityCheckThread:84 - waiting for thirdparty lock release [integrity check]
2024-12-31 09:56:42,777 [INFO] PluginManage:359 - Loaded plugin thirdparty (category:base,tabindex:-1)
2024-12-31 09:56:42,778 [INFO] IntegrityCheckThread:86 - entering critical section [integrity check]
2024-12-31 09:56:42,778 [INFO] PluginManage:310 - Check plugin tools
2024-12-31 09:56:42,778 [INFO] ThirdPartyUpdaterWithRetryManager:70 - Updater plugin not ready yet. [1/15]
2024-12-31 09:56:42,887 [INFO] PluginManage:359 - Loaded plugin tools (category:base,tabindex:7)
2024-12-31 09:56:42,887 [INFO] PluginManage:310 - Check plugin tutovideos
2024-12-31 09:56:43,304 [INFO] PluginManage:359 - Loaded plugin tutovideos (category:base,tabindex:-1)
2024-12-31 09:56:43,304 [INFO] PluginManage:310 - Check plugin updater
2024-12-31 09:56:43,372 [INFO] PluginManage:359 - Loaded plugin updater (category:base,tabindex:12)
2024-12-31 09:56:43,372 [INFO] PluginManage:310 - Check plugin userauth
2024-12-31 09:56:43,380 [INFO] UserAuth:118 - Init User Auth plugin
2024-12-31 09:56:43,382 [INFO] PluginManage:359 - Loaded plugin userauth (category:base,tabindex:14)
2024-12-31 09:56:43,383 [INFO] PluginManage:283 - PluginManage : Loaded plugins [18]
2024-12-31 09:56:43,799 [INFO] PinOutPanel:1589 - setPackage(No Configuration,No Configuration)
2024-12-31 09:56:43,972 [INFO] CADModel:165 - CPN selected for project level
2024-12-31 09:56:43,972 [INFO] CADModel:114 - Register for checkConnection events
2024-12-31 09:56:44,042 [INFO] IPUIPlugin:80 - create IPUIPlugin
2024-12-31 09:56:44,042 [INFO] PluginManager:220 - loadIPPluginJar : add adc
2024-12-31 09:56:44,142 [INFO] IPUIPlugin:80 - create IPUIPlugin
2024-12-31 09:56:44,142 [INFO] PluginManager:220 - loadIPPluginJar : add aes
2024-12-31 09:56:44,236 [INFO] IPUIPlugin:80 - create IPUIPlugin
2024-12-31 09:56:44,236 [INFO] PluginManager:220 - loadIPPluginJar : add can
2024-12-31 09:56:44,294 [INFO] IPUIPlugin:80 - create IPUIPlugin
2024-12-31 09:56:44,294 [INFO] PluginManager:220 - loadIPPluginJar : add comp
2024-12-31 09:56:44,372 [INFO] IPUIPlugin:80 - create IPUIPlugin
2024-12-31 09:56:44,372 [INFO] PluginManager:220 - loadIPPluginJar : add cryp
2024-12-31 09:56:44,400 [INFO] IPUIPlugin:80 - create IPUIPlugin
2024-12-31 09:56:44,400 [INFO] PluginManager:220 - loadIPPluginJar : add ddr_ctrl_phy
2024-12-31 09:56:44,482 [INFO] IPUIPlugin:80 - create IPUIPlugin
2024-12-31 09:56:44,483 [INFO] PluginManager:220 - loadIPPluginJar : add dfsdm
2024-12-31 09:56:44,518 [INFO] IPUIPlugin:80 - create IPUIPlugin
2024-12-31 09:56:44,520 [INFO] PluginManager:220 - loadIPPluginJar : add dma
2024-12-31 09:56:44,647 [INFO] IPUIPlugin:80 - create IPUIPlugin
2024-12-31 09:56:44,647 [INFO] PluginManager:220 - loadIPPluginJar : add dma3
2024-12-31 09:56:44,753 [INFO] IPUIPlugin:80 - create IPUIPlugin
2024-12-31 09:56:44,753 [INFO] PluginManager:220 - loadIPPluginJar : add extmemmanager
2024-12-31 09:56:44,792 [INFO] IPUIPlugin:80 - create IPUIPlugin
2024-12-31 09:56:44,792 [INFO] PluginManager:220 - loadIPPluginJar : add fatfs
2024-12-31 09:56:44,878 [INFO] IPUIPlugin:80 - create IPUIPlugin
2024-12-31 09:56:44,878 [INFO] PluginManager:220 - loadIPPluginJar : add fmc
2024-12-31 09:56:44,904 [INFO] IPUIPlugin:80 - create IPUIPlugin
2024-12-31 09:56:44,904 [INFO] PluginManager:220 - loadIPPluginJar : add freertos
2024-12-31 09:56:44,950 [INFO] IPUIPlugin:80 - create IPUIPlugin
2024-12-31 09:56:44,950 [INFO] PluginManager:220 - loadIPPluginJar : add genericplugin
2024-12-31 09:56:45,151 [INFO] IPUIPlugin:80 - create IPUIPlugin
2024-12-31 09:56:45,152 [INFO] PluginManager:220 - loadIPPluginJar : add gfxmmu
2024-12-31 09:56:45,571 [INFO] IPUIPlugin:80 - create IPUIPlugin
2024-12-31 09:56:45,571 [INFO] PluginManager:220 - loadIPPluginJar : add gic
2024-12-31 09:56:45,603 [INFO] IPUIPlugin:80 - create IPUIPlugin
2024-12-31 09:56:45,603 [INFO] PluginManager:220 - loadIPPluginJar : add gpio
2024-12-31 09:56:45,778 [INFO] IPUIPlugin:80 - create IPUIPlugin
2024-12-31 09:56:45,778 [INFO] PluginManager:220 - loadIPPluginJar : add gtzc
2024-12-31 09:56:45,779 [INFO] ThirdPartyUpdaterWithRetryManager:70 - Updater plugin not ready yet. [2/15]
2024-12-31 09:56:45,853 [INFO] IPUIPlugin:80 - create IPUIPlugin
2024-12-31 09:56:45,853 [INFO] PluginManager:220 - loadIPPluginJar : add hash
2024-12-31 09:56:45,976 [INFO] IPUIPlugin:80 - create IPUIPlugin
2024-12-31 09:56:45,977 [INFO] PluginManager:220 - loadIPPluginJar : add i2c
2024-12-31 09:56:46,049 [INFO] IPUIPlugin:80 - create IPUIPlugin
2024-12-31 09:56:46,049 [INFO] PluginManager:220 - loadIPPluginJar : add i2s
2024-12-31 09:56:46,140 [INFO] IPUIPlugin:80 - create IPUIPlugin
2024-12-31 09:56:46,140 [INFO] PluginManager:220 - loadIPPluginJar : add i3c
2024-12-31 09:56:46,442 [INFO] IPUIPlugin:80 - create IPUIPlugin
2024-12-31 09:56:46,443 [INFO] PluginManager:220 - loadIPPluginJar : add ipddr
2024-12-31 09:56:46,676 [INFO] IPUIPlugin:80 - create IPUIPlugin
2024-12-31 09:56:46,677 [INFO] PluginManager:220 - loadIPPluginJar : add linkedlist
2024-12-31 09:56:46,757 [INFO] IPUIPlugin:80 - create IPUIPlugin
2024-12-31 09:56:46,758 [INFO] PluginManager:220 - loadIPPluginJar : add lorawan
2024-12-31 09:56:46,832 [INFO] IPUIPlugin:80 - create IPUIPlugin
2024-12-31 09:56:46,833 [INFO] PluginManager:220 - loadIPPluginJar : add ltdc
2024-12-31 09:56:46,856 [INFO] IPUIPlugin:80 - create IPUIPlugin
2024-12-31 09:56:46,856 [INFO] PluginManager:220 - loadIPPluginJar : add mdma
2024-12-31 09:56:46,879 [INFO] IPUIPlugin:80 - create IPUIPlugin
2024-12-31 09:56:46,879 [INFO] PluginManager:220 - loadIPPluginJar : add nvic
2024-12-31 09:56:46,951 [INFO] IPUIPlugin:80 - create IPUIPlugin
2024-12-31 09:56:46,952 [INFO] PluginManager:220 - loadIPPluginJar : add opamp
2024-12-31 09:56:47,071 [INFO] IPUIPlugin:80 - create IPUIPlugin
2024-12-31 09:56:47,072 [INFO] PluginManager:220 - loadIPPluginJar : add openamp
2024-12-31 09:56:47,264 [INFO] IPUIPlugin:80 - create IPUIPlugin
2024-12-31 09:56:47,265 [INFO] PluginManager:220 - loadIPPluginJar : add pdm2pcm
2024-12-31 09:56:47,333 [INFO] IPUIPlugin:80 - create IPUIPlugin
2024-12-31 09:56:47,338 [INFO] PluginManager:220 - loadIPPluginJar : add plateformsettings
2024-12-31 09:56:47,382 [INFO] IPUIPlugin:80 - create IPUIPlugin
2024-12-31 09:56:47,382 [INFO] PluginManager:220 - loadIPPluginJar : add quadspi
2024-12-31 09:56:47,453 [INFO] IPUIPlugin:80 - create IPUIPlugin
2024-12-31 09:56:47,455 [INFO] PluginManager:220 - loadIPPluginJar : add radio
2024-12-31 09:56:47,486 [INFO] IPUIPlugin:80 - create IPUIPlugin
2024-12-31 09:56:47,487 [INFO] PluginManager:220 - loadIPPluginJar : add resmgrutility
2024-12-31 09:56:47,623 [INFO] IPUIPlugin:80 - create IPUIPlugin
2024-12-31 09:56:47,623 [INFO] PluginManager:220 - loadIPPluginJar : add sai
2024-12-31 09:56:47,790 [INFO] IPUIPlugin:80 - create IPUIPlugin
2024-12-31 09:56:47,790 [INFO] PluginManager:220 - loadIPPluginJar : add spi
2024-12-31 09:56:47,939 [INFO] IPUIPlugin:80 - create IPUIPlugin
2024-12-31 09:56:47,939 [INFO] PluginManager:220 - loadIPPluginJar : add stm32_wpan
2024-12-31 09:56:47,986 [INFO] IPUIPlugin:80 - create IPUIPlugin
2024-12-31 09:56:47,986 [INFO] PluginManager:220 - loadIPPluginJar : add tim
2024-12-31 09:56:48,124 [INFO] IPUIPlugin:80 - create IPUIPlugin
2024-12-31 09:56:48,125 [INFO] PluginManager:220 - loadIPPluginJar : add touchsensing
2024-12-31 09:56:48,236 [INFO] IPUIPlugin:80 - create IPUIPlugin
2024-12-31 09:56:48,237 [INFO] PluginManager:220 - loadIPPluginJar : add tracer_emb
2024-12-31 09:56:48,348 [INFO] IPUIPlugin:80 - create IPUIPlugin
2024-12-31 09:56:48,348 [INFO] PluginManager:220 - loadIPPluginJar : add ts
2024-12-31 09:56:48,451 [INFO] IPUIPlugin:80 - create IPUIPlugin
2024-12-31 09:56:48,451 [INFO] PluginManager:220 - loadIPPluginJar : add tsc
2024-12-31 09:56:48,570 [INFO] IPUIPlugin:80 - create IPUIPlugin
2024-12-31 09:56:48,570 [INFO] PluginManager:220 - loadIPPluginJar : add ucpd
2024-12-31 09:56:48,668 [INFO] IPUIPlugin:80 - create IPUIPlugin
2024-12-31 09:56:48,668 [INFO] PluginManager:220 - loadIPPluginJar : add usart
2024-12-31 09:56:48,767 [INFO] IPUIPlugin:80 - create IPUIPlugin
2024-12-31 09:56:48,768 [INFO] PluginManager:220 - loadIPPluginJar : add usbx
2024-12-31 09:56:48,781 [INFO] ThirdPartyUpdaterWithRetryManager:70 - Updater plugin not ready yet. [3/15]
2024-12-31 09:56:48,988 [FATAL] Updater:351 - Updater called before beeing initialized
2024-12-31 09:56:49,117 [INFO] RulesReader:64 - Compatibility file has been processed (297 Rules)
2024-12-31 09:56:49,172 [INFO] RulesReader:64 - Compatibility file has been processed (297 Rules)
2024-12-31 09:56:49,186 [INFO] CADModel:165 - CPN selected for project level
2024-12-31 09:56:49,186 [INFO] CADModel:114 - Register for checkConnection events
2024-12-31 09:56:49,187 [FATAL] Updater:351 - Updater called before beeing initialized
2024-12-31 09:56:49,187 [ERROR] CADModel:125 - Updater not yet initialized, retry later 
2024-12-31 09:56:49,441 [FATAL] Updater:351 - Updater called before beeing initialized
2024-12-31 09:56:49,444 [INFO] CADModel:165 - CPN selected for project level
2024-12-31 09:56:49,445 [INFO] CADModel:114 - Register for checkConnection events
2024-12-31 09:56:49,445 [FATAL] Updater:351 - Updater called before beeing initialized
2024-12-31 09:56:49,445 [ERROR] CADModel:125 - Updater not yet initialized, retry later 
2024-12-31 09:56:49,451 [FATAL] Updater:351 - Updater called before beeing initialized
2024-12-31 09:56:49,648 [FATAL] Updater:351 - Updater called before beeing initialized
2024-12-31 09:56:49,666 [INFO] DbMcusAds:53 - JSON generation date=Fri Sep 20 14:04:23 WAT 2024 (1726837463113)
2024-12-31 09:56:49,666 [FATAL] Updater:351 - Updater called before beeing initialized
2024-12-31 09:56:49,730 [WARN] DetailPanel:346 - Failed to get advertising image, set to default
2024-12-31 09:56:50,241 [FATAL] Updater:351 - Updater called before beeing initialized
2024-12-31 09:56:50,245 [FATAL] Updater:351 - Updater called before beeing initialized
2024-12-31 09:56:50,246 [FATAL] Updater:351 - Updater called before beeing initialized
2024-12-31 09:56:50,246 [WARN] DetailPanel:346 - Failed to get advertising image, set to default
2024-12-31 09:56:50,249 [FATAL] Updater:351 - Updater called before beeing initialized
2024-12-31 09:56:50,454 [ERROR] Updater:1198 - MainUpdater not yet initialized. External WinMGr cannot be set.
2024-12-31 09:56:50,472 [INFO] Updater:1134 - Updater Version found : 6.13.0
2024-12-31 09:56:50,504 [INFO] ApplicationProperties:184 - Using Application install path: C:\ST\STM32CubeIDE_1.15.0\STM32CubeIDE\plugins\com.st.stm32cube.common.mx_6.13.0.202411220809
2024-12-31 09:56:51,784 [INFO] ThirdPartyUpdaterWithRetryManager:70 - Updater plugin not ready yet. [4/15]
2024-12-31 09:56:52,104 [ERROR] LogOutputStream:75 - [STDERR_REDIRECT] Dec 31, 2024 9:56:52 AM java.util.prefs.WindowsPreferences <init>
2024-12-31 09:56:52,108 [ERROR] LogOutputStream:75 - [STDERR_REDIRECT] WARNING: Could not open/create prefs root node Software\JavaSoft\Prefs at root 0xffffffff80000002. Windows RegCreateKeyEx(...) returned error code 5.
2024-12-31 09:56:52,108 [ERROR] LogOutputStream:75 - [STDERR_REDIRECT] 
2024-12-31 09:56:53,362 [INFO] MainUpdater:2872 - connection check result : 10
2024-12-31 09:56:53,365 [INFO] MainUpdater:289 - Updater Check For Update Now.
2024-12-31 09:56:53,366 [INFO] MicroXplorer:498 - Change Database Version : DB.6.0.130
2024-12-31 09:56:53,449 [INFO] McuFinderGlobals:63 - Set McuFinder mode to 2 (CubeIDE integrated)
2024-12-31 09:56:53,486 [INFO] UserAuth:486 - Internet connection configuration mode: 1
2024-12-31 09:56:53,566 [INFO] JxBrowserEngine:152 - Initiate JxBrowser Engine with user profile folder
2024-12-31 09:56:53,974 [INFO] CheckServerUpdateThread:120 - End of CheckServer Thread
2024-12-31 09:56:55,341 [WARN] PackLoader:240 - Cannot read IP mode file for STMicroelectronics.FP-SNS-MOTENVWB1.1.4.0
2024-12-31 09:56:55,383 [WARN] PackLoader:240 - Cannot read IP mode file for STMicroelectronics.FP-ATR-ASTRA1.2.0.1
2024-12-31 09:56:55,423 [WARN] PackLoader:240 - Cannot read IP mode file for STMicroelectronics.X-CUBE-SMBUS.2.1.0
2024-12-31 09:56:55,463 [WARN] PackLoader:240 - Cannot read IP mode file for STMicroelectronics.X-CUBE-WB05N.1.1.0
2024-12-31 09:56:55,489 [WARN] PackLoader:240 - Cannot read IP mode file for STMicroelectronics.X-CUBE-TOUCHGFX.4.23.2
2024-12-31 09:56:55,575 [WARN] PackLoader:240 - Cannot read IP mode file for STMicroelectronics.X-CUBE-AZRTOS-F7.1.1.0
2024-12-31 09:56:55,611 [INFO] WebApp:168 - Instantiating new browser for Auth
2024-12-31 09:56:55,839 [WARN] PackLoader:240 - Cannot read IP mode file for STMicroelectronics.X-CUBE-MEMS1.11.0.0
2024-12-31 09:56:56,292 [WARN] PackLoader:240 - Cannot read IP mode file for STMicroelectronics.FP-SNS-FLIGHT1.5.0.2
2024-12-31 09:56:56,345 [WARN] PackLoader:240 - Cannot read IP mode file for STMicroelectronics.X-CUBE-DISPLAY.3.0.0
2024-12-31 09:56:56,393 [WARN] PackLoader:240 - Cannot read IP mode file for STMicroelectronics.X-CUBE-BLE1.7.0.0
2024-12-31 09:56:56,435 [WARN] PackLoader:240 - Cannot read IP mode file for STMicroelectronics.X-CUBE-NFC10.1.0.0
2024-12-31 09:56:56,526 [WARN] PackLoader:240 - Cannot read IP mode file for STMicroelectronics.X-CUBE-BLEMGR.4.0.0
2024-12-31 09:56:56,654 [WARN] PackLoader:240 - Cannot read IP mode file for emotas.I-CUBE-CANOPEN.1.3.0
2024-12-31 09:56:56,692 [WARN] PackLoader:240 - Cannot read IP mode file for STMicroelectronics.X-CUBE-BLEMGR.3.1.0
2024-12-31 09:56:56,727 [WARN] PackLoader:240 - Cannot read IP mode file for STMicroelectronics.FP-SNS-SMARTAG2.1.2.0
2024-12-31 09:56:56,941 [WARN] PackLoader:240 - Cannot read IP mode file for STMicroelectronics.X-CUBE-MEMS1.11.1.0
2024-12-31 09:56:57,545 [INFO] LogOutputStream:77 - [STDOUT_REDIRECT] 1 : Invalid condition id : UX_CORESTACK_Condition cause : null
2024-12-31 09:56:57,546 [INFO] LogOutputStream:77 - [STDOUT_REDIRECT] 1 : Invalid condition id : UX_CORESTACK_Condition cause : null
2024-12-31 09:56:57,549 [INFO] LogOutputStream:77 - [STDOUT_REDIRECT] 1 : Invalid condition id : UX_CORESTACK_Condition cause : null
2024-12-31 09:56:57,552 [INFO] LogOutputStream:77 - [STDOUT_REDIRECT] 1 : Invalid condition id : UX_CORESTACK_Condition cause : null
2024-12-31 09:56:57,555 [INFO] LogOutputStream:77 - [STDOUT_REDIRECT] 1 : Invalid condition id : UX_CORESTACK_Condition cause : null
2024-12-31 09:56:57,598 [WARN] PackLoader:240 - Cannot read IP mode file for STMicroelectronics.X-CUBE-AZRTOS-WL.2.0.0
2024-12-31 09:56:57,705 [WARN] PackLoader:240 - Cannot read IP mode file for STMicroelectronics.FP-SNS-MOTENV1.5.0.0
2024-12-31 09:56:57,757 [WARN] PackLoader:240 - Cannot read IP mode file for wolfSSL.I-CUBE-wolfMQTT.1.19.0
2024-12-31 09:56:57,773 [INFO] WebApp:449 - Apply proxy settings
2024-12-31 09:56:57,773 [INFO] WebApp:534 - Chromium requires no authentication
2024-12-31 09:56:57,803 [WARN] PackLoader:240 - Cannot read IP mode file for WES.I-CUBE-Cesium.1.3.0
2024-12-31 09:56:57,803 [INFO] WebApp:477 - Direct internet connection detected
2024-12-31 09:56:57,840 [WARN] PackLoader:240 - Cannot read IP mode file for STMicroelectronics.X-CUBE-BLE2.3.3.0
2024-12-31 09:56:57,874 [INFO] WebApp:880 - Register for checkConnection events
2024-12-31 09:56:57,875 [INFO] WebApp:449 - Apply proxy settings
2024-12-31 09:56:57,875 [INFO] WebApp:534 - Chromium requires no authentication
2024-12-31 09:56:57,877 [INFO] WebApp:477 - Direct internet connection detected
2024-12-31 09:56:57,883 [WARN] PackLoader:240 - Cannot read IP mode file for STMicroelectronics.X-CUBE-NFC9.1.0.0
2024-12-31 09:56:57,920 [WARN] PackLoader:240 - Cannot read IP mode file for STMicroelectronics.X-CUBE-TCPP.4.1.0
2024-12-31 09:56:57,959 [WARN] PackLoader:240 - Cannot read IP mode file for STMicroelectronics.X-CUBE-ALGOBUILD.1.3.0
2024-12-31 09:56:58,039 [WARN] PackLoader:240 - Cannot read IP mode file for STMicroelectronics.X-CUBE-AZRTOS-G0.1.1.0
2024-12-31 09:56:58,081 [WARN] PackLoader:240 - Cannot read IP mode file for STMicroelectronics.X-CUBE-SAFEA1.1.2.2
2024-12-31 09:56:58,116 [WARN] PackLoader:240 - Cannot read IP mode file for STMicroelectronics.X-CUBE-NFC4.3.0.0
2024-12-31 09:56:58,152 [WARN] PackLoader:240 - Cannot read IP mode file for EmbeddedOffice.I-CUBE-FS-RTOS.1.0.1
2024-12-31 09:56:58,177 [WARN] PackLoader:240 - Cannot read IP mode file for STMicroelectronics.X-CUBE-TCPP.4.2.0
2024-12-31 09:56:58,209 [WARN] PackLoader:240 - Cannot read IP mode file for RealThread.X-CUBE-RT-Thread_Nano.4.1.1
2024-12-31 09:56:58,230 [WARN] PackLoader:240 - Cannot read IP mode file for wolfSSL.I-CUBE-wolfSSL.5.7.0
2024-12-31 09:56:58,254 [WARN] PackLoader:240 - Cannot read IP mode file for STMicroelectronics.FP-ATR-SIGFOX1.3.2.0
2024-12-31 09:56:58,275 [WARN] ConditionMgr:438 - getConditionDescription Invalid condition id : Cortex-A Device cause : null
2024-12-31 09:56:58,313 [WARN] ConditionMgr:1044 - genDependencies : Invalid condition id : Cortex-A Device cause : null
2024-12-31 09:56:58,314 [WARN] ConditionMgr:1044 - genDependencies : Invalid condition id : Cortex-A Device cause : null
2024-12-31 09:56:58,314 [WARN] ConditionMgr:1044 - genDependencies : Invalid condition id : Cortex-A Device cause : null
2024-12-31 09:56:58,335 [WARN] PackLoader:240 - Cannot read IP mode file for STMicroelectronics.X-CUBE-EEPRMA1.5.1.0
2024-12-31 09:56:58,354 [INFO] WebApp:221 - Starting web application
2024-12-31 09:56:58,354 [INFO] WebApp:579 - Web application path used C:\ST\STM32CubeIDE_1.15.0\STM32CubeIDE\plugins\com.st.stm32cube.common.mx_6.13.0.202411220809\db\plugins\mcufinder\reactClient1\index.html
2024-12-31 09:56:58,375 [WARN] PackLoader:240 - Cannot read IP mode file for ITTIA_DB.I-CUBE-ITTIADB.8.9.0
2024-12-31 09:56:58,473 [WARN] PackLoader:240 - Cannot read IP mode file for SEGGER.I-CUBE-embOS.1.3.1
2024-12-31 09:56:58,582 [WARN] PackLoader:240 - Cannot read IP mode file for STMicroelectronics.X-CUBE-ALGOBUILD.1.4.0
2024-12-31 09:56:58,614 [WARN] PackLoader:240 - Cannot read IP mode file for STMicroelectronics.X-CUBE-AI.9.1.0
2024-12-31 09:56:58,649 [WARN] PackLoader:240 - Cannot read IP mode file for STMicroelectronics.X-CUBE-GNSS1.6.0.0
2024-12-31 09:56:58,717 [WARN] PackLoader:240 - Cannot read IP mode file for STMicroelectronics.X-CUBE-AZRTOS-F4.1.1.0
2024-12-31 09:56:58,758 [INFO] WebApp:187 - Connection restablished
2024-12-31 09:56:58,778 [INFO] UserAuth:486 - Internet connection configuration mode: 1
2024-12-31 09:56:58,783 [WARN] PackLoader:240 - Cannot read IP mode file for STMicroelectronics.X-CUBE-ISPU.2.1.0
2024-12-31 09:56:58,822 [WARN] PackLoader:240 - Cannot read IP mode file for STMicroelectronics.X-CUBE-FREERTOS.1.2.0
2024-12-31 09:56:58,906 [WARN] PackLoader:240 - Cannot read IP mode file for STMicroelectronics.X-CUBE-AZRTOS-L5.2.0.0
2024-12-31 09:56:58,956 [WARN] PackLoader:240 - Cannot read IP mode file for STMicroelectronics.X-CUBE-NFC6.3.1.0
2024-12-31 09:56:58,991 [WARN] PackLoader:240 - Cannot read IP mode file for STMicroelectronics.X-CUBE-DPower.1.2.0
2024-12-31 09:56:59,021 [WARN] PackLoader:240 - Cannot read IP mode file for STMicroelectronics.X-CUBE-AI.9.0.0
2024-12-31 09:56:59,062 [WARN] PackLoader:240 - Cannot read IP mode file for STMicroelectronics.X-CUBE-FREERTOS.1.3.0
2024-12-31 09:56:59,099 [WARN] PackLoader:240 - Cannot read IP mode file for STMicroelectronics.X-CUBE-NFC7.1.0.1
2024-12-31 09:56:59,217 [WARN] ConditionMgr:438 - getConditionDescription Invalid condition id : LAN8742 Phy interface Condition cause : null
2024-12-31 09:56:59,218 [WARN] PackLoader:240 - Cannot read IP mode file for STMicroelectronics.X-CUBE-AZRTOS-L4.2.0.0
2024-12-31 09:56:59,220 [WARN] ConditionMgr:1044 - genDependencies : Invalid condition id : LAN8742 Phy interface Condition cause : null
2024-12-31 09:56:59,221 [WARN] ConditionMgr:1044 - genDependencies : Invalid condition id : LAN8742 Phy interface Condition cause : null
2024-12-31 09:56:59,222 [WARN] ConditionMgr:1044 - genDependencies : Invalid condition id : LAN8742 Phy interface Condition cause : null
2024-12-31 09:56:59,291 [WARN] PackLoader:240 - Cannot read IP mode file for STMicroelectronics.X-CUBE-SFXS2LP1.4.0.0
2024-12-31 09:56:59,370 [WARN] PackLoader:240 - Cannot read IP mode file for STMicroelectronics.X-CUBE-AZRTOS-H7.3.3.0
2024-12-31 09:56:59,450 [WARN] PackLoader:240 - Cannot read IP mode file for STMicroelectronics.X-CUBE-IPS.3.0.0
2024-12-31 09:56:59,523 [WARN] ConditionMgr:438 - getConditionDescription Invalid condition id : UX DEVICE CLASS RTOS Condition cause : null
2024-12-31 09:56:59,524 [WARN] ConditionMgr:438 - getConditionDescription Invalid condition id : UX DEVICE CLASS RTOS Condition cause : null
2024-12-31 09:56:59,528 [WARN] PackLoader:240 - Cannot read IP mode file for STMicroelectronics.X-CUBE-AZRTOS-WB.2.0.0
2024-12-31 09:56:59,529 [WARN] ConditionMgr:1044 - genDependencies : Invalid condition id : UX DEVICE CLASS RTOS Condition cause : null
2024-12-31 09:56:59,530 [WARN] ConditionMgr:1044 - genDependencies : Invalid condition id : UX DEVICE CLASS RTOS Condition cause : null
2024-12-31 09:56:59,530 [WARN] ConditionMgr:1044 - genDependencies : Invalid condition id : UX DEVICE CLASS RTOS Condition cause : null
2024-12-31 09:56:59,531 [WARN] ConditionMgr:1044 - genDependencies : Invalid condition id : UX DEVICE CLASS RTOS Condition cause : null
2024-12-31 09:56:59,531 [WARN] ConditionMgr:1044 - genDependencies : Invalid condition id : UX DEVICE CLASS RTOS Condition cause : null
2024-12-31 09:56:59,572 [WARN] PackLoader:240 - Cannot read IP mode file for STMicroelectronics.X-CUBE-GNSS1.7.0.0
2024-12-31 09:56:59,614 [WARN] PackLoader:240 - Cannot read IP mode file for STMicroelectronics.X-CUBE-GNSS1.7.0.1
2024-12-31 09:56:59,669 [WARN] PackLoader:240 - Cannot read IP mode file for STMicroelectronics.FP-SNS-STBOX1.2.0.0
2024-12-31 09:56:59,744 [WARN] PackLoader:240 - Cannot read IP mode file for STMicroelectronics.X-CUBE-SUBG2.5.0.0
2024-12-31 09:56:59,803 [WARN] PackLoader:240 - Cannot read IP mode file for Cesanta.I-CUBE-Mongoose.7.13.0
2024-12-31 09:56:59,870 [WARN] PackLoader:240 - Cannot read IP mode file for STMicroelectronics.X-CUBE-AZRTOS-G4.2.0.0
2024-12-31 09:56:59,907 [WARN] PackLoader:240 - Cannot read IP mode file for STMicroelectronics.X-CUBE-ISPU.2.0.0
2024-12-31 09:56:59,933 [WARN] PackLoader:240 - Cannot read IP mode file for STMicroelectronics.X-CUBE-ALS.1.0.2
2024-12-31 09:57:00,044 [WARN] PackLoader:240 - Cannot read IP mode file for STMicroelectronics.X-CUBE-MEMS1.10.0.0
2024-12-31 09:57:00,572 [WARN] PackLoader:240 - Cannot read IP mode file for STMicroelectronics.X-CUBE-FREERTOS.1.1.0
2024-12-31 09:57:00,601 [WARN] PackLoader:240 - Cannot read IP mode file for STMicroelectronics.X-CUBE-TOUCHGFX.4.24.1
2024-12-31 09:57:00,632 [WARN] PackLoader:240 - Cannot read IP mode file for wolfSSL.I-CUBE-wolfTPM.3.4.0
2024-12-31 09:57:00,665 [WARN] PackLoader:240 - Cannot read IP mode file for portGmbH.I-Cube-SoM-uGOAL.1.1.0
2024-12-31 09:57:00,694 [WARN] PackLoader:240 - Cannot read IP mode file for STMicroelectronics.X-CUBE-ALS.1.0.1
2024-12-31 09:57:00,774 [WARN] PackLoader:240 - Cannot read IP mode file for STMicroelectronics.X-CUBE-AZRTOS-H7RS.1.0.0
2024-12-31 09:57:00,807 [WARN] PackLoader:240 - Cannot read IP mode file for STMicroelectronics.FP-ATR-ASTRA1.2.0.0
2024-12-31 09:57:00,868 [WARN] PackLoader:240 - Cannot read IP mode file for STMicroelectronics.X-CUBE-TOF1.3.4.2
2024-12-31 09:57:00,942 [WARN] PackLoader:240 - Cannot read IP mode file for STMicroelectronics.X-CUBE-TOF1.3.4.1
2024-12-31 09:57:01,043 [WARN] PackLoader:240 - Cannot read IP mode file for STMicroelectronics.X-CUBE-AZRTOS-H7.3.2.0
2024-12-31 09:57:01,127 [WARN] PackLoader:240 - Cannot read IP mode file for Infineon.AIROC-Wi-Fi-Bluetooth-STM32.1.6.0
2024-12-31 09:57:01,166 [WARN] PackLoader:240 - Cannot read IP mode file for wolfSSL.I-CUBE-wolfSSH.1.4.17
2024-12-31 09:57:01,168 [INFO] ThirdParty:978 - Integrity check success = true
2024-12-31 09:57:01,168 [INFO] IntegrityCheckThread:100 - exiting critical section [integrity check]
2024-12-31 09:57:01,169 [INFO] IntegrityCheckThread:103 - End integrity checks thread
2024-12-31 10:00:59,069 [ERROR] LogOutputStream:75 - [STDERR_REDIRECT] 
