2024-12-24 13:58:06,421 [INFO] Activator:176 - 


2024-12-24 13:58:06,427 [INFO] Activator:177 - !SESSION log4j initialized
2024-12-24 13:58:16,875 [INFO] LogOutputStream:77 - [STDOUT_REDIRECT] 
2024-12-24 13:58:22,804 [INFO] ApplicationProperties:184 - Using Application install path: C:\ST\STM32CubeIDE_1.15.0\STM32CubeIDE\plugins\com.st.stm32cube.common.mx_6.13.0.202411220809
2024-12-24 13:58:22,823 [INFO] DbMcusXml:78 - Set database path to: C:\ST\STM32CubeIDE_1.15.0\STM32CubeIDE\plugins\com.st.stm32cube.common.mx_6.13.0.202411220809\\db\/mcu/
2024-12-24 13:58:22,823 [INFO] ApiDb:274 - Set plugin database path to: C:\ST\STM32CubeIDE_1.15.0\STM32CubeIDE\plugins\com.st.stm32cube.common.mx_6.13.0.202411220809\\db\/plugins/boardmanager/
2024-12-24 13:58:22,823 [WARN] ApiDb:259 - Overriding images path with different value:  => C:\ST\STM32CubeIDE_1.15.0\STM32CubeIDE\plugins\com.st.stm32cube.common.mx_6.13.0.202411220809\\db\/plugins/mcufinder/images/
2024-12-24 13:58:22,832 [INFO] ApiDb:250 - Set database path to: C:\Users\User\.stmcufinder\plugins\mcufinder//mcu/
2024-12-24 13:58:22,833 [INFO] DbMcusAds:125 - Set database path to: C:\Users\User\.stmcufinder\plugins\mcufinder//mcu/
2024-12-24 13:58:22,837 [INFO] CrossReferenceDbSqlite:203 - Set database path to: C:\Users\User\.stmcufinder\plugins\mcufinder//mcu/cs/
2024-12-24 13:58:22,985 [INFO] RulesReader:64 - Compatibility file has been processed (297 Rules)
2024-12-24 13:58:23,090 [INFO] DbMcusXml:78 - Set database path to: C:\ST\STM32CubeIDE_1.15.0\STM32CubeIDE\plugins\com.st.stm32cube.common.mx_6.13.0.202411220809\\db\/mcu/
2024-12-24 13:58:23,091 [INFO] ApiDb:274 - Set plugin database path to: C:\ST\STM32CubeIDE_1.15.0\STM32CubeIDE\plugins\com.st.stm32cube.common.mx_6.13.0.202411220809\\db\/plugins/boardmanager/
2024-12-24 13:58:23,091 [INFO] ApiDb:261 - Set plugin images path to: C:\ST\STM32CubeIDE_1.15.0\STM32CubeIDE\plugins\com.st.stm32cube.common.mx_6.13.0.202411220809\\db\/plugins/mcufinder/images/
2024-12-24 13:58:23,091 [WARN] DbFile:41 - Overriding database path with different value: C:\Users\User\.stmcufinder\plugins\mcufinder/ => C:\Users\User\.stmcufinder\plugins\mcufinder
2024-12-24 13:58:23,091 [INFO] ApiDb:250 - Set database path to: C:\Users\User\.stmcufinder\plugins\mcufinder//mcu/
2024-12-24 13:58:23,091 [WARN] DbFile:41 - Overriding database path with different value: C:\Users\User\.stmcufinder\plugins\mcufinder/ => C:\Users\User\.stmcufinder\plugins\mcufinder
2024-12-24 13:58:23,091 [INFO] DbMcusAds:125 - Set database path to: C:\Users\User\.stmcufinder\plugins\mcufinder//mcu/
2024-12-24 13:58:23,091 [WARN] DbFile:41 - Overriding database path with different value: C:\Users\User\.stmcufinder\plugins\mcufinder/ => C:\Users\User\.stmcufinder\plugins\mcufinder
2024-12-24 13:58:23,091 [WARN] DbFile:41 - Overriding database path with different value: C:\Users\User\.stmcufinder\plugins\mcufinder/ => C:\Users\User\.stmcufinder\plugins\mcufinder
2024-12-24 13:58:23,092 [INFO] CrossReferenceDbSqlite:203 - Set database path to: C:\Users\User\.stmcufinder\plugins\mcufinder//mcu/cs/
2024-12-24 13:58:23,184 [INFO] MainPanel:272 - HeapMemory: 268435456
2024-12-24 13:58:23,308 [INFO] DbMcusXml:78 - Set database path to: C:\ST\STM32CubeIDE_1.15.0\STM32CubeIDE\plugins\com.st.stm32cube.common.mx_6.13.0.202411220809\\db\/mcu/
2024-12-24 13:58:23,308 [INFO] ApiDb:274 - Set plugin database path to: C:\ST\STM32CubeIDE_1.15.0\STM32CubeIDE\plugins\com.st.stm32cube.common.mx_6.13.0.202411220809\\db\/plugins/boardmanager/
2024-12-24 13:58:23,308 [INFO] ApiDb:261 - Set plugin images path to: C:\ST\STM32CubeIDE_1.15.0\STM32CubeIDE\plugins\com.st.stm32cube.common.mx_6.13.0.202411220809\\db\/plugins/mcufinder/images/
2024-12-24 13:58:23,309 [WARN] DbFile:41 - Overriding database path with different value: C:\Users\User\.stmcufinder\plugins\mcufinder/ => C:\Users\User\.stmcufinder\plugins\mcufinder
2024-12-24 13:58:23,309 [INFO] ApiDb:250 - Set database path to: C:\Users\User\.stmcufinder\plugins\mcufinder//mcu/
2024-12-24 13:58:23,309 [WARN] DbFile:41 - Overriding database path with different value: C:\Users\User\.stmcufinder\plugins\mcufinder/ => C:\Users\User\.stmcufinder\plugins\mcufinder
2024-12-24 13:58:23,309 [INFO] DbMcusAds:125 - Set database path to: C:\Users\User\.stmcufinder\plugins\mcufinder//mcu/
2024-12-24 13:58:23,309 [WARN] DbFile:41 - Overriding database path with different value: C:\Users\User\.stmcufinder\plugins\mcufinder/ => C:\Users\User\.stmcufinder\plugins\mcufinder
2024-12-24 13:58:23,309 [WARN] DbFile:41 - Overriding database path with different value: C:\Users\User\.stmcufinder\plugins\mcufinder/ => C:\Users\User\.stmcufinder\plugins\mcufinder
2024-12-24 13:58:23,310 [INFO] CrossReferenceDbSqlite:203 - Set database path to: C:\Users\User\.stmcufinder\plugins\mcufinder//mcu/cs/
2024-12-24 13:58:23,330 [INFO] ApplicationProperties:184 - Using Application install path: C:\ST\STM32CubeIDE_1.15.0\STM32CubeIDE\plugins\com.st.stm32cube.common.mx_6.13.0.202411220809
2024-12-24 13:58:23,331 [INFO] PluginManage:196 - Search for loadable plugins [exclusion list=, ]
2024-12-24 13:58:23,333 [INFO] PluginManage:310 - Check plugin analytics
2024-12-24 13:58:23,518 [INFO] AnalyticsPlugin:253 - Accepted Software Licenses: 
2024-12-24 13:58:23,518 [INFO] AnalyticsPlugin:255 - Accepted CMSIS Pack Licenses: 
2024-12-24 13:58:23,519 [INFO] AnalyticsPlugin:257 - Accepted Firmware Licenses: 
2024-12-24 13:58:23,522 [INFO] PluginManage:359 - Loaded plugin analytics (category:tool,tabindex:-1)
2024-12-24 13:58:23,522 [INFO] PluginManage:310 - Check plugin cadmodel
2024-12-24 13:58:23,540 [INFO] CADModel:105 - Init CAD model plugin
2024-12-24 13:58:23,541 [INFO] PluginManage:359 - Loaded plugin cadmodel (category:power,tabindex:5)
2024-12-24 13:58:23,541 [INFO] PluginManage:310 - Check plugin clock
2024-12-24 13:58:23,563 [INFO] PluginManage:359 - Loaded plugin clock (category:base,tabindex:2)
2024-12-24 13:58:23,563 [INFO] PluginManage:310 - Check plugin ddr
2024-12-24 13:58:23,565 [INFO] PluginManage:359 - Loaded plugin ddr (category:tool,tabindex:6)
2024-12-24 13:58:23,566 [INFO] PluginManage:310 - Check plugin filemanager
2024-12-24 13:58:23,724 [INFO] PluginManage:359 - Loaded plugin filemanager (category:base,tabindex:10)
2024-12-24 13:58:23,724 [INFO] PluginManage:310 - Check plugin ipmanager
2024-12-24 13:58:23,730 [INFO] PluginManage:359 - Loaded plugin ipmanager (category:base,tabindex:5)
2024-12-24 13:58:23,731 [INFO] PluginManage:310 - Check plugin lpbam
2024-12-24 13:58:23,751 [INFO] PluginManage:359 - Loaded plugin lpbam (category:base,tabindex:0)
2024-12-24 13:58:23,751 [INFO] PluginManage:310 - Check plugin memorymap
2024-12-24 13:58:23,779 [INFO] PluginManage:359 - Loaded plugin memorymap (category:base,tabindex:4)
2024-12-24 13:58:23,780 [INFO] PluginManage:310 - Check plugin pinoutandconfiguration
2024-12-24 13:58:23,803 [INFO] PluginManage:359 - Loaded plugin pinoutandconfiguration (category:base,tabindex:1)
2024-12-24 13:58:23,803 [INFO] PluginManage:310 - Check plugin pinoutconfig
2024-12-24 13:58:23,922 [WARN] SupportedApi:132 - Cannot load RTOS API schema: s4s-elt-must-match.1: The content of 'definitions' must match (annotation?, (simpleType | complexType)?, (unique | key | keyref)*)). A problem was found starting at: attribute.
2024-12-24 13:58:24,086 [INFO] PluginManage:359 - Loaded plugin pinoutconfig (category:base,tabindex:0)
2024-12-24 13:58:24,086 [INFO] PluginManage:310 - Check plugin power
2024-12-24 13:58:24,111 [INFO] PluginManage:359 - Loaded plugin power (category:power,tabindex:4)
2024-12-24 13:58:24,111 [INFO] PluginManage:310 - Check plugin projectmanager
2024-12-24 13:58:24,126 [INFO] PluginManage:359 - Loaded plugin projectmanager (category:projectmanager,tabindex:4)
2024-12-24 13:58:24,126 [INFO] PluginManage:310 - Check plugin rif
2024-12-24 13:58:24,146 [INFO] PluginManage:359 - Loaded plugin rif (category:base,tabindex:3)
2024-12-24 13:58:24,146 [INFO] PluginManage:310 - Check plugin thirdparty
2024-12-24 13:58:24,469 [INFO] PluginManage:359 - Loaded plugin thirdparty (category:base,tabindex:-1)
2024-12-24 13:58:24,469 [WARN] IntegrityCheckThread:84 - waiting for thirdparty lock release [integrity check]
2024-12-24 13:58:24,470 [INFO] PluginManage:310 - Check plugin tools
2024-12-24 13:58:24,470 [INFO] IntegrityCheckThread:86 - entering critical section [integrity check]
2024-12-24 13:58:24,470 [INFO] ThirdPartyUpdaterWithRetryManager:70 - Updater plugin not ready yet. [1/15]
2024-12-24 13:58:24,517 [INFO] PluginManage:359 - Loaded plugin tools (category:base,tabindex:7)
2024-12-24 13:58:24,517 [INFO] PluginManage:310 - Check plugin tutovideos
2024-12-24 13:58:24,795 [INFO] PluginManage:359 - Loaded plugin tutovideos (category:base,tabindex:-1)
2024-12-24 13:58:24,795 [INFO] PluginManage:310 - Check plugin updater
2024-12-24 13:58:24,815 [INFO] PluginManage:359 - Loaded plugin updater (category:base,tabindex:12)
2024-12-24 13:58:24,815 [INFO] PluginManage:310 - Check plugin userauth
2024-12-24 13:58:24,820 [INFO] UserAuth:118 - Init User Auth plugin
2024-12-24 13:58:24,821 [INFO] PluginManage:359 - Loaded plugin userauth (category:base,tabindex:14)
2024-12-24 13:58:24,821 [INFO] PluginManage:283 - PluginManage : Loaded plugins [18]
2024-12-24 13:58:25,033 [INFO] PinOutPanel:1589 - setPackage(No Configuration,No Configuration)
2024-12-24 13:58:25,114 [INFO] CADModel:165 - CPN selected for project level
2024-12-24 13:58:25,114 [INFO] CADModel:114 - Register for checkConnection events
2024-12-24 13:58:25,141 [INFO] IPUIPlugin:80 - create IPUIPlugin
2024-12-24 13:58:25,142 [INFO] PluginManager:220 - loadIPPluginJar : add adc
2024-12-24 13:58:25,185 [INFO] IPUIPlugin:80 - create IPUIPlugin
2024-12-24 13:58:25,185 [INFO] PluginManager:220 - loadIPPluginJar : add aes
2024-12-24 13:58:25,234 [INFO] IPUIPlugin:80 - create IPUIPlugin
2024-12-24 13:58:25,234 [INFO] PluginManager:220 - loadIPPluginJar : add can
2024-12-24 13:58:25,262 [INFO] IPUIPlugin:80 - create IPUIPlugin
2024-12-24 13:58:25,262 [INFO] PluginManager:220 - loadIPPluginJar : add comp
2024-12-24 13:58:25,302 [INFO] IPUIPlugin:80 - create IPUIPlugin
2024-12-24 13:58:25,302 [INFO] PluginManager:220 - loadIPPluginJar : add cryp
2024-12-24 13:58:25,316 [INFO] IPUIPlugin:80 - create IPUIPlugin
2024-12-24 13:58:25,316 [INFO] PluginManager:220 - loadIPPluginJar : add ddr_ctrl_phy
2024-12-24 13:58:25,359 [INFO] IPUIPlugin:80 - create IPUIPlugin
2024-12-24 13:58:25,359 [INFO] PluginManager:220 - loadIPPluginJar : add dfsdm
2024-12-24 13:58:25,374 [INFO] IPUIPlugin:80 - create IPUIPlugin
2024-12-24 13:58:25,376 [INFO] PluginManager:220 - loadIPPluginJar : add dma
2024-12-24 13:58:25,431 [INFO] IPUIPlugin:80 - create IPUIPlugin
2024-12-24 13:58:25,431 [INFO] PluginManager:220 - loadIPPluginJar : add dma3
2024-12-24 13:58:25,493 [INFO] IPUIPlugin:80 - create IPUIPlugin
2024-12-24 13:58:25,493 [INFO] PluginManager:220 - loadIPPluginJar : add extmemmanager
2024-12-24 13:58:25,521 [INFO] IPUIPlugin:80 - create IPUIPlugin
2024-12-24 13:58:25,521 [INFO] PluginManager:220 - loadIPPluginJar : add fatfs
2024-12-24 13:58:25,589 [INFO] IPUIPlugin:80 - create IPUIPlugin
2024-12-24 13:58:25,589 [INFO] PluginManager:220 - loadIPPluginJar : add fmc
2024-12-24 13:58:25,611 [INFO] IPUIPlugin:80 - create IPUIPlugin
2024-12-24 13:58:25,611 [INFO] PluginManager:220 - loadIPPluginJar : add freertos
2024-12-24 13:58:25,640 [INFO] IPUIPlugin:80 - create IPUIPlugin
2024-12-24 13:58:25,640 [INFO] PluginManager:220 - loadIPPluginJar : add genericplugin
2024-12-24 13:58:25,769 [INFO] IPUIPlugin:80 - create IPUIPlugin
2024-12-24 13:58:25,769 [INFO] PluginManager:220 - loadIPPluginJar : add gfxmmu
2024-12-24 13:58:25,950 [INFO] IPUIPlugin:80 - create IPUIPlugin
2024-12-24 13:58:25,950 [INFO] PluginManager:220 - loadIPPluginJar : add gic
2024-12-24 13:58:25,967 [INFO] IPUIPlugin:80 - create IPUIPlugin
2024-12-24 13:58:25,967 [INFO] PluginManager:220 - loadIPPluginJar : add gpio
2024-12-24 13:58:26,092 [INFO] IPUIPlugin:80 - create IPUIPlugin
2024-12-24 13:58:26,092 [INFO] PluginManager:220 - loadIPPluginJar : add gtzc
2024-12-24 13:58:26,137 [INFO] IPUIPlugin:80 - create IPUIPlugin
2024-12-24 13:58:26,137 [INFO] PluginManager:220 - loadIPPluginJar : add hash
2024-12-24 13:58:26,211 [INFO] IPUIPlugin:80 - create IPUIPlugin
2024-12-24 13:58:26,211 [INFO] PluginManager:220 - loadIPPluginJar : add i2c
2024-12-24 13:58:26,269 [INFO] IPUIPlugin:80 - create IPUIPlugin
2024-12-24 13:58:26,269 [INFO] PluginManager:220 - loadIPPluginJar : add i2s
2024-12-24 13:58:26,327 [INFO] IPUIPlugin:80 - create IPUIPlugin
2024-12-24 13:58:26,327 [INFO] PluginManager:220 - loadIPPluginJar : add i3c
2024-12-24 13:58:26,458 [INFO] IPUIPlugin:80 - create IPUIPlugin
2024-12-24 13:58:26,458 [INFO] PluginManager:220 - loadIPPluginJar : add ipddr
2024-12-24 13:58:26,581 [INFO] IPUIPlugin:80 - create IPUIPlugin
2024-12-24 13:58:26,581 [INFO] PluginManager:220 - loadIPPluginJar : add linkedlist
2024-12-24 13:58:26,628 [INFO] IPUIPlugin:80 - create IPUIPlugin
2024-12-24 13:58:26,628 [INFO] PluginManager:220 - loadIPPluginJar : add lorawan
2024-12-24 13:58:26,674 [INFO] IPUIPlugin:80 - create IPUIPlugin
2024-12-24 13:58:26,675 [INFO] PluginManager:220 - loadIPPluginJar : add ltdc
2024-12-24 13:58:26,691 [INFO] IPUIPlugin:80 - create IPUIPlugin
2024-12-24 13:58:26,691 [INFO] PluginManager:220 - loadIPPluginJar : add mdma
2024-12-24 13:58:26,705 [INFO] IPUIPlugin:80 - create IPUIPlugin
2024-12-24 13:58:26,705 [INFO] PluginManager:220 - loadIPPluginJar : add nvic
2024-12-24 13:58:26,766 [INFO] IPUIPlugin:80 - create IPUIPlugin
2024-12-24 13:58:26,766 [INFO] PluginManager:220 - loadIPPluginJar : add opamp
2024-12-24 13:58:26,846 [INFO] IPUIPlugin:80 - create IPUIPlugin
2024-12-24 13:58:26,846 [INFO] PluginManager:220 - loadIPPluginJar : add openamp
2024-12-24 13:58:26,905 [INFO] IPUIPlugin:80 - create IPUIPlugin
2024-12-24 13:58:26,905 [INFO] PluginManager:220 - loadIPPluginJar : add pdm2pcm
2024-12-24 13:58:26,922 [INFO] IPUIPlugin:80 - create IPUIPlugin
2024-12-24 13:58:26,925 [INFO] PluginManager:220 - loadIPPluginJar : add plateformsettings
2024-12-24 13:58:26,954 [INFO] IPUIPlugin:80 - create IPUIPlugin
2024-12-24 13:58:26,954 [INFO] PluginManager:220 - loadIPPluginJar : add quadspi
2024-12-24 13:58:26,987 [INFO] IPUIPlugin:80 - create IPUIPlugin
2024-12-24 13:58:26,988 [INFO] PluginManager:220 - loadIPPluginJar : add radio
2024-12-24 13:58:27,003 [INFO] IPUIPlugin:80 - create IPUIPlugin
2024-12-24 13:58:27,003 [INFO] PluginManager:220 - loadIPPluginJar : add resmgrutility
2024-12-24 13:58:27,064 [INFO] IPUIPlugin:80 - create IPUIPlugin
2024-12-24 13:58:27,065 [INFO] PluginManager:220 - loadIPPluginJar : add sai
2024-12-24 13:58:27,110 [INFO] IPUIPlugin:80 - create IPUIPlugin
2024-12-24 13:58:27,111 [INFO] PluginManager:220 - loadIPPluginJar : add spi
2024-12-24 13:58:27,198 [INFO] IPUIPlugin:80 - create IPUIPlugin
2024-12-24 13:58:27,198 [INFO] PluginManager:220 - loadIPPluginJar : add stm32_wpan
2024-12-24 13:58:27,231 [INFO] IPUIPlugin:80 - create IPUIPlugin
2024-12-24 13:58:27,231 [INFO] PluginManager:220 - loadIPPluginJar : add tim
2024-12-24 13:58:27,315 [INFO] IPUIPlugin:80 - create IPUIPlugin
2024-12-24 13:58:27,315 [INFO] PluginManager:220 - loadIPPluginJar : add touchsensing
2024-12-24 13:58:27,347 [INFO] IPUIPlugin:80 - create IPUIPlugin
2024-12-24 13:58:27,347 [INFO] PluginManager:220 - loadIPPluginJar : add tracer_emb
2024-12-24 13:58:27,382 [INFO] IPUIPlugin:80 - create IPUIPlugin
2024-12-24 13:58:27,382 [INFO] PluginManager:220 - loadIPPluginJar : add ts
2024-12-24 13:58:27,414 [INFO] IPUIPlugin:80 - create IPUIPlugin
2024-12-24 13:58:27,414 [INFO] PluginManager:220 - loadIPPluginJar : add tsc
2024-12-24 13:58:27,448 [INFO] IPUIPlugin:80 - create IPUIPlugin
2024-12-24 13:58:27,448 [INFO] PluginManager:220 - loadIPPluginJar : add ucpd
2024-12-24 13:58:27,472 [INFO] ThirdPartyUpdaterWithRetryManager:70 - Updater plugin not ready yet. [2/15]
2024-12-24 13:58:27,512 [INFO] IPUIPlugin:80 - create IPUIPlugin
2024-12-24 13:58:27,512 [INFO] PluginManager:220 - loadIPPluginJar : add usart
2024-12-24 13:58:27,569 [INFO] IPUIPlugin:80 - create IPUIPlugin
2024-12-24 13:58:27,569 [INFO] PluginManager:220 - loadIPPluginJar : add usbx
2024-12-24 13:58:27,705 [FATAL] Updater:351 - Updater called before beeing initialized
2024-12-24 13:58:27,739 [INFO] RulesReader:64 - Compatibility file has been processed (297 Rules)
2024-12-24 13:58:27,749 [INFO] RulesReader:64 - Compatibility file has been processed (297 Rules)
2024-12-24 13:58:27,757 [INFO] CADModel:165 - CPN selected for project level
2024-12-24 13:58:27,757 [INFO] CADModel:114 - Register for checkConnection events
2024-12-24 13:58:27,757 [FATAL] Updater:351 - Updater called before beeing initialized
2024-12-24 13:58:27,757 [ERROR] CADModel:125 - Updater not yet initialized, retry later 
2024-12-24 13:58:27,908 [FATAL] Updater:351 - Updater called before beeing initialized
2024-12-24 13:58:27,910 [INFO] CADModel:165 - CPN selected for project level
2024-12-24 13:58:27,910 [INFO] CADModel:114 - Register for checkConnection events
2024-12-24 13:58:27,910 [FATAL] Updater:351 - Updater called before beeing initialized
2024-12-24 13:58:27,910 [ERROR] CADModel:125 - Updater not yet initialized, retry later 
2024-12-24 13:58:27,914 [FATAL] Updater:351 - Updater called before beeing initialized
2024-12-24 13:58:28,022 [FATAL] Updater:351 - Updater called before beeing initialized
2024-12-24 13:58:28,035 [INFO] DbMcusAds:53 - JSON generation date=Fri Sep 20 14:04:23 WAT 2024 (1726837463113)
2024-12-24 13:58:28,035 [FATAL] Updater:351 - Updater called before beeing initialized
2024-12-24 13:58:28,076 [WARN] DetailPanel:346 - Failed to get advertising image, set to default
2024-12-24 13:58:28,365 [FATAL] Updater:351 - Updater called before beeing initialized
2024-12-24 13:58:28,367 [FATAL] Updater:351 - Updater called before beeing initialized
2024-12-24 13:58:28,368 [FATAL] Updater:351 - Updater called before beeing initialized
2024-12-24 13:58:28,368 [WARN] DetailPanel:346 - Failed to get advertising image, set to default
2024-12-24 13:58:28,369 [FATAL] Updater:351 - Updater called before beeing initialized
2024-12-24 13:58:28,430 [ERROR] Updater:1198 - MainUpdater not yet initialized. External WinMGr cannot be set.
2024-12-24 13:58:28,444 [INFO] Updater:1134 - Updater Version found : 6.13.0
2024-12-24 13:58:28,464 [INFO] ApplicationProperties:184 - Using Application install path: C:\ST\STM32CubeIDE_1.15.0\STM32CubeIDE\plugins\com.st.stm32cube.common.mx_6.13.0.202411220809
2024-12-24 13:58:30,051 [ERROR] LogOutputStream:75 - [STDERR_REDIRECT] Dec 24, 2024 1:58:30 PM java.util.prefs.WindowsPreferences <init>
2024-12-24 13:58:30,054 [ERROR] LogOutputStream:75 - [STDERR_REDIRECT] WARNING: Could not open/create prefs root node Software\JavaSoft\Prefs at root 0xffffffff80000002. Windows RegCreateKeyEx(...) returned error code 5.
2024-12-24 13:58:30,054 [ERROR] LogOutputStream:75 - [STDERR_REDIRECT] 
2024-12-24 13:58:30,325 [INFO] MainUpdater:2872 - connection check result : 22
2024-12-24 13:58:30,326 [INFO] MainUpdater:289 - Updater Check For Update Now.
2024-12-24 13:58:30,326 [INFO] MicroXplorer:498 - Change Database Version : DB.6.0.130
2024-12-24 13:58:30,345 [INFO] McuFinderGlobals:63 - Set McuFinder mode to 2 (CubeIDE integrated)
2024-12-24 13:58:30,355 [INFO] UserAuth:486 - Internet connection configuration mode: 2
2024-12-24 13:58:30,363 [INFO] UserAuth:486 - Internet connection configuration mode: 2
2024-12-24 13:58:30,472 [WARN] MainUpdater:1193 - Updater busy. Cannot search thirdparties
2024-12-24 13:58:30,472 [INFO] ThirdPartyUpdaterWithRetryManager:96 - Updater plugin is busy. [1/15]
2024-12-24 13:58:30,614 [INFO] CheckServerUpdateThread:120 - End of CheckServer Thread
2024-12-24 13:58:33,697 [WARN] PackLoader:240 - Cannot read IP mode file for STMicroelectronics.FP-SNS-MOTENVWB1.1.4.0
2024-12-24 13:58:33,720 [WARN] PackLoader:240 - Cannot read IP mode file for STMicroelectronics.FP-ATR-ASTRA1.2.0.1
2024-12-24 13:58:33,742 [WARN] PackLoader:240 - Cannot read IP mode file for STMicroelectronics.X-CUBE-SMBUS.2.1.0
2024-12-24 13:58:33,769 [WARN] PackLoader:240 - Cannot read IP mode file for STMicroelectronics.X-CUBE-WB05N.1.1.0
2024-12-24 13:58:33,791 [WARN] PackLoader:240 - Cannot read IP mode file for STMicroelectronics.X-CUBE-TOUCHGFX.4.23.2
2024-12-24 13:58:33,839 [WARN] PackLoader:240 - Cannot read IP mode file for STMicroelectronics.X-CUBE-AZRTOS-F7.1.1.0
2024-12-24 13:58:33,940 [WARN] PackLoader:240 - Cannot read IP mode file for STMicroelectronics.X-CUBE-MEMS1.11.0.0
2024-12-24 13:58:34,101 [WARN] PackLoader:240 - Cannot read IP mode file for STMicroelectronics.FP-SNS-FLIGHT1.5.0.2
2024-12-24 13:58:34,125 [WARN] PackLoader:240 - Cannot read IP mode file for STMicroelectronics.X-CUBE-DISPLAY.3.0.0
2024-12-24 13:58:34,148 [WARN] PackLoader:240 - Cannot read IP mode file for STMicroelectronics.X-CUBE-BLE1.7.0.0
2024-12-24 13:58:34,166 [WARN] PackLoader:240 - Cannot read IP mode file for STMicroelectronics.X-CUBE-NFC10.1.0.0
2024-12-24 13:58:34,195 [WARN] PackLoader:240 - Cannot read IP mode file for STMicroelectronics.X-CUBE-BLEMGR.4.0.0
2024-12-24 13:58:34,217 [WARN] PackLoader:240 - Cannot read IP mode file for emotas.I-CUBE-CANOPEN.1.3.0
2024-12-24 13:58:34,237 [WARN] PackLoader:240 - Cannot read IP mode file for STMicroelectronics.X-CUBE-BLEMGR.3.1.0
2024-12-24 13:58:34,253 [WARN] PackLoader:240 - Cannot read IP mode file for STMicroelectronics.FP-SNS-SMARTAG2.1.2.0
2024-12-24 13:58:34,275 [INFO] LogOutputStream:77 - [STDOUT_REDIRECT] 1 : Invalid condition id : UX_CORESTACK_Condition cause : null
2024-12-24 13:58:34,275 [INFO] LogOutputStream:77 - [STDOUT_REDIRECT] 1 : Invalid condition id : UX_CORESTACK_Condition cause : null
2024-12-24 13:58:34,277 [INFO] LogOutputStream:77 - [STDOUT_REDIRECT] 1 : Invalid condition id : UX_CORESTACK_Condition cause : null
2024-12-24 13:58:34,278 [INFO] LogOutputStream:77 - [STDOUT_REDIRECT] 1 : Invalid condition id : UX_CORESTACK_Condition cause : null
2024-12-24 13:58:34,280 [INFO] LogOutputStream:77 - [STDOUT_REDIRECT] 1 : Invalid condition id : UX_CORESTACK_Condition cause : null
2024-12-24 13:58:34,284 [WARN] PackLoader:240 - Cannot read IP mode file for STMicroelectronics.X-CUBE-AZRTOS-WL.2.0.0
2024-12-24 13:58:34,299 [WARN] PackLoader:240 - Cannot read IP mode file for STMicroelectronics.FP-SNS-MOTENV1.5.0.0
2024-12-24 13:58:34,313 [WARN] PackLoader:240 - Cannot read IP mode file for wolfSSL.I-CUBE-wolfMQTT.1.19.0
2024-12-24 13:58:34,327 [WARN] PackLoader:240 - Cannot read IP mode file for WES.I-CUBE-Cesium.1.3.0
2024-12-24 13:58:34,341 [WARN] PackLoader:240 - Cannot read IP mode file for STMicroelectronics.X-CUBE-BLE2.3.3.0
2024-12-24 13:58:34,357 [WARN] PackLoader:240 - Cannot read IP mode file for STMicroelectronics.X-CUBE-NFC9.1.0.0
2024-12-24 13:58:34,372 [WARN] PackLoader:240 - Cannot read IP mode file for STMicroelectronics.X-CUBE-TCPP.4.1.0
2024-12-24 13:58:34,388 [WARN] PackLoader:240 - Cannot read IP mode file for STMicroelectronics.X-CUBE-ALGOBUILD.1.3.0
2024-12-24 13:58:34,414 [WARN] PackLoader:240 - Cannot read IP mode file for STMicroelectronics.X-CUBE-AZRTOS-G0.1.1.0
2024-12-24 13:58:34,433 [WARN] PackLoader:240 - Cannot read IP mode file for STMicroelectronics.X-CUBE-SAFEA1.1.2.2
2024-12-24 13:58:34,449 [WARN] PackLoader:240 - Cannot read IP mode file for STMicroelectronics.X-CUBE-NFC4.3.0.0
2024-12-24 13:58:34,468 [WARN] PackLoader:240 - Cannot read IP mode file for EmbeddedOffice.I-CUBE-FS-RTOS.1.0.1
2024-12-24 13:58:34,483 [WARN] PackLoader:240 - Cannot read IP mode file for RealThread.X-CUBE-RT-Thread_Nano.4.1.1
2024-12-24 13:58:34,496 [WARN] PackLoader:240 - Cannot read IP mode file for wolfSSL.I-CUBE-wolfSSL.5.7.0
2024-12-24 13:58:34,509 [WARN] PackLoader:240 - Cannot read IP mode file for STMicroelectronics.FP-ATR-SIGFOX1.3.2.0
2024-12-24 13:58:34,521 [WARN] ConditionMgr:438 - getConditionDescription Invalid condition id : Cortex-A Device cause : null
2024-12-24 13:58:34,545 [WARN] ConditionMgr:1044 - genDependencies : Invalid condition id : Cortex-A Device cause : null
2024-12-24 13:58:34,545 [WARN] ConditionMgr:1044 - genDependencies : Invalid condition id : Cortex-A Device cause : null
2024-12-24 13:58:34,545 [WARN] ConditionMgr:1044 - genDependencies : Invalid condition id : Cortex-A Device cause : null
2024-12-24 13:58:34,561 [WARN] PackLoader:240 - Cannot read IP mode file for STMicroelectronics.X-CUBE-EEPRMA1.5.1.0
2024-12-24 13:58:34,577 [WARN] PackLoader:240 - Cannot read IP mode file for ITTIA_DB.I-CUBE-ITTIADB.8.9.0
2024-12-24 13:58:34,608 [WARN] PackLoader:240 - Cannot read IP mode file for SEGGER.I-CUBE-embOS.1.3.1
2024-12-24 13:58:34,655 [WARN] PackLoader:240 - Cannot read IP mode file for STMicroelectronics.X-CUBE-ALGOBUILD.1.4.0
2024-12-24 13:58:34,670 [WARN] PackLoader:240 - Cannot read IP mode file for STMicroelectronics.X-CUBE-AI.9.1.0
2024-12-24 13:58:34,685 [WARN] PackLoader:240 - Cannot read IP mode file for STMicroelectronics.X-CUBE-GNSS1.6.0.0
2024-12-24 13:58:34,712 [WARN] PackLoader:240 - Cannot read IP mode file for STMicroelectronics.X-CUBE-AZRTOS-F4.1.1.0
2024-12-24 13:58:34,728 [WARN] PackLoader:240 - Cannot read IP mode file for STMicroelectronics.X-CUBE-ISPU.2.1.0
2024-12-24 13:58:34,743 [WARN] PackLoader:240 - Cannot read IP mode file for STMicroelectronics.X-CUBE-FREERTOS.1.2.0
2024-12-24 13:58:34,772 [WARN] PackLoader:240 - Cannot read IP mode file for STMicroelectronics.X-CUBE-AZRTOS-L5.2.0.0
2024-12-24 13:58:34,792 [WARN] PackLoader:240 - Cannot read IP mode file for STMicroelectronics.X-CUBE-NFC6.3.1.0
2024-12-24 13:58:34,808 [WARN] PackLoader:240 - Cannot read IP mode file for STMicroelectronics.X-CUBE-DPower.1.2.0
2024-12-24 13:58:34,823 [WARN] PackLoader:240 - Cannot read IP mode file for STMicroelectronics.X-CUBE-AI.9.0.0
2024-12-24 13:58:34,840 [WARN] PackLoader:240 - Cannot read IP mode file for STMicroelectronics.X-CUBE-NFC7.1.0.1
2024-12-24 13:58:34,868 [WARN] ConditionMgr:438 - getConditionDescription Invalid condition id : LAN8742 Phy interface Condition cause : null
2024-12-24 13:58:34,869 [WARN] PackLoader:240 - Cannot read IP mode file for STMicroelectronics.X-CUBE-AZRTOS-L4.2.0.0
2024-12-24 13:58:34,870 [WARN] ConditionMgr:1044 - genDependencies : Invalid condition id : LAN8742 Phy interface Condition cause : null
2024-12-24 13:58:34,870 [WARN] ConditionMgr:1044 - genDependencies : Invalid condition id : LAN8742 Phy interface Condition cause : null
2024-12-24 13:58:34,871 [WARN] ConditionMgr:1044 - genDependencies : Invalid condition id : LAN8742 Phy interface Condition cause : null
2024-12-24 13:58:34,888 [WARN] PackLoader:240 - Cannot read IP mode file for STMicroelectronics.X-CUBE-SFXS2LP1.4.0.0
2024-12-24 13:58:34,918 [WARN] PackLoader:240 - Cannot read IP mode file for STMicroelectronics.X-CUBE-AZRTOS-H7.3.3.0
2024-12-24 13:58:34,937 [WARN] PackLoader:240 - Cannot read IP mode file for STMicroelectronics.X-CUBE-IPS.3.0.0
2024-12-24 13:58:34,962 [WARN] ConditionMgr:438 - getConditionDescription Invalid condition id : UX DEVICE CLASS RTOS Condition cause : null
2024-12-24 13:58:34,963 [WARN] ConditionMgr:438 - getConditionDescription Invalid condition id : UX DEVICE CLASS RTOS Condition cause : null
2024-12-24 13:58:34,964 [WARN] PackLoader:240 - Cannot read IP mode file for STMicroelectronics.X-CUBE-AZRTOS-WB.2.0.0
2024-12-24 13:58:34,964 [WARN] ConditionMgr:1044 - genDependencies : Invalid condition id : UX DEVICE CLASS RTOS Condition cause : null
2024-12-24 13:58:34,964 [WARN] ConditionMgr:1044 - genDependencies : Invalid condition id : UX DEVICE CLASS RTOS Condition cause : null
2024-12-24 13:58:34,964 [WARN] ConditionMgr:1044 - genDependencies : Invalid condition id : UX DEVICE CLASS RTOS Condition cause : null
2024-12-24 13:58:34,964 [WARN] ConditionMgr:1044 - genDependencies : Invalid condition id : UX DEVICE CLASS RTOS Condition cause : null
2024-12-24 13:58:34,965 [WARN] ConditionMgr:1044 - genDependencies : Invalid condition id : UX DEVICE CLASS RTOS Condition cause : null
2024-12-24 13:58:34,980 [WARN] PackLoader:240 - Cannot read IP mode file for STMicroelectronics.X-CUBE-GNSS1.7.0.0
2024-12-24 13:58:34,996 [WARN] PackLoader:240 - Cannot read IP mode file for STMicroelectronics.FP-SNS-STBOX1.2.0.0
2024-12-24 13:58:35,016 [WARN] PackLoader:240 - Cannot read IP mode file for STMicroelectronics.X-CUBE-SUBG2.5.0.0
2024-12-24 13:58:35,033 [WARN] PackLoader:240 - Cannot read IP mode file for Cesanta.I-CUBE-Mongoose.7.13.0
2024-12-24 13:58:35,060 [WARN] PackLoader:240 - Cannot read IP mode file for STMicroelectronics.X-CUBE-AZRTOS-G4.2.0.0
2024-12-24 13:58:35,074 [WARN] PackLoader:240 - Cannot read IP mode file for STMicroelectronics.X-CUBE-ISPU.2.0.0
2024-12-24 13:58:35,097 [WARN] PackLoader:240 - Cannot read IP mode file for STMicroelectronics.X-CUBE-ALS.1.0.2
2024-12-24 13:58:35,205 [WARN] PackLoader:240 - Cannot read IP mode file for STMicroelectronics.X-CUBE-MEMS1.10.0.0
2024-12-24 13:58:35,304 [WARN] PackLoader:240 - Cannot read IP mode file for STMicroelectronics.X-CUBE-FREERTOS.1.1.0
2024-12-24 13:58:35,318 [WARN] PackLoader:240 - Cannot read IP mode file for STMicroelectronics.X-CUBE-TOUCHGFX.4.24.1
2024-12-24 13:58:35,333 [WARN] PackLoader:240 - Cannot read IP mode file for wolfSSL.I-CUBE-wolfTPM.3.4.0
2024-12-24 13:58:35,348 [WARN] PackLoader:240 - Cannot read IP mode file for portGmbH.I-Cube-SoM-uGOAL.1.1.0
2024-12-24 13:58:35,360 [WARN] PackLoader:240 - Cannot read IP mode file for STMicroelectronics.X-CUBE-ALS.1.0.1
2024-12-24 13:58:35,387 [WARN] PackLoader:240 - Cannot read IP mode file for STMicroelectronics.X-CUBE-AZRTOS-H7RS.1.0.0
2024-12-24 13:58:35,401 [WARN] PackLoader:240 - Cannot read IP mode file for STMicroelectronics.FP-ATR-ASTRA1.2.0.0
2024-12-24 13:58:35,421 [WARN] PackLoader:240 - Cannot read IP mode file for STMicroelectronics.X-CUBE-TOF1.3.4.2
2024-12-24 13:58:35,444 [WARN] PackLoader:240 - Cannot read IP mode file for STMicroelectronics.X-CUBE-TOF1.3.4.1
2024-12-24 13:58:35,490 [WARN] PackLoader:240 - Cannot read IP mode file for STMicroelectronics.X-CUBE-AZRTOS-H7.3.2.0
2024-12-24 13:58:35,521 [WARN] PackLoader:240 - Cannot read IP mode file for Infineon.AIROC-Wi-Fi-Bluetooth-STM32.1.6.0
2024-12-24 13:58:35,535 [WARN] PackLoader:240 - Cannot read IP mode file for wolfSSL.I-CUBE-wolfSSH.1.4.17
2024-12-24 13:58:35,536 [INFO] ThirdParty:978 - Integrity check success = true
2024-12-24 13:58:35,536 [INFO] IntegrityCheckThread:100 - exiting critical section [integrity check]
2024-12-24 13:58:35,536 [INFO] IntegrityCheckThread:103 - End integrity checks thread
