2024-06-15 20:13:10,426 [INFO] Activator:176 - 


2024-06-15 20:13:10,434 [INFO] Activator:177 - !SESSION log4j initialized
2024-06-15 20:13:18,995 [INFO] LogOutputStream:77 - [STDOUT_REDIRECT] 
2024-06-15 20:13:19,432 [ERROR] ConfigurationRetriever:142 - IOException on connection: sw-center.st.com
2024-06-15 20:13:19,433 [ERROR] ConfigurationRetriever:142 - IOException on connection: sw-center.st.com
2024-06-15 20:13:19,434 [ERROR] ConfigurationRetriever:142 - IOException on connection: sw-center.st.com
2024-06-15 20:13:19,443 [ERROR] ConfigurationRetriever:142 - IOException on connection: sw-center.st.com
2024-06-15 20:13:19,444 [ERROR] ConfigurationRetriever:142 - IOException on connection: sw-center.st.com
2024-06-15 20:13:19,444 [ERROR] ConfigurationRetriever:142 - IOException on connection: sw-center.st.com
2024-06-15 20:13:23,485 [INFO] ApplicationProperties:184 - Using Application install path: C:\ST\STM32CubeIDE_1.15.0\STM32CubeIDE\plugins\com.st.stm32cube.common.mx_6.11.0.202403141607
2024-06-15 20:13:23,514 [INFO] DbMcusXml:78 - Set database path to: C:\ST\STM32CubeIDE_1.15.0\STM32CubeIDE\plugins\com.st.stm32cube.common.mx_6.11.0.202403141607\\db\/mcu/
2024-06-15 20:13:23,514 [INFO] ApiDb:274 - Set plugin database path to: C:\ST\STM32CubeIDE_1.15.0\STM32CubeIDE\plugins\com.st.stm32cube.common.mx_6.11.0.202403141607\\db\/plugins/boardmanager/
2024-06-15 20:13:23,515 [WARN] ApiDb:259 - Overriding images path with different value:  => C:\ST\STM32CubeIDE_1.15.0\STM32CubeIDE\plugins\com.st.stm32cube.common.mx_6.11.0.202403141607\\db\/plugins/mcufinder/images/
2024-06-15 20:13:23,528 [INFO] ApiDb:250 - Set database path to: C:\Users\User\.stmcufinder\plugins\mcufinder//mcu/
2024-06-15 20:13:23,530 [INFO] DbMcusAds:125 - Set database path to: C:\Users\User\.stmcufinder\plugins\mcufinder//mcu/
2024-06-15 20:13:23,535 [INFO] CrossReferenceDbSqlite:203 - Set database path to: C:\Users\User\.stmcufinder\plugins\mcufinder//mcu/cs/
2024-06-15 20:13:23,773 [INFO] RulesReader:64 - Compatibility file has been processed (297 Rules)
2024-06-15 20:13:23,930 [INFO] DbMcusXml:78 - Set database path to: C:\ST\STM32CubeIDE_1.15.0\STM32CubeIDE\plugins\com.st.stm32cube.common.mx_6.11.0.202403141607\\db\/mcu/
2024-06-15 20:13:23,930 [INFO] ApiDb:274 - Set plugin database path to: C:\ST\STM32CubeIDE_1.15.0\STM32CubeIDE\plugins\com.st.stm32cube.common.mx_6.11.0.202403141607\\db\/plugins/boardmanager/
2024-06-15 20:13:23,930 [INFO] ApiDb:261 - Set plugin images path to: C:\ST\STM32CubeIDE_1.15.0\STM32CubeIDE\plugins\com.st.stm32cube.common.mx_6.11.0.202403141607\\db\/plugins/mcufinder/images/
2024-06-15 20:13:23,931 [WARN] DbFile:41 - Overriding database path with different value: C:\Users\User\.stmcufinder\plugins\mcufinder/ => C:\Users\User\.stmcufinder\plugins\mcufinder
2024-06-15 20:13:23,931 [INFO] ApiDb:250 - Set database path to: C:\Users\User\.stmcufinder\plugins\mcufinder//mcu/
2024-06-15 20:13:23,931 [WARN] DbFile:41 - Overriding database path with different value: C:\Users\User\.stmcufinder\plugins\mcufinder/ => C:\Users\User\.stmcufinder\plugins\mcufinder
2024-06-15 20:13:23,931 [INFO] DbMcusAds:125 - Set database path to: C:\Users\User\.stmcufinder\plugins\mcufinder//mcu/
2024-06-15 20:13:23,931 [WARN] DbFile:41 - Overriding database path with different value: C:\Users\User\.stmcufinder\plugins\mcufinder/ => C:\Users\User\.stmcufinder\plugins\mcufinder
2024-06-15 20:13:23,932 [WARN] DbFile:41 - Overriding database path with different value: C:\Users\User\.stmcufinder\plugins\mcufinder/ => C:\Users\User\.stmcufinder\plugins\mcufinder
2024-06-15 20:13:23,932 [INFO] CrossReferenceDbSqlite:203 - Set database path to: C:\Users\User\.stmcufinder\plugins\mcufinder//mcu/cs/
2024-06-15 20:13:24,066 [INFO] MainPanel:264 - HeapMemory: 268435456
2024-06-15 20:13:24,235 [INFO] DbMcusXml:78 - Set database path to: C:\ST\STM32CubeIDE_1.15.0\STM32CubeIDE\plugins\com.st.stm32cube.common.mx_6.11.0.202403141607\\db\/mcu/
2024-06-15 20:13:24,236 [INFO] ApiDb:274 - Set plugin database path to: C:\ST\STM32CubeIDE_1.15.0\STM32CubeIDE\plugins\com.st.stm32cube.common.mx_6.11.0.202403141607\\db\/plugins/boardmanager/
2024-06-15 20:13:24,236 [INFO] ApiDb:261 - Set plugin images path to: C:\ST\STM32CubeIDE_1.15.0\STM32CubeIDE\plugins\com.st.stm32cube.common.mx_6.11.0.202403141607\\db\/plugins/mcufinder/images/
2024-06-15 20:13:24,237 [WARN] DbFile:41 - Overriding database path with different value: C:\Users\User\.stmcufinder\plugins\mcufinder/ => C:\Users\User\.stmcufinder\plugins\mcufinder
2024-06-15 20:13:24,237 [INFO] ApiDb:250 - Set database path to: C:\Users\User\.stmcufinder\plugins\mcufinder//mcu/
2024-06-15 20:13:24,237 [WARN] DbFile:41 - Overriding database path with different value: C:\Users\User\.stmcufinder\plugins\mcufinder/ => C:\Users\User\.stmcufinder\plugins\mcufinder
2024-06-15 20:13:24,237 [INFO] DbMcusAds:125 - Set database path to: C:\Users\User\.stmcufinder\plugins\mcufinder//mcu/
2024-06-15 20:13:24,238 [WARN] DbFile:41 - Overriding database path with different value: C:\Users\User\.stmcufinder\plugins\mcufinder/ => C:\Users\User\.stmcufinder\plugins\mcufinder
2024-06-15 20:13:24,238 [WARN] DbFile:41 - Overriding database path with different value: C:\Users\User\.stmcufinder\plugins\mcufinder/ => C:\Users\User\.stmcufinder\plugins\mcufinder
2024-06-15 20:13:24,238 [INFO] CrossReferenceDbSqlite:203 - Set database path to: C:\Users\User\.stmcufinder\plugins\mcufinder//mcu/cs/
2024-06-15 20:13:24,265 [INFO] ApplicationProperties:184 - Using Application install path: C:\ST\STM32CubeIDE_1.15.0\STM32CubeIDE\plugins\com.st.stm32cube.common.mx_6.11.0.202403141607
2024-06-15 20:13:24,268 [INFO] PluginManage:196 - Search for loadable plugins [exclusion list=, ]
2024-06-15 20:13:24,271 [INFO] PluginManage:310 - Check plugin analytics
2024-06-15 20:13:24,607 [INFO] AnalyticsPlugin:253 - Accepted Software Licenses: 
2024-06-15 20:13:24,608 [INFO] AnalyticsPlugin:255 - Accepted CMSIS Pack Licenses: 
2024-06-15 20:13:24,608 [INFO] AnalyticsPlugin:257 - Accepted Firmware Licenses: 
2024-06-15 20:13:24,613 [INFO] PluginManage:359 - Loaded plugin analytics (category:tool,tabindex:-1)
2024-06-15 20:13:24,613 [INFO] PluginManage:310 - Check plugin cadmodel
2024-06-15 20:13:24,614 [ERROR] ConfigurationRetriever:142 - IOException on connection: sw-center.st.com
2024-06-15 20:13:24,615 [ERROR] ConfigurationRetriever:142 - IOException on connection: sw-center.st.com
2024-06-15 20:13:24,616 [ERROR] ConfigurationRetriever:142 - IOException on connection: sw-center.st.com
2024-06-15 20:13:24,635 [INFO] CADModel:105 - Init CAD model plugin
2024-06-15 20:13:24,635 [INFO] PluginManage:359 - Loaded plugin cadmodel (category:power,tabindex:5)
2024-06-15 20:13:24,636 [INFO] PluginManage:310 - Check plugin clock
2024-06-15 20:13:24,667 [INFO] PluginManage:359 - Loaded plugin clock (category:base,tabindex:2)
2024-06-15 20:13:24,667 [INFO] PluginManage:310 - Check plugin ddr
2024-06-15 20:13:24,671 [INFO] PluginManage:359 - Loaded plugin ddr (category:tool,tabindex:6)
2024-06-15 20:13:24,671 [INFO] PluginManage:310 - Check plugin filemanager
2024-06-15 20:13:24,918 [INFO] PluginManage:359 - Loaded plugin filemanager (category:base,tabindex:10)
2024-06-15 20:13:24,919 [INFO] PluginManage:310 - Check plugin ipmanager
2024-06-15 20:13:24,928 [INFO] PluginManage:359 - Loaded plugin ipmanager (category:base,tabindex:5)
2024-06-15 20:13:24,928 [INFO] PluginManage:310 - Check plugin lpbam
2024-06-15 20:13:24,956 [INFO] PluginManage:359 - Loaded plugin lpbam (category:base,tabindex:0)
2024-06-15 20:13:24,956 [INFO] PluginManage:310 - Check plugin memorymap
2024-06-15 20:13:24,996 [INFO] PluginManage:359 - Loaded plugin memorymap (category:base,tabindex:4)
2024-06-15 20:13:24,996 [INFO] PluginManage:310 - Check plugin pinoutandconfiguration
2024-06-15 20:13:25,027 [INFO] PluginManage:359 - Loaded plugin pinoutandconfiguration (category:base,tabindex:1)
2024-06-15 20:13:25,027 [INFO] PluginManage:310 - Check plugin pinoutconfig
2024-06-15 20:13:25,200 [WARN] SupportedApi:132 - Cannot load RTOS API schema: s4s-elt-must-match.1: The content of 'definitions' must match (annotation?, (simpleType | complexType)?, (unique | key | keyref)*)). A problem was found starting at: attribute.
2024-06-15 20:13:25,417 [INFO] PluginManage:359 - Loaded plugin pinoutconfig (category:base,tabindex:0)
2024-06-15 20:13:25,418 [INFO] PluginManage:310 - Check plugin power
2024-06-15 20:13:25,453 [INFO] PluginManage:359 - Loaded plugin power (category:power,tabindex:4)
2024-06-15 20:13:25,453 [INFO] PluginManage:310 - Check plugin projectmanager
2024-06-15 20:13:25,482 [INFO] PluginManage:359 - Loaded plugin projectmanager (category:projectmanager,tabindex:3)
2024-06-15 20:13:25,483 [INFO] PluginManage:310 - Check plugin thirdparty
2024-06-15 20:13:25,917 [INFO] PluginManage:359 - Loaded plugin thirdparty (category:base,tabindex:-1)
2024-06-15 20:13:25,917 [WARN] IntegrityCheckThread:84 - waiting for thirdparty lock release [integrity check]
2024-06-15 20:13:25,917 [INFO] IntegrityCheckThread:86 - entering critical section [integrity check]
2024-06-15 20:13:25,917 [INFO] PluginManage:310 - Check plugin tools
2024-06-15 20:13:25,918 [INFO] ThirdPartyUpdaterWithRetryManager:70 - Updater plugin not ready yet. [1/15]
2024-06-15 20:13:25,994 [INFO] PluginManage:359 - Loaded plugin tools (category:base,tabindex:7)
2024-06-15 20:13:25,995 [INFO] PluginManage:310 - Check plugin tutovideos
2024-06-15 20:13:26,397 [INFO] PluginManage:359 - Loaded plugin tutovideos (category:base,tabindex:-1)
2024-06-15 20:13:26,397 [INFO] PluginManage:310 - Check plugin updater
2024-06-15 20:13:26,419 [INFO] PluginManage:359 - Loaded plugin updater (category:base,tabindex:12)
2024-06-15 20:13:26,419 [INFO] PluginManage:310 - Check plugin userauth
2024-06-15 20:13:26,429 [INFO] UserAuth:114 - Init User Auth plugin
2024-06-15 20:13:26,429 [INFO] PluginManage:359 - Loaded plugin userauth (category:base,tabindex:14)
2024-06-15 20:13:26,430 [INFO] PluginManage:283 - PluginManage : Loaded plugins [17]
2024-06-15 20:13:26,808 [INFO] PinOutPanel:1561 - setPackage(No Configuration,No Configuration)
2024-06-15 20:13:26,960 [INFO] CADModel:165 - CPN selected for project level
2024-06-15 20:13:26,960 [INFO] CADModel:114 - Register for checkConnection events
2024-06-15 20:13:27,013 [INFO] IPUIPlugin:80 - create IPUIPlugin
2024-06-15 20:13:27,013 [INFO] PluginManager:220 - loadIPPluginJar : add adc
2024-06-15 20:13:27,098 [INFO] IPUIPlugin:80 - create IPUIPlugin
2024-06-15 20:13:27,098 [INFO] PluginManager:220 - loadIPPluginJar : add aes
2024-06-15 20:13:27,165 [INFO] IPUIPlugin:80 - create IPUIPlugin
2024-06-15 20:13:27,165 [INFO] PluginManager:220 - loadIPPluginJar : add can
2024-06-15 20:13:27,212 [INFO] IPUIPlugin:80 - create IPUIPlugin
2024-06-15 20:13:27,213 [INFO] PluginManager:220 - loadIPPluginJar : add comp
2024-06-15 20:13:27,290 [INFO] IPUIPlugin:80 - create IPUIPlugin
2024-06-15 20:13:27,290 [INFO] PluginManager:220 - loadIPPluginJar : add cryp
2024-06-15 20:13:27,360 [INFO] IPUIPlugin:80 - create IPUIPlugin
2024-06-15 20:13:27,360 [INFO] PluginManager:220 - loadIPPluginJar : add dfsdm
2024-06-15 20:13:27,389 [INFO] IPUIPlugin:80 - create IPUIPlugin
2024-06-15 20:13:27,390 [INFO] PluginManager:220 - loadIPPluginJar : add dma
2024-06-15 20:13:27,493 [INFO] IPUIPlugin:80 - create IPUIPlugin
2024-06-15 20:13:27,493 [INFO] PluginManager:220 - loadIPPluginJar : add dma3
2024-06-15 20:13:27,599 [INFO] IPUIPlugin:80 - create IPUIPlugin
2024-06-15 20:13:27,599 [INFO] PluginManager:220 - loadIPPluginJar : add extmemmanager
2024-06-15 20:13:27,647 [INFO] IPUIPlugin:80 - create IPUIPlugin
2024-06-15 20:13:27,648 [INFO] PluginManager:220 - loadIPPluginJar : add fatfs
2024-06-15 20:13:27,754 [INFO] IPUIPlugin:80 - create IPUIPlugin
2024-06-15 20:13:27,754 [INFO] PluginManager:220 - loadIPPluginJar : add fmc
2024-06-15 20:13:27,780 [INFO] IPUIPlugin:80 - create IPUIPlugin
2024-06-15 20:13:27,781 [INFO] PluginManager:220 - loadIPPluginJar : add freertos
2024-06-15 20:13:27,817 [INFO] IPUIPlugin:80 - create IPUIPlugin
2024-06-15 20:13:27,818 [INFO] PluginManager:220 - loadIPPluginJar : add genericplugin
2024-06-15 20:13:28,071 [INFO] IPUIPlugin:80 - create IPUIPlugin
2024-06-15 20:13:28,072 [INFO] PluginManager:220 - loadIPPluginJar : add gfxmmu
2024-06-15 20:13:28,359 [INFO] IPUIPlugin:80 - create IPUIPlugin
2024-06-15 20:13:28,360 [INFO] PluginManager:220 - loadIPPluginJar : add gic
2024-06-15 20:13:28,403 [INFO] IPUIPlugin:80 - create IPUIPlugin
2024-06-15 20:13:28,404 [INFO] PluginManager:220 - loadIPPluginJar : add gpio
2024-06-15 20:13:28,625 [INFO] IPUIPlugin:80 - create IPUIPlugin
2024-06-15 20:13:28,625 [INFO] PluginManager:220 - loadIPPluginJar : add gtzc
2024-06-15 20:13:28,698 [INFO] IPUIPlugin:80 - create IPUIPlugin
2024-06-15 20:13:28,698 [INFO] PluginManager:220 - loadIPPluginJar : add hash
2024-06-15 20:13:28,846 [INFO] IPUIPlugin:80 - create IPUIPlugin
2024-06-15 20:13:28,846 [INFO] PluginManager:220 - loadIPPluginJar : add i2c
2024-06-15 20:13:28,919 [INFO] ThirdPartyUpdaterWithRetryManager:70 - Updater plugin not ready yet. [2/15]
2024-06-15 20:13:28,963 [INFO] IPUIPlugin:80 - create IPUIPlugin
2024-06-15 20:13:28,963 [INFO] PluginManager:220 - loadIPPluginJar : add i2s
2024-06-15 20:13:29,064 [INFO] IPUIPlugin:80 - create IPUIPlugin
2024-06-15 20:13:29,065 [INFO] PluginManager:220 - loadIPPluginJar : add i3c
2024-06-15 20:13:29,236 [INFO] IPUIPlugin:80 - create IPUIPlugin
2024-06-15 20:13:29,236 [INFO] PluginManager:220 - loadIPPluginJar : add ipddr
2024-06-15 20:13:29,389 [INFO] IPUIPlugin:80 - create IPUIPlugin
2024-06-15 20:13:29,390 [INFO] PluginManager:220 - loadIPPluginJar : add linkedlist
2024-06-15 20:13:29,442 [INFO] IPUIPlugin:80 - create IPUIPlugin
2024-06-15 20:13:29,442 [INFO] PluginManager:220 - loadIPPluginJar : add lorawan
2024-06-15 20:13:29,509 [INFO] IPUIPlugin:80 - create IPUIPlugin
2024-06-15 20:13:29,509 [INFO] PluginManager:220 - loadIPPluginJar : add ltdc
2024-06-15 20:13:29,535 [INFO] IPUIPlugin:80 - create IPUIPlugin
2024-06-15 20:13:29,535 [INFO] PluginManager:220 - loadIPPluginJar : add mdma
2024-06-15 20:13:29,557 [INFO] IPUIPlugin:80 - create IPUIPlugin
2024-06-15 20:13:29,558 [INFO] PluginManager:220 - loadIPPluginJar : add nvic
2024-06-15 20:13:29,622 [INFO] IPUIPlugin:80 - create IPUIPlugin
2024-06-15 20:13:29,623 [INFO] PluginManager:220 - loadIPPluginJar : add opamp
2024-06-15 20:13:29,745 [INFO] IPUIPlugin:80 - create IPUIPlugin
2024-06-15 20:13:29,746 [INFO] PluginManager:220 - loadIPPluginJar : add openamp
2024-06-15 20:13:29,858 [INFO] IPUIPlugin:80 - create IPUIPlugin
2024-06-15 20:13:29,858 [INFO] PluginManager:220 - loadIPPluginJar : add pdm2pcm
2024-06-15 20:13:29,889 [INFO] IPUIPlugin:80 - create IPUIPlugin
2024-06-15 20:13:29,894 [INFO] PluginManager:220 - loadIPPluginJar : add plateformsettings
2024-06-15 20:13:29,957 [INFO] IPUIPlugin:80 - create IPUIPlugin
2024-06-15 20:13:29,957 [INFO] PluginManager:220 - loadIPPluginJar : add quadspi
2024-06-15 20:13:29,983 [INFO] IPUIPlugin:80 - create IPUIPlugin
2024-06-15 20:13:29,983 [INFO] PluginManager:220 - loadIPPluginJar : add resmgrutility
2024-06-15 20:13:30,059 [INFO] IPUIPlugin:80 - create IPUIPlugin
2024-06-15 20:13:30,060 [INFO] PluginManager:220 - loadIPPluginJar : add sai
2024-06-15 20:13:30,119 [INFO] IPUIPlugin:80 - create IPUIPlugin
2024-06-15 20:13:30,119 [INFO] PluginManager:220 - loadIPPluginJar : add spi
2024-06-15 20:13:30,233 [INFO] IPUIPlugin:80 - create IPUIPlugin
2024-06-15 20:13:30,233 [INFO] PluginManager:220 - loadIPPluginJar : add stm32_wpan
2024-06-15 20:13:30,277 [INFO] IPUIPlugin:80 - create IPUIPlugin
2024-06-15 20:13:30,277 [INFO] PluginManager:220 - loadIPPluginJar : add tim
2024-06-15 20:13:30,379 [INFO] IPUIPlugin:80 - create IPUIPlugin
2024-06-15 20:13:30,379 [INFO] PluginManager:220 - loadIPPluginJar : add touchsensing
2024-06-15 20:13:30,419 [INFO] IPUIPlugin:80 - create IPUIPlugin
2024-06-15 20:13:30,420 [INFO] PluginManager:220 - loadIPPluginJar : add tracer_emb
2024-06-15 20:13:30,465 [INFO] IPUIPlugin:80 - create IPUIPlugin
2024-06-15 20:13:30,466 [INFO] PluginManager:220 - loadIPPluginJar : add ts
2024-06-15 20:13:30,516 [INFO] IPUIPlugin:80 - create IPUIPlugin
2024-06-15 20:13:30,517 [INFO] PluginManager:220 - loadIPPluginJar : add tsc
2024-06-15 20:13:30,568 [INFO] IPUIPlugin:80 - create IPUIPlugin
2024-06-15 20:13:30,569 [INFO] PluginManager:220 - loadIPPluginJar : add ucpd
2024-06-15 20:13:30,649 [INFO] IPUIPlugin:80 - create IPUIPlugin
2024-06-15 20:13:30,649 [INFO] PluginManager:220 - loadIPPluginJar : add usart
2024-06-15 20:13:30,725 [INFO] IPUIPlugin:80 - create IPUIPlugin
2024-06-15 20:13:30,725 [INFO] PluginManager:220 - loadIPPluginJar : add usbx
2024-06-15 20:13:30,936 [INFO] CADModel:165 - CPN selected for project level
2024-06-15 20:13:30,936 [INFO] CADModel:114 - Register for checkConnection events
2024-06-15 20:13:30,936 [FATAL] Updater:308 - Updater called before beeing initialized
2024-06-15 20:13:30,937 [ERROR] CADModel:125 - Updater not yet initialized, retry later 
2024-06-15 20:13:31,448 [INFO] CADModel:165 - CPN selected for project level
2024-06-15 20:13:31,448 [INFO] CADModel:114 - Register for checkConnection events
2024-06-15 20:13:31,448 [FATAL] Updater:308 - Updater called before beeing initialized
2024-06-15 20:13:31,449 [ERROR] CADModel:125 - Updater not yet initialized, retry later 
2024-06-15 20:13:31,458 [FATAL] Updater:308 - Updater called before beeing initialized
2024-06-15 20:13:31,777 [FATAL] Updater:308 - Updater called before beeing initialized
2024-06-15 20:13:31,792 [INFO] DbMcusAds:53 - JSON generation date=Thu May 16 10:22:00 WAT 2024 (1715851320852)
2024-06-15 20:13:31,792 [FATAL] Updater:308 - Updater called before beeing initialized
2024-06-15 20:13:31,914 [WARN] DetailPanel:346 - Failed to get advertising image, set to default
2024-06-15 20:13:31,920 [INFO] ThirdPartyUpdaterWithRetryManager:70 - Updater plugin not ready yet. [3/15]
2024-06-15 20:13:32,127 [FATAL] Updater:308 - Updater called before beeing initialized
2024-06-15 20:13:32,131 [FATAL] Updater:308 - Updater called before beeing initialized
2024-06-15 20:13:32,132 [FATAL] Updater:308 - Updater called before beeing initialized
2024-06-15 20:13:32,132 [WARN] DetailPanel:346 - Failed to get advertising image, set to default
2024-06-15 20:13:32,133 [FATAL] Updater:308 - Updater called before beeing initialized
2024-06-15 20:13:32,287 [ERROR] Updater:1120 - MainUpdater not yet initialized. External WinMGr cannot be set.
2024-06-15 20:13:32,309 [INFO] Updater:1056 - Updater Version found : 6.11.0
2024-06-15 20:13:32,346 [INFO] ApplicationProperties:184 - Using Application install path: C:\ST\STM32CubeIDE_1.15.0\STM32CubeIDE\plugins\com.st.stm32cube.common.mx_6.11.0.202403141607
2024-06-15 20:13:33,962 [ERROR] LogOutputStream:75 - [STDERR_REDIRECT] Jun 15, 2024 8:13:33 PM java.util.prefs.WindowsPreferences <init>
2024-06-15 20:13:33,969 [ERROR] LogOutputStream:75 - [STDERR_REDIRECT] WARNING: Could not open/create prefs root node Software\JavaSoft\Prefs at root 0xffffffff80000002. Windows RegCreateKeyEx(...) returned error code 5.
2024-06-15 20:13:33,970 [ERROR] LogOutputStream:75 - [STDERR_REDIRECT] 
2024-06-15 20:13:34,675 [INFO] MainUpdater:2873 - connection check result : 22
2024-06-15 20:13:34,676 [INFO] MainUpdater:290 - Updater Check For Update Now.
2024-06-15 20:13:34,676 [INFO] MicroXplorer:498 - Change Database Version : DB.6.0.110
2024-06-15 20:13:34,708 [INFO] McuFinderGlobals:63 - Set McuFinder mode to 2 (CubeIDE integrated)
2024-06-15 20:13:34,731 [INFO] UserAuth:415 - Internet connection configuration mode: 2
2024-06-15 20:13:34,922 [WARN] MainUpdater:1194 - Updater busy. Cannot search thirdparties
2024-06-15 20:13:34,922 [INFO] ThirdPartyUpdaterWithRetryManager:96 - Updater plugin is busy. [1/15]
2024-06-15 20:13:34,978 [INFO] CheckServerUpdateThread:120 - End of CheckServer Thread
2024-06-15 20:13:38,306 [WARN] PackLoader:240 - Cannot read IP mode file for STMicroelectronics.FP-SNS-MOTENVWB1.1.4.0
2024-06-15 20:13:38,332 [WARN] PackLoader:240 - Cannot read IP mode file for STMicroelectronics.X-CUBE-SMBUS.2.1.0
2024-06-15 20:13:38,349 [INFO] McuFinderGlobals:63 - Set McuFinder mode to 2 (CubeIDE integrated)
2024-06-15 20:13:38,352 [WARN] PackLoader:240 - Cannot read IP mode file for STMicroelectronics.X-CUBE-TOUCHGFX.4.23.2
2024-06-15 20:13:38,401 [INFO] MainUpdater:2873 - connection check result : 22
2024-06-15 20:13:38,418 [WARN] PackLoader:240 - Cannot read IP mode file for STMicroelectronics.X-CUBE-AZRTOS-F7.1.1.0
2024-06-15 20:13:38,446 [WARN] PackLoader:240 - Cannot read IP mode file for STMicroelectronics.FP-SNS-FLIGHT1.5.0.2
2024-06-15 20:13:38,471 [WARN] PackLoader:240 - Cannot read IP mode file for STMicroelectronics.X-CUBE-DISPLAY.3.0.0
2024-06-15 20:13:38,508 [WARN] PackLoader:240 - Cannot read IP mode file for STMicroelectronics.X-CUBE-BLE1.7.0.0
2024-06-15 20:13:38,535 [WARN] PackLoader:240 - Cannot read IP mode file for emotas.I-CUBE-CANOPEN.1.3.0
2024-06-15 20:13:38,570 [WARN] PackLoader:240 - Cannot read IP mode file for STMicroelectronics.X-CUBE-BLEMGR.3.1.0
2024-06-15 20:13:38,596 [WARN] PackLoader:240 - Cannot read IP mode file for STMicroelectronics.FP-SNS-SMARTAG2.1.2.0
2024-06-15 20:13:38,628 [INFO] LogOutputStream:77 - [STDOUT_REDIRECT] 1 : Invalid condition id : UX_CORESTACK_Condition cause : null
2024-06-15 20:13:38,629 [INFO] LogOutputStream:77 - [STDOUT_REDIRECT] 1 : Invalid condition id : UX_CORESTACK_Condition cause : null
2024-06-15 20:13:38,632 [INFO] LogOutputStream:77 - [STDOUT_REDIRECT] 1 : Invalid condition id : UX_CORESTACK_Condition cause : null
2024-06-15 20:13:38,634 [INFO] LogOutputStream:77 - [STDOUT_REDIRECT] 1 : Invalid condition id : UX_CORESTACK_Condition cause : null
2024-06-15 20:13:38,636 [INFO] LogOutputStream:77 - [STDOUT_REDIRECT] 1 : Invalid condition id : UX_CORESTACK_Condition cause : null
2024-06-15 20:13:38,641 [WARN] PackLoader:240 - Cannot read IP mode file for STMicroelectronics.X-CUBE-AZRTOS-WL.2.0.0
2024-06-15 20:13:38,663 [WARN] PackLoader:240 - Cannot read IP mode file for STMicroelectronics.FP-SNS-MOTENV1.5.0.0
2024-06-15 20:13:38,684 [WARN] PackLoader:240 - Cannot read IP mode file for wolfSSL.I-CUBE-wolfMQTT.1.19.0
2024-06-15 20:13:38,707 [WARN] PackLoader:240 - Cannot read IP mode file for WES.I-CUBE-Cesium.1.3.0
2024-06-15 20:13:38,728 [WARN] PackLoader:240 - Cannot read IP mode file for STMicroelectronics.X-CUBE-BLE2.3.3.0
2024-06-15 20:13:38,747 [WARN] PackLoader:240 - Cannot read IP mode file for STMicroelectronics.X-CUBE-TCPP.4.1.0
2024-06-15 20:13:38,771 [WARN] PackLoader:240 - Cannot read IP mode file for STMicroelectronics.X-CUBE-ALGOBUILD.1.3.0
2024-06-15 20:13:38,817 [WARN] PackLoader:240 - Cannot read IP mode file for STMicroelectronics.X-CUBE-AZRTOS-G0.1.1.0
2024-06-15 20:13:38,842 [WARN] PackLoader:240 - Cannot read IP mode file for STMicroelectronics.X-CUBE-SAFEA1.1.2.2
2024-06-15 20:13:38,862 [WARN] PackLoader:240 - Cannot read IP mode file for STMicroelectronics.X-CUBE-NFC4.3.0.0
2024-06-15 20:13:38,879 [WARN] PackLoader:240 - Cannot read IP mode file for wolfSSL.I-CUBE-wolfSSL.5.7.0
2024-06-15 20:13:38,895 [WARN] PackLoader:240 - Cannot read IP mode file for STMicroelectronics.FP-ATR-SIGFOX1.3.2.0
2024-06-15 20:13:38,924 [WARN] PackLoader:240 - Cannot read IP mode file for STMicroelectronics.X-CUBE-EEPRMA1.5.1.0
2024-06-15 20:13:38,946 [WARN] PackLoader:240 - Cannot read IP mode file for ITTIA_DB.I-CUBE-ITTIADB.8.9.0
2024-06-15 20:13:38,997 [WARN] PackLoader:240 - Cannot read IP mode file for SEGGER.I-CUBE-embOS.1.3.1
2024-06-15 20:13:39,059 [WARN] PackLoader:240 - Cannot read IP mode file for STMicroelectronics.X-CUBE-ALGOBUILD.1.4.0
2024-06-15 20:13:39,079 [WARN] PackLoader:240 - Cannot read IP mode file for STMicroelectronics.X-CUBE-GNSS1.6.0.0
2024-06-15 20:13:39,118 [WARN] PackLoader:240 - Cannot read IP mode file for STMicroelectronics.X-CUBE-AZRTOS-F4.1.1.0
2024-06-15 20:13:39,142 [WARN] PackLoader:240 - Cannot read IP mode file for STMicroelectronics.X-CUBE-FREERTOS.1.2.0
2024-06-15 20:13:39,191 [WARN] PackLoader:240 - Cannot read IP mode file for STMicroelectronics.X-CUBE-AZRTOS-L5.2.0.0
2024-06-15 20:13:39,216 [WARN] PackLoader:240 - Cannot read IP mode file for STMicroelectronics.X-CUBE-NFC6.3.1.0
2024-06-15 20:13:39,235 [WARN] PackLoader:240 - Cannot read IP mode file for STMicroelectronics.X-CUBE-AI.9.0.0
2024-06-15 20:13:39,253 [WARN] PackLoader:240 - Cannot read IP mode file for STMicroelectronics.X-CUBE-NFC7.1.0.1
2024-06-15 20:13:39,294 [WARN] ConditionMgr:438 - getConditionDescription Invalid condition id : LAN8742 Phy interface Condition cause : null
2024-06-15 20:13:39,295 [WARN] PackLoader:240 - Cannot read IP mode file for STMicroelectronics.X-CUBE-AZRTOS-L4.2.0.0
2024-06-15 20:13:39,297 [WARN] ConditionMgr:1039 - genDependencies : Invalid condition id : LAN8742 Phy interface Condition cause : null
2024-06-15 20:13:39,297 [WARN] ConditionMgr:1039 - genDependencies : Invalid condition id : LAN8742 Phy interface Condition cause : null
2024-06-15 20:13:39,298 [WARN] ConditionMgr:1039 - genDependencies : Invalid condition id : LAN8742 Phy interface Condition cause : null
2024-06-15 20:13:39,321 [WARN] PackLoader:240 - Cannot read IP mode file for STMicroelectronics.X-CUBE-SFXS2LP1.4.0.0
2024-06-15 20:13:39,363 [WARN] ConditionMgr:438 - getConditionDescription Invalid condition id : UX DEVICE CLASS RTOS Condition cause : null
2024-06-15 20:13:39,364 [WARN] ConditionMgr:438 - getConditionDescription Invalid condition id : UX DEVICE CLASS RTOS Condition cause : null
2024-06-15 20:13:39,368 [WARN] PackLoader:240 - Cannot read IP mode file for STMicroelectronics.X-CUBE-AZRTOS-WB.2.0.0
2024-06-15 20:13:39,369 [WARN] ConditionMgr:1039 - genDependencies : Invalid condition id : UX DEVICE CLASS RTOS Condition cause : null
2024-06-15 20:13:39,369 [WARN] ConditionMgr:1039 - genDependencies : Invalid condition id : UX DEVICE CLASS RTOS Condition cause : null
2024-06-15 20:13:39,370 [WARN] ConditionMgr:1039 - genDependencies : Invalid condition id : UX DEVICE CLASS RTOS Condition cause : null
2024-06-15 20:13:39,371 [WARN] ConditionMgr:1039 - genDependencies : Invalid condition id : UX DEVICE CLASS RTOS Condition cause : null
2024-06-15 20:13:39,371 [WARN] ConditionMgr:1039 - genDependencies : Invalid condition id : UX DEVICE CLASS RTOS Condition cause : null
2024-06-15 20:13:39,408 [WARN] PackLoader:240 - Cannot read IP mode file for STMicroelectronics.X-CUBE-SUBG2.5.0.0
2024-06-15 20:13:39,429 [WARN] PackLoader:240 - Cannot read IP mode file for Cesanta.I-CUBE-Mongoose.7.13.0
2024-06-15 20:13:39,462 [WARN] PackLoader:240 - Cannot read IP mode file for STMicroelectronics.X-CUBE-AZRTOS-G4.2.0.0
2024-06-15 20:13:39,480 [WARN] PackLoader:240 - Cannot read IP mode file for STMicroelectronics.X-CUBE-ISPU.2.0.0
2024-06-15 20:13:39,498 [WARN] PackLoader:240 - Cannot read IP mode file for STMicroelectronics.X-CUBE-ALS.1.0.2
2024-06-15 20:13:39,574 [WARN] PackLoader:240 - Cannot read IP mode file for STMicroelectronics.X-CUBE-MEMS1.10.0.0
2024-06-15 20:13:39,747 [WARN] PackLoader:240 - Cannot read IP mode file for STMicroelectronics.X-CUBE-FREERTOS.1.1.0
2024-06-15 20:13:39,767 [WARN] PackLoader:240 - Cannot read IP mode file for portGmbH.I-Cube-SoM-uGOAL.1.1.0
2024-06-15 20:13:39,783 [WARN] PackLoader:240 - Cannot read IP mode file for STMicroelectronics.X-CUBE-ALS.1.0.1
2024-06-15 20:13:39,830 [WARN] PackLoader:240 - Cannot read IP mode file for STMicroelectronics.X-CUBE-AZRTOS-H7RS.1.0.0
2024-06-15 20:13:39,849 [WARN] PackLoader:240 - Cannot read IP mode file for STMicroelectronics.FP-ATR-ASTRA1.2.0.0
2024-06-15 20:13:39,881 [WARN] PackLoader:240 - Cannot read IP mode file for STMicroelectronics.X-CUBE-TOF1.3.4.1
2024-06-15 20:13:39,938 [WARN] PackLoader:240 - Cannot read IP mode file for STMicroelectronics.X-CUBE-AZRTOS-H7.3.2.0
2024-06-15 20:13:39,970 [WARN] PackLoader:240 - Cannot read IP mode file for Infineon.AIROC-Wi-Fi-Bluetooth-STM32.1.6.0
2024-06-15 20:13:39,974 [INFO] ThirdParty:978 - Integrity check success = true
2024-06-15 20:13:39,974 [INFO] IntegrityCheckThread:100 - exiting critical section [integrity check]
2024-06-15 20:13:39,974 [INFO] IntegrityCheckThread:103 - End integrity checks thread
2024-06-15 20:14:04,731 [INFO] MainUpdater:2873 - connection check result : 22
2024-06-15 20:14:14,522 [INFO] ApiDb:581 - Connected to CubeFinder SQLite database (C:\Users\User\.stmcufinder\plugins\mcufinder\mcu\cube-finder-db.db)
2024-06-15 20:14:14,666 [INFO] ApiDb:668 - CubeFinder database Data Model version=2.1
2024-06-15 20:14:14,666 [INFO] ApiDb:669 - CubeFinder database Configuration version=3.0.39
2024-06-15 20:14:14,667 [INFO] ApiDb:670 - CubeFinder database generation date=2024-05-16 (1715872938)
2024-06-15 20:14:14,667 [INFO] ApiDb:671 - CubeFinder database FW Pack versions=[FP-ATR-ASTRA1_V2.0.0, FP-SNS-FLIGHT1_V5.0.1, FP-SNS-FLIGHT1_V5.0.2, FP-SNS-MOTENV1_V4.3.1, FP-SNS-MOTENV1_V4.3.2, FP-SNS-MOTENV1_V5.0.0, FP-SNS-MOTENVWB1_V1.4.0, FP-SNS-SMARTAG2_V1.2.0, STM32Cube_FW_C0_V1.1.0, STM32Cube_FW_F4_V1.28.0, STM32Cube_FW_F7_V1.17.0, STM32Cube_FW_G0_V1.6.2, STM32Cube_FW_G4_V1.5.2, STM32Cube_FW_H5_V0.5.1, STM32Cube_FW_H5_V1.1.1, STM32Cube_FW_H5_V1.2.0, STM32Cube_FW_H5_V1.2.0RC4, STM32Cube_FW_H7RS_V1.0.0, STM32Cube_FW_H7RS_V1.0.0RC4, STM32Cube_FW_H7_V1.11.0, STM32Cube_FW_L0_V1.12.2, STM32Cube_FW_L5_V1.5.1, STM32Cube_FW_U0_V1.0.0, STM32Cube_FW_U0_V1.0.0RC1, STM32Cube_FW_U5_V1.3.0RC4, STM32Cube_FW_U5_V1.5.0, STM32Cube_FW_U5_V1.5.0RC1, STM32Cube_FW_WBA_V1.0.0RC1, STM32Cube_FW_WBA_V1.2.0, STM32Cube_FW_WBA_V1.2.0RC2, STM32Cube_FW_WBA_V1.3.0, STM32Cube_FW_WBA_V1.3.0RC1, STM32Cube_FW_WB_V1.15.0RC1, STM32Cube_FW_WB_V1.16.0, STM32Cube_FW_WB_V1.16.0RC2, STM32Cube_FW_WB_V1.18.0, STM32Cube_FW_WB_V1.19.0, STM32Cube_FW_WL_V1.3.0, X-CUBE-ALGOBUILD_V1.4.0, X-CUBE-ALS_V1.0.1, X-CUBE-AZRTOS-F4_V1.1.0, X-CUBE-AZRTOS-F7_V1.1.0, X-CUBE-AZRTOS-G0_V1.1.0, X-CUBE-AZRTOS-G4_V2.0.0, X-CUBE-AZRTOS-H7_V3.2.0, X-CUBE-AZRTOS-L4_V1.0.0, X-CUBE-AZRTOS-L4_V2.0.0, X-CUBE-AZRTOS-L5_V1.1.0, X-CUBE-AZRTOS-WB_V2.0.0, X-CUBE-AZRTOS-WL_V2.0.0, X-CUBE-BLE1_V7.0.0, X-CUBE-BLE2_V3.3.0, X-CUBE-BLEMGR_V3.1.0, X-CUBE-EEPRMA1_V4.1.0, X-CUBE-EEPRMA1_V5.1.0, X-CUBE-FREERTOS_V1.1.0, X-CUBE-GNSS1_V6.0.0, X-CUBE-MEMS1_V10.0.0, X-CUBE-MEMS1_V9.1.0, X-CUBE-MEMS1_V9.4.0, X-CUBE-MEMS1_V9.6.0, X-CUBE-NFC4_V3.0.0, X-CUBE-NFC7_V1.0.1, X-CUBE-SFXS2LP1_V4.0.0, X-CUBE-SUBG2_V5.0.0, X-CUBE-TOF1_V3.4.0]
2024-06-15 20:14:14,863 [INFO] DbBoardsSqlite:226 - include board P-NUCLEO-WB55-NUCLEO as a kit item of type 'Nucleo-64'
2024-06-15 20:14:14,863 [INFO] DbBoardsSqlite:226 - include board P-NUCLEO-WB55-USBDONGLE as a kit item of type 'Nucleo USB Dongle'
2024-06-15 20:14:14,864 [INFO] DbBoardsSqlite:226 - include board STEVAL-IDP005V1 as a kit item of type 'Evaluation Board'
2024-06-15 20:14:14,865 [INFO] DbBoardsSqlite:226 - include board STEVAL-IDP005V2 as a kit item of type 'Evaluation Board'
2024-06-15 20:14:15,444 [INFO] ApiDb:240 - Found 483 in-development CPN: [B-G473E-ZEST1S, B-WB1M-WPAN1, B-WL5M-SUBG1, NUCLEO-C031C6, NUCLEO-H503RB, NUCLEO-H533RE, NUCLEO-H563ZI, NUCLEO-H7S3L8, NUCLEO-U031R8, NUCLEO-U083RC, NUCLEO-U545RE-Q, NUCLEO-U5A5ZJ-Q, NUCLEO-WBA52CG, NUCLEO-WBA55CG, STEVAL-PROTEUS1, STEVAL-SMARTAG2, STEVAL-STWINBX1, STM320518-EVAL, STM32C0116-DK, STM32C011D6Y3TR, STM32C011D6Y6TR, STM32C011F4P3, STM32C011F4P6, STM32C011F4U3, STM32C011F4U6TR, STM32C011F6P3, STM32C011F6P6, STM32C011F6U3, STM32C011F6U6TR, STM32C011J4M3, STM32C011J4M6, STM32C011J6M3, STM32C011J6M6, STM32C0316-DK, STM32C031C4T3, STM32C031C4T6, STM32C031C4U3, STM32C031C4U6, STM32C031C6T3, STM32C031C6T6, STM32C031C6U3, STM32C031C6U6, STM32C031F4P3, STM32C031F4P6, STM32C031F6P3, STM32C031F6P6, STM32C031G4U3, STM32C031G4U6, STM32C031G6U3, STM32C031G6U6, STM32C031K4T3, STM32C031K4T6, STM32C031K4U3, STM32C031K4U6, STM32C031K6T3, STM32C031K6T6, STM32C031K6U3, STM32C031K6U6, STM32G071K8TXN, STM32G071K8UXN, STM32G081GBU6N, STM32G081KBT6N, STM32G081KBUXN, STM32G0B1CCT6N, STM32G0B1KCT6, STM32G0B1NEY6TR, STM32G0B1RCT6N, STM32G0C1CCT6, STM32G0C1CCT6N, STM32G0C1CCU6N, STM32G0C1CET6N, STM32G0C1CEU6N, STM32G0C1KCT6, STM32G0C1NEY6TR, STM32G0C1RCI6N, STM32G0C1RCT6N, STM32G0C1REI6N, STM32G0C1RET6N, STM32G0C1VCI6, STM32G0C1VEI6, STM32G471CCT6, STM32G471CCU6, STM32G471CET3, STM32G471CET6, STM32G471CEU3, STM32G471CEU6, STM32G471MCT6, STM32G471MET3, STM32G471MET6, STM32G471MEY6TR, STM32G471QCT6, STM32G471QET3, STM32G471RCT6, STM32G471RET3, STM32G471RET6, STM32G471VCH6, STM32G471VCI6, STM32G471VCT6, STM32G471VEH3, STM32G471VEH6, STM32G471VEI3, STM32G471VEI6, STM32G471VET3, STM32G471VET6, STM32G474CCT6, STM32H503CBT6, STM32H503CBU6, STM32H503EBY6TR, STM32H503KBU6, STM32H503RBT6, STM32H523CCT6, STM32H523CCU6, STM32H523CET6, STM32H523CEU6, STM32H523HEY6TR, STM32H523RCT6, STM32H523RET6, STM32H523VCI6, STM32H523VCT6, STM32H523VEI6, STM32H523VET6, STM32H523ZCJ6, STM32H523ZCT6, STM32H523ZEJ6, STM32H523ZET6, STM32H533CET6, STM32H533CEU6, STM32H533HEY6TR, STM32H533RET6, STM32H533VEI6, STM32H533VET6, STM32H533ZEJ6, STM32H533ZET6, STM32H562AGI6, STM32H562AII6, STM32H562IGK6, STM32H562IGT6, STM32H562IIK6, STM32H562IIT6, STM32H562RGT6, STM32H562RGV6, STM32H562RIT6, STM32H562RIV6, STM32H562VGT6, STM32H562VIT6, STM32H562ZGT6, STM32H562ZIT6, STM32H563AGI6, STM32H563AII3Q, STM32H563AII6, STM32H563IGK6, STM32H563IGT6, STM32H563IIK3Q, STM32H563IIK6, STM32H563IIT3Q, STM32H563IIT6, STM32H563MIY3QTR, STM32H563RGT6, STM32H563RGV6, STM32H563RIT6, STM32H563RIV6, STM32H563VGT6, STM32H563VIT3Q, STM32H563VIT6, STM32H563ZGT6, STM32H563ZIT3Q, STM32H563ZIT6, STM32H573AII3Q, STM32H573AII6, STM32H573I-DK, STM32H573IIK3Q, STM32H573IIK6, STM32H573IIT3Q, STM32H573IIT6, STM32H573MIY3QTR, STM32H573RIT6, STM32H573RIV6, STM32H573VIT3Q, STM32H573VIT6, STM32H573ZIT3Q, STM32H573ZIT6, STM32H7R3A8I6, STM32H7R3I8K6, STM32H7R3I8T6, STM32H7R3L8H6, STM32H7R3L8H6H, STM32H7R3R8V6, STM32H7R3V8H6, STM32H7R3V8T6, STM32H7R3V8Y6, STM32H7R3Z8J6, STM32H7R3Z8T6, STM32H7R7A8I6, STM32H7R7I8K6, STM32H7R7I8T6, STM32H7R7L8H6, STM32H7R7L8H6H, STM32H7R7Z8J6, STM32H7S3A8I6, STM32H7S3I8K6, STM32H7S3I8T6, STM32H7S3L8H6, STM32H7S3L8H6H, STM32H7S3R8V6, STM32H7S3V8H6, STM32H7S3V8T6, STM32H7S3V8Y6, STM32H7S3Z8J6, STM32H7S3Z8T6, STM32H7S78-DK, STM32H7S7A8I6, STM32H7S7I8K6, STM32H7S7I8T6, STM32H7S7L8H6, STM32H7S7L8H6H, STM32H7S7Z8J6, STM32L4R5QGI6STR, STM32MP131AAE3, STM32MP131AAF3, STM32MP131AAG3, STM32MP131CAE3, STM32MP131CAF3, STM32MP131CAG3, STM32MP131DAE7, STM32MP131DAF7, STM32MP131DAG7, STM32MP131FAE7, STM32MP131FAF7, STM32MP131FAG7, STM32MP133AAE3, STM32MP133AAF3, STM32MP133AAG3, STM32MP133CAE3, STM32MP133CAF3, STM32MP133CAG3, STM32MP133DAE7, STM32MP133DAF7, STM32MP133DAG7, STM32MP133FAE7, STM32MP133FAF7, STM32MP133FAG7, STM32MP135AAE3, STM32MP135AAF3, STM32MP135AAG3, STM32MP135CAE3, STM32MP135CAF3, STM32MP135CAG3, STM32MP135DAE7, STM32MP135DAF7, STM32MP135DAG7, STM32MP135F-DK, STM32MP135FAE7, STM32MP135FAF7, STM32MP135FAF7T, STM32MP135FAF7U, STM32MP135FAG7, STM32U031C6T6, STM32U031C6U6, STM32U031C8T6, STM32U031C8U6, STM32U031F4P6, STM32U031F6P6, STM32U031F8P6, STM32U031G6Y6TR, STM32U031G8Y6TR, STM32U031K4U6, STM32U031K6U6, STM32U031K8U6, STM32U031R6I6, STM32U031R6T6, STM32U031R8I6, STM32U031R8T6, STM32U073C8T6, STM32U073C8U6, STM32U073CBT6, STM32U073CBU6, STM32U073CCT6, STM32U073CCU6, STM32U073H8Y6TR, STM32U073HBY6TR, STM32U073HCY6TR, STM32U073K8U6, STM32U073KBU6, STM32U073KCU6, STM32U073M8I6, STM32U073M8T6, STM32U073MBI6, STM32U073MBT6, STM32U073MCI6, STM32U073MCT6, STM32U073R8I6, STM32U073R8T6, STM32U073RBI6, STM32U073RBT6, STM32U073RCI6, STM32U073RCT6, STM32U083C-DK, STM32U083CCT6, STM32U083CCU6, STM32U083HCY6TR, STM32U083KCU6, STM32U083MCI6, STM32U083MCT6, STM32U083RCI6, STM32U083RCT6, STM32U535CBT6, STM32U535CBT6Q, STM32U535CBU6, STM32U535CBU6Q, STM32U535CCT6, STM32U535CCT6Q, STM32U535CCU6, STM32U535CCU6Q, STM32U535CET6, STM32U535CET6Q, STM32U535CEU6, STM32U535CEU6Q, STM32U535JEY6QTR, STM32U535NCY6QTR, STM32U535NEY6QTR, STM32U535RBI6, STM32U535RBI6Q, STM32U535RBT6, STM32U535RBT6Q, STM32U535RCI6, STM32U535RCI6Q, STM32U535RCT6, STM32U535RCT6Q, STM32U535REI6, STM32U535REI6Q, STM32U535RET6, STM32U535RET6Q, STM32U535VCI6, STM32U535VCI6Q, STM32U535VCT6, STM32U535VCT6Q, STM32U535VEI6, STM32U535VEI6Q, STM32U535VET6, STM32U535VET6Q, STM32U545CET6, STM32U545CET6Q, STM32U545CEU6, STM32U545CEU6Q, STM32U545JEY6QTR, STM32U545NEY6QTR, STM32U545REI6, STM32U545REI6Q, STM32U545RET6, STM32U545RET6Q, STM32U545VEI6, STM32U545VEI6Q, STM32U545VET6, STM32U545VET6Q, STM32U595AIH6, STM32U595AIH6Q, STM32U595AJH6, STM32U595AJH6Q, STM32U595QII6, STM32U595QII6Q, STM32U595QJI6, STM32U595QJI6Q, STM32U595RIT6, STM32U595RIT6Q, STM32U595RJT6, STM32U595RJT6Q, STM32U595VIT6, STM32U595VIT6Q, STM32U595VJT6, STM32U595VJT6Q, STM32U595ZIT6, STM32U595ZIT6Q, STM32U595ZIY6QTR, STM32U595ZJT6, STM32U595ZJT6Q, STM32U595ZJY6QTR, STM32U599BJY6QTR, STM32U599NIH6Q, STM32U599NJH6Q, STM32U599VIT6Q, STM32U599VJT6, STM32U599VJT6Q, STM32U599ZIT6Q, STM32U599ZIY6QTR, STM32U599ZJT6Q, STM32U599ZJY6QTR, STM32U5A5AJH6, STM32U5A5AJH6Q, STM32U5A5QII3Q , STM32U5A5QJI6, STM32U5A5QJI6Q, STM32U5A5RJT6, STM32U5A5RJT6Q, STM32U5A5VJT6, STM32U5A5VJT6Q, STM32U5A5ZJT6, STM32U5A5ZJT6Q, STM32U5A5ZJY6QTR, STM32U5A9BJY6QTR, STM32U5A9J-DK, STM32U5A9NJH6Q, STM32U5A9VJT6Q, STM32U5A9ZJT6Q, STM32U5A9ZJY6QTR, STM32U5F7VIT6, STM32U5F7VIT6Q, STM32U5F7VJT6, STM32U5F7VJT6Q, STM32U5F9BJY6QTR, STM32U5F9NJH6Q, STM32U5F9VIT6Q, STM32U5F9VJT6Q, STM32U5F9ZIJ6QTR, STM32U5F9ZIT6Q, STM32U5F9ZJJ6QTR, STM32U5F9ZJT6Q, STM32U5G7VJT6, STM32U5G7VJT6Q, STM32U5G9BJY6QTR, STM32U5G9J-DK1, STM32U5G9J-DK2, STM32U5G9NJH6Q, STM32U5G9VJT6Q, STM32U5G9ZJJ6QTR, STM32U5G9ZJT6Q, STM32WB1MMCH6, STM32WBA50KEU6, STM32WBA50KEU6TR, STM32WBA50KGU6, STM32WBA50KGU6TR, STM32WBA52CEU6, STM32WBA52CEU6TR, STM32WBA52CEU7, STM32WBA52CEU7TR, STM32WBA52CGU6, STM32WBA52CGU6TR, STM32WBA52CGU6U, STM32WBA52CGU7, STM32WBA52CGU7TR, STM32WBA52KEU6, STM32WBA52KEU6TR, STM32WBA52KGU6, STM32WBA52KGU6TR, STM32WBA54CEU6, STM32WBA54CEU6TR, STM32WBA54CEU7, STM32WBA54CEU7TR, STM32WBA54CGU6, STM32WBA54CGU6TR, STM32WBA54CGU7, STM32WBA54CGU7TR, STM32WBA54KEU6, STM32WBA54KEU6TR, STM32WBA54KEU7, STM32WBA54KEU7TR, STM32WBA54KGU6, STM32WBA54KGU6TR, STM32WBA54KGU7, STM32WBA54KGU7TR, STM32WBA55CEU6, STM32WBA55CEU6TR, STM32WBA55CEU7, STM32WBA55CEU7TR, STM32WBA55CGU6, STM32WBA55CGU6TR, STM32WBA55CGU6U, STM32WBA55CGU7, STM32WBA55CGU7TR, STM32WBA55G-DK1, STM32WBA55HEF6, STM32WBA55HEF7, STM32WBA55HGF6, STM32WBA55HGF7, STM32WBA55UEI6, STM32WBA55UEI6TR, STM32WBA55UEI7, STM32WBA55UEI7TR, STM32WBA55UGI6, STM32WBA55UGI6TR, STM32WBA55UGI7, STM32WBA55UGI7TR, STM32WL5MOCH6, STM32WL5MOCH6TR]
2024-06-15 20:14:15,710 [INFO] BoardInfo:889 - No configuration file found for board P-NUCLEO-WB55
2024-06-15 20:14:15,710 [INFO] DbBoards:161 - Kit is not supported: P-NUCLEO-WB55
2024-06-15 20:14:15,718 [INFO] BoardInfo:889 - No configuration file found for board STEVAL-BFA001V1B
2024-06-15 20:14:15,718 [INFO] DbBoards:161 - Kit is not supported: STEVAL-BFA001V1B
2024-06-15 20:14:15,720 [INFO] BoardInfo:889 - No configuration file found for board STEVAL-BFA001V2B
2024-06-15 20:14:15,720 [INFO] DbBoards:161 - Kit is not supported: STEVAL-BFA001V2B
2024-06-15 20:14:15,965 [INFO] DbBoards:168 - Found 199 boards, 196 are supported
2024-06-15 20:14:15,966 [INFO] DbBoards:169 - Found 199 boards, 8 of them is supported for  Bsp
2024-06-15 20:14:15,970 [INFO] ApiDb:668 - CubeFinder database Data Model version=2.1
2024-06-15 20:14:15,971 [INFO] ApiDb:669 - CubeFinder database Configuration version=3.0.39
2024-06-15 20:14:15,971 [INFO] ApiDb:670 - CubeFinder database generation date=2024-05-16 (1715872938)
2024-06-15 20:14:15,971 [INFO] ApiDb:671 - CubeFinder database FW Pack versions=[FP-ATR-ASTRA1_V2.0.0, FP-SNS-FLIGHT1_V5.0.1, FP-SNS-FLIGHT1_V5.0.2, FP-SNS-MOTENV1_V4.3.1, FP-SNS-MOTENV1_V4.3.2, FP-SNS-MOTENV1_V5.0.0, FP-SNS-MOTENVWB1_V1.4.0, FP-SNS-SMARTAG2_V1.2.0, STM32Cube_FW_C0_V1.1.0, STM32Cube_FW_F4_V1.28.0, STM32Cube_FW_F7_V1.17.0, STM32Cube_FW_G0_V1.6.2, STM32Cube_FW_G4_V1.5.2, STM32Cube_FW_H5_V0.5.1, STM32Cube_FW_H5_V1.1.1, STM32Cube_FW_H5_V1.2.0, STM32Cube_FW_H5_V1.2.0RC4, STM32Cube_FW_H7RS_V1.0.0, STM32Cube_FW_H7RS_V1.0.0RC4, STM32Cube_FW_H7_V1.11.0, STM32Cube_FW_L0_V1.12.2, STM32Cube_FW_L5_V1.5.1, STM32Cube_FW_U0_V1.0.0, STM32Cube_FW_U0_V1.0.0RC1, STM32Cube_FW_U5_V1.3.0RC4, STM32Cube_FW_U5_V1.5.0, STM32Cube_FW_U5_V1.5.0RC1, STM32Cube_FW_WBA_V1.0.0RC1, STM32Cube_FW_WBA_V1.2.0, STM32Cube_FW_WBA_V1.2.0RC2, STM32Cube_FW_WBA_V1.3.0, STM32Cube_FW_WBA_V1.3.0RC1, STM32Cube_FW_WB_V1.15.0RC1, STM32Cube_FW_WB_V1.16.0, STM32Cube_FW_WB_V1.16.0RC2, STM32Cube_FW_WB_V1.18.0, STM32Cube_FW_WB_V1.19.0, STM32Cube_FW_WL_V1.3.0, X-CUBE-ALGOBUILD_V1.4.0, X-CUBE-ALS_V1.0.1, X-CUBE-AZRTOS-F4_V1.1.0, X-CUBE-AZRTOS-F7_V1.1.0, X-CUBE-AZRTOS-G0_V1.1.0, X-CUBE-AZRTOS-G4_V2.0.0, X-CUBE-AZRTOS-H7_V3.2.0, X-CUBE-AZRTOS-L4_V1.0.0, X-CUBE-AZRTOS-L4_V2.0.0, X-CUBE-AZRTOS-L5_V1.1.0, X-CUBE-AZRTOS-WB_V2.0.0, X-CUBE-AZRTOS-WL_V2.0.0, X-CUBE-BLE1_V7.0.0, X-CUBE-BLE2_V3.3.0, X-CUBE-BLEMGR_V3.1.0, X-CUBE-EEPRMA1_V4.1.0, X-CUBE-EEPRMA1_V5.1.0, X-CUBE-FREERTOS_V1.1.0, X-CUBE-GNSS1_V6.0.0, X-CUBE-MEMS1_V10.0.0, X-CUBE-MEMS1_V9.1.0, X-CUBE-MEMS1_V9.4.0, X-CUBE-MEMS1_V9.6.0, X-CUBE-NFC4_V3.0.0, X-CUBE-NFC7_V1.0.1, X-CUBE-SFXS2LP1_V4.0.0, X-CUBE-SUBG2_V5.0.0, X-CUBE-TOF1_V3.4.0]
2024-06-15 20:14:19,142 [INFO] ApiDb:240 - Found 483 in-development CPN: [B-G473E-ZEST1S, B-WB1M-WPAN1, B-WL5M-SUBG1, NUCLEO-C031C6, NUCLEO-H503RB, NUCLEO-H533RE, NUCLEO-H563ZI, NUCLEO-H7S3L8, NUCLEO-U031R8, NUCLEO-U083RC, NUCLEO-U545RE-Q, NUCLEO-U5A5ZJ-Q, NUCLEO-WBA52CG, NUCLEO-WBA55CG, STEVAL-PROTEUS1, STEVAL-SMARTAG2, STEVAL-STWINBX1, STM320518-EVAL, STM32C0116-DK, STM32C011D6Y3TR, STM32C011D6Y6TR, STM32C011F4P3, STM32C011F4P6, STM32C011F4U3, STM32C011F4U6TR, STM32C011F6P3, STM32C011F6P6, STM32C011F6U3, STM32C011F6U6TR, STM32C011J4M3, STM32C011J4M6, STM32C011J6M3, STM32C011J6M6, STM32C0316-DK, STM32C031C4T3, STM32C031C4T6, STM32C031C4U3, STM32C031C4U6, STM32C031C6T3, STM32C031C6T6, STM32C031C6U3, STM32C031C6U6, STM32C031F4P3, STM32C031F4P6, STM32C031F6P3, STM32C031F6P6, STM32C031G4U3, STM32C031G4U6, STM32C031G6U3, STM32C031G6U6, STM32C031K4T3, STM32C031K4T6, STM32C031K4U3, STM32C031K4U6, STM32C031K6T3, STM32C031K6T6, STM32C031K6U3, STM32C031K6U6, STM32G071K8TXN, STM32G071K8UXN, STM32G081GBU6N, STM32G081KBT6N, STM32G081KBUXN, STM32G0B1CCT6N, STM32G0B1KCT6, STM32G0B1NEY6TR, STM32G0B1RCT6N, STM32G0C1CCT6, STM32G0C1CCT6N, STM32G0C1CCU6N, STM32G0C1CET6N, STM32G0C1CEU6N, STM32G0C1KCT6, STM32G0C1NEY6TR, STM32G0C1RCI6N, STM32G0C1RCT6N, STM32G0C1REI6N, STM32G0C1RET6N, STM32G0C1VCI6, STM32G0C1VEI6, STM32G471CCT6, STM32G471CCU6, STM32G471CET3, STM32G471CET6, STM32G471CEU3, STM32G471CEU6, STM32G471MCT6, STM32G471MET3, STM32G471MET6, STM32G471MEY6TR, STM32G471QCT6, STM32G471QET3, STM32G471RCT6, STM32G471RET3, STM32G471RET6, STM32G471VCH6, STM32G471VCI6, STM32G471VCT6, STM32G471VEH3, STM32G471VEH6, STM32G471VEI3, STM32G471VEI6, STM32G471VET3, STM32G471VET6, STM32G474CCT6, STM32H503CBT6, STM32H503CBU6, STM32H503EBY6TR, STM32H503KBU6, STM32H503RBT6, STM32H523CCT6, STM32H523CCU6, STM32H523CET6, STM32H523CEU6, STM32H523HEY6TR, STM32H523RCT6, STM32H523RET6, STM32H523VCI6, STM32H523VCT6, STM32H523VEI6, STM32H523VET6, STM32H523ZCJ6, STM32H523ZCT6, STM32H523ZEJ6, STM32H523ZET6, STM32H533CET6, STM32H533CEU6, STM32H533HEY6TR, STM32H533RET6, STM32H533VEI6, STM32H533VET6, STM32H533ZEJ6, STM32H533ZET6, STM32H562AGI6, STM32H562AII6, STM32H562IGK6, STM32H562IGT6, STM32H562IIK6, STM32H562IIT6, STM32H562RGT6, STM32H562RGV6, STM32H562RIT6, STM32H562RIV6, STM32H562VGT6, STM32H562VIT6, STM32H562ZGT6, STM32H562ZIT6, STM32H563AGI6, STM32H563AII3Q, STM32H563AII6, STM32H563IGK6, STM32H563IGT6, STM32H563IIK3Q, STM32H563IIK6, STM32H563IIT3Q, STM32H563IIT6, STM32H563MIY3QTR, STM32H563RGT6, STM32H563RGV6, STM32H563RIT6, STM32H563RIV6, STM32H563VGT6, STM32H563VIT3Q, STM32H563VIT6, STM32H563ZGT6, STM32H563ZIT3Q, STM32H563ZIT6, STM32H573AII3Q, STM32H573AII6, STM32H573I-DK, STM32H573IIK3Q, STM32H573IIK6, STM32H573IIT3Q, STM32H573IIT6, STM32H573MIY3QTR, STM32H573RIT6, STM32H573RIV6, STM32H573VIT3Q, STM32H573VIT6, STM32H573ZIT3Q, STM32H573ZIT6, STM32H7R3A8I6, STM32H7R3I8K6, STM32H7R3I8T6, STM32H7R3L8H6, STM32H7R3L8H6H, STM32H7R3R8V6, STM32H7R3V8H6, STM32H7R3V8T6, STM32H7R3V8Y6, STM32H7R3Z8J6, STM32H7R3Z8T6, STM32H7R7A8I6, STM32H7R7I8K6, STM32H7R7I8T6, STM32H7R7L8H6, STM32H7R7L8H6H, STM32H7R7Z8J6, STM32H7S3A8I6, STM32H7S3I8K6, STM32H7S3I8T6, STM32H7S3L8H6, STM32H7S3L8H6H, STM32H7S3R8V6, STM32H7S3V8H6, STM32H7S3V8T6, STM32H7S3V8Y6, STM32H7S3Z8J6, STM32H7S3Z8T6, STM32H7S78-DK, STM32H7S7A8I6, STM32H7S7I8K6, STM32H7S7I8T6, STM32H7S7L8H6, STM32H7S7L8H6H, STM32H7S7Z8J6, STM32L4R5QGI6STR, STM32MP131AAE3, STM32MP131AAF3, STM32MP131AAG3, STM32MP131CAE3, STM32MP131CAF3, STM32MP131CAG3, STM32MP131DAE7, STM32MP131DAF7, STM32MP131DAG7, STM32MP131FAE7, STM32MP131FAF7, STM32MP131FAG7, STM32MP133AAE3, STM32MP133AAF3, STM32MP133AAG3, STM32MP133CAE3, STM32MP133CAF3, STM32MP133CAG3, STM32MP133DAE7, STM32MP133DAF7, STM32MP133DAG7, STM32MP133FAE7, STM32MP133FAF7, STM32MP133FAG7, STM32MP135AAE3, STM32MP135AAF3, STM32MP135AAG3, STM32MP135CAE3, STM32MP135CAF3, STM32MP135CAG3, STM32MP135DAE7, STM32MP135DAF7, STM32MP135DAG7, STM32MP135F-DK, STM32MP135FAE7, STM32MP135FAF7, STM32MP135FAF7T, STM32MP135FAF7U, STM32MP135FAG7, STM32U031C6T6, STM32U031C6U6, STM32U031C8T6, STM32U031C8U6, STM32U031F4P6, STM32U031F6P6, STM32U031F8P6, STM32U031G6Y6TR, STM32U031G8Y6TR, STM32U031K4U6, STM32U031K6U6, STM32U031K8U6, STM32U031R6I6, STM32U031R6T6, STM32U031R8I6, STM32U031R8T6, STM32U073C8T6, STM32U073C8U6, STM32U073CBT6, STM32U073CBU6, STM32U073CCT6, STM32U073CCU6, STM32U073H8Y6TR, STM32U073HBY6TR, STM32U073HCY6TR, STM32U073K8U6, STM32U073KBU6, STM32U073KCU6, STM32U073M8I6, STM32U073M8T6, STM32U073MBI6, STM32U073MBT6, STM32U073MCI6, STM32U073MCT6, STM32U073R8I6, STM32U073R8T6, STM32U073RBI6, STM32U073RBT6, STM32U073RCI6, STM32U073RCT6, STM32U083C-DK, STM32U083CCT6, STM32U083CCU6, STM32U083HCY6TR, STM32U083KCU6, STM32U083MCI6, STM32U083MCT6, STM32U083RCI6, STM32U083RCT6, STM32U535CBT6, STM32U535CBT6Q, STM32U535CBU6, STM32U535CBU6Q, STM32U535CCT6, STM32U535CCT6Q, STM32U535CCU6, STM32U535CCU6Q, STM32U535CET6, STM32U535CET6Q, STM32U535CEU6, STM32U535CEU6Q, STM32U535JEY6QTR, STM32U535NCY6QTR, STM32U535NEY6QTR, STM32U535RBI6, STM32U535RBI6Q, STM32U535RBT6, STM32U535RBT6Q, STM32U535RCI6, STM32U535RCI6Q, STM32U535RCT6, STM32U535RCT6Q, STM32U535REI6, STM32U535REI6Q, STM32U535RET6, STM32U535RET6Q, STM32U535VCI6, STM32U535VCI6Q, STM32U535VCT6, STM32U535VCT6Q, STM32U535VEI6, STM32U535VEI6Q, STM32U535VET6, STM32U535VET6Q, STM32U545CET6, STM32U545CET6Q, STM32U545CEU6, STM32U545CEU6Q, STM32U545JEY6QTR, STM32U545NEY6QTR, STM32U545REI6, STM32U545REI6Q, STM32U545RET6, STM32U545RET6Q, STM32U545VEI6, STM32U545VEI6Q, STM32U545VET6, STM32U545VET6Q, STM32U595AIH6, STM32U595AIH6Q, STM32U595AJH6, STM32U595AJH6Q, STM32U595QII6, STM32U595QII6Q, STM32U595QJI6, STM32U595QJI6Q, STM32U595RIT6, STM32U595RIT6Q, STM32U595RJT6, STM32U595RJT6Q, STM32U595VIT6, STM32U595VIT6Q, STM32U595VJT6, STM32U595VJT6Q, STM32U595ZIT6, STM32U595ZIT6Q, STM32U595ZIY6QTR, STM32U595ZJT6, STM32U595ZJT6Q, STM32U595ZJY6QTR, STM32U599BJY6QTR, STM32U599NIH6Q, STM32U599NJH6Q, STM32U599VIT6Q, STM32U599VJT6, STM32U599VJT6Q, STM32U599ZIT6Q, STM32U599ZIY6QTR, STM32U599ZJT6Q, STM32U599ZJY6QTR, STM32U5A5AJH6, STM32U5A5AJH6Q, STM32U5A5QII3Q , STM32U5A5QJI6, STM32U5A5QJI6Q, STM32U5A5RJT6, STM32U5A5RJT6Q, STM32U5A5VJT6, STM32U5A5VJT6Q, STM32U5A5ZJT6, STM32U5A5ZJT6Q, STM32U5A5ZJY6QTR, STM32U5A9BJY6QTR, STM32U5A9J-DK, STM32U5A9NJH6Q, STM32U5A9VJT6Q, STM32U5A9ZJT6Q, STM32U5A9ZJY6QTR, STM32U5F7VIT6, STM32U5F7VIT6Q, STM32U5F7VJT6, STM32U5F7VJT6Q, STM32U5F9BJY6QTR, STM32U5F9NJH6Q, STM32U5F9VIT6Q, STM32U5F9VJT6Q, STM32U5F9ZIJ6QTR, STM32U5F9ZIT6Q, STM32U5F9ZJJ6QTR, STM32U5F9ZJT6Q, STM32U5G7VJT6, STM32U5G7VJT6Q, STM32U5G9BJY6QTR, STM32U5G9J-DK1, STM32U5G9J-DK2, STM32U5G9NJH6Q, STM32U5G9VJT6Q, STM32U5G9ZJJ6QTR, STM32U5G9ZJT6Q, STM32WB1MMCH6, STM32WBA50KEU6, STM32WBA50KEU6TR, STM32WBA50KGU6, STM32WBA50KGU6TR, STM32WBA52CEU6, STM32WBA52CEU6TR, STM32WBA52CEU7, STM32WBA52CEU7TR, STM32WBA52CGU6, STM32WBA52CGU6TR, STM32WBA52CGU6U, STM32WBA52CGU7, STM32WBA52CGU7TR, STM32WBA52KEU6, STM32WBA52KEU6TR, STM32WBA52KGU6, STM32WBA52KGU6TR, STM32WBA54CEU6, STM32WBA54CEU6TR, STM32WBA54CEU7, STM32WBA54CEU7TR, STM32WBA54CGU6, STM32WBA54CGU6TR, STM32WBA54CGU7, STM32WBA54CGU7TR, STM32WBA54KEU6, STM32WBA54KEU6TR, STM32WBA54KEU7, STM32WBA54KEU7TR, STM32WBA54KGU6, STM32WBA54KGU6TR, STM32WBA54KGU7, STM32WBA54KGU7TR, STM32WBA55CEU6, STM32WBA55CEU6TR, STM32WBA55CEU7, STM32WBA55CEU7TR, STM32WBA55CGU6, STM32WBA55CGU6TR, STM32WBA55CGU6U, STM32WBA55CGU7, STM32WBA55CGU7TR, STM32WBA55G-DK1, STM32WBA55HEF6, STM32WBA55HEF7, STM32WBA55HGF6, STM32WBA55HGF7, STM32WBA55UEI6, STM32WBA55UEI6TR, STM32WBA55UEI7, STM32WBA55UEI7TR, STM32WBA55UGI6, STM32WBA55UGI6TR, STM32WBA55UGI7, STM32WBA55UGI7TR, STM32WL5MOCH6, STM32WL5MOCH6TR]
2024-06-15 20:14:19,148 [INFO] DbMcus:218 - Found 4096 MCUs, 4096 are supported
2024-06-15 20:14:19,158 [INFO] ApiDb:423 - Load user favorites file C:\Users\User/.stm32cubeide/favorites.mcus.txt: 0 item(s)
2024-06-15 20:14:19,158 [INFO] ApiDb:427 - User favorites MCUs=[]
2024-06-15 20:14:19,158 [INFO] DbMcus:224 - Set 0 / 0 favorites MCUs
2024-06-15 20:14:19,544 [INFO] ApiDb:423 - Load user favorites file C:\Users\User/.stm32cubeide/favorites.boards.txt: 0 item(s)
2024-06-15 20:14:19,544 [INFO] ApiDb:427 - User favorites Boards=[]
2024-06-15 20:14:19,545 [INFO] DbBoards:198 - Set 0 / 0 favorites Boards
2024-06-15 20:14:19,545 [INFO] McuFinderGlobals:76 - Set McuFinderConnectedMode to false
2024-06-15 20:14:19,563 [INFO] MultiScanPanel:200 - Auto-refresh data requested => check proxy status ongoing
2024-06-15 20:14:19,563 [INFO] MultiScanPanel:204 - Proxy status is invalid
2024-06-15 20:14:19,568 [INFO] FinderPluginLoader:95 - Searching for filters in installed packs
2024-06-15 20:14:21,600 [INFO] DetailPanel:341 - Set advertising image to C:/Users/User/STM32Cube/Repository/\en.prom-stm32h7rs-mcu-finder.jpg
2024-06-15 20:15:15,594 [INFO] MainUpdater:2873 - connection check result : 22
2024-06-15 20:15:15,600 [INFO] MainUpdater:2873 - connection check result : 22
2024-06-15 20:15:19,795 [INFO] MicroXplorer:468 - Change Database Path : 
2024-06-15 20:15:19,795 [INFO] MicroXplorer:498 - Change Database Version : DB.6.0.110
2024-06-15 20:15:19,807 [WARN] ThirdParty:871 - waiting for thirdparty lock release [close project]
2024-06-15 20:15:19,807 [INFO] ThirdParty:873 - entering critical section [close project]
2024-06-15 20:15:19,809 [INFO] ThirdParty:883 - exiting critical section [close project]
2024-06-15 20:15:19,814 [INFO] PinOutPanel:1561 - setPackage(No Configuration,No Configuration)
2024-06-15 20:15:19,821 [INFO] UtilMem:75 - Begin LoadConfig() Used Memory: 293119920 Bytes (643825664)
2024-06-15 20:15:19,822 [INFO] MicroXplorer:468 - Change Database Path : 
2024-06-15 20:15:19,823 [INFO] MicroXplorer:498 - Change Database Version : DB.6.0.110
2024-06-15 20:15:19,824 [INFO] OpenFileManager:312 - Change cursor
2024-06-15 20:15:19,957 [INFO] Mcu:2021 - Initializing MCU STM32F103C8Tx STM32F103C8Tx STM32F103C8T6
2024-06-15 20:15:21,353 [INFO] Context:663 - Trying to add GPIOservice into a context  which must be forbidden
2024-06-15 20:15:21,752 [INFO] ImportTextPane:194 - (OptionalMessage_ERROR) Unable to find key (Mcu.ThirdPartyNb) in loaded IOC file
2024-06-15 20:15:21,752 [INFO] ImportTextPane:194 - (OptionalMessage_ERROR) Unable to find key (Mcu.PinsNb) in loaded IOC file
2024-06-15 20:15:21,752 [INFO] ImportTextPane:194 - (OptionalMessage_ERROR) Unable to find key (Mcu.IPNb) in loaded IOC file
2024-06-15 20:15:21,856 [INFO] RtosManager:555 - Registered RTOS mode: class=CMSIS, group=RTOS, mode=CMSIS_V1, owner=FREERTOS
2024-06-15 20:15:21,856 [INFO] RtosManager:555 - Registered RTOS mode: class=CMSIS, group=RTOS2, mode=CMSIS_V2, owner=FREERTOS
2024-06-15 20:15:21,856 [INFO] RtosManager:555 - Registered RTOS mode: class=RTOS, group=Core, mode=CMSIS_V1, owner=FREERTOS
2024-06-15 20:15:21,856 [INFO] RtosManager:555 - Registered RTOS mode: class=RTOS, group=Core, mode=CMSIS_V2, owner=FREERTOS
2024-06-15 20:15:21,858 [WARN] ModelIntegratedComponent:184 - Missing modes for component STMicroelectronics:FreeRTOS:0.0.1:STMicroelectronics:RTOS:FreeRTOS:Core:::10.2.0:
2024-06-15 20:15:21,874 [WARN] ModelIntegratedComponent:63 - No mode defined for component null
2024-06-15 20:15:21,874 [WARN] ModelIntegratedComponent:63 - No mode defined for component null
2024-06-15 20:15:21,874 [WARN] ModelIntegratedComponent:63 - No mode defined for component null
2024-06-15 20:15:21,874 [WARN] ModelIntegratedComponent:63 - No mode defined for component null
2024-06-15 20:15:21,874 [WARN] ModelIntegratedComponent:63 - No mode defined for component null
2024-06-15 20:15:21,874 [WARN] ModelIntegratedComponent:63 - No mode defined for component null
2024-06-15 20:15:21,874 [WARN] ModelIntegratedComponent:63 - No mode defined for component null
2024-06-15 20:15:21,874 [WARN] ModelIntegratedComponent:63 - No mode defined for component null
2024-06-15 20:15:21,874 [WARN] ModelIntegratedComponent:63 - No mode defined for component null
2024-06-15 20:15:21,874 [WARN] ModelIntegratedComponent:63 - No mode defined for component null
2024-06-15 20:15:21,874 [WARN] ModelIntegratedComponent:63 - No mode defined for component null
2024-06-15 20:15:21,874 [WARN] ModelIntegratedComponent:63 - No mode defined for component null
2024-06-15 20:15:21,875 [WARN] ModelIntegratedComponent:63 - No mode defined for component null
2024-06-15 20:15:21,875 [WARN] ModelIntegratedComponent:63 - No mode defined for component null
2024-06-15 20:15:21,875 [WARN] ModelIntegratedComponent:63 - No mode defined for component null
2024-06-15 20:15:21,875 [WARN] ModelIntegratedComponent:63 - No mode defined for component null
2024-06-15 20:15:21,875 [WARN] ModelIntegratedComponent:63 - No mode defined for component null
2024-06-15 20:15:21,875 [WARN] ModelIntegratedComponent:63 - No mode defined for component null
2024-06-15 20:15:21,875 [WARN] ModelIntegratedComponent:63 - No mode defined for component null
2024-06-15 20:15:21,875 [WARN] ModelIntegratedComponent:63 - No mode defined for component null
2024-06-15 20:15:21,875 [WARN] ModelIntegratedComponent:63 - No mode defined for component null
2024-06-15 20:15:21,875 [WARN] ModelIntegratedComponent:63 - No mode defined for component null
2024-06-15 20:15:21,875 [WARN] ModelIntegratedComponent:63 - No mode defined for component null
2024-06-15 20:15:21,875 [WARN] ModelIntegratedComponent:63 - No mode defined for component null
2024-06-15 20:15:21,876 [WARN] ModelIntegratedComponent:63 - No mode defined for component null
2024-06-15 20:15:21,876 [WARN] ModelIntegratedComponent:63 - No mode defined for component null
2024-06-15 20:15:21,876 [WARN] ModelIntegratedComponent:63 - No mode defined for component null
2024-06-15 20:15:21,876 [WARN] ModelIntegratedComponent:63 - No mode defined for component null
2024-06-15 20:15:21,876 [WARN] ModelIntegratedComponent:63 - No mode defined for component null
2024-06-15 20:15:21,876 [WARN] ModelIntegratedComponent:63 - No mode defined for component null
2024-06-15 20:15:21,876 [WARN] ModelIntegratedComponent:63 - No mode defined for component null
2024-06-15 20:15:21,876 [WARN] ModelIntegratedComponent:63 - No mode defined for component null
2024-06-15 20:15:21,876 [WARN] ModelIntegratedComponent:63 - No mode defined for component null
2024-06-15 20:15:21,876 [WARN] ModelIntegratedComponent:63 - No mode defined for component null
2024-06-15 20:15:22,108 [INFO] ThirdPartyModel:298 - Start build external matchings
2024-06-15 20:15:22,658 [INFO] ThirdPartyModel:316 - End build external matchings
2024-06-15 20:15:22,940 [INFO] UtilMem:75 - End LoadConfig() Used Memory: 306068976 Bytes (643825664)
2024-06-15 20:15:22,979 [WARN] ThirdParty:833 - waiting for thirdparty lock release [change project]
2024-06-15 20:15:22,979 [INFO] ThirdParty:835 - entering critical section [change project]
2024-06-15 20:15:22,979 [INFO] ThirdParty:1030 - CMSIS Pack Vendor :STMicroelectronics USBPD 4.1
2024-06-15 20:15:22,980 [INFO] ThirdParty:1030 - CMSIS Pack Vendor :STMicroelectronics X-CUBE-GNSS1 6.0.0
2024-06-15 20:15:22,980 [INFO] ThirdParty:1030 - CMSIS Pack Vendor :STMicroelectronics USB_HOST 2.0.0
2024-06-15 20:15:22,980 [INFO] ThirdParty:1030 - CMSIS Pack Vendor :STMicroelectronics FP-SNS-MOTENVWB1 1.4.0
2024-06-15 20:15:22,980 [INFO] ThirdParty:1030 - CMSIS Pack Vendor :STMicroelectronics X-CUBE-AZRTOS-F4 1.1.0
2024-06-15 20:15:22,980 [INFO] ThirdParty:1030 - CMSIS Pack Vendor :STMicroelectronics LIBJPEG 8.0.0
2024-06-15 20:15:22,980 [INFO] ThirdParty:1030 - CMSIS Pack Vendor :STMicroelectronics X-CUBE-SMBUS 2.1.0
2024-06-15 20:15:22,980 [INFO] ThirdParty:1030 - CMSIS Pack Vendor :STMicroelectronics USB_DEVICE 3.0.0
2024-06-15 20:15:22,981 [INFO] ThirdParty:1030 - CMSIS Pack Vendor :STMicroelectronics X-CUBE-TCPP 4.1.0
2024-06-15 20:15:22,981 [INFO] ThirdParty:1030 - CMSIS Pack Vendor :STMicroelectronics X-CUBE-FREERTOS 1.2.0
2024-06-15 20:15:22,981 [INFO] ThirdParty:1030 - CMSIS Pack Vendor :STMicroelectronics X-CUBE-AZRTOS-WB 2.0.0
2024-06-15 20:15:22,981 [INFO] ThirdParty:1030 - CMSIS Pack Vendor :STMicroelectronics X-CUBE-TOUCHGFX 4.23.2
2024-06-15 20:15:22,981 [INFO] ThirdParty:1030 - CMSIS Pack Vendor :STMicroelectronics X-CUBE-AZRTOS-F7 1.1.0
2024-06-15 20:15:22,981 [INFO] ThirdParty:1030 - CMSIS Pack Vendor :STMicroelectronics X-CUBE-AZRTOS-L5 2.0.0
2024-06-15 20:15:22,981 [INFO] ThirdParty:1030 - CMSIS Pack Vendor :STMicroelectronics USB_DEVICE 2.0.0
2024-06-15 20:15:22,981 [INFO] ThirdParty:1030 - CMSIS Pack Vendor :STMicroelectronics X-CUBE-NFC6 3.1.0
2024-06-15 20:15:22,982 [INFO] ThirdParty:1030 - CMSIS Pack Vendor :STMicroelectronics X-CUBE-ALGOBUILD 1.3.0
2024-06-15 20:15:22,982 [INFO] ThirdParty:1030 - CMSIS Pack Vendor :STMicroelectronics FreeRTOS 0.0.1
2024-06-15 20:15:22,982 [INFO] ThirdParty:1030 - CMSIS Pack Vendor :STMicroelectronics X-CUBE-AZRTOS-G0 1.1.0
2024-06-15 20:15:22,982 [INFO] ThirdParty:1030 - CMSIS Pack Vendor :STMicroelectronics X-CUBE-SAFEA1 1.2.2
2024-06-15 20:15:22,982 [INFO] ThirdParty:1030 - CMSIS Pack Vendor :STMicroelectronics X-CUBE-NFC4 3.0.0
2024-06-15 20:15:22,982 [INFO] ThirdParty:1030 - CMSIS Pack Vendor :STMicroelectronics X-CUBE-SUBG2 5.0.0
2024-06-15 20:15:22,983 [INFO] ThirdParty:1030 - CMSIS Pack Vendor :STMicroelectronics STM32_WPAN 1.0.0
2024-06-15 20:15:22,983 [INFO] ThirdParty:1030 - CMSIS Pack Vendor :STMicroelectronics lwIP 2.0.3
2024-06-15 20:15:22,983 [INFO] ThirdParty:1030 - CMSIS Pack Vendor :STMicroelectronics FP-SNS-FLIGHT1 5.0.2
2024-06-15 20:15:22,983 [INFO] ThirdParty:1030 - CMSIS Pack Vendor :Cesanta I-CUBE-Mongoose 7.13.0
2024-06-15 20:15:22,983 [INFO] ThirdParty:1030 - CMSIS Pack Vendor :STMicroelectronics USB_HOST 1.0.0
2024-06-15 20:15:22,983 [INFO] ThirdParty:1030 - CMSIS Pack Vendor :STMicroelectronics X-CUBE-AI 9.0.0
2024-06-15 20:15:22,983 [INFO] ThirdParty:1030 - CMSIS Pack Vendor :STMicroelectronics X-CUBE-AZRTOS-G4 2.0.0
2024-06-15 20:15:22,983 [INFO] ThirdParty:1030 - CMSIS Pack Vendor :STMicroelectronics PDM2PCM 3.1.0
2024-06-15 20:15:22,984 [INFO] ThirdParty:1030 - CMSIS Pack Vendor :STMicroelectronics PDM2PCM 3.3.0
2024-06-15 20:15:22,984 [INFO] ThirdParty:1030 - CMSIS Pack Vendor :STMicroelectronics X-CUBE-DISPLAY 3.0.0
2024-06-15 20:15:22,984 [INFO] ThirdParty:1030 - CMSIS Pack Vendor :wolfSSL I-CUBE-wolfSSL 5.7.0
2024-06-15 20:15:22,984 [INFO] ThirdParty:1030 - CMSIS Pack Vendor :STMicroelectronics X-CUBE-BLE1 7.0.0
2024-06-15 20:15:22,984 [INFO] ThirdParty:1030 - CMSIS Pack Vendor :STMicroelectronics FP-ATR-SIGFOX1 3.2.0
2024-06-15 20:15:22,984 [INFO] ThirdParty:1030 - CMSIS Pack Vendor :STMicroelectronics X-CUBE-ISPU 2.0.0
2024-06-15 20:15:22,984 [INFO] ThirdParty:1030 - CMSIS Pack Vendor :STMicroelectronics X-CUBE-EEPRMA1 5.1.0
2024-06-15 20:15:22,985 [INFO] ThirdParty:1030 - CMSIS Pack Vendor :STMicroelectronics HAL Drivers 0.0.0
2024-06-15 20:15:22,985 [INFO] ThirdParty:1030 - CMSIS Pack Vendor :STMicroelectronics MBEDTLS 2.16.2
2024-06-15 20:15:22,985 [INFO] ThirdParty:1030 - CMSIS Pack Vendor :STMicroelectronics X-CUBE-ALS 1.0.2
2024-06-15 20:15:22,985 [INFO] ThirdParty:1030 - CMSIS Pack Vendor :emotas I-CUBE-CANOPEN 1.3.0
2024-06-15 20:15:22,985 [INFO] ThirdParty:1030 - CMSIS Pack Vendor :STMicroelectronics X-CUBE-MEMS1 10.0.0
2024-06-15 20:15:22,985 [INFO] ThirdParty:1030 - CMSIS Pack Vendor :STMicroelectronics X-CUBE-FREERTOS 1.1.0
2024-06-15 20:15:22,985 [INFO] ThirdParty:1030 - CMSIS Pack Vendor :STMicroelectronics X-CUBE-NFC7 1.0.1
2024-06-15 20:15:22,985 [INFO] ThirdParty:1030 - CMSIS Pack Vendor :STMicroelectronics MBEDTLS 2.14.1
2024-06-15 20:15:22,986 [INFO] ThirdParty:1030 - CMSIS Pack Vendor :ITTIA_DB I-CUBE-ITTIADB 8.9.0
2024-06-15 20:15:22,986 [INFO] ThirdParty:1030 - CMSIS Pack Vendor :portGmbH I-Cube-SoM-uGOAL 1.1.0
2024-06-15 20:15:22,986 [INFO] ThirdParty:1030 - CMSIS Pack Vendor :STMicroelectronics X-CUBE-ALS 1.0.1
2024-06-15 20:15:22,986 [INFO] ThirdParty:1030 - CMSIS Pack Vendor :STMicroelectronics X-CUBE-BLEMGR 3.1.0
2024-06-15 20:15:22,986 [INFO] ThirdParty:1030 - CMSIS Pack Vendor :STMicroelectronics ThreadX 1.0.0
2024-06-15 20:15:22,986 [INFO] ThirdParty:1030 - CMSIS Pack Vendor :STMicroelectronics FP-SNS-SMARTAG2 1.2.0
2024-06-15 20:15:22,986 [INFO] ThirdParty:1030 - CMSIS Pack Vendor :STMicroelectronics X-CUBE-AZRTOS-WL 2.0.0
2024-06-15 20:15:22,987 [INFO] ThirdParty:1030 - CMSIS Pack Vendor :SEGGER I-CUBE-embOS 1.3.1
2024-06-15 20:15:22,987 [INFO] ThirdParty:1030 - CMSIS Pack Vendor :STMicroelectronics X-CUBE-ALGOBUILD 1.4.0
2024-06-15 20:15:22,987 [INFO] ThirdParty:1030 - CMSIS Pack Vendor :STMicroelectronics FP-SNS-MOTENV1 5.0.0
2024-06-15 20:15:22,987 [INFO] ThirdParty:1030 - CMSIS Pack Vendor :STMicroelectronics USB_DEVICE 1.0.0
2024-06-15 20:15:22,987 [INFO] ThirdParty:1030 - CMSIS Pack Vendor :STMicroelectronics X-CUBE-AZRTOS-H7RS 1.0.0
2024-06-15 20:15:22,987 [INFO] ThirdParty:1030 - CMSIS Pack Vendor :wolfSSL I-CUBE-wolfMQTT 1.19.0
2024-06-15 20:15:22,988 [INFO] ThirdParty:1030 - CMSIS Pack Vendor :STMicroelectronics X-CUBE-AZRTOS-L4 2.0.0
2024-06-15 20:15:22,988 [INFO] ThirdParty:1030 - CMSIS Pack Vendor :STMicroelectronics ThreadX 0.0.2
2024-06-15 20:15:22,988 [INFO] ThirdParty:1030 - CMSIS Pack Vendor :WES I-CUBE-Cesium 1.3.0
2024-06-15 20:15:22,988 [INFO] ThirdParty:1030 - CMSIS Pack Vendor :STMicroelectronics FP-ATR-ASTRA1 2.0.0
2024-06-15 20:15:22,988 [INFO] ThirdParty:1030 - CMSIS Pack Vendor :STMicroelectronics lwIP 2.1.2
2024-06-15 20:15:22,988 [INFO] ThirdParty:1030 - CMSIS Pack Vendor :STMicroelectronics X-CUBE-SFXS2LP1 4.0.0
2024-06-15 20:15:22,988 [INFO] ThirdParty:1030 - CMSIS Pack Vendor :STMicroelectronics X-CUBE-BLE2 3.3.0
2024-06-15 20:15:22,988 [INFO] ThirdParty:1030 - CMSIS Pack Vendor :STMicroelectronics X-CUBE-TOF1 3.4.1
2024-06-15 20:15:22,988 [INFO] ThirdParty:1030 - CMSIS Pack Vendor :STMicroelectronics X-CUBE-AZRTOS-H7 3.2.0
2024-06-15 20:15:22,988 [INFO] ThirdParty:1030 - CMSIS Pack Vendor :Infineon AIROC-Wi-Fi-Bluetooth-STM32 1.6.0
2024-06-15 20:15:22,988 [INFO] ThirdParty:1030 - CMSIS Pack Vendor :STMicroelectronics PDM2PCM 3.2.0
2024-06-15 20:15:22,989 [INFO] ThirdParty:841 - exiting critical section [change project]
2024-06-15 20:15:23,373 [INFO] PinOutPanel:1561 - setPackage(No Configuration,No Configuration)
2024-06-15 20:15:23,375 [INFO] PinOutPanel:1561 - setPackage(STM32F103C8Tx,LQFP48)
2024-06-15 20:15:24,083 [INFO] UtilMem:75 - Before build in PCC Used Memory: 402798496 Bytes (643825664)
2024-06-15 20:15:25,412 [INFO] UtilMem:75 - After build in PCC Used Memory: 469907360 Bytes (643825664)
2024-06-15 20:15:25,447 [INFO] IPUIPlugin:80 - create IPUIPlugin
2024-06-15 20:15:25,447 [INFO] IPUIPlugin:80 - create IPUIPlugin
2024-06-15 20:15:25,447 [INFO] IPUIPlugin:80 - create IPUIPlugin
2024-06-15 20:15:25,447 [INFO] IPUIPlugin:80 - create IPUIPlugin
2024-06-15 20:15:25,448 [INFO] IPUIPlugin:80 - create IPUIPlugin
2024-06-15 20:15:25,448 [INFO] IPUIPlugin:80 - create IPUIPlugin
2024-06-15 20:15:25,448 [INFO] IPUIPlugin:80 - create IPUIPlugin
2024-06-15 20:15:25,448 [INFO] IPUIPlugin:80 - create IPUIPlugin
2024-06-15 20:15:25,448 [INFO] IPUIPlugin:80 - create IPUIPlugin
2024-06-15 20:15:25,448 [INFO] IPUIPlugin:80 - create IPUIPlugin
2024-06-15 20:15:25,449 [INFO] IPUIPlugin:80 - create IPUIPlugin
2024-06-15 20:15:25,449 [INFO] IPUIPlugin:80 - create IPUIPlugin
2024-06-15 20:15:25,449 [INFO] IPUIPlugin:80 - create IPUIPlugin
2024-06-15 20:15:25,449 [INFO] IPUIPlugin:80 - create IPUIPlugin
2024-06-15 20:15:25,450 [INFO] IPUIPlugin:80 - create IPUIPlugin
2024-06-15 20:15:25,450 [INFO] IPUIPlugin:80 - create IPUIPlugin
2024-06-15 20:15:25,451 [INFO] IPUIPlugin:80 - create IPUIPlugin
2024-06-15 20:15:25,451 [INFO] IPUIPlugin:80 - create IPUIPlugin
2024-06-15 20:15:25,451 [INFO] IPUIPlugin:80 - create IPUIPlugin
2024-06-15 20:15:25,451 [INFO] IPUIPlugin:80 - create IPUIPlugin
2024-06-15 20:15:25,452 [INFO] IPUIPlugin:80 - create IPUIPlugin
2024-06-15 20:15:25,452 [INFO] IPUIPlugin:80 - create IPUIPlugin
2024-06-15 20:15:25,452 [INFO] IPUIPlugin:80 - create IPUIPlugin
2024-06-15 20:15:25,453 [INFO] IPUIPlugin:80 - create IPUIPlugin
2024-06-15 20:15:25,453 [INFO] IPUIPlugin:80 - create IPUIPlugin
2024-06-15 20:15:25,453 [INFO] IPUIPlugin:80 - create IPUIPlugin
2024-06-15 20:15:25,454 [INFO] IPUIPlugin:80 - create IPUIPlugin
2024-06-15 20:15:25,766 [INFO] CADModel:165 - CPN selected for project levelSTM32F103C8T6
2024-06-15 20:15:25,766 [INFO] CADModel:114 - Register for checkConnection events
2024-06-15 20:15:25,813 [INFO] OpenFileManager:343 - Restore cursor
2024-06-15 20:15:27,007 [INFO] UtilMem:75 - End SaveConfig() Used Memory: 192722232 Bytes (643825664)
2024-06-15 20:15:27,051 [ERROR] ConfigurationRetriever:142 - IOException on connection: sw-center.st.com
2024-06-15 20:15:27,052 [ERROR] ConfigurationRetriever:142 - IOException on connection: sw-center.st.com
2024-06-15 20:15:27,052 [ERROR] ConfigurationRetriever:142 - IOException on connection: sw-center.st.com
2024-06-15 20:15:27,084 [INFO] UtilMem:75 - End SaveConfig() Used Memory: 204749048 Bytes (643825664)
2024-06-15 20:15:27,677 [INFO] BlockDiagram:2759 - set Specific Code input for plugin: NVIC
2024-06-15 20:15:27,677 [INFO] BlockDiagram:2759 - set Specific Code input for plugin: RCC
2024-06-15 20:15:27,679 [INFO] CodeGenerator:807 - code generatio: config db path: C:\ST\STM32CubeIDE_1.15.0\STM32CubeIDE\plugins\com.st.stm32cube.common.mx_6.11.0.202403141607\\db\
2024-06-15 20:15:27,945 [INFO] CodeEngine:255 - oldGeneratedFile, C:\Users\User\STM32CubeIDE\workspace_1.15.0\24byj-48\MXTmpFiles\license.tmp_save
2024-06-15 20:15:28,515 [INFO] CodeEngine:279 - Generated code: C:\Users\User\STM32CubeIDE\workspace_1.15.0\24byj-48\MXTmpFiles\license.tmp
2024-06-15 20:15:28,553 [INFO] CodeEngine:255 - oldGeneratedFile, C:\Users\User\STM32CubeIDE\workspace_1.15.0\24byj-48\Core\Src\stm32f1xx_it.c_save
2024-06-15 20:15:28,848 [INFO] CodeEngine:279 - Generated code: C:\Users\User\STM32CubeIDE\workspace_1.15.0\24byj-48\Core\Src\stm32f1xx_it.c
2024-06-15 20:15:28,866 [INFO] CodeEngine:255 - oldGeneratedFile, C:\Users\User\STM32CubeIDE\workspace_1.15.0\24byj-48\Core\Inc\stm32f1xx_it.h_save
2024-06-15 20:15:29,005 [INFO] CodeEngine:279 - Generated code: C:\Users\User\STM32CubeIDE\workspace_1.15.0\24byj-48\Core\Inc\stm32f1xx_it.h
2024-06-15 20:15:29,216 [INFO] CodeEngine:255 - oldGeneratedFile, C:\Users\User\STM32CubeIDE\workspace_1.15.0\24byj-48\Core\Src\stm32f1xx_hal_msp.c_save
2024-06-15 20:15:29,478 [INFO] CodeEngine:279 - Generated code: C:\Users\User\STM32CubeIDE\workspace_1.15.0\24byj-48\Core\Src\stm32f1xx_hal_msp.c
2024-06-15 20:15:29,494 [INFO] CodeEngine:255 - oldGeneratedFile, C:\Users\User\STM32CubeIDE\workspace_1.15.0\24byj-48\MXTmpFiles\system.tmp_save
2024-06-15 20:15:29,614 [INFO] CodeEngine:279 - Generated code: C:\Users\User\STM32CubeIDE\workspace_1.15.0\24byj-48\MXTmpFiles\system.tmp
2024-06-15 20:15:29,649 [INFO] CodeEngine:311 - oldGeneratedFile, C:\Users\User\STM32CubeIDE\workspace_1.15.0\24byj-48\Core\Inc\stm32f1xx_hal_conf.h_save
2024-06-15 20:15:29,851 [INFO] CodeEngine:335 - Generated code: C:\Users\User\STM32CubeIDE\workspace_1.15.0\24byj-48\Core\Inc\stm32f1xx_hal_conf.h
2024-06-15 20:15:29,939 [INFO] CodeEngine:255 - oldGeneratedFile, C:\Users\User\STM32CubeIDE\workspace_1.15.0\24byj-48\Core\Inc\main.h_save
2024-06-15 20:15:30,159 [INFO] CodeEngine:279 - Generated code: C:\Users\User\STM32CubeIDE\workspace_1.15.0\24byj-48\Core\Inc\main.h
2024-06-15 20:15:30,186 [INFO] CodeEngine:255 - oldGeneratedFile, C:\Users\User\STM32CubeIDE\workspace_1.15.0\24byj-48\Core\Src\main.c_save
2024-06-15 20:15:30,443 [INFO] CodeEngine:279 - Generated code: C:\Users\User\STM32CubeIDE\workspace_1.15.0\24byj-48\Core\Src\main.c
2024-06-15 20:15:30,946 [INFO] ProjectBuilder:3163 - Time for Copy HAL[1] : 236mS.
2024-06-15 20:15:30,957 [INFO] ProjectBuilder:4736 - Project Generator version: 4.3.0-B58
2024-06-15 20:15:31,130 [INFO] ConfigFileManager:1503 - The Die is : DIE410
2024-06-15 20:15:31,172 [INFO] ApiDbMcu:508 - Load IP Config File for FATFS
2024-06-15 20:15:31,197 [INFO] ApiDbMcu:508 - Load IP Config File for FREERTOS
2024-06-15 20:15:31,224 [INFO] ApiDbMcu:508 - Load IP Config File for USB_DEVICE
2024-06-15 20:15:32,327 [INFO] LogOutputStream:77 - [STDOUT_REDIRECT] 
2024-06-15 20:15:37,764 [INFO] ProjectBuilder:5002 - Time for Generating toolchain IDE Files: 6807mS.
2024-06-15 20:15:37,765 [INFO] ProjectBuilder:3034 - Time for Copy CMSIS : 1mS.
2024-06-15 20:15:37,769 [INFO] ProjectBuilder:3034 - Time for Copy CMSIS : 0mS.
2024-06-15 20:15:38,445 [ERROR] ConfigurationRetriever:142 - IOException on connection: sw-center.st.com
2024-06-15 20:15:38,447 [ERROR] ConfigurationRetriever:142 - IOException on connection: sw-center.st.com
2024-06-15 20:15:38,449 [ERROR] ConfigurationRetriever:142 - IOException on connection: sw-center.st.com
2024-06-15 20:15:38,724 [INFO] McuFinderGlobals:76 - Set McuFinderConnectedMode to true
2024-06-15 20:15:38,728 [INFO] ApiDb:448 - Save user favorites file C:\Users\User/.stm32cubeide/favorites.mcus.txt: 0 item(s)
2024-06-15 20:15:38,729 [INFO] ApiDb:452 - User favorites MCUs=[]
2024-06-15 20:16:12,707 [INFO] NvicIntPanel:101 - NVIC parent = com.st.microxplorer.plugins.ip.nvic.MultiNvicIntPanel[,0,0,0x0,invalid,layout=javax.swing.BoxLayout,alignmentX=0.0,alignmentY=0.0,border=,flags=9,maximumSize=,minimumSize=,preferredSize=]
2024-06-15 20:16:19,276 [INFO] NvicIntPanel:101 - NVIC parent = com.st.microxplorer.plugins.ip.nvic.MultiNvicIntPanel[,0,0,0x0,invalid,layout=javax.swing.BoxLayout,alignmentX=0.0,alignmentY=0.0,border=,flags=9,maximumSize=,minimumSize=,preferredSize=]
2024-06-15 20:18:09,129 [INFO] NvicIntPanel:101 - NVIC parent = com.st.microxplorer.plugins.ip.nvic.MultiNvicIntPanel[,0,0,450x102,layout=javax.swing.BoxLayout,alignmentX=0.0,alignmentY=0.0,border=,flags=9,maximumSize=,minimumSize=,preferredSize=]
2024-06-15 20:21:07,158 [INFO] UtilMem:75 - End SaveConfig() Used Memory: 227254560 Bytes (643825664)
2024-06-15 20:21:07,244 [ERROR] ConfigurationRetriever:142 - IOException on connection: sw-center.st.com
2024-06-15 20:21:07,245 [ERROR] ConfigurationRetriever:142 - IOException on connection: sw-center.st.com
2024-06-15 20:21:07,246 [ERROR] ConfigurationRetriever:142 - IOException on connection: sw-center.st.com
2024-06-15 20:21:07,277 [INFO] UtilMem:75 - End SaveConfig() Used Memory: 240090952 Bytes (643825664)
2024-06-15 20:21:08,176 [INFO] UtilMem:75 - End SaveConfig() Used Memory: 268503048 Bytes (643825664)
2024-06-15 20:21:08,443 [INFO] BlockDiagram:2759 - set Specific Code input for plugin: NVIC
2024-06-15 20:21:08,444 [INFO] BlockDiagram:2759 - set Specific Code input for plugin: TIM1_8F1
2024-06-15 20:21:08,444 [INFO] BlockDiagram:2759 - set Specific Code input for plugin: SYS
2024-06-15 20:21:08,444 [INFO] BlockDiagram:2759 - set Specific Code input for plugin: GPIO
2024-06-15 20:21:08,444 [INFO] BlockDiagram:2759 - set Specific Code input for plugin: RCC
2024-06-15 20:21:08,446 [INFO] CodeGenerator:807 - code generatio: config db path: C:\ST\STM32CubeIDE_1.15.0\STM32CubeIDE\plugins\com.st.stm32cube.common.mx_6.11.0.202403141607\\db\
2024-06-15 20:21:08,554 [INFO] CodeEngine:255 - oldGeneratedFile, C:\Users\User\STM32CubeIDE\workspace_1.15.0\24byj-48\MXTmpFiles\license.tmp_save
2024-06-15 20:21:08,696 [INFO] CodeEngine:279 - Generated code: C:\Users\User\STM32CubeIDE\workspace_1.15.0\24byj-48\MXTmpFiles\license.tmp
2024-06-15 20:21:08,772 [INFO] CodeEngine:255 - oldGeneratedFile, C:\Users\User\STM32CubeIDE\workspace_1.15.0\24byj-48\MXTmpFiles\gpio.tmp_save
2024-06-15 20:21:08,926 [INFO] CodeEngine:279 - Generated code: C:\Users\User\STM32CubeIDE\workspace_1.15.0\24byj-48\MXTmpFiles\gpio.tmp
2024-06-15 20:21:09,059 [INFO] CodeEngine:255 - oldGeneratedFile, C:\Users\User\STM32CubeIDE\workspace_1.15.0\24byj-48\Core\Src\stm32f1xx_it.c_save
2024-06-15 20:21:09,223 [INFO] CodeEngine:279 - Generated code: C:\Users\User\STM32CubeIDE\workspace_1.15.0\24byj-48\Core\Src\stm32f1xx_it.c
2024-06-15 20:21:09,232 [INFO] CodeEngine:255 - oldGeneratedFile, C:\Users\User\STM32CubeIDE\workspace_1.15.0\24byj-48\Core\Inc\stm32f1xx_it.h_save
2024-06-15 20:21:09,331 [INFO] CodeEngine:279 - Generated code: C:\Users\User\STM32CubeIDE\workspace_1.15.0\24byj-48\Core\Inc\stm32f1xx_it.h
2024-06-15 20:21:09,365 [INFO] CodeEngine:255 - oldGeneratedFile, C:\Users\User\STM32CubeIDE\workspace_1.15.0\24byj-48\Core\Src\stm32f1xx_hal_msp.c_save
2024-06-15 20:21:09,582 [INFO] CodeEngine:279 - Generated code: C:\Users\User\STM32CubeIDE\workspace_1.15.0\24byj-48\Core\Src\stm32f1xx_hal_msp.c
2024-06-15 20:21:09,591 [INFO] CodeEngine:255 - oldGeneratedFile, C:\Users\User\STM32CubeIDE\workspace_1.15.0\24byj-48\MXTmpFiles\system.tmp_save
2024-06-15 20:21:09,703 [INFO] CodeEngine:279 - Generated code: C:\Users\User\STM32CubeIDE\workspace_1.15.0\24byj-48\MXTmpFiles\system.tmp
2024-06-15 20:21:09,741 [INFO] CodeEngine:311 - oldGeneratedFile, C:\Users\User\STM32CubeIDE\workspace_1.15.0\24byj-48\Core\Inc\stm32f1xx_hal_conf.h_save
2024-06-15 20:21:09,939 [INFO] CodeEngine:335 - Generated code: C:\Users\User\STM32CubeIDE\workspace_1.15.0\24byj-48\Core\Inc\stm32f1xx_hal_conf.h
2024-06-15 20:21:10,008 [WARN] IPConfigManager:3513 - IP not found : TIM
2024-06-15 20:21:10,010 [WARN] CodeGenerator:3951 - IP not found : null
2024-06-15 20:21:10,049 [INFO] CodeEngine:255 - oldGeneratedFile, C:\Users\User\STM32CubeIDE\workspace_1.15.0\24byj-48\Core\Inc\main.h_save
2024-06-15 20:21:10,178 [INFO] CodeEngine:279 - Generated code: C:\Users\User\STM32CubeIDE\workspace_1.15.0\24byj-48\Core\Inc\main.h
2024-06-15 20:21:10,199 [INFO] CodeEngine:255 - oldGeneratedFile, C:\Users\User\STM32CubeIDE\workspace_1.15.0\24byj-48\Core\Src\main.c_save
2024-06-15 20:21:10,373 [INFO] CodeEngine:279 - Generated code: C:\Users\User\STM32CubeIDE\workspace_1.15.0\24byj-48\Core\Src\main.c
2024-06-15 20:21:10,870 [INFO] ProjectBuilder:3163 - Time for Copy HAL[1] : 221mS.
2024-06-15 20:21:10,876 [INFO] ProjectBuilder:4736 - Project Generator version: 4.3.0-B58
2024-06-15 20:21:11,025 [INFO] ConfigFileManager:1503 - The Die is : DIE410
2024-06-15 20:21:12,903 [INFO] ProjectBuilder:5002 - Time for Generating toolchain IDE Files: 2026mS.
2024-06-15 20:21:12,904 [INFO] ProjectBuilder:3034 - Time for Copy CMSIS : 1mS.
2024-06-15 20:21:12,908 [INFO] ProjectBuilder:3034 - Time for Copy CMSIS : 1mS.
2024-06-15 20:21:12,953 [ERROR] ConfigurationRetriever:142 - IOException on connection: sw-center.st.com
2024-06-15 20:21:12,954 [ERROR] ConfigurationRetriever:142 - IOException on connection: sw-center.st.com
2024-06-15 20:21:12,954 [ERROR] ConfigurationRetriever:142 - IOException on connection: sw-center.st.com
2024-06-15 20:48:04,615 [ERROR] ConfigurationRetriever:142 - IOException on connection: Read timed out
2024-06-15 21:01:51,624 [ERROR] AdobePublisher:162 - Exception while opening the connection: java.net.SocketTimeoutException: Connect timed out
2024-06-15 21:04:39,729 [ERROR] ConfigurationRetriever:142 - IOException on connection: Read timed out
2024-06-15 21:04:44,046 [ERROR] AdobePublisher:162 - Exception while opening the connection: java.net.SocketTimeoutException: Connect timed out
2024-06-15 21:04:46,050 [ERROR] AdobePublisher:162 - Exception while opening the connection: java.net.SocketTimeoutException: Connect timed out
2024-06-15 21:15:45,937 [ERROR] LogOutputStream:75 - [STDERR_REDIRECT] 
