2024-11-26 21:03:10,449 [INFO] Activator:176 - 


2024-11-26 21:03:10,457 [INFO] Activator:177 - !SESSION log4j initialized
2024-11-26 21:03:23,746 [INFO] LogOutputStream:77 - [STDOUT_REDIRECT] 
2024-11-26 21:03:32,472 [INFO] ApplicationProperties:184 - Using Application install path: C:\ST\STM32CubeIDE_1.15.0\STM32CubeIDE\plugins\com.st.stm32cube.common.mx_6.12.1.202409122256
2024-11-26 21:03:32,504 [INFO] DbMcusXml:78 - Set database path to: C:\ST\STM32CubeIDE_1.15.0\STM32CubeIDE\plugins\com.st.stm32cube.common.mx_6.12.1.202409122256\\db\/mcu/
2024-11-26 21:03:32,505 [INFO] ApiDb:274 - Set plugin database path to: C:\ST\STM32CubeIDE_1.15.0\STM32CubeIDE\plugins\com.st.stm32cube.common.mx_6.12.1.202409122256\\db\/plugins/boardmanager/
2024-11-26 21:03:32,506 [WARN] ApiDb:259 - Overriding images path with different value:  => C:\ST\STM32CubeIDE_1.15.0\STM32CubeIDE\plugins\com.st.stm32cube.common.mx_6.12.1.202409122256\\db\/plugins/mcufinder/images/
2024-11-26 21:03:32,517 [INFO] ApiDb:250 - Set database path to: C:\Users\User\.stmcufinder\plugins\mcufinder//mcu/
2024-11-26 21:03:32,519 [INFO] DbMcusAds:125 - Set database path to: C:\Users\User\.stmcufinder\plugins\mcufinder//mcu/
2024-11-26 21:03:32,523 [INFO] CrossReferenceDbSqlite:203 - Set database path to: C:\Users\User\.stmcufinder\plugins\mcufinder//mcu/cs/
2024-11-26 21:03:32,754 [INFO] RulesReader:64 - Compatibility file has been processed (297 Rules)
2024-11-26 21:03:32,903 [INFO] DbMcusXml:78 - Set database path to: C:\ST\STM32CubeIDE_1.15.0\STM32CubeIDE\plugins\com.st.stm32cube.common.mx_6.12.1.202409122256\\db\/mcu/
2024-11-26 21:03:32,903 [INFO] ApiDb:274 - Set plugin database path to: C:\ST\STM32CubeIDE_1.15.0\STM32CubeIDE\plugins\com.st.stm32cube.common.mx_6.12.1.202409122256\\db\/plugins/boardmanager/
2024-11-26 21:03:32,904 [INFO] ApiDb:261 - Set plugin images path to: C:\ST\STM32CubeIDE_1.15.0\STM32CubeIDE\plugins\com.st.stm32cube.common.mx_6.12.1.202409122256\\db\/plugins/mcufinder/images/
2024-11-26 21:03:32,904 [WARN] DbFile:41 - Overriding database path with different value: C:\Users\User\.stmcufinder\plugins\mcufinder/ => C:\Users\User\.stmcufinder\plugins\mcufinder
2024-11-26 21:03:32,905 [INFO] ApiDb:250 - Set database path to: C:\Users\User\.stmcufinder\plugins\mcufinder//mcu/
2024-11-26 21:03:32,905 [WARN] DbFile:41 - Overriding database path with different value: C:\Users\User\.stmcufinder\plugins\mcufinder/ => C:\Users\User\.stmcufinder\plugins\mcufinder
2024-11-26 21:03:32,905 [INFO] DbMcusAds:125 - Set database path to: C:\Users\User\.stmcufinder\plugins\mcufinder//mcu/
2024-11-26 21:03:32,905 [WARN] DbFile:41 - Overriding database path with different value: C:\Users\User\.stmcufinder\plugins\mcufinder/ => C:\Users\User\.stmcufinder\plugins\mcufinder
2024-11-26 21:03:32,905 [WARN] DbFile:41 - Overriding database path with different value: C:\Users\User\.stmcufinder\plugins\mcufinder/ => C:\Users\User\.stmcufinder\plugins\mcufinder
2024-11-26 21:03:32,906 [INFO] CrossReferenceDbSqlite:203 - Set database path to: C:\Users\User\.stmcufinder\plugins\mcufinder//mcu/cs/
2024-11-26 21:03:33,082 [INFO] MainPanel:268 - HeapMemory: 268435456
2024-11-26 21:03:33,254 [INFO] DbMcusXml:78 - Set database path to: C:\ST\STM32CubeIDE_1.15.0\STM32CubeIDE\plugins\com.st.stm32cube.common.mx_6.12.1.202409122256\\db\/mcu/
2024-11-26 21:03:33,254 [INFO] ApiDb:274 - Set plugin database path to: C:\ST\STM32CubeIDE_1.15.0\STM32CubeIDE\plugins\com.st.stm32cube.common.mx_6.12.1.202409122256\\db\/plugins/boardmanager/
2024-11-26 21:03:33,254 [INFO] ApiDb:261 - Set plugin images path to: C:\ST\STM32CubeIDE_1.15.0\STM32CubeIDE\plugins\com.st.stm32cube.common.mx_6.12.1.202409122256\\db\/plugins/mcufinder/images/
2024-11-26 21:03:33,255 [WARN] DbFile:41 - Overriding database path with different value: C:\Users\User\.stmcufinder\plugins\mcufinder/ => C:\Users\User\.stmcufinder\plugins\mcufinder
2024-11-26 21:03:33,255 [INFO] ApiDb:250 - Set database path to: C:\Users\User\.stmcufinder\plugins\mcufinder//mcu/
2024-11-26 21:03:33,255 [WARN] DbFile:41 - Overriding database path with different value: C:\Users\User\.stmcufinder\plugins\mcufinder/ => C:\Users\User\.stmcufinder\plugins\mcufinder
2024-11-26 21:03:33,255 [INFO] DbMcusAds:125 - Set database path to: C:\Users\User\.stmcufinder\plugins\mcufinder//mcu/
2024-11-26 21:03:33,256 [WARN] DbFile:41 - Overriding database path with different value: C:\Users\User\.stmcufinder\plugins\mcufinder/ => C:\Users\User\.stmcufinder\plugins\mcufinder
2024-11-26 21:03:33,256 [WARN] DbFile:41 - Overriding database path with different value: C:\Users\User\.stmcufinder\plugins\mcufinder/ => C:\Users\User\.stmcufinder\plugins\mcufinder
2024-11-26 21:03:33,256 [INFO] CrossReferenceDbSqlite:203 - Set database path to: C:\Users\User\.stmcufinder\plugins\mcufinder//mcu/cs/
2024-11-26 21:03:33,289 [INFO] ApplicationProperties:184 - Using Application install path: C:\ST\STM32CubeIDE_1.15.0\STM32CubeIDE\plugins\com.st.stm32cube.common.mx_6.12.1.202409122256
2024-11-26 21:03:33,292 [INFO] PluginManage:196 - Search for loadable plugins [exclusion list=, ]
2024-11-26 21:03:33,295 [INFO] PluginManage:310 - Check plugin analytics
2024-11-26 21:03:33,603 [INFO] AnalyticsPlugin:253 - Accepted Software Licenses: 
2024-11-26 21:03:33,603 [INFO] AnalyticsPlugin:255 - Accepted CMSIS Pack Licenses: 
2024-11-26 21:03:33,603 [INFO] AnalyticsPlugin:257 - Accepted Firmware Licenses: 
2024-11-26 21:03:33,608 [INFO] PluginManage:359 - Loaded plugin analytics (category:tool,tabindex:-1)
2024-11-26 21:03:33,609 [INFO] PluginManage:310 - Check plugin cadmodel
2024-11-26 21:03:33,631 [INFO] CADModel:105 - Init CAD model plugin
2024-11-26 21:03:33,632 [INFO] PluginManage:359 - Loaded plugin cadmodel (category:power,tabindex:5)
2024-11-26 21:03:33,632 [INFO] PluginManage:310 - Check plugin clock
2024-11-26 21:03:33,661 [INFO] PluginManage:359 - Loaded plugin clock (category:base,tabindex:2)
2024-11-26 21:03:33,661 [INFO] PluginManage:310 - Check plugin ddr
2024-11-26 21:03:33,665 [INFO] PluginManage:359 - Loaded plugin ddr (category:tool,tabindex:6)
2024-11-26 21:03:33,665 [INFO] PluginManage:310 - Check plugin filemanager
2024-11-26 21:03:33,880 [INFO] PluginManage:359 - Loaded plugin filemanager (category:base,tabindex:10)
2024-11-26 21:03:33,881 [INFO] PluginManage:310 - Check plugin ipmanager
2024-11-26 21:03:33,890 [INFO] PluginManage:359 - Loaded plugin ipmanager (category:base,tabindex:5)
2024-11-26 21:03:33,891 [INFO] PluginManage:310 - Check plugin lpbam
2024-11-26 21:03:33,926 [INFO] PluginManage:359 - Loaded plugin lpbam (category:base,tabindex:0)
2024-11-26 21:03:33,926 [INFO] PluginManage:310 - Check plugin memorymap
2024-11-26 21:03:33,979 [INFO] PluginManage:359 - Loaded plugin memorymap (category:base,tabindex:4)
2024-11-26 21:03:33,980 [INFO] PluginManage:310 - Check plugin pinoutandconfiguration
2024-11-26 21:03:34,018 [INFO] PluginManage:359 - Loaded plugin pinoutandconfiguration (category:base,tabindex:1)
2024-11-26 21:03:34,019 [INFO] PluginManage:310 - Check plugin pinoutconfig
2024-11-26 21:03:34,225 [WARN] SupportedApi:132 - Cannot load RTOS API schema: s4s-elt-must-match.1: The content of 'definitions' must match (annotation?, (simpleType | complexType)?, (unique | key | keyref)*)). A problem was found starting at: attribute.
2024-11-26 21:03:34,439 [INFO] PluginManage:359 - Loaded plugin pinoutconfig (category:base,tabindex:0)
2024-11-26 21:03:34,440 [INFO] PluginManage:310 - Check plugin power
2024-11-26 21:03:34,469 [INFO] PluginManage:359 - Loaded plugin power (category:power,tabindex:4)
2024-11-26 21:03:34,469 [INFO] PluginManage:310 - Check plugin projectmanager
2024-11-26 21:03:34,493 [INFO] PluginManage:359 - Loaded plugin projectmanager (category:projectmanager,tabindex:4)
2024-11-26 21:03:34,493 [INFO] PluginManage:310 - Check plugin rif
2024-11-26 21:03:34,520 [INFO] PluginManage:359 - Loaded plugin rif (category:base,tabindex:3)
2024-11-26 21:03:34,520 [INFO] PluginManage:310 - Check plugin thirdparty
2024-11-26 21:03:34,992 [INFO] PluginManage:359 - Loaded plugin thirdparty (category:base,tabindex:-1)
2024-11-26 21:03:34,992 [WARN] IntegrityCheckThread:84 - waiting for thirdparty lock release [integrity check]
2024-11-26 21:03:34,993 [INFO] IntegrityCheckThread:86 - entering critical section [integrity check]
2024-11-26 21:03:34,993 [INFO] PluginManage:310 - Check plugin tools
2024-11-26 21:03:34,994 [INFO] ThirdPartyUpdaterWithRetryManager:70 - Updater plugin not ready yet. [1/15]
2024-11-26 21:03:35,049 [INFO] PluginManage:359 - Loaded plugin tools (category:base,tabindex:7)
2024-11-26 21:03:35,049 [INFO] PluginManage:310 - Check plugin tutovideos
2024-11-26 21:03:35,396 [INFO] PluginManage:359 - Loaded plugin tutovideos (category:base,tabindex:-1)
2024-11-26 21:03:35,396 [INFO] PluginManage:310 - Check plugin updater
2024-11-26 21:03:35,419 [INFO] PluginManage:359 - Loaded plugin updater (category:base,tabindex:12)
2024-11-26 21:03:35,419 [INFO] PluginManage:310 - Check plugin userauth
2024-11-26 21:03:35,428 [INFO] UserAuth:113 - Init User Auth plugin
2024-11-26 21:03:35,428 [INFO] PluginManage:359 - Loaded plugin userauth (category:base,tabindex:14)
2024-11-26 21:03:35,429 [INFO] PluginManage:283 - PluginManage : Loaded plugins [18]
2024-11-26 21:03:35,780 [INFO] PinOutPanel:1561 - setPackage(No Configuration,No Configuration)
2024-11-26 21:03:35,946 [INFO] CADModel:165 - CPN selected for project level
2024-11-26 21:03:35,946 [INFO] CADModel:114 - Register for checkConnection events
2024-11-26 21:03:36,001 [INFO] IPUIPlugin:80 - create IPUIPlugin
2024-11-26 21:03:36,001 [INFO] PluginManager:220 - loadIPPluginJar : add adc
2024-11-26 21:03:36,084 [INFO] IPUIPlugin:80 - create IPUIPlugin
2024-11-26 21:03:36,084 [INFO] PluginManager:220 - loadIPPluginJar : add aes
2024-11-26 21:03:36,152 [INFO] IPUIPlugin:80 - create IPUIPlugin
2024-11-26 21:03:36,153 [INFO] PluginManager:220 - loadIPPluginJar : add can
2024-11-26 21:03:36,188 [INFO] IPUIPlugin:80 - create IPUIPlugin
2024-11-26 21:03:36,188 [INFO] PluginManager:220 - loadIPPluginJar : add comp
2024-11-26 21:03:36,239 [INFO] IPUIPlugin:80 - create IPUIPlugin
2024-11-26 21:03:36,239 [INFO] PluginManager:220 - loadIPPluginJar : add cryp
2024-11-26 21:03:36,256 [INFO] IPUIPlugin:80 - create IPUIPlugin
2024-11-26 21:03:36,257 [INFO] PluginManager:220 - loadIPPluginJar : add ddr_ctrl_phy
2024-11-26 21:03:36,306 [INFO] IPUIPlugin:80 - create IPUIPlugin
2024-11-26 21:03:36,306 [INFO] PluginManager:220 - loadIPPluginJar : add dfsdm
2024-11-26 21:03:36,327 [INFO] IPUIPlugin:80 - create IPUIPlugin
2024-11-26 21:03:36,328 [INFO] PluginManager:220 - loadIPPluginJar : add dma
2024-11-26 21:03:36,426 [INFO] IPUIPlugin:80 - create IPUIPlugin
2024-11-26 21:03:36,426 [INFO] PluginManager:220 - loadIPPluginJar : add dma3
2024-11-26 21:03:36,545 [INFO] IPUIPlugin:80 - create IPUIPlugin
2024-11-26 21:03:36,545 [INFO] PluginManager:220 - loadIPPluginJar : add extmemmanager
2024-11-26 21:03:36,610 [INFO] IPUIPlugin:80 - create IPUIPlugin
2024-11-26 21:03:36,610 [INFO] PluginManager:220 - loadIPPluginJar : add fatfs
2024-11-26 21:03:36,687 [INFO] IPUIPlugin:80 - create IPUIPlugin
2024-11-26 21:03:36,687 [INFO] PluginManager:220 - loadIPPluginJar : add fmc
2024-11-26 21:03:36,711 [INFO] IPUIPlugin:80 - create IPUIPlugin
2024-11-26 21:03:36,711 [INFO] PluginManager:220 - loadIPPluginJar : add freertos
2024-11-26 21:03:36,743 [INFO] IPUIPlugin:80 - create IPUIPlugin
2024-11-26 21:03:36,743 [INFO] PluginManager:220 - loadIPPluginJar : add genericplugin
2024-11-26 21:03:36,884 [INFO] IPUIPlugin:80 - create IPUIPlugin
2024-11-26 21:03:36,885 [INFO] PluginManager:220 - loadIPPluginJar : add gfxmmu
2024-11-26 21:03:37,080 [INFO] IPUIPlugin:80 - create IPUIPlugin
2024-11-26 21:03:37,080 [INFO] PluginManager:220 - loadIPPluginJar : add gic
2024-11-26 21:03:37,125 [INFO] IPUIPlugin:80 - create IPUIPlugin
2024-11-26 21:03:37,125 [INFO] PluginManager:220 - loadIPPluginJar : add gpio
2024-11-26 21:03:37,298 [INFO] IPUIPlugin:80 - create IPUIPlugin
2024-11-26 21:03:37,298 [INFO] PluginManager:220 - loadIPPluginJar : add gtzc
2024-11-26 21:03:37,358 [INFO] IPUIPlugin:80 - create IPUIPlugin
2024-11-26 21:03:37,358 [INFO] PluginManager:220 - loadIPPluginJar : add hash
2024-11-26 21:03:37,436 [INFO] IPUIPlugin:80 - create IPUIPlugin
2024-11-26 21:03:37,436 [INFO] PluginManager:220 - loadIPPluginJar : add i2c
2024-11-26 21:03:37,520 [INFO] IPUIPlugin:80 - create IPUIPlugin
2024-11-26 21:03:37,520 [INFO] PluginManager:220 - loadIPPluginJar : add i2s
2024-11-26 21:03:37,632 [INFO] IPUIPlugin:80 - create IPUIPlugin
2024-11-26 21:03:37,632 [INFO] PluginManager:220 - loadIPPluginJar : add i3c
2024-11-26 21:03:37,839 [INFO] IPUIPlugin:80 - create IPUIPlugin
2024-11-26 21:03:37,840 [INFO] PluginManager:220 - loadIPPluginJar : add ipddr
2024-11-26 21:03:37,996 [INFO] ThirdPartyUpdaterWithRetryManager:70 - Updater plugin not ready yet. [2/15]
2024-11-26 21:03:38,019 [INFO] IPUIPlugin:80 - create IPUIPlugin
2024-11-26 21:03:38,020 [INFO] PluginManager:220 - loadIPPluginJar : add linkedlist
2024-11-26 21:03:38,074 [INFO] IPUIPlugin:80 - create IPUIPlugin
2024-11-26 21:03:38,074 [INFO] PluginManager:220 - loadIPPluginJar : add lorawan
2024-11-26 21:03:38,157 [INFO] IPUIPlugin:80 - create IPUIPlugin
2024-11-26 21:03:38,157 [INFO] PluginManager:220 - loadIPPluginJar : add ltdc
2024-11-26 21:03:38,188 [INFO] IPUIPlugin:80 - create IPUIPlugin
2024-11-26 21:03:38,188 [INFO] PluginManager:220 - loadIPPluginJar : add mdma
2024-11-26 21:03:38,224 [INFO] IPUIPlugin:80 - create IPUIPlugin
2024-11-26 21:03:38,224 [INFO] PluginManager:220 - loadIPPluginJar : add nvic
2024-11-26 21:03:38,337 [INFO] IPUIPlugin:80 - create IPUIPlugin
2024-11-26 21:03:38,337 [INFO] PluginManager:220 - loadIPPluginJar : add opamp
2024-11-26 21:03:38,453 [INFO] IPUIPlugin:80 - create IPUIPlugin
2024-11-26 21:03:38,453 [INFO] PluginManager:220 - loadIPPluginJar : add openamp
2024-11-26 21:03:38,549 [INFO] IPUIPlugin:80 - create IPUIPlugin
2024-11-26 21:03:38,549 [INFO] PluginManager:220 - loadIPPluginJar : add pdm2pcm
2024-11-26 21:03:38,574 [INFO] IPUIPlugin:80 - create IPUIPlugin
2024-11-26 21:03:38,578 [INFO] PluginManager:220 - loadIPPluginJar : add plateformsettings
2024-11-26 21:03:38,623 [INFO] IPUIPlugin:80 - create IPUIPlugin
2024-11-26 21:03:38,623 [INFO] PluginManager:220 - loadIPPluginJar : add quadspi
2024-11-26 21:03:38,683 [INFO] IPUIPlugin:80 - create IPUIPlugin
2024-11-26 21:03:38,684 [INFO] PluginManager:220 - loadIPPluginJar : add radio
2024-11-26 21:03:38,714 [INFO] IPUIPlugin:80 - create IPUIPlugin
2024-11-26 21:03:38,715 [INFO] PluginManager:220 - loadIPPluginJar : add resmgrutility
2024-11-26 21:03:38,826 [INFO] IPUIPlugin:80 - create IPUIPlugin
2024-11-26 21:03:38,826 [INFO] PluginManager:220 - loadIPPluginJar : add sai
2024-11-26 21:03:38,930 [INFO] IPUIPlugin:80 - create IPUIPlugin
2024-11-26 21:03:38,931 [INFO] PluginManager:220 - loadIPPluginJar : add spi
2024-11-26 21:03:39,061 [INFO] IPUIPlugin:80 - create IPUIPlugin
2024-11-26 21:03:39,061 [INFO] PluginManager:220 - loadIPPluginJar : add stm32_wpan
2024-11-26 21:03:39,098 [INFO] IPUIPlugin:80 - create IPUIPlugin
2024-11-26 21:03:39,098 [INFO] PluginManager:220 - loadIPPluginJar : add tim
2024-11-26 21:03:39,193 [INFO] IPUIPlugin:80 - create IPUIPlugin
2024-11-26 21:03:39,193 [INFO] PluginManager:220 - loadIPPluginJar : add touchsensing
2024-11-26 21:03:39,228 [INFO] IPUIPlugin:80 - create IPUIPlugin
2024-11-26 21:03:39,229 [INFO] PluginManager:220 - loadIPPluginJar : add tracer_emb
2024-11-26 21:03:39,266 [INFO] IPUIPlugin:80 - create IPUIPlugin
2024-11-26 21:03:39,266 [INFO] PluginManager:220 - loadIPPluginJar : add ts
2024-11-26 21:03:39,302 [INFO] IPUIPlugin:80 - create IPUIPlugin
2024-11-26 21:03:39,302 [INFO] PluginManager:220 - loadIPPluginJar : add tsc
2024-11-26 21:03:39,336 [INFO] IPUIPlugin:80 - create IPUIPlugin
2024-11-26 21:03:39,336 [INFO] PluginManager:220 - loadIPPluginJar : add ucpd
2024-11-26 21:03:39,404 [INFO] IPUIPlugin:80 - create IPUIPlugin
2024-11-26 21:03:39,404 [INFO] PluginManager:220 - loadIPPluginJar : add usart
2024-11-26 21:03:39,469 [INFO] IPUIPlugin:80 - create IPUIPlugin
2024-11-26 21:03:39,469 [INFO] PluginManager:220 - loadIPPluginJar : add usbx
2024-11-26 21:03:39,654 [INFO] CADModel:165 - CPN selected for project level
2024-11-26 21:03:39,654 [INFO] CADModel:114 - Register for checkConnection events
2024-11-26 21:03:39,655 [FATAL] Updater:334 - Updater called before beeing initialized
2024-11-26 21:03:39,655 [ERROR] CADModel:125 - Updater not yet initialized, retry later 
2024-11-26 21:03:40,121 [INFO] CADModel:165 - CPN selected for project level
2024-11-26 21:03:40,121 [INFO] CADModel:114 - Register for checkConnection events
2024-11-26 21:03:40,121 [FATAL] Updater:334 - Updater called before beeing initialized
2024-11-26 21:03:40,121 [ERROR] CADModel:125 - Updater not yet initialized, retry later 
2024-11-26 21:03:40,127 [FATAL] Updater:334 - Updater called before beeing initialized
2024-11-26 21:03:40,350 [FATAL] Updater:334 - Updater called before beeing initialized
2024-11-26 21:03:40,371 [INFO] DbMcusAds:53 - JSON generation date=Fri Sep 20 14:04:38 WAT 2024 (1726837478367)
2024-11-26 21:03:40,372 [FATAL] Updater:334 - Updater called before beeing initialized
2024-11-26 21:03:40,449 [WARN] DetailPanel:346 - Failed to get advertising image, set to default
2024-11-26 21:03:40,600 [FATAL] Updater:334 - Updater called before beeing initialized
2024-11-26 21:03:40,603 [FATAL] Updater:334 - Updater called before beeing initialized
2024-11-26 21:03:40,604 [FATAL] Updater:334 - Updater called before beeing initialized
2024-11-26 21:03:40,604 [WARN] DetailPanel:346 - Failed to get advertising image, set to default
2024-11-26 21:03:40,605 [FATAL] Updater:334 - Updater called before beeing initialized
2024-11-26 21:03:40,719 [ERROR] Updater:1164 - MainUpdater not yet initialized. External WinMGr cannot be set.
2024-11-26 21:03:40,735 [INFO] Updater:1100 - Updater Version found : 6.12.1
2024-11-26 21:03:40,762 [INFO] ApplicationProperties:184 - Using Application install path: C:\ST\STM32CubeIDE_1.15.0\STM32CubeIDE\plugins\com.st.stm32cube.common.mx_6.12.1.202409122256
2024-11-26 21:03:40,997 [INFO] ThirdPartyUpdaterWithRetryManager:70 - Updater plugin not ready yet. [3/15]
2024-11-26 21:03:42,366 [ERROR] LogOutputStream:75 - [STDERR_REDIRECT] Nov 26, 2024 9:03:42 PM java.util.prefs.WindowsPreferences <init>
2024-11-26 21:03:42,373 [ERROR] LogOutputStream:75 - [STDERR_REDIRECT] WARNING: Could not open/create prefs root node Software\JavaSoft\Prefs at root 0xffffffff80000002. Windows RegCreateKeyEx(...) returned error code 5.
2024-11-26 21:03:42,374 [ERROR] LogOutputStream:75 - [STDERR_REDIRECT] 
2024-11-26 21:03:42,808 [INFO] MainUpdater:2873 - connection check result : 22
2024-11-26 21:03:42,811 [INFO] MainUpdater:290 - Updater Check For Update Now.
2024-11-26 21:03:42,811 [INFO] MicroXplorer:498 - Change Database Version : DB.6.0.121
2024-11-26 21:03:42,840 [INFO] McuFinderGlobals:63 - Set McuFinder mode to 2 (CubeIDE integrated)
2024-11-26 21:03:42,854 [INFO] UserAuth:417 - Internet connection configuration mode: 2
2024-11-26 21:03:42,866 [INFO] UserAuth:417 - Internet connection configuration mode: 2
2024-11-26 21:03:43,213 [INFO] CheckServerUpdateThread:120 - End of CheckServer Thread
2024-11-26 21:03:44,407 [WARN] PackLoader:240 - Cannot read IP mode file for STMicroelectronics.FP-SNS-MOTENVWB1.1.4.0
2024-11-26 21:03:44,440 [WARN] PackLoader:240 - Cannot read IP mode file for STMicroelectronics.FP-ATR-ASTRA1.2.0.1
2024-11-26 21:03:44,469 [WARN] PackLoader:240 - Cannot read IP mode file for STMicroelectronics.X-CUBE-SMBUS.2.1.0
2024-11-26 21:03:44,504 [WARN] PackLoader:240 - Cannot read IP mode file for STMicroelectronics.X-CUBE-WB05N.1.1.0
2024-11-26 21:03:44,526 [WARN] PackLoader:240 - Cannot read IP mode file for STMicroelectronics.X-CUBE-TOUCHGFX.4.23.2
2024-11-26 21:03:44,607 [WARN] PackLoader:240 - Cannot read IP mode file for STMicroelectronics.X-CUBE-AZRTOS-F7.1.1.0
2024-11-26 21:03:44,765 [WARN] PackLoader:240 - Cannot read IP mode file for STMicroelectronics.X-CUBE-MEMS1.11.0.0
2024-11-26 21:03:45,078 [WARN] PackLoader:240 - Cannot read IP mode file for STMicroelectronics.FP-SNS-FLIGHT1.5.0.2
2024-11-26 21:03:45,105 [WARN] PackLoader:240 - Cannot read IP mode file for STMicroelectronics.X-CUBE-DISPLAY.3.0.0
2024-11-26 21:03:45,145 [WARN] PackLoader:240 - Cannot read IP mode file for STMicroelectronics.X-CUBE-BLE1.7.0.0
2024-11-26 21:03:45,176 [WARN] PackLoader:240 - Cannot read IP mode file for STMicroelectronics.X-CUBE-NFC10.1.0.0
2024-11-26 21:03:45,202 [WARN] PackLoader:240 - Cannot read IP mode file for emotas.I-CUBE-CANOPEN.1.3.0
2024-11-26 21:03:45,231 [WARN] PackLoader:240 - Cannot read IP mode file for STMicroelectronics.X-CUBE-BLEMGR.3.1.0
2024-11-26 21:03:45,253 [WARN] PackLoader:240 - Cannot read IP mode file for STMicroelectronics.FP-SNS-SMARTAG2.1.2.0
2024-11-26 21:03:45,297 [INFO] LogOutputStream:77 - [STDOUT_REDIRECT] 1 : Invalid condition id : UX_CORESTACK_Condition cause : null
2024-11-26 21:03:45,298 [INFO] LogOutputStream:77 - [STDOUT_REDIRECT] 1 : Invalid condition id : UX_CORESTACK_Condition cause : null
2024-11-26 21:03:45,300 [INFO] LogOutputStream:77 - [STDOUT_REDIRECT] 1 : Invalid condition id : UX_CORESTACK_Condition cause : null
2024-11-26 21:03:45,302 [INFO] LogOutputStream:77 - [STDOUT_REDIRECT] 1 : Invalid condition id : UX_CORESTACK_Condition cause : null
2024-11-26 21:03:45,305 [INFO] LogOutputStream:77 - [STDOUT_REDIRECT] 1 : Invalid condition id : UX_CORESTACK_Condition cause : null
2024-11-26 21:03:45,310 [WARN] PackLoader:240 - Cannot read IP mode file for STMicroelectronics.X-CUBE-AZRTOS-WL.2.0.0
2024-11-26 21:03:45,340 [WARN] PackLoader:240 - Cannot read IP mode file for STMicroelectronics.FP-SNS-MOTENV1.5.0.0
2024-11-26 21:03:45,360 [WARN] PackLoader:240 - Cannot read IP mode file for wolfSSL.I-CUBE-wolfMQTT.1.19.0
2024-11-26 21:03:45,384 [WARN] PackLoader:240 - Cannot read IP mode file for WES.I-CUBE-Cesium.1.3.0
2024-11-26 21:03:45,411 [WARN] PackLoader:240 - Cannot read IP mode file for STMicroelectronics.X-CUBE-BLE2.3.3.0
2024-11-26 21:03:45,440 [WARN] PackLoader:240 - Cannot read IP mode file for STMicroelectronics.X-CUBE-NFC9.1.0.0
2024-11-26 21:03:45,465 [WARN] PackLoader:240 - Cannot read IP mode file for STMicroelectronics.X-CUBE-TCPP.4.1.0
2024-11-26 21:03:45,495 [WARN] PackLoader:240 - Cannot read IP mode file for STMicroelectronics.X-CUBE-ALGOBUILD.1.3.0
2024-11-26 21:03:45,542 [WARN] PackLoader:240 - Cannot read IP mode file for STMicroelectronics.X-CUBE-AZRTOS-G0.1.1.0
2024-11-26 21:03:45,578 [WARN] PackLoader:240 - Cannot read IP mode file for STMicroelectronics.X-CUBE-SAFEA1.1.2.2
2024-11-26 21:03:45,606 [WARN] PackLoader:240 - Cannot read IP mode file for STMicroelectronics.X-CUBE-NFC4.3.0.0
2024-11-26 21:03:45,643 [WARN] PackLoader:240 - Cannot read IP mode file for EmbeddedOffice.I-CUBE-FS-RTOS.1.0.1
2024-11-26 21:03:45,644 [ERROR] ConditionMgr:805 - Attr not supported : Dmpu
2024-11-26 21:03:45,644 [ERROR] ConditionMgr:805 - Attr not supported : Dmpu
2024-11-26 21:03:45,645 [ERROR] ConditionMgr:805 - Attr not supported : Dmpu
2024-11-26 21:03:45,645 [ERROR] ConditionMgr:805 - Attr not supported : Dmpu
2024-11-26 21:03:45,645 [ERROR] ConditionMgr:805 - Attr not supported : Dmpu
2024-11-26 21:03:45,645 [ERROR] ConditionMgr:805 - Attr not supported : Dmpu
2024-11-26 21:03:45,645 [ERROR] ConditionMgr:805 - Attr not supported : Dmpu
2024-11-26 21:03:45,645 [ERROR] ConditionMgr:805 - Attr not supported : Dmpu
2024-11-26 21:03:45,645 [ERROR] ConditionMgr:805 - Attr not supported : Dmpu
2024-11-26 21:03:45,645 [ERROR] ConditionMgr:805 - Attr not supported : Dmpu
2024-11-26 21:03:45,645 [ERROR] ConditionMgr:805 - Attr not supported : Dmpu
2024-11-26 21:03:45,646 [ERROR] ConditionMgr:805 - Attr not supported : Dmpu
2024-11-26 21:03:45,646 [ERROR] ConditionMgr:805 - Attr not supported : Dmpu
2024-11-26 21:03:45,646 [ERROR] ConditionMgr:805 - Attr not supported : Dmpu
2024-11-26 21:03:45,646 [ERROR] ConditionMgr:805 - Attr not supported : Dmpu
2024-11-26 21:03:45,646 [ERROR] ConditionMgr:805 - Attr not supported : Dmpu
2024-11-26 21:03:45,646 [ERROR] ConditionMgr:805 - Attr not supported : Dmpu
2024-11-26 21:03:45,647 [ERROR] ConditionMgr:805 - Attr not supported : Dmpu
2024-11-26 21:03:45,647 [ERROR] ConditionMgr:805 - Attr not supported : Dmpu
2024-11-26 21:03:45,647 [ERROR] ConditionMgr:805 - Attr not supported : Dmpu
2024-11-26 21:03:45,647 [ERROR] ConditionMgr:805 - Attr not supported : Dmpu
2024-11-26 21:03:45,647 [ERROR] ConditionMgr:805 - Attr not supported : Dmpu
2024-11-26 21:03:45,647 [ERROR] ConditionMgr:805 - Attr not supported : Dmpu
2024-11-26 21:03:45,647 [ERROR] ConditionMgr:805 - Attr not supported : Dmpu
2024-11-26 21:03:45,648 [ERROR] ConditionMgr:805 - Attr not supported : Dmpu
2024-11-26 21:03:45,648 [ERROR] ConditionMgr:805 - Attr not supported : Dmpu
2024-11-26 21:03:45,648 [ERROR] ConditionMgr:805 - Attr not supported : Dmpu
2024-11-26 21:03:45,648 [ERROR] ConditionMgr:805 - Attr not supported : Dmpu
2024-11-26 21:03:45,648 [ERROR] ConditionMgr:805 - Attr not supported : Dmpu
2024-11-26 21:03:45,648 [ERROR] ConditionMgr:805 - Attr not supported : Dmpu
2024-11-26 21:03:45,649 [ERROR] ConditionMgr:805 - Attr not supported : Dmpu
2024-11-26 21:03:45,649 [ERROR] ConditionMgr:805 - Attr not supported : Dmpu
2024-11-26 21:03:45,649 [ERROR] ConditionMgr:805 - Attr not supported : Dmpu
2024-11-26 21:03:45,649 [ERROR] ConditionMgr:805 - Attr not supported : Dmpu
2024-11-26 21:03:45,649 [ERROR] ConditionMgr:805 - Attr not supported : Dmpu
2024-11-26 21:03:45,649 [ERROR] ConditionMgr:805 - Attr not supported : Dmpu
2024-11-26 21:03:45,649 [ERROR] ConditionMgr:805 - Attr not supported : Dmpu
2024-11-26 21:03:45,650 [ERROR] ConditionMgr:805 - Attr not supported : Dmpu
2024-11-26 21:03:45,650 [ERROR] ConditionMgr:805 - Attr not supported : Dmpu
2024-11-26 21:03:45,650 [ERROR] ConditionMgr:805 - Attr not supported : Dmpu
2024-11-26 21:03:45,650 [ERROR] ConditionMgr:805 - Attr not supported : Dmpu
2024-11-26 21:03:45,650 [ERROR] ConditionMgr:805 - Attr not supported : Dmpu
2024-11-26 21:03:45,650 [ERROR] ConditionMgr:805 - Attr not supported : Dmpu
2024-11-26 21:03:45,651 [ERROR] ConditionMgr:805 - Attr not supported : Dmpu
2024-11-26 21:03:45,651 [ERROR] ConditionMgr:805 - Attr not supported : Dmpu
2024-11-26 21:03:45,651 [ERROR] ConditionMgr:805 - Attr not supported : Dmpu
2024-11-26 21:03:45,651 [ERROR] ConditionMgr:805 - Attr not supported : Dmpu
2024-11-26 21:03:45,651 [ERROR] ConditionMgr:805 - Attr not supported : Dmpu
2024-11-26 21:03:45,651 [ERROR] ConditionMgr:805 - Attr not supported : Dmpu
2024-11-26 21:03:45,651 [ERROR] ConditionMgr:805 - Attr not supported : Dmpu
2024-11-26 21:03:45,652 [ERROR] ConditionMgr:805 - Attr not supported : Dmpu
2024-11-26 21:03:45,652 [ERROR] ConditionMgr:805 - Attr not supported : Dmpu
2024-11-26 21:03:45,652 [ERROR] ConditionMgr:805 - Attr not supported : Dmpu
2024-11-26 21:03:45,652 [ERROR] ConditionMgr:805 - Attr not supported : Dmpu
2024-11-26 21:03:45,652 [ERROR] ConditionMgr:805 - Attr not supported : Dmpu
2024-11-26 21:03:45,652 [ERROR] ConditionMgr:805 - Attr not supported : Dmpu
2024-11-26 21:03:45,652 [ERROR] ConditionMgr:805 - Attr not supported : Dmpu
2024-11-26 21:03:45,653 [ERROR] ConditionMgr:805 - Attr not supported : Dmpu
2024-11-26 21:03:45,653 [ERROR] ConditionMgr:805 - Attr not supported : Dmpu
2024-11-26 21:03:45,653 [ERROR] ConditionMgr:805 - Attr not supported : Dmpu
2024-11-26 21:03:45,653 [ERROR] ConditionMgr:805 - Attr not supported : Dmpu
2024-11-26 21:03:45,653 [ERROR] ConditionMgr:805 - Attr not supported : Dmpu
2024-11-26 21:03:45,653 [ERROR] ConditionMgr:805 - Attr not supported : Dmpu
2024-11-26 21:03:45,654 [ERROR] ConditionMgr:805 - Attr not supported : Dmpu
2024-11-26 21:03:45,678 [WARN] PackLoader:240 - Cannot read IP mode file for RealThread.X-CUBE-RT-Thread_Nano.4.1.1
2024-11-26 21:03:45,697 [WARN] PackLoader:240 - Cannot read IP mode file for wolfSSL.I-CUBE-wolfSSL.5.7.0
2024-11-26 21:03:45,722 [WARN] PackLoader:240 - Cannot read IP mode file for STMicroelectronics.FP-ATR-SIGFOX1.3.2.0
2024-11-26 21:03:45,742 [WARN] ConditionMgr:438 - getConditionDescription Invalid condition id : Cortex-A Device cause : null
2024-11-26 21:03:45,776 [WARN] ConditionMgr:1039 - genDependencies : Invalid condition id : Cortex-A Device cause : null
2024-11-26 21:03:45,776 [WARN] ConditionMgr:1039 - genDependencies : Invalid condition id : Cortex-A Device cause : null
2024-11-26 21:03:45,776 [WARN] ConditionMgr:1039 - genDependencies : Invalid condition id : Cortex-A Device cause : null
2024-11-26 21:03:45,808 [WARN] PackLoader:240 - Cannot read IP mode file for STMicroelectronics.X-CUBE-EEPRMA1.5.1.0
2024-11-26 21:03:45,837 [WARN] PackLoader:240 - Cannot read IP mode file for ITTIA_DB.I-CUBE-ITTIADB.8.9.0
2024-11-26 21:03:45,918 [WARN] PackLoader:240 - Cannot read IP mode file for SEGGER.I-CUBE-embOS.1.3.1
2024-11-26 21:03:46,038 [WARN] PackLoader:240 - Cannot read IP mode file for STMicroelectronics.X-CUBE-ALGOBUILD.1.4.0
2024-11-26 21:03:46,064 [WARN] PackLoader:240 - Cannot read IP mode file for STMicroelectronics.X-CUBE-AI.9.1.0
2024-11-26 21:03:46,116 [WARN] PackLoader:240 - Cannot read IP mode file for STMicroelectronics.X-CUBE-GNSS1.6.0.0
2024-11-26 21:03:46,171 [WARN] PackLoader:240 - Cannot read IP mode file for STMicroelectronics.X-CUBE-AZRTOS-F4.1.1.0
2024-11-26 21:03:46,197 [WARN] PackLoader:240 - Cannot read IP mode file for STMicroelectronics.X-CUBE-ISPU.2.1.0
2024-11-26 21:03:46,216 [WARN] PackLoader:240 - Cannot read IP mode file for STMicroelectronics.X-CUBE-FREERTOS.1.2.0
2024-11-26 21:03:46,257 [WARN] PackLoader:240 - Cannot read IP mode file for STMicroelectronics.X-CUBE-AZRTOS-L5.2.0.0
2024-11-26 21:03:46,284 [WARN] PackLoader:240 - Cannot read IP mode file for STMicroelectronics.X-CUBE-NFC6.3.1.0
2024-11-26 21:03:46,304 [WARN] PackLoader:240 - Cannot read IP mode file for STMicroelectronics.X-CUBE-DPower.1.2.0
2024-11-26 21:03:46,323 [WARN] PackLoader:240 - Cannot read IP mode file for STMicroelectronics.X-CUBE-AI.9.0.0
2024-11-26 21:03:46,344 [WARN] PackLoader:240 - Cannot read IP mode file for STMicroelectronics.X-CUBE-NFC7.1.0.1
2024-11-26 21:03:46,384 [WARN] ConditionMgr:438 - getConditionDescription Invalid condition id : LAN8742 Phy interface Condition cause : null
2024-11-26 21:03:46,384 [WARN] PackLoader:240 - Cannot read IP mode file for STMicroelectronics.X-CUBE-AZRTOS-L4.2.0.0
2024-11-26 21:03:46,387 [WARN] ConditionMgr:1039 - genDependencies : Invalid condition id : LAN8742 Phy interface Condition cause : null
2024-11-26 21:03:46,387 [WARN] ConditionMgr:1039 - genDependencies : Invalid condition id : LAN8742 Phy interface Condition cause : null
2024-11-26 21:03:46,388 [WARN] ConditionMgr:1039 - genDependencies : Invalid condition id : LAN8742 Phy interface Condition cause : null
2024-11-26 21:03:46,414 [WARN] PackLoader:240 - Cannot read IP mode file for STMicroelectronics.X-CUBE-SFXS2LP1.4.0.0
2024-11-26 21:03:46,465 [WARN] PackLoader:240 - Cannot read IP mode file for STMicroelectronics.X-CUBE-AZRTOS-H7.3.3.0
2024-11-26 21:03:46,506 [WARN] PackLoader:240 - Cannot read IP mode file for STMicroelectronics.X-CUBE-IPS.3.0.0
2024-11-26 21:03:46,545 [WARN] ConditionMgr:438 - getConditionDescription Invalid condition id : UX DEVICE CLASS RTOS Condition cause : null
2024-11-26 21:03:46,545 [WARN] ConditionMgr:438 - getConditionDescription Invalid condition id : UX DEVICE CLASS RTOS Condition cause : null
2024-11-26 21:03:46,547 [WARN] PackLoader:240 - Cannot read IP mode file for STMicroelectronics.X-CUBE-AZRTOS-WB.2.0.0
2024-11-26 21:03:46,548 [WARN] ConditionMgr:1039 - genDependencies : Invalid condition id : UX DEVICE CLASS RTOS Condition cause : null
2024-11-26 21:03:46,548 [WARN] ConditionMgr:1039 - genDependencies : Invalid condition id : UX DEVICE CLASS RTOS Condition cause : null
2024-11-26 21:03:46,549 [WARN] ConditionMgr:1039 - genDependencies : Invalid condition id : UX DEVICE CLASS RTOS Condition cause : null
2024-11-26 21:03:46,549 [WARN] ConditionMgr:1039 - genDependencies : Invalid condition id : UX DEVICE CLASS RTOS Condition cause : null
2024-11-26 21:03:46,549 [WARN] ConditionMgr:1039 - genDependencies : Invalid condition id : UX DEVICE CLASS RTOS Condition cause : null
2024-11-26 21:03:46,571 [WARN] PackLoader:240 - Cannot read IP mode file for STMicroelectronics.X-CUBE-GNSS1.7.0.0
2024-11-26 21:03:46,593 [WARN] PackLoader:240 - Cannot read IP mode file for STMicroelectronics.FP-SNS-STBOX1.2.0.0
2024-11-26 21:03:46,622 [WARN] PackLoader:240 - Cannot read IP mode file for STMicroelectronics.X-CUBE-SUBG2.5.0.0
2024-11-26 21:03:46,647 [WARN] PackLoader:240 - Cannot read IP mode file for Cesanta.I-CUBE-Mongoose.7.13.0
2024-11-26 21:03:46,689 [WARN] PackLoader:240 - Cannot read IP mode file for STMicroelectronics.X-CUBE-AZRTOS-G4.2.0.0
2024-11-26 21:03:46,708 [WARN] PackLoader:240 - Cannot read IP mode file for STMicroelectronics.X-CUBE-ISPU.2.0.0
2024-11-26 21:03:46,727 [WARN] PackLoader:240 - Cannot read IP mode file for STMicroelectronics.X-CUBE-ALS.1.0.2
2024-11-26 21:03:46,809 [WARN] PackLoader:240 - Cannot read IP mode file for STMicroelectronics.X-CUBE-MEMS1.10.0.0
2024-11-26 21:03:46,986 [WARN] PackLoader:240 - Cannot read IP mode file for STMicroelectronics.X-CUBE-FREERTOS.1.1.0
2024-11-26 21:03:47,011 [WARN] PackLoader:240 - Cannot read IP mode file for STMicroelectronics.X-CUBE-TOUCHGFX.4.24.1
2024-11-26 21:03:47,035 [WARN] PackLoader:240 - Cannot read IP mode file for wolfSSL.I-CUBE-wolfTPM.3.4.0
2024-11-26 21:03:47,055 [WARN] PackLoader:240 - Cannot read IP mode file for portGmbH.I-Cube-SoM-uGOAL.1.1.0
2024-11-26 21:03:47,073 [WARN] PackLoader:240 - Cannot read IP mode file for STMicroelectronics.X-CUBE-ALS.1.0.1
2024-11-26 21:03:47,140 [WARN] PackLoader:240 - Cannot read IP mode file for STMicroelectronics.X-CUBE-AZRTOS-H7RS.1.0.0
2024-11-26 21:03:47,168 [WARN] PackLoader:240 - Cannot read IP mode file for STMicroelectronics.FP-ATR-ASTRA1.2.0.0
2024-11-26 21:03:47,203 [WARN] PackLoader:240 - Cannot read IP mode file for STMicroelectronics.X-CUBE-TOF1.3.4.2
2024-11-26 21:03:47,237 [WARN] PackLoader:240 - Cannot read IP mode file for STMicroelectronics.X-CUBE-TOF1.3.4.1
2024-11-26 21:03:47,286 [WARN] PackLoader:240 - Cannot read IP mode file for STMicroelectronics.X-CUBE-AZRTOS-H7.3.2.0
2024-11-26 21:03:47,326 [WARN] PackLoader:240 - Cannot read IP mode file for Infineon.AIROC-Wi-Fi-Bluetooth-STM32.1.6.0
2024-11-26 21:03:47,351 [WARN] PackLoader:240 - Cannot read IP mode file for wolfSSL.I-CUBE-wolfSSH.1.4.17
2024-11-26 21:03:47,352 [INFO] ThirdParty:978 - Integrity check success = true
2024-11-26 21:03:47,352 [INFO] IntegrityCheckThread:100 - exiting critical section [integrity check]
2024-11-26 21:03:47,352 [INFO] IntegrityCheckThread:103 - End integrity checks thread
