2024-11-23 11:12:28,934 [INFO] Activator:176 - 


2024-11-23 11:12:28,942 [INFO] Activator:177 - !SESSION log4j initialized
2024-11-23 11:12:35,975 [INFO] LogOutputStream:77 - [STDOUT_REDIRECT] 
2024-11-23 11:12:40,704 [INFO] ApplicationProperties:184 - Using Application install path: C:\ST\STM32CubeIDE_1.15.0\STM32CubeIDE\plugins\com.st.stm32cube.common.mx_6.12.1.202409122256
2024-11-23 11:12:40,725 [INFO] DbMcusXml:78 - Set database path to: C:\ST\STM32CubeIDE_1.15.0\STM32CubeIDE\plugins\com.st.stm32cube.common.mx_6.12.1.202409122256\\db\/mcu/
2024-11-23 11:12:40,725 [INFO] ApiDb:274 - Set plugin database path to: C:\ST\STM32CubeIDE_1.15.0\STM32CubeIDE\plugins\com.st.stm32cube.common.mx_6.12.1.202409122256\\db\/plugins/boardmanager/
2024-11-23 11:12:40,726 [WARN] ApiDb:259 - Overriding images path with different value:  => C:\ST\STM32CubeIDE_1.15.0\STM32CubeIDE\plugins\com.st.stm32cube.common.mx_6.12.1.202409122256\\db\/plugins/mcufinder/images/
2024-11-23 11:12:40,740 [INFO] ApiDb:250 - Set database path to: C:\Users\User\.stmcufinder\plugins\mcufinder//mcu/
2024-11-23 11:12:40,741 [INFO] DbMcusAds:125 - Set database path to: C:\Users\User\.stmcufinder\plugins\mcufinder//mcu/
2024-11-23 11:12:40,744 [INFO] CrossReferenceDbSqlite:203 - Set database path to: C:\Users\User\.stmcufinder\plugins\mcufinder//mcu/cs/
2024-11-23 11:12:40,871 [INFO] RulesReader:64 - Compatibility file has been processed (297 Rules)
2024-11-23 11:12:40,975 [INFO] DbMcusXml:78 - Set database path to: C:\ST\STM32CubeIDE_1.15.0\STM32CubeIDE\plugins\com.st.stm32cube.common.mx_6.12.1.202409122256\\db\/mcu/
2024-11-23 11:12:40,975 [INFO] ApiDb:274 - Set plugin database path to: C:\ST\STM32CubeIDE_1.15.0\STM32CubeIDE\plugins\com.st.stm32cube.common.mx_6.12.1.202409122256\\db\/plugins/boardmanager/
2024-11-23 11:12:40,975 [INFO] ApiDb:261 - Set plugin images path to: C:\ST\STM32CubeIDE_1.15.0\STM32CubeIDE\plugins\com.st.stm32cube.common.mx_6.12.1.202409122256\\db\/plugins/mcufinder/images/
2024-11-23 11:12:40,975 [WARN] DbFile:41 - Overriding database path with different value: C:\Users\User\.stmcufinder\plugins\mcufinder/ => C:\Users\User\.stmcufinder\plugins\mcufinder
2024-11-23 11:12:40,975 [INFO] ApiDb:250 - Set database path to: C:\Users\User\.stmcufinder\plugins\mcufinder//mcu/
2024-11-23 11:12:40,975 [WARN] DbFile:41 - Overriding database path with different value: C:\Users\User\.stmcufinder\plugins\mcufinder/ => C:\Users\User\.stmcufinder\plugins\mcufinder
2024-11-23 11:12:40,975 [INFO] DbMcusAds:125 - Set database path to: C:\Users\User\.stmcufinder\plugins\mcufinder//mcu/
2024-11-23 11:12:40,976 [WARN] DbFile:41 - Overriding database path with different value: C:\Users\User\.stmcufinder\plugins\mcufinder/ => C:\Users\User\.stmcufinder\plugins\mcufinder
2024-11-23 11:12:40,976 [WARN] DbFile:41 - Overriding database path with different value: C:\Users\User\.stmcufinder\plugins\mcufinder/ => C:\Users\User\.stmcufinder\plugins\mcufinder
2024-11-23 11:12:40,976 [INFO] CrossReferenceDbSqlite:203 - Set database path to: C:\Users\User\.stmcufinder\plugins\mcufinder//mcu/cs/
2024-11-23 11:12:41,066 [INFO] MainPanel:268 - HeapMemory: 268435456
2024-11-23 11:12:41,174 [INFO] DbMcusXml:78 - Set database path to: C:\ST\STM32CubeIDE_1.15.0\STM32CubeIDE\plugins\com.st.stm32cube.common.mx_6.12.1.202409122256\\db\/mcu/
2024-11-23 11:12:41,174 [INFO] ApiDb:274 - Set plugin database path to: C:\ST\STM32CubeIDE_1.15.0\STM32CubeIDE\plugins\com.st.stm32cube.common.mx_6.12.1.202409122256\\db\/plugins/boardmanager/
2024-11-23 11:12:41,174 [INFO] ApiDb:261 - Set plugin images path to: C:\ST\STM32CubeIDE_1.15.0\STM32CubeIDE\plugins\com.st.stm32cube.common.mx_6.12.1.202409122256\\db\/plugins/mcufinder/images/
2024-11-23 11:12:41,175 [WARN] DbFile:41 - Overriding database path with different value: C:\Users\User\.stmcufinder\plugins\mcufinder/ => C:\Users\User\.stmcufinder\plugins\mcufinder
2024-11-23 11:12:41,175 [INFO] ApiDb:250 - Set database path to: C:\Users\User\.stmcufinder\plugins\mcufinder//mcu/
2024-11-23 11:12:41,175 [WARN] DbFile:41 - Overriding database path with different value: C:\Users\User\.stmcufinder\plugins\mcufinder/ => C:\Users\User\.stmcufinder\plugins\mcufinder
2024-11-23 11:12:41,175 [INFO] DbMcusAds:125 - Set database path to: C:\Users\User\.stmcufinder\plugins\mcufinder//mcu/
2024-11-23 11:12:41,175 [WARN] DbFile:41 - Overriding database path with different value: C:\Users\User\.stmcufinder\plugins\mcufinder/ => C:\Users\User\.stmcufinder\plugins\mcufinder
2024-11-23 11:12:41,175 [WARN] DbFile:41 - Overriding database path with different value: C:\Users\User\.stmcufinder\plugins\mcufinder/ => C:\Users\User\.stmcufinder\plugins\mcufinder
2024-11-23 11:12:41,175 [INFO] CrossReferenceDbSqlite:203 - Set database path to: C:\Users\User\.stmcufinder\plugins\mcufinder//mcu/cs/
2024-11-23 11:12:41,196 [INFO] ApplicationProperties:184 - Using Application install path: C:\ST\STM32CubeIDE_1.15.0\STM32CubeIDE\plugins\com.st.stm32cube.common.mx_6.12.1.202409122256
2024-11-23 11:12:41,198 [INFO] PluginManage:196 - Search for loadable plugins [exclusion list=, ]
2024-11-23 11:12:41,200 [INFO] PluginManage:310 - Check plugin analytics
2024-11-23 11:12:41,390 [INFO] AnalyticsPlugin:253 - Accepted Software Licenses: 
2024-11-23 11:12:41,390 [INFO] AnalyticsPlugin:255 - Accepted CMSIS Pack Licenses: 
2024-11-23 11:12:41,390 [INFO] AnalyticsPlugin:257 - Accepted Firmware Licenses: 
2024-11-23 11:12:41,394 [INFO] PluginManage:359 - Loaded plugin analytics (category:tool,tabindex:-1)
2024-11-23 11:12:41,396 [INFO] PluginManage:310 - Check plugin cadmodel
2024-11-23 11:12:41,412 [INFO] CADModel:105 - Init CAD model plugin
2024-11-23 11:12:41,413 [INFO] PluginManage:359 - Loaded plugin cadmodel (category:power,tabindex:5)
2024-11-23 11:12:41,413 [INFO] PluginManage:310 - Check plugin clock
2024-11-23 11:12:41,434 [INFO] PluginManage:359 - Loaded plugin clock (category:base,tabindex:2)
2024-11-23 11:12:41,434 [INFO] PluginManage:310 - Check plugin ddr
2024-11-23 11:12:41,437 [INFO] PluginManage:359 - Loaded plugin ddr (category:tool,tabindex:6)
2024-11-23 11:12:41,437 [INFO] PluginManage:310 - Check plugin filemanager
2024-11-23 11:12:41,589 [INFO] PluginManage:359 - Loaded plugin filemanager (category:base,tabindex:10)
2024-11-23 11:12:41,590 [INFO] PluginManage:310 - Check plugin ipmanager
2024-11-23 11:12:41,596 [INFO] PluginManage:359 - Loaded plugin ipmanager (category:base,tabindex:5)
2024-11-23 11:12:41,597 [INFO] PluginManage:310 - Check plugin lpbam
2024-11-23 11:12:41,614 [INFO] PluginManage:359 - Loaded plugin lpbam (category:base,tabindex:0)
2024-11-23 11:12:41,614 [INFO] PluginManage:310 - Check plugin memorymap
2024-11-23 11:12:41,641 [INFO] PluginManage:359 - Loaded plugin memorymap (category:base,tabindex:4)
2024-11-23 11:12:41,642 [INFO] PluginManage:310 - Check plugin pinoutandconfiguration
2024-11-23 11:12:41,659 [INFO] PluginManage:359 - Loaded plugin pinoutandconfiguration (category:base,tabindex:1)
2024-11-23 11:12:41,659 [INFO] PluginManage:310 - Check plugin pinoutconfig
2024-11-23 11:12:41,772 [WARN] SupportedApi:132 - Cannot load RTOS API schema: s4s-elt-must-match.1: The content of 'definitions' must match (annotation?, (simpleType | complexType)?, (unique | key | keyref)*)). A problem was found starting at: attribute.
2024-11-23 11:12:41,924 [INFO] PluginManage:359 - Loaded plugin pinoutconfig (category:base,tabindex:0)
2024-11-23 11:12:41,924 [INFO] PluginManage:310 - Check plugin power
2024-11-23 11:12:41,946 [INFO] PluginManage:359 - Loaded plugin power (category:power,tabindex:4)
2024-11-23 11:12:41,946 [INFO] PluginManage:310 - Check plugin projectmanager
2024-11-23 11:12:41,966 [INFO] PluginManage:359 - Loaded plugin projectmanager (category:projectmanager,tabindex:4)
2024-11-23 11:12:41,966 [INFO] PluginManage:310 - Check plugin rif
2024-11-23 11:12:41,983 [INFO] PluginManage:359 - Loaded plugin rif (category:base,tabindex:3)
2024-11-23 11:12:41,983 [INFO] PluginManage:310 - Check plugin thirdparty
2024-11-23 11:12:42,291 [WARN] IntegrityCheckThread:84 - waiting for thirdparty lock release [integrity check]
2024-11-23 11:12:42,291 [INFO] IntegrityCheckThread:86 - entering critical section [integrity check]
2024-11-23 11:12:42,291 [INFO] PluginManage:359 - Loaded plugin thirdparty (category:base,tabindex:-1)
2024-11-23 11:12:42,291 [INFO] PluginManage:310 - Check plugin tools
2024-11-23 11:12:42,292 [INFO] ThirdPartyUpdaterWithRetryManager:70 - Updater plugin not ready yet. [1/15]
2024-11-23 11:12:42,328 [INFO] PluginManage:359 - Loaded plugin tools (category:base,tabindex:7)
2024-11-23 11:12:42,329 [INFO] PluginManage:310 - Check plugin tutovideos
2024-11-23 11:12:42,595 [INFO] PluginManage:359 - Loaded plugin tutovideos (category:base,tabindex:-1)
2024-11-23 11:12:42,595 [INFO] PluginManage:310 - Check plugin updater
2024-11-23 11:12:42,615 [INFO] PluginManage:359 - Loaded plugin updater (category:base,tabindex:12)
2024-11-23 11:12:42,615 [INFO] PluginManage:310 - Check plugin userauth
2024-11-23 11:12:42,622 [INFO] UserAuth:113 - Init User Auth plugin
2024-11-23 11:12:42,622 [INFO] PluginManage:359 - Loaded plugin userauth (category:base,tabindex:14)
2024-11-23 11:12:42,622 [INFO] PluginManage:283 - PluginManage : Loaded plugins [18]
2024-11-23 11:12:42,859 [INFO] PinOutPanel:1561 - setPackage(No Configuration,No Configuration)
2024-11-23 11:12:42,947 [INFO] CADModel:165 - CPN selected for project level
2024-11-23 11:12:42,947 [INFO] CADModel:114 - Register for checkConnection events
2024-11-23 11:12:42,974 [INFO] IPUIPlugin:80 - create IPUIPlugin
2024-11-23 11:12:42,974 [INFO] PluginManager:220 - loadIPPluginJar : add adc
2024-11-23 11:12:43,013 [INFO] IPUIPlugin:80 - create IPUIPlugin
2024-11-23 11:12:43,013 [INFO] PluginManager:220 - loadIPPluginJar : add aes
2024-11-23 11:12:43,059 [INFO] IPUIPlugin:80 - create IPUIPlugin
2024-11-23 11:12:43,059 [INFO] PluginManager:220 - loadIPPluginJar : add can
2024-11-23 11:12:43,086 [INFO] IPUIPlugin:80 - create IPUIPlugin
2024-11-23 11:12:43,086 [INFO] PluginManager:220 - loadIPPluginJar : add comp
2024-11-23 11:12:43,124 [INFO] IPUIPlugin:80 - create IPUIPlugin
2024-11-23 11:12:43,124 [INFO] PluginManager:220 - loadIPPluginJar : add cryp
2024-11-23 11:12:43,138 [INFO] IPUIPlugin:80 - create IPUIPlugin
2024-11-23 11:12:43,138 [INFO] PluginManager:220 - loadIPPluginJar : add ddr_ctrl_phy
2024-11-23 11:12:43,172 [INFO] IPUIPlugin:80 - create IPUIPlugin
2024-11-23 11:12:43,172 [INFO] PluginManager:220 - loadIPPluginJar : add dfsdm
2024-11-23 11:12:43,187 [INFO] IPUIPlugin:80 - create IPUIPlugin
2024-11-23 11:12:43,187 [INFO] PluginManager:220 - loadIPPluginJar : add dma
2024-11-23 11:12:43,235 [INFO] IPUIPlugin:80 - create IPUIPlugin
2024-11-23 11:12:43,235 [INFO] PluginManager:220 - loadIPPluginJar : add dma3
2024-11-23 11:12:43,284 [INFO] IPUIPlugin:80 - create IPUIPlugin
2024-11-23 11:12:43,284 [INFO] PluginManager:220 - loadIPPluginJar : add extmemmanager
2024-11-23 11:12:43,307 [INFO] IPUIPlugin:80 - create IPUIPlugin
2024-11-23 11:12:43,307 [INFO] PluginManager:220 - loadIPPluginJar : add fatfs
2024-11-23 11:12:43,361 [INFO] IPUIPlugin:80 - create IPUIPlugin
2024-11-23 11:12:43,361 [INFO] PluginManager:220 - loadIPPluginJar : add fmc
2024-11-23 11:12:43,378 [INFO] IPUIPlugin:80 - create IPUIPlugin
2024-11-23 11:12:43,378 [INFO] PluginManager:220 - loadIPPluginJar : add freertos
2024-11-23 11:12:43,400 [INFO] IPUIPlugin:80 - create IPUIPlugin
2024-11-23 11:12:43,400 [INFO] PluginManager:220 - loadIPPluginJar : add genericplugin
2024-11-23 11:12:43,498 [INFO] IPUIPlugin:80 - create IPUIPlugin
2024-11-23 11:12:43,498 [INFO] PluginManager:220 - loadIPPluginJar : add gfxmmu
2024-11-23 11:12:43,646 [INFO] IPUIPlugin:80 - create IPUIPlugin
2024-11-23 11:12:43,646 [INFO] PluginManager:220 - loadIPPluginJar : add gic
2024-11-23 11:12:43,658 [INFO] IPUIPlugin:80 - create IPUIPlugin
2024-11-23 11:12:43,658 [INFO] PluginManager:220 - loadIPPluginJar : add gpio
2024-11-23 11:12:43,757 [INFO] IPUIPlugin:80 - create IPUIPlugin
2024-11-23 11:12:43,757 [INFO] PluginManager:220 - loadIPPluginJar : add gtzc
2024-11-23 11:12:43,793 [INFO] IPUIPlugin:80 - create IPUIPlugin
2024-11-23 11:12:43,794 [INFO] PluginManager:220 - loadIPPluginJar : add hash
2024-11-23 11:12:43,851 [INFO] IPUIPlugin:80 - create IPUIPlugin
2024-11-23 11:12:43,851 [INFO] PluginManager:220 - loadIPPluginJar : add i2c
2024-11-23 11:12:43,892 [INFO] IPUIPlugin:80 - create IPUIPlugin
2024-11-23 11:12:43,892 [INFO] PluginManager:220 - loadIPPluginJar : add i2s
2024-11-23 11:12:43,936 [INFO] IPUIPlugin:80 - create IPUIPlugin
2024-11-23 11:12:43,936 [INFO] PluginManager:220 - loadIPPluginJar : add i3c
2024-11-23 11:12:44,052 [INFO] IPUIPlugin:80 - create IPUIPlugin
2024-11-23 11:12:44,052 [INFO] PluginManager:220 - loadIPPluginJar : add ipddr
2024-11-23 11:12:44,151 [INFO] IPUIPlugin:80 - create IPUIPlugin
2024-11-23 11:12:44,151 [INFO] PluginManager:220 - loadIPPluginJar : add linkedlist
2024-11-23 11:12:44,192 [INFO] IPUIPlugin:80 - create IPUIPlugin
2024-11-23 11:12:44,192 [INFO] PluginManager:220 - loadIPPluginJar : add lorawan
2024-11-23 11:12:44,231 [INFO] IPUIPlugin:80 - create IPUIPlugin
2024-11-23 11:12:44,231 [INFO] PluginManager:220 - loadIPPluginJar : add ltdc
2024-11-23 11:12:44,245 [INFO] IPUIPlugin:80 - create IPUIPlugin
2024-11-23 11:12:44,245 [INFO] PluginManager:220 - loadIPPluginJar : add mdma
2024-11-23 11:12:44,258 [INFO] IPUIPlugin:80 - create IPUIPlugin
2024-11-23 11:12:44,258 [INFO] PluginManager:220 - loadIPPluginJar : add nvic
2024-11-23 11:12:44,299 [INFO] IPUIPlugin:80 - create IPUIPlugin
2024-11-23 11:12:44,300 [INFO] PluginManager:220 - loadIPPluginJar : add opamp
2024-11-23 11:12:44,374 [INFO] IPUIPlugin:80 - create IPUIPlugin
2024-11-23 11:12:44,374 [INFO] PluginManager:220 - loadIPPluginJar : add openamp
2024-11-23 11:12:44,428 [INFO] IPUIPlugin:80 - create IPUIPlugin
2024-11-23 11:12:44,428 [INFO] PluginManager:220 - loadIPPluginJar : add pdm2pcm
2024-11-23 11:12:44,446 [INFO] IPUIPlugin:80 - create IPUIPlugin
2024-11-23 11:12:44,448 [INFO] PluginManager:220 - loadIPPluginJar : add plateformsettings
2024-11-23 11:12:44,475 [INFO] IPUIPlugin:80 - create IPUIPlugin
2024-11-23 11:12:44,475 [INFO] PluginManager:220 - loadIPPluginJar : add quadspi
2024-11-23 11:12:44,507 [INFO] IPUIPlugin:80 - create IPUIPlugin
2024-11-23 11:12:44,508 [INFO] PluginManager:220 - loadIPPluginJar : add radio
2024-11-23 11:12:44,522 [INFO] IPUIPlugin:80 - create IPUIPlugin
2024-11-23 11:12:44,522 [INFO] PluginManager:220 - loadIPPluginJar : add resmgrutility
2024-11-23 11:12:44,584 [INFO] IPUIPlugin:80 - create IPUIPlugin
2024-11-23 11:12:44,584 [INFO] PluginManager:220 - loadIPPluginJar : add sai
2024-11-23 11:12:44,630 [INFO] IPUIPlugin:80 - create IPUIPlugin
2024-11-23 11:12:44,630 [INFO] PluginManager:220 - loadIPPluginJar : add spi
2024-11-23 11:12:44,723 [INFO] IPUIPlugin:80 - create IPUIPlugin
2024-11-23 11:12:44,723 [INFO] PluginManager:220 - loadIPPluginJar : add stm32_wpan
2024-11-23 11:12:44,752 [INFO] IPUIPlugin:80 - create IPUIPlugin
2024-11-23 11:12:44,752 [INFO] PluginManager:220 - loadIPPluginJar : add tim
2024-11-23 11:12:44,841 [INFO] IPUIPlugin:80 - create IPUIPlugin
2024-11-23 11:12:44,841 [INFO] PluginManager:220 - loadIPPluginJar : add touchsensing
2024-11-23 11:12:44,871 [INFO] IPUIPlugin:80 - create IPUIPlugin
2024-11-23 11:12:44,871 [INFO] PluginManager:220 - loadIPPluginJar : add tracer_emb
2024-11-23 11:12:44,903 [INFO] IPUIPlugin:80 - create IPUIPlugin
2024-11-23 11:12:44,903 [INFO] PluginManager:220 - loadIPPluginJar : add ts
2024-11-23 11:12:44,934 [INFO] IPUIPlugin:80 - create IPUIPlugin
2024-11-23 11:12:44,934 [INFO] PluginManager:220 - loadIPPluginJar : add tsc
2024-11-23 11:12:44,962 [INFO] IPUIPlugin:80 - create IPUIPlugin
2024-11-23 11:12:44,963 [INFO] PluginManager:220 - loadIPPluginJar : add ucpd
2024-11-23 11:12:45,022 [INFO] IPUIPlugin:80 - create IPUIPlugin
2024-11-23 11:12:45,022 [INFO] PluginManager:220 - loadIPPluginJar : add usart
2024-11-23 11:12:45,084 [INFO] IPUIPlugin:80 - create IPUIPlugin
2024-11-23 11:12:45,084 [INFO] PluginManager:220 - loadIPPluginJar : add usbx
2024-11-23 11:12:45,235 [INFO] CADModel:165 - CPN selected for project level
2024-11-23 11:12:45,236 [INFO] CADModel:114 - Register for checkConnection events
2024-11-23 11:12:45,236 [FATAL] Updater:334 - Updater called before beeing initialized
2024-11-23 11:12:45,236 [ERROR] CADModel:125 - Updater not yet initialized, retry later 
2024-11-23 11:12:45,294 [INFO] ThirdPartyUpdaterWithRetryManager:70 - Updater plugin not ready yet. [2/15]
2024-11-23 11:12:45,390 [INFO] CADModel:165 - CPN selected for project level
2024-11-23 11:12:45,390 [INFO] CADModel:114 - Register for checkConnection events
2024-11-23 11:12:45,390 [FATAL] Updater:334 - Updater called before beeing initialized
2024-11-23 11:12:45,391 [ERROR] CADModel:125 - Updater not yet initialized, retry later 
2024-11-23 11:12:45,394 [FATAL] Updater:334 - Updater called before beeing initialized
2024-11-23 11:12:45,511 [FATAL] Updater:334 - Updater called before beeing initialized
2024-11-23 11:12:45,522 [INFO] DbMcusAds:53 - JSON generation date=Fri Sep 20 14:04:38 WAT 2024 (1726837478367)
2024-11-23 11:12:45,522 [FATAL] Updater:334 - Updater called before beeing initialized
2024-11-23 11:12:45,560 [WARN] DetailPanel:346 - Failed to get advertising image, set to default
2024-11-23 11:12:45,643 [FATAL] Updater:334 - Updater called before beeing initialized
2024-11-23 11:12:45,645 [FATAL] Updater:334 - Updater called before beeing initialized
2024-11-23 11:12:45,645 [FATAL] Updater:334 - Updater called before beeing initialized
2024-11-23 11:12:45,645 [WARN] DetailPanel:346 - Failed to get advertising image, set to default
2024-11-23 11:12:45,646 [FATAL] Updater:334 - Updater called before beeing initialized
2024-11-23 11:12:45,714 [ERROR] Updater:1164 - MainUpdater not yet initialized. External WinMGr cannot be set.
2024-11-23 11:12:45,725 [INFO] Updater:1100 - Updater Version found : 6.12.1
2024-11-23 11:12:45,747 [INFO] ApplicationProperties:184 - Using Application install path: C:\ST\STM32CubeIDE_1.15.0\STM32CubeIDE\plugins\com.st.stm32cube.common.mx_6.12.1.202409122256
2024-11-23 11:12:47,325 [ERROR] LogOutputStream:75 - [STDERR_REDIRECT] Nov 23, 2024 11:12:47 AM java.util.prefs.WindowsPreferences <init>
2024-11-23 11:12:47,327 [ERROR] LogOutputStream:75 - [STDERR_REDIRECT] WARNING: Could not open/create prefs root node Software\JavaSoft\Prefs at root 0xffffffff80000002. Windows RegCreateKeyEx(...) returned error code 5.
2024-11-23 11:12:47,327 [ERROR] LogOutputStream:75 - [STDERR_REDIRECT] 
2024-11-23 11:12:47,623 [INFO] MainUpdater:2873 - connection check result : 22
2024-11-23 11:12:47,623 [INFO] MainUpdater:290 - Updater Check For Update Now.
2024-11-23 11:12:47,624 [INFO] MicroXplorer:498 - Change Database Version : DB.6.0.121
2024-11-23 11:12:47,647 [INFO] McuFinderGlobals:63 - Set McuFinder mode to 2 (CubeIDE integrated)
2024-11-23 11:12:47,655 [INFO] UserAuth:417 - Internet connection configuration mode: 2
2024-11-23 11:12:47,664 [INFO] UserAuth:417 - Internet connection configuration mode: 2
2024-11-23 11:12:47,926 [INFO] CheckServerUpdateThread:120 - End of CheckServer Thread
2024-11-23 11:12:48,596 [WARN] PackLoader:240 - Cannot read IP mode file for STMicroelectronics.FP-SNS-MOTENVWB1.1.4.0
2024-11-23 11:12:48,618 [WARN] PackLoader:240 - Cannot read IP mode file for STMicroelectronics.FP-ATR-ASTRA1.2.0.1
2024-11-23 11:12:48,639 [WARN] PackLoader:240 - Cannot read IP mode file for STMicroelectronics.X-CUBE-SMBUS.2.1.0
2024-11-23 11:12:48,660 [WARN] PackLoader:240 - Cannot read IP mode file for STMicroelectronics.X-CUBE-WB05N.1.1.0
2024-11-23 11:12:48,678 [WARN] PackLoader:240 - Cannot read IP mode file for STMicroelectronics.X-CUBE-TOUCHGFX.4.23.2
2024-11-23 11:12:48,734 [WARN] PackLoader:240 - Cannot read IP mode file for STMicroelectronics.X-CUBE-AZRTOS-F7.1.1.0
2024-11-23 11:12:48,858 [WARN] PackLoader:240 - Cannot read IP mode file for STMicroelectronics.X-CUBE-MEMS1.11.0.0
2024-11-23 11:12:49,077 [WARN] PackLoader:240 - Cannot read IP mode file for STMicroelectronics.FP-SNS-FLIGHT1.5.0.2
2024-11-23 11:12:49,096 [WARN] PackLoader:240 - Cannot read IP mode file for STMicroelectronics.X-CUBE-DISPLAY.3.0.0
2024-11-23 11:12:49,116 [WARN] PackLoader:240 - Cannot read IP mode file for STMicroelectronics.X-CUBE-BLE1.7.0.0
2024-11-23 11:12:49,134 [WARN] PackLoader:240 - Cannot read IP mode file for STMicroelectronics.X-CUBE-NFC10.1.0.0
2024-11-23 11:12:49,154 [WARN] PackLoader:240 - Cannot read IP mode file for emotas.I-CUBE-CANOPEN.1.3.0
2024-11-23 11:12:49,180 [WARN] PackLoader:240 - Cannot read IP mode file for STMicroelectronics.X-CUBE-BLEMGR.3.1.0
2024-11-23 11:12:49,198 [WARN] PackLoader:240 - Cannot read IP mode file for STMicroelectronics.FP-SNS-SMARTAG2.1.2.0
2024-11-23 11:12:49,221 [INFO] LogOutputStream:77 - [STDOUT_REDIRECT] 1 : Invalid condition id : UX_CORESTACK_Condition cause : null
2024-11-23 11:12:49,221 [INFO] LogOutputStream:77 - [STDOUT_REDIRECT] 1 : Invalid condition id : UX_CORESTACK_Condition cause : null
2024-11-23 11:12:49,230 [INFO] LogOutputStream:77 - [STDOUT_REDIRECT] 1 : Invalid condition id : UX_CORESTACK_Condition cause : null
2024-11-23 11:12:49,231 [INFO] LogOutputStream:77 - [STDOUT_REDIRECT] 1 : Invalid condition id : UX_CORESTACK_Condition cause : null
2024-11-23 11:12:49,232 [INFO] LogOutputStream:77 - [STDOUT_REDIRECT] 1 : Invalid condition id : UX_CORESTACK_Condition cause : null
2024-11-23 11:12:49,235 [WARN] PackLoader:240 - Cannot read IP mode file for STMicroelectronics.X-CUBE-AZRTOS-WL.2.0.0
2024-11-23 11:12:49,252 [WARN] PackLoader:240 - Cannot read IP mode file for STMicroelectronics.FP-SNS-MOTENV1.5.0.0
2024-11-23 11:12:49,266 [WARN] PackLoader:240 - Cannot read IP mode file for wolfSSL.I-CUBE-wolfMQTT.1.19.0
2024-11-23 11:12:49,282 [WARN] PackLoader:240 - Cannot read IP mode file for WES.I-CUBE-Cesium.1.3.0
2024-11-23 11:12:49,302 [WARN] PackLoader:240 - Cannot read IP mode file for STMicroelectronics.X-CUBE-BLE2.3.3.0
2024-11-23 11:12:49,319 [WARN] PackLoader:240 - Cannot read IP mode file for STMicroelectronics.X-CUBE-NFC9.1.0.0
2024-11-23 11:12:49,338 [WARN] PackLoader:240 - Cannot read IP mode file for STMicroelectronics.X-CUBE-TCPP.4.1.0
2024-11-23 11:12:49,363 [WARN] PackLoader:240 - Cannot read IP mode file for STMicroelectronics.X-CUBE-ALGOBUILD.1.3.0
2024-11-23 11:12:49,399 [WARN] PackLoader:240 - Cannot read IP mode file for STMicroelectronics.X-CUBE-AZRTOS-G0.1.1.0
2024-11-23 11:12:49,422 [WARN] PackLoader:240 - Cannot read IP mode file for STMicroelectronics.X-CUBE-SAFEA1.1.2.2
2024-11-23 11:12:49,444 [WARN] PackLoader:240 - Cannot read IP mode file for STMicroelectronics.X-CUBE-NFC4.3.0.0
2024-11-23 11:12:49,466 [WARN] PackLoader:240 - Cannot read IP mode file for EmbeddedOffice.I-CUBE-FS-RTOS.1.0.1
2024-11-23 11:12:49,466 [ERROR] ConditionMgr:805 - Attr not supported : Dmpu
2024-11-23 11:12:49,466 [ERROR] ConditionMgr:805 - Attr not supported : Dmpu
2024-11-23 11:12:49,466 [ERROR] ConditionMgr:805 - Attr not supported : Dmpu
2024-11-23 11:12:49,466 [ERROR] ConditionMgr:805 - Attr not supported : Dmpu
2024-11-23 11:12:49,466 [ERROR] ConditionMgr:805 - Attr not supported : Dmpu
2024-11-23 11:12:49,466 [ERROR] ConditionMgr:805 - Attr not supported : Dmpu
2024-11-23 11:12:49,466 [ERROR] ConditionMgr:805 - Attr not supported : Dmpu
2024-11-23 11:12:49,467 [ERROR] ConditionMgr:805 - Attr not supported : Dmpu
2024-11-23 11:12:49,467 [ERROR] ConditionMgr:805 - Attr not supported : Dmpu
2024-11-23 11:12:49,467 [ERROR] ConditionMgr:805 - Attr not supported : Dmpu
2024-11-23 11:12:49,467 [ERROR] ConditionMgr:805 - Attr not supported : Dmpu
2024-11-23 11:12:49,467 [ERROR] ConditionMgr:805 - Attr not supported : Dmpu
2024-11-23 11:12:49,467 [ERROR] ConditionMgr:805 - Attr not supported : Dmpu
2024-11-23 11:12:49,467 [ERROR] ConditionMgr:805 - Attr not supported : Dmpu
2024-11-23 11:12:49,467 [ERROR] ConditionMgr:805 - Attr not supported : Dmpu
2024-11-23 11:12:49,467 [ERROR] ConditionMgr:805 - Attr not supported : Dmpu
2024-11-23 11:12:49,468 [ERROR] ConditionMgr:805 - Attr not supported : Dmpu
2024-11-23 11:12:49,468 [ERROR] ConditionMgr:805 - Attr not supported : Dmpu
2024-11-23 11:12:49,468 [ERROR] ConditionMgr:805 - Attr not supported : Dmpu
2024-11-23 11:12:49,468 [ERROR] ConditionMgr:805 - Attr not supported : Dmpu
2024-11-23 11:12:49,468 [ERROR] ConditionMgr:805 - Attr not supported : Dmpu
2024-11-23 11:12:49,468 [ERROR] ConditionMgr:805 - Attr not supported : Dmpu
2024-11-23 11:12:49,468 [ERROR] ConditionMgr:805 - Attr not supported : Dmpu
2024-11-23 11:12:49,468 [ERROR] ConditionMgr:805 - Attr not supported : Dmpu
2024-11-23 11:12:49,468 [ERROR] ConditionMgr:805 - Attr not supported : Dmpu
2024-11-23 11:12:49,469 [ERROR] ConditionMgr:805 - Attr not supported : Dmpu
2024-11-23 11:12:49,469 [ERROR] ConditionMgr:805 - Attr not supported : Dmpu
2024-11-23 11:12:49,469 [ERROR] ConditionMgr:805 - Attr not supported : Dmpu
2024-11-23 11:12:49,469 [ERROR] ConditionMgr:805 - Attr not supported : Dmpu
2024-11-23 11:12:49,469 [ERROR] ConditionMgr:805 - Attr not supported : Dmpu
2024-11-23 11:12:49,469 [ERROR] ConditionMgr:805 - Attr not supported : Dmpu
2024-11-23 11:12:49,469 [ERROR] ConditionMgr:805 - Attr not supported : Dmpu
2024-11-23 11:12:49,469 [ERROR] ConditionMgr:805 - Attr not supported : Dmpu
2024-11-23 11:12:49,470 [ERROR] ConditionMgr:805 - Attr not supported : Dmpu
2024-11-23 11:12:49,470 [ERROR] ConditionMgr:805 - Attr not supported : Dmpu
2024-11-23 11:12:49,470 [ERROR] ConditionMgr:805 - Attr not supported : Dmpu
2024-11-23 11:12:49,470 [ERROR] ConditionMgr:805 - Attr not supported : Dmpu
2024-11-23 11:12:49,470 [ERROR] ConditionMgr:805 - Attr not supported : Dmpu
2024-11-23 11:12:49,470 [ERROR] ConditionMgr:805 - Attr not supported : Dmpu
2024-11-23 11:12:49,470 [ERROR] ConditionMgr:805 - Attr not supported : Dmpu
2024-11-23 11:12:49,470 [ERROR] ConditionMgr:805 - Attr not supported : Dmpu
2024-11-23 11:12:49,470 [ERROR] ConditionMgr:805 - Attr not supported : Dmpu
2024-11-23 11:12:49,470 [ERROR] ConditionMgr:805 - Attr not supported : Dmpu
2024-11-23 11:12:49,470 [ERROR] ConditionMgr:805 - Attr not supported : Dmpu
2024-11-23 11:12:49,471 [ERROR] ConditionMgr:805 - Attr not supported : Dmpu
2024-11-23 11:12:49,471 [ERROR] ConditionMgr:805 - Attr not supported : Dmpu
2024-11-23 11:12:49,471 [ERROR] ConditionMgr:805 - Attr not supported : Dmpu
2024-11-23 11:12:49,471 [ERROR] ConditionMgr:805 - Attr not supported : Dmpu
2024-11-23 11:12:49,471 [ERROR] ConditionMgr:805 - Attr not supported : Dmpu
2024-11-23 11:12:49,471 [ERROR] ConditionMgr:805 - Attr not supported : Dmpu
2024-11-23 11:12:49,471 [ERROR] ConditionMgr:805 - Attr not supported : Dmpu
2024-11-23 11:12:49,471 [ERROR] ConditionMgr:805 - Attr not supported : Dmpu
2024-11-23 11:12:49,471 [ERROR] ConditionMgr:805 - Attr not supported : Dmpu
2024-11-23 11:12:49,471 [ERROR] ConditionMgr:805 - Attr not supported : Dmpu
2024-11-23 11:12:49,471 [ERROR] ConditionMgr:805 - Attr not supported : Dmpu
2024-11-23 11:12:49,471 [ERROR] ConditionMgr:805 - Attr not supported : Dmpu
2024-11-23 11:12:49,471 [ERROR] ConditionMgr:805 - Attr not supported : Dmpu
2024-11-23 11:12:49,471 [ERROR] ConditionMgr:805 - Attr not supported : Dmpu
2024-11-23 11:12:49,471 [ERROR] ConditionMgr:805 - Attr not supported : Dmpu
2024-11-23 11:12:49,472 [ERROR] ConditionMgr:805 - Attr not supported : Dmpu
2024-11-23 11:12:49,472 [ERROR] ConditionMgr:805 - Attr not supported : Dmpu
2024-11-23 11:12:49,472 [ERROR] ConditionMgr:805 - Attr not supported : Dmpu
2024-11-23 11:12:49,472 [ERROR] ConditionMgr:805 - Attr not supported : Dmpu
2024-11-23 11:12:49,472 [ERROR] ConditionMgr:805 - Attr not supported : Dmpu
2024-11-23 11:12:49,487 [WARN] PackLoader:240 - Cannot read IP mode file for RealThread.X-CUBE-RT-Thread_Nano.4.1.1
2024-11-23 11:12:49,500 [WARN] PackLoader:240 - Cannot read IP mode file for wolfSSL.I-CUBE-wolfSSL.5.7.0
2024-11-23 11:12:49,517 [WARN] PackLoader:240 - Cannot read IP mode file for STMicroelectronics.FP-ATR-SIGFOX1.3.2.0
2024-11-23 11:12:49,530 [WARN] ConditionMgr:438 - getConditionDescription Invalid condition id : Cortex-A Device cause : null
2024-11-23 11:12:49,560 [WARN] ConditionMgr:1039 - genDependencies : Invalid condition id : Cortex-A Device cause : null
2024-11-23 11:12:49,561 [WARN] ConditionMgr:1039 - genDependencies : Invalid condition id : Cortex-A Device cause : null
2024-11-23 11:12:49,561 [WARN] ConditionMgr:1039 - genDependencies : Invalid condition id : Cortex-A Device cause : null
2024-11-23 11:12:49,577 [WARN] PackLoader:240 - Cannot read IP mode file for STMicroelectronics.X-CUBE-EEPRMA1.5.1.0
2024-11-23 11:12:49,599 [WARN] PackLoader:240 - Cannot read IP mode file for ITTIA_DB.I-CUBE-ITTIADB.8.9.0
2024-11-23 11:12:49,657 [WARN] PackLoader:240 - Cannot read IP mode file for SEGGER.I-CUBE-embOS.1.3.1
2024-11-23 11:12:49,725 [WARN] PackLoader:240 - Cannot read IP mode file for STMicroelectronics.X-CUBE-ALGOBUILD.1.4.0
2024-11-23 11:12:49,745 [WARN] PackLoader:240 - Cannot read IP mode file for STMicroelectronics.X-CUBE-AI.9.1.0
2024-11-23 11:12:49,769 [WARN] PackLoader:240 - Cannot read IP mode file for STMicroelectronics.X-CUBE-GNSS1.6.0.0
2024-11-23 11:12:49,813 [WARN] PackLoader:240 - Cannot read IP mode file for STMicroelectronics.X-CUBE-AZRTOS-F4.1.1.0
2024-11-23 11:12:49,837 [WARN] PackLoader:240 - Cannot read IP mode file for STMicroelectronics.X-CUBE-ISPU.2.1.0
2024-11-23 11:12:49,859 [WARN] PackLoader:240 - Cannot read IP mode file for STMicroelectronics.X-CUBE-FREERTOS.1.2.0
2024-11-23 11:12:49,904 [WARN] PackLoader:240 - Cannot read IP mode file for STMicroelectronics.X-CUBE-AZRTOS-L5.2.0.0
2024-11-23 11:12:49,934 [WARN] PackLoader:240 - Cannot read IP mode file for STMicroelectronics.X-CUBE-NFC6.3.1.0
2024-11-23 11:12:49,954 [WARN] PackLoader:240 - Cannot read IP mode file for STMicroelectronics.X-CUBE-DPower.1.2.0
2024-11-23 11:12:49,974 [WARN] PackLoader:240 - Cannot read IP mode file for STMicroelectronics.X-CUBE-AI.9.0.0
2024-11-23 11:12:49,992 [WARN] PackLoader:240 - Cannot read IP mode file for STMicroelectronics.X-CUBE-NFC7.1.0.1
2024-11-23 11:12:50,034 [WARN] ConditionMgr:438 - getConditionDescription Invalid condition id : LAN8742 Phy interface Condition cause : null
2024-11-23 11:12:50,035 [WARN] PackLoader:240 - Cannot read IP mode file for STMicroelectronics.X-CUBE-AZRTOS-L4.2.0.0
2024-11-23 11:12:50,036 [WARN] ConditionMgr:1039 - genDependencies : Invalid condition id : LAN8742 Phy interface Condition cause : null
2024-11-23 11:12:50,036 [WARN] ConditionMgr:1039 - genDependencies : Invalid condition id : LAN8742 Phy interface Condition cause : null
2024-11-23 11:12:50,037 [WARN] ConditionMgr:1039 - genDependencies : Invalid condition id : LAN8742 Phy interface Condition cause : null
2024-11-23 11:12:50,064 [WARN] PackLoader:240 - Cannot read IP mode file for STMicroelectronics.X-CUBE-SFXS2LP1.4.0.0
2024-11-23 11:12:50,122 [WARN] PackLoader:240 - Cannot read IP mode file for STMicroelectronics.X-CUBE-AZRTOS-H7.3.3.0
2024-11-23 11:12:50,169 [WARN] PackLoader:240 - Cannot read IP mode file for STMicroelectronics.X-CUBE-IPS.3.0.0
2024-11-23 11:12:50,208 [WARN] ConditionMgr:438 - getConditionDescription Invalid condition id : UX DEVICE CLASS RTOS Condition cause : null
2024-11-23 11:12:50,209 [WARN] ConditionMgr:438 - getConditionDescription Invalid condition id : UX DEVICE CLASS RTOS Condition cause : null
2024-11-23 11:12:50,211 [WARN] PackLoader:240 - Cannot read IP mode file for STMicroelectronics.X-CUBE-AZRTOS-WB.2.0.0
2024-11-23 11:12:50,212 [WARN] ConditionMgr:1039 - genDependencies : Invalid condition id : UX DEVICE CLASS RTOS Condition cause : null
2024-11-23 11:12:50,212 [WARN] ConditionMgr:1039 - genDependencies : Invalid condition id : UX DEVICE CLASS RTOS Condition cause : null
2024-11-23 11:12:50,212 [WARN] ConditionMgr:1039 - genDependencies : Invalid condition id : UX DEVICE CLASS RTOS Condition cause : null
2024-11-23 11:12:50,213 [WARN] ConditionMgr:1039 - genDependencies : Invalid condition id : UX DEVICE CLASS RTOS Condition cause : null
2024-11-23 11:12:50,213 [WARN] ConditionMgr:1039 - genDependencies : Invalid condition id : UX DEVICE CLASS RTOS Condition cause : null
2024-11-23 11:12:50,231 [WARN] PackLoader:240 - Cannot read IP mode file for STMicroelectronics.X-CUBE-GNSS1.7.0.0
2024-11-23 11:12:50,250 [WARN] PackLoader:240 - Cannot read IP mode file for STMicroelectronics.FP-SNS-STBOX1.2.0.0
2024-11-23 11:12:50,272 [WARN] PackLoader:240 - Cannot read IP mode file for STMicroelectronics.X-CUBE-SUBG2.5.0.0
2024-11-23 11:12:50,290 [WARN] PackLoader:240 - Cannot read IP mode file for Cesanta.I-CUBE-Mongoose.7.13.0
2024-11-23 11:12:50,318 [WARN] PackLoader:240 - Cannot read IP mode file for STMicroelectronics.X-CUBE-AZRTOS-G4.2.0.0
2024-11-23 11:12:50,333 [WARN] PackLoader:240 - Cannot read IP mode file for STMicroelectronics.X-CUBE-ISPU.2.0.0
2024-11-23 11:12:50,351 [WARN] PackLoader:240 - Cannot read IP mode file for STMicroelectronics.X-CUBE-ALS.1.0.2
2024-11-23 11:12:50,419 [WARN] PackLoader:240 - Cannot read IP mode file for STMicroelectronics.X-CUBE-MEMS1.10.0.0
2024-11-23 11:12:50,595 [WARN] PackLoader:240 - Cannot read IP mode file for STMicroelectronics.X-CUBE-FREERTOS.1.1.0
2024-11-23 11:12:50,613 [WARN] PackLoader:240 - Cannot read IP mode file for STMicroelectronics.X-CUBE-TOUCHGFX.4.24.1
2024-11-23 11:12:50,631 [WARN] PackLoader:240 - Cannot read IP mode file for wolfSSL.I-CUBE-wolfTPM.3.4.0
2024-11-23 11:12:50,655 [WARN] PackLoader:240 - Cannot read IP mode file for portGmbH.I-Cube-SoM-uGOAL.1.1.0
2024-11-23 11:12:50,669 [WARN] PackLoader:240 - Cannot read IP mode file for STMicroelectronics.X-CUBE-ALS.1.0.1
2024-11-23 11:12:50,703 [WARN] PackLoader:240 - Cannot read IP mode file for STMicroelectronics.X-CUBE-AZRTOS-H7RS.1.0.0
2024-11-23 11:12:50,721 [WARN] PackLoader:240 - Cannot read IP mode file for STMicroelectronics.FP-ATR-ASTRA1.2.0.0
2024-11-23 11:12:50,746 [WARN] PackLoader:240 - Cannot read IP mode file for STMicroelectronics.X-CUBE-TOF1.3.4.2
2024-11-23 11:12:50,782 [WARN] PackLoader:240 - Cannot read IP mode file for STMicroelectronics.X-CUBE-TOF1.3.4.1
2024-11-23 11:12:50,826 [WARN] PackLoader:240 - Cannot read IP mode file for STMicroelectronics.X-CUBE-AZRTOS-H7.3.2.0
2024-11-23 11:12:50,869 [WARN] PackLoader:240 - Cannot read IP mode file for Infineon.AIROC-Wi-Fi-Bluetooth-STM32.1.6.0
2024-11-23 11:12:50,890 [WARN] PackLoader:240 - Cannot read IP mode file for wolfSSL.I-CUBE-wolfSSH.1.4.17
2024-11-23 11:12:50,891 [INFO] ThirdParty:978 - Integrity check success = true
2024-11-23 11:12:50,891 [INFO] IntegrityCheckThread:100 - exiting critical section [integrity check]
2024-11-23 11:12:50,891 [INFO] IntegrityCheckThread:103 - End integrity checks thread
