2024-05-25 07:01:31,011 [INFO] Activator:176 - 


2024-05-25 07:01:31,019 [INFO] Activator:177 - !SESSION log4j initialized
2024-05-25 07:01:39,667 [INFO] LogOutputStream:77 - [STDOUT_REDIRECT] 
2024-05-25 07:01:40,119 [ERROR] ConfigurationRetriever:142 - IOException on connection: sw-center.st.com
2024-05-25 07:01:40,121 [ERROR] ConfigurationRetriever:142 - IOException on connection: sw-center.st.com
2024-05-25 07:01:40,122 [ERROR] ConfigurationRetriever:142 - IOException on connection: sw-center.st.com
2024-05-25 07:01:40,126 [ERROR] ConfigurationRetriever:142 - IOException on connection: sw-center.st.com
2024-05-25 07:01:40,127 [ERROR] ConfigurationRetriever:142 - IOException on connection: sw-center.st.com
2024-05-25 07:01:40,128 [ERROR] ConfigurationRetriever:142 - IOException on connection: sw-center.st.com
2024-05-25 07:01:43,147 [INFO] ApplicationProperties:184 - Using Application install path: C:\ST\STM32CubeIDE_1.15.0\STM32CubeIDE\plugins\com.st.stm32cube.common.mx_6.11.0.202403141607
2024-05-25 07:01:43,173 [INFO] DbMcusXml:78 - Set database path to: C:\ST\STM32CubeIDE_1.15.0\STM32CubeIDE\plugins\com.st.stm32cube.common.mx_6.11.0.202403141607\\db\/mcu/
2024-05-25 07:01:43,174 [INFO] ApiDb:274 - Set plugin database path to: C:\ST\STM32CubeIDE_1.15.0\STM32CubeIDE\plugins\com.st.stm32cube.common.mx_6.11.0.202403141607\\db\/plugins/boardmanager/
2024-05-25 07:01:43,174 [WARN] ApiDb:259 - Overriding images path with different value:  => C:\ST\STM32CubeIDE_1.15.0\STM32CubeIDE\plugins\com.st.stm32cube.common.mx_6.11.0.202403141607\\db\/plugins/mcufinder/images/
2024-05-25 07:01:43,185 [INFO] ApiDb:250 - Set database path to: C:\Users\User\.stmcufinder\plugins\mcufinder//mcu/
2024-05-25 07:01:43,186 [INFO] DbMcusAds:125 - Set database path to: C:\Users\User\.stmcufinder\plugins\mcufinder//mcu/
2024-05-25 07:01:43,189 [INFO] CrossReferenceDbSqlite:203 - Set database path to: C:\Users\User\.stmcufinder\plugins\mcufinder//mcu/cs/
2024-05-25 07:01:43,389 [INFO] RulesReader:64 - Compatibility file has been processed (297 Rules)
2024-05-25 07:01:43,527 [INFO] DbMcusXml:78 - Set database path to: C:\ST\STM32CubeIDE_1.15.0\STM32CubeIDE\plugins\com.st.stm32cube.common.mx_6.11.0.202403141607\\db\/mcu/
2024-05-25 07:01:43,528 [INFO] ApiDb:274 - Set plugin database path to: C:\ST\STM32CubeIDE_1.15.0\STM32CubeIDE\plugins\com.st.stm32cube.common.mx_6.11.0.202403141607\\db\/plugins/boardmanager/
2024-05-25 07:01:43,528 [INFO] ApiDb:261 - Set plugin images path to: C:\ST\STM32CubeIDE_1.15.0\STM32CubeIDE\plugins\com.st.stm32cube.common.mx_6.11.0.202403141607\\db\/plugins/mcufinder/images/
2024-05-25 07:01:43,528 [WARN] DbFile:41 - Overriding database path with different value: C:\Users\User\.stmcufinder\plugins\mcufinder/ => C:\Users\User\.stmcufinder\plugins\mcufinder
2024-05-25 07:01:43,528 [INFO] ApiDb:250 - Set database path to: C:\Users\User\.stmcufinder\plugins\mcufinder//mcu/
2024-05-25 07:01:43,529 [WARN] DbFile:41 - Overriding database path with different value: C:\Users\User\.stmcufinder\plugins\mcufinder/ => C:\Users\User\.stmcufinder\plugins\mcufinder
2024-05-25 07:01:43,529 [INFO] DbMcusAds:125 - Set database path to: C:\Users\User\.stmcufinder\plugins\mcufinder//mcu/
2024-05-25 07:01:43,529 [WARN] DbFile:41 - Overriding database path with different value: C:\Users\User\.stmcufinder\plugins\mcufinder/ => C:\Users\User\.stmcufinder\plugins\mcufinder
2024-05-25 07:01:43,529 [WARN] DbFile:41 - Overriding database path with different value: C:\Users\User\.stmcufinder\plugins\mcufinder/ => C:\Users\User\.stmcufinder\plugins\mcufinder
2024-05-25 07:01:43,529 [INFO] CrossReferenceDbSqlite:203 - Set database path to: C:\Users\User\.stmcufinder\plugins\mcufinder//mcu/cs/
2024-05-25 07:01:43,667 [INFO] MainPanel:264 - HeapMemory: 268435456
2024-05-25 07:01:43,833 [INFO] DbMcusXml:78 - Set database path to: C:\ST\STM32CubeIDE_1.15.0\STM32CubeIDE\plugins\com.st.stm32cube.common.mx_6.11.0.202403141607\\db\/mcu/
2024-05-25 07:01:43,834 [INFO] ApiDb:274 - Set plugin database path to: C:\ST\STM32CubeIDE_1.15.0\STM32CubeIDE\plugins\com.st.stm32cube.common.mx_6.11.0.202403141607\\db\/plugins/boardmanager/
2024-05-25 07:01:43,834 [INFO] ApiDb:261 - Set plugin images path to: C:\ST\STM32CubeIDE_1.15.0\STM32CubeIDE\plugins\com.st.stm32cube.common.mx_6.11.0.202403141607\\db\/plugins/mcufinder/images/
2024-05-25 07:01:43,834 [WARN] DbFile:41 - Overriding database path with different value: C:\Users\User\.stmcufinder\plugins\mcufinder/ => C:\Users\User\.stmcufinder\plugins\mcufinder
2024-05-25 07:01:43,834 [INFO] ApiDb:250 - Set database path to: C:\Users\User\.stmcufinder\plugins\mcufinder//mcu/
2024-05-25 07:01:43,834 [WARN] DbFile:41 - Overriding database path with different value: C:\Users\User\.stmcufinder\plugins\mcufinder/ => C:\Users\User\.stmcufinder\plugins\mcufinder
2024-05-25 07:01:43,835 [INFO] DbMcusAds:125 - Set database path to: C:\Users\User\.stmcufinder\plugins\mcufinder//mcu/
2024-05-25 07:01:43,835 [WARN] DbFile:41 - Overriding database path with different value: C:\Users\User\.stmcufinder\plugins\mcufinder/ => C:\Users\User\.stmcufinder\plugins\mcufinder
2024-05-25 07:01:43,835 [WARN] DbFile:41 - Overriding database path with different value: C:\Users\User\.stmcufinder\plugins\mcufinder/ => C:\Users\User\.stmcufinder\plugins\mcufinder
2024-05-25 07:01:43,835 [INFO] CrossReferenceDbSqlite:203 - Set database path to: C:\Users\User\.stmcufinder\plugins\mcufinder//mcu/cs/
2024-05-25 07:01:43,869 [INFO] ApplicationProperties:184 - Using Application install path: C:\ST\STM32CubeIDE_1.15.0\STM32CubeIDE\plugins\com.st.stm32cube.common.mx_6.11.0.202403141607
2024-05-25 07:01:43,872 [INFO] PluginManage:196 - Search for loadable plugins [exclusion list=, ]
2024-05-25 07:01:43,874 [INFO] PluginManage:310 - Check plugin analytics
2024-05-25 07:01:44,159 [INFO] AnalyticsPlugin:253 - Accepted Software Licenses: 
2024-05-25 07:01:44,159 [INFO] AnalyticsPlugin:255 - Accepted CMSIS Pack Licenses: 
2024-05-25 07:01:44,160 [INFO] AnalyticsPlugin:257 - Accepted Firmware Licenses: 
2024-05-25 07:01:44,160 [INFO] PluginManage:359 - Loaded plugin analytics (category:tool,tabindex:-1)
2024-05-25 07:01:44,161 [INFO] PluginManage:310 - Check plugin cadmodel
2024-05-25 07:01:44,164 [ERROR] ConfigurationRetriever:142 - IOException on connection: sw-center.st.com
2024-05-25 07:01:44,165 [ERROR] ConfigurationRetriever:142 - IOException on connection: sw-center.st.com
2024-05-25 07:01:44,166 [ERROR] ConfigurationRetriever:142 - IOException on connection: sw-center.st.com
2024-05-25 07:01:44,182 [INFO] CADModel:105 - Init CAD model plugin
2024-05-25 07:01:44,182 [INFO] PluginManage:359 - Loaded plugin cadmodel (category:power,tabindex:5)
2024-05-25 07:01:44,183 [INFO] PluginManage:310 - Check plugin clock
2024-05-25 07:01:44,214 [INFO] PluginManage:359 - Loaded plugin clock (category:base,tabindex:2)
2024-05-25 07:01:44,214 [INFO] PluginManage:310 - Check plugin ddr
2024-05-25 07:01:44,218 [INFO] PluginManage:359 - Loaded plugin ddr (category:tool,tabindex:6)
2024-05-25 07:01:44,218 [INFO] PluginManage:310 - Check plugin filemanager
2024-05-25 07:01:44,432 [INFO] PluginManage:359 - Loaded plugin filemanager (category:base,tabindex:10)
2024-05-25 07:01:44,433 [INFO] PluginManage:310 - Check plugin ipmanager
2024-05-25 07:01:44,443 [INFO] PluginManage:359 - Loaded plugin ipmanager (category:base,tabindex:5)
2024-05-25 07:01:44,443 [INFO] PluginManage:310 - Check plugin lpbam
2024-05-25 07:01:44,485 [INFO] PluginManage:359 - Loaded plugin lpbam (category:base,tabindex:0)
2024-05-25 07:01:44,486 [INFO] PluginManage:310 - Check plugin memorymap
2024-05-25 07:01:44,553 [INFO] PluginManage:359 - Loaded plugin memorymap (category:base,tabindex:4)
2024-05-25 07:01:44,554 [INFO] PluginManage:310 - Check plugin pinoutandconfiguration
2024-05-25 07:01:44,601 [INFO] PluginManage:359 - Loaded plugin pinoutandconfiguration (category:base,tabindex:1)
2024-05-25 07:01:44,602 [INFO] PluginManage:310 - Check plugin pinoutconfig
2024-05-25 07:01:44,848 [WARN] SupportedApi:132 - Cannot load RTOS API schema: s4s-elt-must-match.1: The content of 'definitions' must match (annotation?, (simpleType | complexType)?, (unique | key | keyref)*)). A problem was found starting at: attribute.
2024-05-25 07:01:45,083 [INFO] PluginManage:359 - Loaded plugin pinoutconfig (category:base,tabindex:0)
2024-05-25 07:01:45,083 [INFO] PluginManage:310 - Check plugin power
2024-05-25 07:01:45,107 [INFO] PluginManage:359 - Loaded plugin power (category:power,tabindex:4)
2024-05-25 07:01:45,107 [INFO] PluginManage:310 - Check plugin projectmanager
2024-05-25 07:01:45,130 [INFO] PluginManage:359 - Loaded plugin projectmanager (category:projectmanager,tabindex:3)
2024-05-25 07:01:45,130 [INFO] PluginManage:310 - Check plugin thirdparty
2024-05-25 07:01:45,516 [INFO] PluginManage:359 - Loaded plugin thirdparty (category:base,tabindex:-1)
2024-05-25 07:01:45,516 [INFO] PluginManage:310 - Check plugin tools
2024-05-25 07:01:45,516 [WARN] IntegrityCheckThread:84 - waiting for thirdparty lock release [integrity check]
2024-05-25 07:01:45,516 [INFO] IntegrityCheckThread:86 - entering critical section [integrity check]
2024-05-25 07:01:45,517 [INFO] ThirdPartyUpdaterWithRetryManager:70 - Updater plugin not ready yet. [1/15]
2024-05-25 07:01:45,569 [INFO] PluginManage:359 - Loaded plugin tools (category:base,tabindex:7)
2024-05-25 07:01:45,569 [INFO] PluginManage:310 - Check plugin tutovideos
2024-05-25 07:01:45,874 [INFO] PluginManage:359 - Loaded plugin tutovideos (category:base,tabindex:-1)
2024-05-25 07:01:45,874 [INFO] PluginManage:310 - Check plugin updater
2024-05-25 07:01:45,889 [INFO] PluginManage:359 - Loaded plugin updater (category:base,tabindex:12)
2024-05-25 07:01:45,889 [INFO] PluginManage:310 - Check plugin userauth
2024-05-25 07:01:45,898 [INFO] UserAuth:114 - Init User Auth plugin
2024-05-25 07:01:45,898 [INFO] PluginManage:359 - Loaded plugin userauth (category:base,tabindex:14)
2024-05-25 07:01:45,899 [INFO] PluginManage:283 - PluginManage : Loaded plugins [17]
2024-05-25 07:01:46,314 [INFO] PinOutPanel:1561 - setPackage(No Configuration,No Configuration)
2024-05-25 07:01:46,430 [INFO] CADModel:165 - CPN selected for project level
2024-05-25 07:01:46,430 [INFO] CADModel:114 - Register for checkConnection events
2024-05-25 07:01:46,468 [INFO] IPUIPlugin:80 - create IPUIPlugin
2024-05-25 07:01:46,468 [INFO] PluginManager:220 - loadIPPluginJar : add adc
2024-05-25 07:01:46,540 [INFO] IPUIPlugin:80 - create IPUIPlugin
2024-05-25 07:01:46,540 [INFO] PluginManager:220 - loadIPPluginJar : add aes
2024-05-25 07:01:46,613 [INFO] IPUIPlugin:80 - create IPUIPlugin
2024-05-25 07:01:46,613 [INFO] PluginManager:220 - loadIPPluginJar : add can
2024-05-25 07:01:46,644 [INFO] IPUIPlugin:80 - create IPUIPlugin
2024-05-25 07:01:46,644 [INFO] PluginManager:220 - loadIPPluginJar : add comp
2024-05-25 07:01:46,689 [INFO] IPUIPlugin:80 - create IPUIPlugin
2024-05-25 07:01:46,689 [INFO] PluginManager:220 - loadIPPluginJar : add cryp
2024-05-25 07:01:46,729 [INFO] IPUIPlugin:80 - create IPUIPlugin
2024-05-25 07:01:46,729 [INFO] PluginManager:220 - loadIPPluginJar : add dfsdm
2024-05-25 07:01:46,749 [INFO] IPUIPlugin:80 - create IPUIPlugin
2024-05-25 07:01:46,749 [INFO] PluginManager:220 - loadIPPluginJar : add dma
2024-05-25 07:01:46,808 [INFO] IPUIPlugin:80 - create IPUIPlugin
2024-05-25 07:01:46,809 [INFO] PluginManager:220 - loadIPPluginJar : add dma3
2024-05-25 07:01:46,870 [INFO] IPUIPlugin:80 - create IPUIPlugin
2024-05-25 07:01:46,871 [INFO] PluginManager:220 - loadIPPluginJar : add extmemmanager
2024-05-25 07:01:46,900 [INFO] IPUIPlugin:80 - create IPUIPlugin
2024-05-25 07:01:46,900 [INFO] PluginManager:220 - loadIPPluginJar : add fatfs
2024-05-25 07:01:46,970 [INFO] IPUIPlugin:80 - create IPUIPlugin
2024-05-25 07:01:46,970 [INFO] PluginManager:220 - loadIPPluginJar : add fmc
2024-05-25 07:01:46,993 [INFO] IPUIPlugin:80 - create IPUIPlugin
2024-05-25 07:01:46,994 [INFO] PluginManager:220 - loadIPPluginJar : add freertos
2024-05-25 07:01:47,036 [INFO] IPUIPlugin:80 - create IPUIPlugin
2024-05-25 07:01:47,036 [INFO] PluginManager:220 - loadIPPluginJar : add genericplugin
2024-05-25 07:01:47,205 [INFO] IPUIPlugin:80 - create IPUIPlugin
2024-05-25 07:01:47,205 [INFO] PluginManager:220 - loadIPPluginJar : add gfxmmu
2024-05-25 07:01:47,503 [INFO] IPUIPlugin:80 - create IPUIPlugin
2024-05-25 07:01:47,504 [INFO] PluginManager:220 - loadIPPluginJar : add gic
2024-05-25 07:01:47,536 [INFO] IPUIPlugin:80 - create IPUIPlugin
2024-05-25 07:01:47,536 [INFO] PluginManager:220 - loadIPPluginJar : add gpio
2024-05-25 07:01:47,665 [INFO] IPUIPlugin:80 - create IPUIPlugin
2024-05-25 07:01:47,665 [INFO] PluginManager:220 - loadIPPluginJar : add gtzc
2024-05-25 07:01:47,730 [INFO] IPUIPlugin:80 - create IPUIPlugin
2024-05-25 07:01:47,730 [INFO] PluginManager:220 - loadIPPluginJar : add hash
2024-05-25 07:01:47,802 [INFO] IPUIPlugin:80 - create IPUIPlugin
2024-05-25 07:01:47,802 [INFO] PluginManager:220 - loadIPPluginJar : add i2c
2024-05-25 07:01:47,880 [INFO] IPUIPlugin:80 - create IPUIPlugin
2024-05-25 07:01:47,881 [INFO] PluginManager:220 - loadIPPluginJar : add i2s
2024-05-25 07:01:47,982 [INFO] IPUIPlugin:80 - create IPUIPlugin
2024-05-25 07:01:47,982 [INFO] PluginManager:220 - loadIPPluginJar : add i3c
2024-05-25 07:01:48,183 [INFO] IPUIPlugin:80 - create IPUIPlugin
2024-05-25 07:01:48,184 [INFO] PluginManager:220 - loadIPPluginJar : add ipddr
2024-05-25 07:01:48,318 [INFO] IPUIPlugin:80 - create IPUIPlugin
2024-05-25 07:01:48,318 [INFO] PluginManager:220 - loadIPPluginJar : add linkedlist
2024-05-25 07:01:48,372 [INFO] IPUIPlugin:80 - create IPUIPlugin
2024-05-25 07:01:48,373 [INFO] PluginManager:220 - loadIPPluginJar : add lorawan
2024-05-25 07:01:48,447 [INFO] IPUIPlugin:80 - create IPUIPlugin
2024-05-25 07:01:48,448 [INFO] PluginManager:220 - loadIPPluginJar : add ltdc
2024-05-25 07:01:48,475 [INFO] IPUIPlugin:80 - create IPUIPlugin
2024-05-25 07:01:48,476 [INFO] PluginManager:220 - loadIPPluginJar : add mdma
2024-05-25 07:01:48,499 [INFO] IPUIPlugin:80 - create IPUIPlugin
2024-05-25 07:01:48,499 [INFO] PluginManager:220 - loadIPPluginJar : add nvic
2024-05-25 07:01:48,519 [INFO] ThirdPartyUpdaterWithRetryManager:70 - Updater plugin not ready yet. [2/15]
2024-05-25 07:01:48,574 [INFO] IPUIPlugin:80 - create IPUIPlugin
2024-05-25 07:01:48,575 [INFO] PluginManager:220 - loadIPPluginJar : add opamp
2024-05-25 07:01:48,679 [INFO] IPUIPlugin:80 - create IPUIPlugin
2024-05-25 07:01:48,679 [INFO] PluginManager:220 - loadIPPluginJar : add openamp
2024-05-25 07:01:48,783 [INFO] IPUIPlugin:80 - create IPUIPlugin
2024-05-25 07:01:48,783 [INFO] PluginManager:220 - loadIPPluginJar : add pdm2pcm
2024-05-25 07:01:48,819 [INFO] IPUIPlugin:80 - create IPUIPlugin
2024-05-25 07:01:48,825 [INFO] PluginManager:220 - loadIPPluginJar : add plateformsettings
2024-05-25 07:01:48,885 [INFO] IPUIPlugin:80 - create IPUIPlugin
2024-05-25 07:01:48,885 [INFO] PluginManager:220 - loadIPPluginJar : add quadspi
2024-05-25 07:01:48,918 [INFO] IPUIPlugin:80 - create IPUIPlugin
2024-05-25 07:01:48,918 [INFO] PluginManager:220 - loadIPPluginJar : add resmgrutility
2024-05-25 07:01:49,043 [INFO] IPUIPlugin:80 - create IPUIPlugin
2024-05-25 07:01:49,043 [INFO] PluginManager:220 - loadIPPluginJar : add sai
2024-05-25 07:01:49,110 [INFO] IPUIPlugin:80 - create IPUIPlugin
2024-05-25 07:01:49,110 [INFO] PluginManager:220 - loadIPPluginJar : add spi
2024-05-25 07:01:49,208 [INFO] IPUIPlugin:80 - create IPUIPlugin
2024-05-25 07:01:49,208 [INFO] PluginManager:220 - loadIPPluginJar : add stm32_wpan
2024-05-25 07:01:49,238 [INFO] IPUIPlugin:80 - create IPUIPlugin
2024-05-25 07:01:49,239 [INFO] PluginManager:220 - loadIPPluginJar : add tim
2024-05-25 07:01:49,349 [INFO] IPUIPlugin:80 - create IPUIPlugin
2024-05-25 07:01:49,349 [INFO] PluginManager:220 - loadIPPluginJar : add touchsensing
2024-05-25 07:01:49,415 [INFO] IPUIPlugin:80 - create IPUIPlugin
2024-05-25 07:01:49,415 [INFO] PluginManager:220 - loadIPPluginJar : add tracer_emb
2024-05-25 07:01:49,454 [INFO] IPUIPlugin:80 - create IPUIPlugin
2024-05-25 07:01:49,454 [INFO] PluginManager:220 - loadIPPluginJar : add ts
2024-05-25 07:01:49,487 [INFO] IPUIPlugin:80 - create IPUIPlugin
2024-05-25 07:01:49,487 [INFO] PluginManager:220 - loadIPPluginJar : add tsc
2024-05-25 07:01:49,526 [INFO] IPUIPlugin:80 - create IPUIPlugin
2024-05-25 07:01:49,526 [INFO] PluginManager:220 - loadIPPluginJar : add ucpd
2024-05-25 07:01:49,599 [INFO] IPUIPlugin:80 - create IPUIPlugin
2024-05-25 07:01:49,599 [INFO] PluginManager:220 - loadIPPluginJar : add usart
2024-05-25 07:01:49,689 [INFO] IPUIPlugin:80 - create IPUIPlugin
2024-05-25 07:01:49,690 [INFO] PluginManager:220 - loadIPPluginJar : add usbx
2024-05-25 07:01:49,907 [INFO] CADModel:165 - CPN selected for project level
2024-05-25 07:01:49,907 [INFO] CADModel:114 - Register for checkConnection events
2024-05-25 07:01:49,908 [FATAL] Updater:308 - Updater called before beeing initialized
2024-05-25 07:01:49,908 [ERROR] CADModel:125 - Updater not yet initialized, retry later 
2024-05-25 07:01:50,320 [INFO] CADModel:165 - CPN selected for project level
2024-05-25 07:01:50,320 [INFO] CADModel:114 - Register for checkConnection events
2024-05-25 07:01:50,320 [FATAL] Updater:308 - Updater called before beeing initialized
2024-05-25 07:01:50,320 [ERROR] CADModel:125 - Updater not yet initialized, retry later 
2024-05-25 07:01:50,327 [FATAL] Updater:308 - Updater called before beeing initialized
2024-05-25 07:01:50,508 [FATAL] Updater:308 - Updater called before beeing initialized
2024-05-25 07:01:50,523 [INFO] DbMcusAds:53 - JSON generation date=Thu May 16 10:22:00 WAT 2024 (1715851320852)
2024-05-25 07:01:50,523 [FATAL] Updater:308 - Updater called before beeing initialized
2024-05-25 07:01:50,715 [WARN] DetailPanel:346 - Failed to get advertising image, set to default
2024-05-25 07:01:50,897 [FATAL] Updater:308 - Updater called before beeing initialized
2024-05-25 07:01:50,929 [FATAL] Updater:308 - Updater called before beeing initialized
2024-05-25 07:01:50,930 [FATAL] Updater:308 - Updater called before beeing initialized
2024-05-25 07:01:50,930 [WARN] DetailPanel:346 - Failed to get advertising image, set to default
2024-05-25 07:01:50,931 [FATAL] Updater:308 - Updater called before beeing initialized
2024-05-25 07:01:51,068 [ERROR] Updater:1120 - MainUpdater not yet initialized. External WinMGr cannot be set.
2024-05-25 07:01:51,083 [INFO] Updater:1056 - Updater Version found : 6.11.0
2024-05-25 07:01:51,108 [INFO] ApplicationProperties:184 - Using Application install path: C:\ST\STM32CubeIDE_1.15.0\STM32CubeIDE\plugins\com.st.stm32cube.common.mx_6.11.0.202403141607
2024-05-25 07:01:51,520 [INFO] ThirdPartyUpdaterWithRetryManager:70 - Updater plugin not ready yet. [3/15]
2024-05-25 07:01:52,704 [ERROR] LogOutputStream:75 - [STDERR_REDIRECT] May 25, 2024 7:01:52 AM java.util.prefs.WindowsPreferences <init>
2024-05-25 07:01:52,706 [ERROR] LogOutputStream:75 - [STDERR_REDIRECT] WARNING: Could not open/create prefs root node Software\JavaSoft\Prefs at root 0xffffffff80000002. Windows RegCreateKeyEx(...) returned error code 5.
2024-05-25 07:01:52,706 [ERROR] LogOutputStream:75 - [STDERR_REDIRECT] 
2024-05-25 07:01:53,095 [INFO] MainUpdater:2873 - connection check result : 22
2024-05-25 07:01:53,096 [INFO] MainUpdater:290 - Updater Check For Update Now.
2024-05-25 07:01:53,096 [INFO] MicroXplorer:498 - Change Database Version : DB.6.0.110
2024-05-25 07:01:53,121 [INFO] McuFinderGlobals:63 - Set McuFinder mode to 2 (CubeIDE integrated)
2024-05-25 07:01:53,145 [INFO] UserAuth:415 - Internet connection configuration mode: 2
2024-05-25 07:01:53,375 [INFO] CheckServerUpdateThread:120 - End of CheckServer Thread
2024-05-25 07:01:54,822 [WARN] PackLoader:240 - Cannot read IP mode file for STMicroelectronics.FP-SNS-MOTENVWB1.1.4.0
2024-05-25 07:01:54,848 [WARN] PackLoader:240 - Cannot read IP mode file for STMicroelectronics.X-CUBE-SMBUS.2.1.0
2024-05-25 07:01:54,868 [WARN] PackLoader:240 - Cannot read IP mode file for STMicroelectronics.X-CUBE-TOUCHGFX.4.23.2
2024-05-25 07:01:54,932 [WARN] PackLoader:240 - Cannot read IP mode file for STMicroelectronics.X-CUBE-AZRTOS-F7.1.1.0
2024-05-25 07:01:54,956 [WARN] PackLoader:240 - Cannot read IP mode file for STMicroelectronics.FP-SNS-FLIGHT1.5.0.2
2024-05-25 07:01:54,979 [WARN] PackLoader:240 - Cannot read IP mode file for STMicroelectronics.X-CUBE-DISPLAY.3.0.0
2024-05-25 07:01:55,006 [WARN] PackLoader:240 - Cannot read IP mode file for STMicroelectronics.X-CUBE-BLE1.7.0.0
2024-05-25 07:01:55,024 [WARN] PackLoader:240 - Cannot read IP mode file for emotas.I-CUBE-CANOPEN.1.3.0
2024-05-25 07:01:55,046 [WARN] PackLoader:240 - Cannot read IP mode file for STMicroelectronics.X-CUBE-BLEMGR.3.1.0
2024-05-25 07:01:55,067 [WARN] PackLoader:240 - Cannot read IP mode file for STMicroelectronics.FP-SNS-SMARTAG2.1.2.0
2024-05-25 07:01:55,093 [INFO] LogOutputStream:77 - [STDOUT_REDIRECT] 1 : Invalid condition id : UX_CORESTACK_Condition cause : null
2024-05-25 07:01:55,094 [INFO] LogOutputStream:77 - [STDOUT_REDIRECT] 1 : Invalid condition id : UX_CORESTACK_Condition cause : null
2024-05-25 07:01:55,098 [INFO] LogOutputStream:77 - [STDOUT_REDIRECT] 1 : Invalid condition id : UX_CORESTACK_Condition cause : null
2024-05-25 07:01:55,100 [INFO] LogOutputStream:77 - [STDOUT_REDIRECT] 1 : Invalid condition id : UX_CORESTACK_Condition cause : null
2024-05-25 07:01:55,101 [INFO] LogOutputStream:77 - [STDOUT_REDIRECT] 1 : Invalid condition id : UX_CORESTACK_Condition cause : null
2024-05-25 07:01:55,109 [WARN] PackLoader:240 - Cannot read IP mode file for STMicroelectronics.X-CUBE-AZRTOS-WL.2.0.0
2024-05-25 07:01:55,128 [WARN] PackLoader:240 - Cannot read IP mode file for STMicroelectronics.FP-SNS-MOTENV1.5.0.0
2024-05-25 07:01:55,151 [WARN] PackLoader:240 - Cannot read IP mode file for WES.I-CUBE-Cesium.1.3.0
2024-05-25 07:01:55,168 [WARN] PackLoader:240 - Cannot read IP mode file for STMicroelectronics.X-CUBE-BLE2.3.3.0
2024-05-25 07:01:55,188 [WARN] PackLoader:240 - Cannot read IP mode file for STMicroelectronics.X-CUBE-TCPP.4.1.0
2024-05-25 07:01:55,209 [WARN] PackLoader:240 - Cannot read IP mode file for STMicroelectronics.X-CUBE-ALGOBUILD.1.3.0
2024-05-25 07:01:55,249 [WARN] PackLoader:240 - Cannot read IP mode file for STMicroelectronics.X-CUBE-AZRTOS-G0.1.1.0
2024-05-25 07:01:55,269 [WARN] PackLoader:240 - Cannot read IP mode file for STMicroelectronics.X-CUBE-SAFEA1.1.2.2
2024-05-25 07:01:55,287 [WARN] PackLoader:240 - Cannot read IP mode file for STMicroelectronics.X-CUBE-NFC4.3.0.0
2024-05-25 07:01:55,304 [WARN] PackLoader:240 - Cannot read IP mode file for wolfSSL.I-CUBE-wolfSSL.5.7.0
2024-05-25 07:01:55,320 [WARN] PackLoader:240 - Cannot read IP mode file for STMicroelectronics.FP-ATR-SIGFOX1.3.2.0
2024-05-25 07:01:55,336 [WARN] PackLoader:240 - Cannot read IP mode file for STMicroelectronics.X-CUBE-EEPRMA1.5.1.0
2024-05-25 07:01:55,354 [WARN] PackLoader:240 - Cannot read IP mode file for ITTIA_DB.I-CUBE-ITTIADB.8.9.0
2024-05-25 07:01:55,450 [WARN] PackLoader:240 - Cannot read IP mode file for SEGGER.I-CUBE-embOS.1.3.1
2024-05-25 07:01:55,520 [WARN] PackLoader:240 - Cannot read IP mode file for STMicroelectronics.X-CUBE-ALGOBUILD.1.4.0
2024-05-25 07:01:55,542 [WARN] PackLoader:240 - Cannot read IP mode file for STMicroelectronics.X-CUBE-GNSS1.6.0.0
2024-05-25 07:01:55,607 [WARN] PackLoader:240 - Cannot read IP mode file for STMicroelectronics.X-CUBE-AZRTOS-F4.1.1.0
2024-05-25 07:01:55,635 [WARN] PackLoader:240 - Cannot read IP mode file for STMicroelectronics.X-CUBE-FREERTOS.1.2.0
2024-05-25 07:01:55,674 [WARN] PackLoader:240 - Cannot read IP mode file for STMicroelectronics.X-CUBE-AZRTOS-L5.2.0.0
2024-05-25 07:01:55,702 [WARN] PackLoader:240 - Cannot read IP mode file for STMicroelectronics.X-CUBE-NFC6.3.1.0
2024-05-25 07:01:55,719 [WARN] PackLoader:240 - Cannot read IP mode file for STMicroelectronics.X-CUBE-AI.9.0.0
2024-05-25 07:01:55,737 [WARN] PackLoader:240 - Cannot read IP mode file for STMicroelectronics.X-CUBE-NFC7.1.0.1
2024-05-25 07:01:55,773 [WARN] ConditionMgr:438 - getConditionDescription Invalid condition id : LAN8742 Phy interface Condition cause : null
2024-05-25 07:01:55,774 [WARN] PackLoader:240 - Cannot read IP mode file for STMicroelectronics.X-CUBE-AZRTOS-L4.2.0.0
2024-05-25 07:01:55,776 [WARN] ConditionMgr:1039 - genDependencies : Invalid condition id : LAN8742 Phy interface Condition cause : null
2024-05-25 07:01:55,776 [WARN] ConditionMgr:1039 - genDependencies : Invalid condition id : LAN8742 Phy interface Condition cause : null
2024-05-25 07:01:55,777 [WARN] ConditionMgr:1039 - genDependencies : Invalid condition id : LAN8742 Phy interface Condition cause : null
2024-05-25 07:01:55,797 [WARN] PackLoader:240 - Cannot read IP mode file for STMicroelectronics.X-CUBE-SFXS2LP1.4.0.0
2024-05-25 07:01:55,827 [WARN] ConditionMgr:438 - getConditionDescription Invalid condition id : UX DEVICE CLASS RTOS Condition cause : null
2024-05-25 07:01:55,827 [WARN] ConditionMgr:438 - getConditionDescription Invalid condition id : UX DEVICE CLASS RTOS Condition cause : null
2024-05-25 07:01:55,830 [WARN] PackLoader:240 - Cannot read IP mode file for STMicroelectronics.X-CUBE-AZRTOS-WB.2.0.0
2024-05-25 07:01:55,831 [WARN] ConditionMgr:1039 - genDependencies : Invalid condition id : UX DEVICE CLASS RTOS Condition cause : null
2024-05-25 07:01:55,831 [WARN] ConditionMgr:1039 - genDependencies : Invalid condition id : UX DEVICE CLASS RTOS Condition cause : null
2024-05-25 07:01:55,831 [WARN] ConditionMgr:1039 - genDependencies : Invalid condition id : UX DEVICE CLASS RTOS Condition cause : null
2024-05-25 07:01:55,832 [WARN] ConditionMgr:1039 - genDependencies : Invalid condition id : UX DEVICE CLASS RTOS Condition cause : null
2024-05-25 07:01:55,832 [WARN] ConditionMgr:1039 - genDependencies : Invalid condition id : UX DEVICE CLASS RTOS Condition cause : null
2024-05-25 07:01:55,855 [WARN] PackLoader:240 - Cannot read IP mode file for STMicroelectronics.X-CUBE-SUBG2.5.0.0
2024-05-25 07:01:55,874 [WARN] PackLoader:240 - Cannot read IP mode file for Cesanta.I-CUBE-Mongoose.7.13.0
2024-05-25 07:01:55,912 [WARN] PackLoader:240 - Cannot read IP mode file for STMicroelectronics.X-CUBE-AZRTOS-G4.2.0.0
2024-05-25 07:01:55,930 [WARN] PackLoader:240 - Cannot read IP mode file for STMicroelectronics.X-CUBE-ISPU.2.0.0
2024-05-25 07:01:55,946 [WARN] PackLoader:240 - Cannot read IP mode file for STMicroelectronics.X-CUBE-ALS.1.0.2
2024-05-25 07:01:56,021 [WARN] PackLoader:240 - Cannot read IP mode file for STMicroelectronics.X-CUBE-MEMS1.10.0.0
2024-05-25 07:01:56,149 [WARN] PackLoader:240 - Cannot read IP mode file for STMicroelectronics.X-CUBE-FREERTOS.1.1.0
2024-05-25 07:01:56,169 [WARN] PackLoader:240 - Cannot read IP mode file for portGmbH.I-Cube-SoM-uGOAL.1.1.0
2024-05-25 07:01:56,184 [WARN] PackLoader:240 - Cannot read IP mode file for STMicroelectronics.X-CUBE-ALS.1.0.1
2024-05-25 07:01:56,222 [WARN] PackLoader:240 - Cannot read IP mode file for STMicroelectronics.X-CUBE-AZRTOS-H7RS.1.0.0
2024-05-25 07:01:56,241 [WARN] PackLoader:240 - Cannot read IP mode file for STMicroelectronics.FP-ATR-ASTRA1.2.0.0
2024-05-25 07:01:56,266 [WARN] PackLoader:240 - Cannot read IP mode file for STMicroelectronics.X-CUBE-TOF1.3.4.1
2024-05-25 07:01:56,338 [WARN] PackLoader:240 - Cannot read IP mode file for STMicroelectronics.X-CUBE-AZRTOS-H7.3.2.0
2024-05-25 07:01:56,388 [WARN] PackLoader:240 - Cannot read IP mode file for Infineon.AIROC-Wi-Fi-Bluetooth-STM32.1.6.0
2024-05-25 07:01:56,396 [INFO] ThirdParty:978 - Integrity check success = true
2024-05-25 07:01:56,396 [INFO] IntegrityCheckThread:100 - exiting critical section [integrity check]
2024-05-25 07:01:56,396 [INFO] IntegrityCheckThread:103 - End integrity checks thread
2024-05-25 07:06:40,829 [ERROR] ConfigurationRetriever:142 - IOException on connection: sw-center.st.com
2024-05-25 07:06:40,832 [ERROR] ConfigurationRetriever:142 - IOException on connection: sw-center.st.com
2024-05-25 07:06:40,834 [ERROR] ConfigurationRetriever:142 - IOException on connection: sw-center.st.com
2024-05-25 07:06:41,902 [ERROR] LogOutputStream:75 - [STDERR_REDIRECT] 
2024-05-25 07:26:09,859 [INFO] Activator:176 - 


2024-05-25 07:26:09,861 [INFO] Activator:177 - !SESSION log4j initialized
2024-05-25 07:26:16,531 [INFO] LogOutputStream:77 - [STDOUT_REDIRECT] 
2024-05-25 07:26:17,128 [ERROR] ConfigurationRetriever:142 - IOException on connection: sw-center.st.com
2024-05-25 07:26:17,130 [ERROR] ConfigurationRetriever:142 - IOException on connection: sw-center.st.com
2024-05-25 07:26:17,131 [ERROR] ConfigurationRetriever:142 - IOException on connection: sw-center.st.com
2024-05-25 07:26:17,972 [INFO] ApplicationProperties:184 - Using Application install path: C:\ST\STM32CubeIDE_1.15.0\STM32CubeIDE\plugins\com.st.stm32cube.common.mx_6.11.0.202403141607
2024-05-25 07:26:18,017 [INFO] DbMcusXml:78 - Set database path to: C:\ST\STM32CubeIDE_1.15.0\STM32CubeIDE\plugins\com.st.stm32cube.common.mx_6.11.0.202403141607\\db\/mcu/
2024-05-25 07:26:18,023 [INFO] ApiDb:274 - Set plugin database path to: C:\ST\STM32CubeIDE_1.15.0\STM32CubeIDE\plugins\com.st.stm32cube.common.mx_6.11.0.202403141607\\db\/plugins/boardmanager/
2024-05-25 07:26:18,023 [WARN] ApiDb:259 - Overriding images path with different value:  => C:\ST\STM32CubeIDE_1.15.0\STM32CubeIDE\plugins\com.st.stm32cube.common.mx_6.11.0.202403141607\\db\/plugins/mcufinder/images/
2024-05-25 07:26:18,043 [INFO] ApiDb:250 - Set database path to: C:\Users\User\.stmcufinder\plugins\mcufinder//mcu/
2024-05-25 07:26:18,046 [INFO] DbMcusAds:125 - Set database path to: C:\Users\User\.stmcufinder\plugins\mcufinder//mcu/
2024-05-25 07:26:18,053 [INFO] CrossReferenceDbSqlite:203 - Set database path to: C:\Users\User\.stmcufinder\plugins\mcufinder//mcu/cs/
2024-05-25 07:26:18,253 [INFO] RulesReader:64 - Compatibility file has been processed (297 Rules)
2024-05-25 07:26:18,366 [INFO] DbMcusXml:78 - Set database path to: C:\ST\STM32CubeIDE_1.15.0\STM32CubeIDE\plugins\com.st.stm32cube.common.mx_6.11.0.202403141607\\db\/mcu/
2024-05-25 07:26:18,366 [INFO] ApiDb:274 - Set plugin database path to: C:\ST\STM32CubeIDE_1.15.0\STM32CubeIDE\plugins\com.st.stm32cube.common.mx_6.11.0.202403141607\\db\/plugins/boardmanager/
2024-05-25 07:26:18,367 [INFO] ApiDb:261 - Set plugin images path to: C:\ST\STM32CubeIDE_1.15.0\STM32CubeIDE\plugins\com.st.stm32cube.common.mx_6.11.0.202403141607\\db\/plugins/mcufinder/images/
2024-05-25 07:26:18,367 [WARN] DbFile:41 - Overriding database path with different value: C:\Users\User\.stmcufinder\plugins\mcufinder/ => C:\Users\User\.stmcufinder\plugins\mcufinder
2024-05-25 07:26:18,367 [INFO] ApiDb:250 - Set database path to: C:\Users\User\.stmcufinder\plugins\mcufinder//mcu/
2024-05-25 07:26:18,367 [WARN] DbFile:41 - Overriding database path with different value: C:\Users\User\.stmcufinder\plugins\mcufinder/ => C:\Users\User\.stmcufinder\plugins\mcufinder
2024-05-25 07:26:18,367 [INFO] DbMcusAds:125 - Set database path to: C:\Users\User\.stmcufinder\plugins\mcufinder//mcu/
2024-05-25 07:26:18,368 [WARN] DbFile:41 - Overriding database path with different value: C:\Users\User\.stmcufinder\plugins\mcufinder/ => C:\Users\User\.stmcufinder\plugins\mcufinder
2024-05-25 07:26:18,368 [WARN] DbFile:41 - Overriding database path with different value: C:\Users\User\.stmcufinder\plugins\mcufinder/ => C:\Users\User\.stmcufinder\plugins\mcufinder
2024-05-25 07:26:18,368 [INFO] CrossReferenceDbSqlite:203 - Set database path to: C:\Users\User\.stmcufinder\plugins\mcufinder//mcu/cs/
2024-05-25 07:26:18,484 [INFO] MainPanel:264 - HeapMemory: 268435456
2024-05-25 07:26:18,588 [INFO] DbMcusXml:78 - Set database path to: C:\ST\STM32CubeIDE_1.15.0\STM32CubeIDE\plugins\com.st.stm32cube.common.mx_6.11.0.202403141607\\db\/mcu/
2024-05-25 07:26:18,589 [INFO] ApiDb:274 - Set plugin database path to: C:\ST\STM32CubeIDE_1.15.0\STM32CubeIDE\plugins\com.st.stm32cube.common.mx_6.11.0.202403141607\\db\/plugins/boardmanager/
2024-05-25 07:26:18,589 [INFO] ApiDb:261 - Set plugin images path to: C:\ST\STM32CubeIDE_1.15.0\STM32CubeIDE\plugins\com.st.stm32cube.common.mx_6.11.0.202403141607\\db\/plugins/mcufinder/images/
2024-05-25 07:26:18,591 [WARN] DbFile:41 - Overriding database path with different value: C:\Users\User\.stmcufinder\plugins\mcufinder/ => C:\Users\User\.stmcufinder\plugins\mcufinder
2024-05-25 07:26:18,591 [INFO] ApiDb:250 - Set database path to: C:\Users\User\.stmcufinder\plugins\mcufinder//mcu/
2024-05-25 07:26:18,592 [WARN] DbFile:41 - Overriding database path with different value: C:\Users\User\.stmcufinder\plugins\mcufinder/ => C:\Users\User\.stmcufinder\plugins\mcufinder
2024-05-25 07:26:18,592 [INFO] DbMcusAds:125 - Set database path to: C:\Users\User\.stmcufinder\plugins\mcufinder//mcu/
2024-05-25 07:26:18,592 [WARN] DbFile:41 - Overriding database path with different value: C:\Users\User\.stmcufinder\plugins\mcufinder/ => C:\Users\User\.stmcufinder\plugins\mcufinder
2024-05-25 07:26:18,592 [WARN] DbFile:41 - Overriding database path with different value: C:\Users\User\.stmcufinder\plugins\mcufinder/ => C:\Users\User\.stmcufinder\plugins\mcufinder
2024-05-25 07:26:18,592 [INFO] CrossReferenceDbSqlite:203 - Set database path to: C:\Users\User\.stmcufinder\plugins\mcufinder//mcu/cs/
2024-05-25 07:26:18,619 [INFO] ApplicationProperties:184 - Using Application install path: C:\ST\STM32CubeIDE_1.15.0\STM32CubeIDE\plugins\com.st.stm32cube.common.mx_6.11.0.202403141607
2024-05-25 07:26:18,621 [INFO] PluginManage:196 - Search for loadable plugins [exclusion list=, ]
2024-05-25 07:26:18,622 [INFO] PluginManage:310 - Check plugin analytics
2024-05-25 07:26:18,948 [INFO] AnalyticsPlugin:253 - Accepted Software Licenses: 
2024-05-25 07:26:18,949 [INFO] AnalyticsPlugin:255 - Accepted CMSIS Pack Licenses: 
2024-05-25 07:26:18,949 [INFO] AnalyticsPlugin:257 - Accepted Firmware Licenses: 
2024-05-25 07:26:18,955 [INFO] PluginManage:359 - Loaded plugin analytics (category:tool,tabindex:-1)
2024-05-25 07:26:18,955 [ERROR] ConfigurationRetriever:142 - IOException on connection: sw-center.st.com
2024-05-25 07:26:18,955 [INFO] PluginManage:310 - Check plugin cadmodel
2024-05-25 07:26:18,956 [ERROR] ConfigurationRetriever:142 - IOException on connection: sw-center.st.com
2024-05-25 07:26:18,958 [ERROR] ConfigurationRetriever:142 - IOException on connection: sw-center.st.com
2024-05-25 07:26:18,963 [INFO] CADModel:105 - Init CAD model plugin
2024-05-25 07:26:18,964 [INFO] PluginManage:359 - Loaded plugin cadmodel (category:power,tabindex:5)
2024-05-25 07:26:18,964 [INFO] PluginManage:310 - Check plugin clock
2024-05-25 07:26:18,982 [INFO] PluginManage:359 - Loaded plugin clock (category:base,tabindex:2)
2024-05-25 07:26:18,983 [INFO] PluginManage:310 - Check plugin ddr
2024-05-25 07:26:18,986 [INFO] PluginManage:359 - Loaded plugin ddr (category:tool,tabindex:6)
2024-05-25 07:26:18,987 [INFO] PluginManage:310 - Check plugin filemanager
2024-05-25 07:26:19,245 [INFO] PluginManage:359 - Loaded plugin filemanager (category:base,tabindex:10)
2024-05-25 07:26:19,246 [INFO] PluginManage:310 - Check plugin ipmanager
2024-05-25 07:26:19,259 [INFO] PluginManage:359 - Loaded plugin ipmanager (category:base,tabindex:5)
2024-05-25 07:26:19,259 [INFO] PluginManage:310 - Check plugin lpbam
2024-05-25 07:26:19,273 [INFO] PluginManage:359 - Loaded plugin lpbam (category:base,tabindex:0)
2024-05-25 07:26:19,273 [INFO] PluginManage:310 - Check plugin memorymap
2024-05-25 07:26:19,291 [INFO] PluginManage:359 - Loaded plugin memorymap (category:base,tabindex:4)
2024-05-25 07:26:19,291 [INFO] PluginManage:310 - Check plugin pinoutandconfiguration
2024-05-25 07:26:19,301 [INFO] PluginManage:359 - Loaded plugin pinoutandconfiguration (category:base,tabindex:1)
2024-05-25 07:26:19,302 [INFO] PluginManage:310 - Check plugin pinoutconfig
2024-05-25 07:26:19,489 [WARN] SupportedApi:132 - Cannot load RTOS API schema: s4s-elt-must-match.1: The content of 'definitions' must match (annotation?, (simpleType | complexType)?, (unique | key | keyref)*)). A problem was found starting at: attribute.
2024-05-25 07:26:19,758 [INFO] PluginManage:359 - Loaded plugin pinoutconfig (category:base,tabindex:0)
2024-05-25 07:26:19,759 [INFO] PluginManage:310 - Check plugin power
2024-05-25 07:26:19,773 [INFO] PluginManage:359 - Loaded plugin power (category:power,tabindex:4)
2024-05-25 07:26:19,773 [INFO] PluginManage:310 - Check plugin projectmanager
2024-05-25 07:26:19,803 [INFO] PluginManage:359 - Loaded plugin projectmanager (category:projectmanager,tabindex:3)
2024-05-25 07:26:19,803 [INFO] PluginManage:310 - Check plugin thirdparty
2024-05-25 07:26:20,026 [WARN] IntegrityCheckThread:84 - waiting for thirdparty lock release [integrity check]
2024-05-25 07:26:20,026 [INFO] IntegrityCheckThread:86 - entering critical section [integrity check]
2024-05-25 07:26:20,026 [INFO] PluginManage:359 - Loaded plugin thirdparty (category:base,tabindex:-1)
2024-05-25 07:26:20,026 [INFO] PluginManage:310 - Check plugin tools
2024-05-25 07:26:20,026 [INFO] ThirdPartyUpdaterWithRetryManager:70 - Updater plugin not ready yet. [1/15]
2024-05-25 07:26:20,030 [INFO] PluginManage:359 - Loaded plugin tools (category:base,tabindex:7)
2024-05-25 07:26:20,030 [INFO] PluginManage:310 - Check plugin tutovideos
2024-05-25 07:26:20,282 [INFO] PluginManage:359 - Loaded plugin tutovideos (category:base,tabindex:-1)
2024-05-25 07:26:20,282 [INFO] PluginManage:310 - Check plugin updater
2024-05-25 07:26:20,296 [INFO] PluginManage:359 - Loaded plugin updater (category:base,tabindex:12)
2024-05-25 07:26:20,296 [INFO] PluginManage:310 - Check plugin userauth
2024-05-25 07:26:20,304 [INFO] UserAuth:114 - Init User Auth plugin
2024-05-25 07:26:20,304 [INFO] PluginManage:359 - Loaded plugin userauth (category:base,tabindex:14)
2024-05-25 07:26:20,306 [INFO] PluginManage:283 - PluginManage : Loaded plugins [17]
2024-05-25 07:26:20,730 [INFO] PinOutPanel:1561 - setPackage(No Configuration,No Configuration)
2024-05-25 07:26:20,870 [INFO] CADModel:165 - CPN selected for project level
2024-05-25 07:26:20,870 [INFO] CADModel:114 - Register for checkConnection events
2024-05-25 07:26:20,902 [INFO] IPUIPlugin:80 - create IPUIPlugin
2024-05-25 07:26:20,902 [INFO] PluginManager:220 - loadIPPluginJar : add adc
2024-05-25 07:26:20,907 [INFO] IPUIPlugin:80 - create IPUIPlugin
2024-05-25 07:26:20,907 [INFO] PluginManager:220 - loadIPPluginJar : add aes
2024-05-25 07:26:20,912 [INFO] IPUIPlugin:80 - create IPUIPlugin
2024-05-25 07:26:20,912 [INFO] PluginManager:220 - loadIPPluginJar : add can
2024-05-25 07:26:20,914 [INFO] IPUIPlugin:80 - create IPUIPlugin
2024-05-25 07:26:20,915 [INFO] PluginManager:220 - loadIPPluginJar : add comp
2024-05-25 07:26:20,918 [INFO] IPUIPlugin:80 - create IPUIPlugin
2024-05-25 07:26:20,919 [INFO] PluginManager:220 - loadIPPluginJar : add cryp
2024-05-25 07:26:20,923 [INFO] IPUIPlugin:80 - create IPUIPlugin
2024-05-25 07:26:20,923 [INFO] PluginManager:220 - loadIPPluginJar : add dfsdm
2024-05-25 07:26:20,931 [INFO] IPUIPlugin:80 - create IPUIPlugin
2024-05-25 07:26:20,932 [INFO] PluginManager:220 - loadIPPluginJar : add dma
2024-05-25 07:26:20,937 [INFO] IPUIPlugin:80 - create IPUIPlugin
2024-05-25 07:26:20,937 [INFO] PluginManager:220 - loadIPPluginJar : add dma3
2024-05-25 07:26:20,943 [INFO] IPUIPlugin:80 - create IPUIPlugin
2024-05-25 07:26:20,943 [INFO] PluginManager:220 - loadIPPluginJar : add extmemmanager
2024-05-25 07:26:20,946 [INFO] IPUIPlugin:80 - create IPUIPlugin
2024-05-25 07:26:20,946 [INFO] PluginManager:220 - loadIPPluginJar : add fatfs
2024-05-25 07:26:20,955 [INFO] IPUIPlugin:80 - create IPUIPlugin
2024-05-25 07:26:20,955 [INFO] PluginManager:220 - loadIPPluginJar : add fmc
2024-05-25 07:26:20,966 [INFO] IPUIPlugin:80 - create IPUIPlugin
2024-05-25 07:26:20,967 [INFO] PluginManager:220 - loadIPPluginJar : add freertos
2024-05-25 07:26:20,969 [INFO] IPUIPlugin:80 - create IPUIPlugin
2024-05-25 07:26:20,970 [INFO] PluginManager:220 - loadIPPluginJar : add genericplugin
2024-05-25 07:26:20,973 [INFO] IPUIPlugin:80 - create IPUIPlugin
2024-05-25 07:26:20,974 [INFO] PluginManager:220 - loadIPPluginJar : add gfxmmu
2024-05-25 07:26:20,981 [INFO] IPUIPlugin:80 - create IPUIPlugin
2024-05-25 07:26:20,982 [INFO] PluginManager:220 - loadIPPluginJar : add gic
2024-05-25 07:26:20,989 [INFO] IPUIPlugin:80 - create IPUIPlugin
2024-05-25 07:26:20,990 [INFO] PluginManager:220 - loadIPPluginJar : add gpio
2024-05-25 07:26:20,995 [INFO] IPUIPlugin:80 - create IPUIPlugin
2024-05-25 07:26:20,995 [INFO] PluginManager:220 - loadIPPluginJar : add gtzc
2024-05-25 07:26:20,999 [INFO] IPUIPlugin:80 - create IPUIPlugin
2024-05-25 07:26:20,999 [INFO] PluginManager:220 - loadIPPluginJar : add hash
2024-05-25 07:26:21,005 [INFO] IPUIPlugin:80 - create IPUIPlugin
2024-05-25 07:26:21,005 [INFO] PluginManager:220 - loadIPPluginJar : add i2c
2024-05-25 07:26:21,010 [INFO] IPUIPlugin:80 - create IPUIPlugin
2024-05-25 07:26:21,011 [INFO] PluginManager:220 - loadIPPluginJar : add i2s
2024-05-25 07:26:21,016 [INFO] IPUIPlugin:80 - create IPUIPlugin
2024-05-25 07:26:21,016 [INFO] PluginManager:220 - loadIPPluginJar : add i3c
2024-05-25 07:26:21,023 [INFO] IPUIPlugin:80 - create IPUIPlugin
2024-05-25 07:26:21,023 [INFO] PluginManager:220 - loadIPPluginJar : add ipddr
2024-05-25 07:26:21,035 [INFO] IPUIPlugin:80 - create IPUIPlugin
2024-05-25 07:26:21,035 [INFO] PluginManager:220 - loadIPPluginJar : add linkedlist
2024-05-25 07:26:21,042 [INFO] IPUIPlugin:80 - create IPUIPlugin
2024-05-25 07:26:21,042 [INFO] PluginManager:220 - loadIPPluginJar : add lorawan
2024-05-25 07:26:21,045 [INFO] IPUIPlugin:80 - create IPUIPlugin
2024-05-25 07:26:21,046 [INFO] PluginManager:220 - loadIPPluginJar : add ltdc
2024-05-25 07:26:21,056 [INFO] IPUIPlugin:80 - create IPUIPlugin
2024-05-25 07:26:21,056 [INFO] PluginManager:220 - loadIPPluginJar : add mdma
2024-05-25 07:26:21,061 [INFO] IPUIPlugin:80 - create IPUIPlugin
2024-05-25 07:26:21,061 [INFO] PluginManager:220 - loadIPPluginJar : add nvic
2024-05-25 07:26:21,065 [INFO] IPUIPlugin:80 - create IPUIPlugin
2024-05-25 07:26:21,066 [INFO] PluginManager:220 - loadIPPluginJar : add opamp
2024-05-25 07:26:21,070 [INFO] IPUIPlugin:80 - create IPUIPlugin
2024-05-25 07:26:21,070 [INFO] PluginManager:220 - loadIPPluginJar : add openamp
2024-05-25 07:26:21,075 [INFO] IPUIPlugin:80 - create IPUIPlugin
2024-05-25 07:26:21,075 [INFO] PluginManager:220 - loadIPPluginJar : add pdm2pcm
2024-05-25 07:26:21,083 [INFO] IPUIPlugin:80 - create IPUIPlugin
2024-05-25 07:26:21,087 [INFO] PluginManager:220 - loadIPPluginJar : add plateformsettings
2024-05-25 07:26:21,091 [INFO] IPUIPlugin:80 - create IPUIPlugin
2024-05-25 07:26:21,091 [INFO] PluginManager:220 - loadIPPluginJar : add quadspi
2024-05-25 07:26:21,096 [INFO] IPUIPlugin:80 - create IPUIPlugin
2024-05-25 07:26:21,097 [INFO] PluginManager:220 - loadIPPluginJar : add resmgrutility
2024-05-25 07:26:21,102 [INFO] IPUIPlugin:80 - create IPUIPlugin
2024-05-25 07:26:21,102 [INFO] PluginManager:220 - loadIPPluginJar : add sai
2024-05-25 07:26:21,107 [INFO] IPUIPlugin:80 - create IPUIPlugin
2024-05-25 07:26:21,107 [INFO] PluginManager:220 - loadIPPluginJar : add spi
2024-05-25 07:26:21,114 [INFO] IPUIPlugin:80 - create IPUIPlugin
2024-05-25 07:26:21,114 [INFO] PluginManager:220 - loadIPPluginJar : add stm32_wpan
2024-05-25 07:26:21,117 [INFO] IPUIPlugin:80 - create IPUIPlugin
2024-05-25 07:26:21,117 [INFO] PluginManager:220 - loadIPPluginJar : add tim
2024-05-25 07:26:21,121 [INFO] IPUIPlugin:80 - create IPUIPlugin
2024-05-25 07:26:21,121 [INFO] PluginManager:220 - loadIPPluginJar : add touchsensing
2024-05-25 07:26:21,124 [INFO] IPUIPlugin:80 - create IPUIPlugin
2024-05-25 07:26:21,124 [INFO] PluginManager:220 - loadIPPluginJar : add tracer_emb
2024-05-25 07:26:21,127 [INFO] IPUIPlugin:80 - create IPUIPlugin
2024-05-25 07:26:21,127 [INFO] PluginManager:220 - loadIPPluginJar : add ts
2024-05-25 07:26:21,129 [INFO] IPUIPlugin:80 - create IPUIPlugin
2024-05-25 07:26:21,129 [INFO] PluginManager:220 - loadIPPluginJar : add tsc
2024-05-25 07:26:21,132 [INFO] IPUIPlugin:80 - create IPUIPlugin
2024-05-25 07:26:21,132 [INFO] PluginManager:220 - loadIPPluginJar : add ucpd
2024-05-25 07:26:21,137 [INFO] IPUIPlugin:80 - create IPUIPlugin
2024-05-25 07:26:21,137 [INFO] PluginManager:220 - loadIPPluginJar : add usart
2024-05-25 07:26:21,142 [INFO] IPUIPlugin:80 - create IPUIPlugin
2024-05-25 07:26:21,142 [INFO] PluginManager:220 - loadIPPluginJar : add usbx
2024-05-25 07:26:21,357 [INFO] CADModel:165 - CPN selected for project level
2024-05-25 07:26:21,357 [INFO] CADModel:114 - Register for checkConnection events
2024-05-25 07:26:21,357 [FATAL] Updater:308 - Updater called before beeing initialized
2024-05-25 07:26:21,357 [ERROR] CADModel:125 - Updater not yet initialized, retry later 
2024-05-25 07:26:21,603 [INFO] CADModel:165 - CPN selected for project level
2024-05-25 07:26:21,603 [INFO] CADModel:114 - Register for checkConnection events
2024-05-25 07:26:21,603 [FATAL] Updater:308 - Updater called before beeing initialized
2024-05-25 07:26:21,603 [ERROR] CADModel:125 - Updater not yet initialized, retry later 
2024-05-25 07:26:21,608 [FATAL] Updater:308 - Updater called before beeing initialized
2024-05-25 07:26:21,765 [FATAL] Updater:308 - Updater called before beeing initialized
2024-05-25 07:26:21,775 [INFO] DbMcusAds:53 - JSON generation date=Thu May 16 10:22:00 WAT 2024 (1715851320852)
2024-05-25 07:26:21,775 [FATAL] Updater:308 - Updater called before beeing initialized
2024-05-25 07:26:21,830 [WARN] DetailPanel:346 - Failed to get advertising image, set to default
2024-05-25 07:26:22,008 [FATAL] Updater:308 - Updater called before beeing initialized
2024-05-25 07:26:22,011 [FATAL] Updater:308 - Updater called before beeing initialized
2024-05-25 07:26:22,012 [FATAL] Updater:308 - Updater called before beeing initialized
2024-05-25 07:26:22,012 [WARN] DetailPanel:346 - Failed to get advertising image, set to default
2024-05-25 07:26:22,013 [FATAL] Updater:308 - Updater called before beeing initialized
2024-05-25 07:26:22,104 [ERROR] Updater:1120 - MainUpdater not yet initialized. External WinMGr cannot be set.
2024-05-25 07:26:22,106 [INFO] Updater:1056 - Updater Version found : 6.11.0
2024-05-25 07:26:22,140 [INFO] ApplicationProperties:184 - Using Application install path: C:\ST\STM32CubeIDE_1.15.0\STM32CubeIDE\plugins\com.st.stm32cube.common.mx_6.11.0.202403141607
2024-05-25 07:26:23,027 [INFO] ThirdPartyUpdaterWithRetryManager:70 - Updater plugin not ready yet. [2/15]
2024-05-25 07:26:23,735 [ERROR] LogOutputStream:75 - [STDERR_REDIRECT] May 25, 2024 7:26:23 AM java.util.prefs.WindowsPreferences <init>
2024-05-25 07:26:23,742 [ERROR] LogOutputStream:75 - [STDERR_REDIRECT] WARNING: Could not open/create prefs root node Software\JavaSoft\Prefs at root 0xffffffff80000002. Windows RegCreateKeyEx(...) returned error code 5.
2024-05-25 07:26:23,743 [ERROR] LogOutputStream:75 - [STDERR_REDIRECT] 
2024-05-25 07:26:24,158 [INFO] MainUpdater:2873 - connection check result : 22
2024-05-25 07:26:24,160 [INFO] MainUpdater:290 - Updater Check For Update Now.
2024-05-25 07:26:24,160 [INFO] MicroXplorer:498 - Change Database Version : DB.6.0.110
2024-05-25 07:26:24,174 [INFO] McuFinderGlobals:63 - Set McuFinder mode to 2 (CubeIDE integrated)
2024-05-25 07:26:24,184 [INFO] UserAuth:415 - Internet connection configuration mode: 2
2024-05-25 07:26:24,446 [INFO] CheckServerUpdateThread:120 - End of CheckServer Thread
2024-05-25 07:26:26,395 [WARN] PackLoader:240 - Cannot read IP mode file for STMicroelectronics.FP-SNS-MOTENVWB1.1.4.0
2024-05-25 07:26:26,414 [WARN] PackLoader:240 - Cannot read IP mode file for STMicroelectronics.X-CUBE-SMBUS.2.1.0
2024-05-25 07:26:26,429 [WARN] PackLoader:240 - Cannot read IP mode file for STMicroelectronics.X-CUBE-TOUCHGFX.4.23.2
2024-05-25 07:26:26,491 [WARN] PackLoader:240 - Cannot read IP mode file for STMicroelectronics.X-CUBE-AZRTOS-F7.1.1.0
2024-05-25 07:26:26,506 [WARN] PackLoader:240 - Cannot read IP mode file for STMicroelectronics.FP-SNS-FLIGHT1.5.0.2
2024-05-25 07:26:26,522 [WARN] PackLoader:240 - Cannot read IP mode file for STMicroelectronics.X-CUBE-DISPLAY.3.0.0
2024-05-25 07:26:26,543 [WARN] PackLoader:240 - Cannot read IP mode file for STMicroelectronics.X-CUBE-BLE1.7.0.0
2024-05-25 07:26:26,553 [WARN] PackLoader:240 - Cannot read IP mode file for emotas.I-CUBE-CANOPEN.1.3.0
2024-05-25 07:26:26,575 [WARN] PackLoader:240 - Cannot read IP mode file for STMicroelectronics.X-CUBE-BLEMGR.3.1.0
2024-05-25 07:26:26,584 [WARN] PackLoader:240 - Cannot read IP mode file for STMicroelectronics.FP-SNS-SMARTAG2.1.2.0
2024-05-25 07:26:26,599 [INFO] LogOutputStream:77 - [STDOUT_REDIRECT] 1 : Invalid condition id : UX_CORESTACK_Condition cause : null
2024-05-25 07:26:26,599 [INFO] LogOutputStream:77 - [STDOUT_REDIRECT] 1 : Invalid condition id : UX_CORESTACK_Condition cause : null
2024-05-25 07:26:26,603 [INFO] LogOutputStream:77 - [STDOUT_REDIRECT] 1 : Invalid condition id : UX_CORESTACK_Condition cause : null
2024-05-25 07:26:26,606 [INFO] LogOutputStream:77 - [STDOUT_REDIRECT] 1 : Invalid condition id : UX_CORESTACK_Condition cause : null
2024-05-25 07:26:26,608 [INFO] LogOutputStream:77 - [STDOUT_REDIRECT] 1 : Invalid condition id : UX_CORESTACK_Condition cause : null
2024-05-25 07:26:26,613 [WARN] PackLoader:240 - Cannot read IP mode file for STMicroelectronics.X-CUBE-AZRTOS-WL.2.0.0
2024-05-25 07:26:26,619 [WARN] PackLoader:240 - Cannot read IP mode file for STMicroelectronics.FP-SNS-MOTENV1.5.0.0
2024-05-25 07:26:26,633 [WARN] PackLoader:240 - Cannot read IP mode file for WES.I-CUBE-Cesium.1.3.0
2024-05-25 07:26:26,639 [WARN] PackLoader:240 - Cannot read IP mode file for STMicroelectronics.X-CUBE-BLE2.3.3.0
2024-05-25 07:26:26,649 [WARN] PackLoader:240 - Cannot read IP mode file for STMicroelectronics.X-CUBE-TCPP.4.1.0
2024-05-25 07:26:26,663 [WARN] PackLoader:240 - Cannot read IP mode file for STMicroelectronics.X-CUBE-ALGOBUILD.1.3.0
2024-05-25 07:26:26,688 [WARN] PackLoader:240 - Cannot read IP mode file for STMicroelectronics.X-CUBE-AZRTOS-G0.1.1.0
2024-05-25 07:26:26,699 [WARN] PackLoader:240 - Cannot read IP mode file for STMicroelectronics.X-CUBE-SAFEA1.1.2.2
2024-05-25 07:26:26,707 [WARN] PackLoader:240 - Cannot read IP mode file for STMicroelectronics.X-CUBE-NFC4.3.0.0
2024-05-25 07:26:26,713 [WARN] PackLoader:240 - Cannot read IP mode file for wolfSSL.I-CUBE-wolfSSL.5.7.0
2024-05-25 07:26:26,718 [WARN] PackLoader:240 - Cannot read IP mode file for STMicroelectronics.FP-ATR-SIGFOX1.3.2.0
2024-05-25 07:26:26,735 [WARN] PackLoader:240 - Cannot read IP mode file for STMicroelectronics.X-CUBE-EEPRMA1.5.1.0
2024-05-25 07:26:26,750 [WARN] PackLoader:240 - Cannot read IP mode file for ITTIA_DB.I-CUBE-ITTIADB.8.9.0
2024-05-25 07:26:26,826 [WARN] PackLoader:240 - Cannot read IP mode file for SEGGER.I-CUBE-embOS.1.3.1
2024-05-25 07:26:26,916 [WARN] PackLoader:240 - Cannot read IP mode file for STMicroelectronics.X-CUBE-ALGOBUILD.1.4.0
2024-05-25 07:26:26,923 [WARN] PackLoader:240 - Cannot read IP mode file for STMicroelectronics.X-CUBE-GNSS1.6.0.0
2024-05-25 07:26:26,956 [WARN] PackLoader:240 - Cannot read IP mode file for STMicroelectronics.X-CUBE-AZRTOS-F4.1.1.0
2024-05-25 07:26:26,971 [WARN] PackLoader:240 - Cannot read IP mode file for STMicroelectronics.X-CUBE-FREERTOS.1.2.0
2024-05-25 07:26:26,995 [WARN] PackLoader:240 - Cannot read IP mode file for STMicroelectronics.X-CUBE-AZRTOS-L5.2.0.0
2024-05-25 07:26:27,014 [WARN] PackLoader:240 - Cannot read IP mode file for STMicroelectronics.X-CUBE-NFC6.3.1.0
2024-05-25 07:26:27,024 [WARN] PackLoader:240 - Cannot read IP mode file for STMicroelectronics.X-CUBE-AI.9.0.0
2024-05-25 07:26:27,030 [WARN] PackLoader:240 - Cannot read IP mode file for STMicroelectronics.X-CUBE-NFC7.1.0.1
2024-05-25 07:26:27,056 [WARN] ConditionMgr:438 - getConditionDescription Invalid condition id : LAN8742 Phy interface Condition cause : null
2024-05-25 07:26:27,057 [WARN] PackLoader:240 - Cannot read IP mode file for STMicroelectronics.X-CUBE-AZRTOS-L4.2.0.0
2024-05-25 07:26:27,058 [WARN] ConditionMgr:1039 - genDependencies : Invalid condition id : LAN8742 Phy interface Condition cause : null
2024-05-25 07:26:27,059 [WARN] ConditionMgr:1039 - genDependencies : Invalid condition id : LAN8742 Phy interface Condition cause : null
2024-05-25 07:26:27,060 [WARN] ConditionMgr:1039 - genDependencies : Invalid condition id : LAN8742 Phy interface Condition cause : null
2024-05-25 07:26:27,074 [WARN] PackLoader:240 - Cannot read IP mode file for STMicroelectronics.X-CUBE-SFXS2LP1.4.0.0
2024-05-25 07:26:27,093 [WARN] ConditionMgr:438 - getConditionDescription Invalid condition id : UX DEVICE CLASS RTOS Condition cause : null
2024-05-25 07:26:27,094 [WARN] ConditionMgr:438 - getConditionDescription Invalid condition id : UX DEVICE CLASS RTOS Condition cause : null
2024-05-25 07:26:27,096 [WARN] PackLoader:240 - Cannot read IP mode file for STMicroelectronics.X-CUBE-AZRTOS-WB.2.0.0
2024-05-25 07:26:27,097 [WARN] ConditionMgr:1039 - genDependencies : Invalid condition id : UX DEVICE CLASS RTOS Condition cause : null
2024-05-25 07:26:27,097 [WARN] ConditionMgr:1039 - genDependencies : Invalid condition id : UX DEVICE CLASS RTOS Condition cause : null
2024-05-25 07:26:27,098 [WARN] ConditionMgr:1039 - genDependencies : Invalid condition id : UX DEVICE CLASS RTOS Condition cause : null
2024-05-25 07:26:27,098 [WARN] ConditionMgr:1039 - genDependencies : Invalid condition id : UX DEVICE CLASS RTOS Condition cause : null
2024-05-25 07:26:27,099 [WARN] ConditionMgr:1039 - genDependencies : Invalid condition id : UX DEVICE CLASS RTOS Condition cause : null
2024-05-25 07:26:27,124 [WARN] PackLoader:240 - Cannot read IP mode file for STMicroelectronics.X-CUBE-SUBG2.5.0.0
2024-05-25 07:26:27,139 [WARN] PackLoader:240 - Cannot read IP mode file for Cesanta.I-CUBE-Mongoose.7.13.0
2024-05-25 07:26:27,162 [WARN] PackLoader:240 - Cannot read IP mode file for STMicroelectronics.X-CUBE-AZRTOS-G4.2.0.0
2024-05-25 07:26:27,170 [WARN] PackLoader:240 - Cannot read IP mode file for STMicroelectronics.X-CUBE-ISPU.2.0.0
2024-05-25 07:26:27,177 [WARN] PackLoader:240 - Cannot read IP mode file for STMicroelectronics.X-CUBE-ALS.1.0.2
2024-05-25 07:26:27,285 [WARN] PackLoader:240 - Cannot read IP mode file for STMicroelectronics.X-CUBE-MEMS1.10.0.0
2024-05-25 07:26:27,512 [WARN] PackLoader:240 - Cannot read IP mode file for STMicroelectronics.X-CUBE-FREERTOS.1.1.0
2024-05-25 07:26:27,519 [WARN] PackLoader:240 - Cannot read IP mode file for portGmbH.I-Cube-SoM-uGOAL.1.1.0
2024-05-25 07:26:27,524 [WARN] PackLoader:240 - Cannot read IP mode file for STMicroelectronics.X-CUBE-ALS.1.0.1
2024-05-25 07:26:27,551 [WARN] PackLoader:240 - Cannot read IP mode file for STMicroelectronics.X-CUBE-AZRTOS-H7RS.1.0.0
2024-05-25 07:26:27,561 [WARN] PackLoader:240 - Cannot read IP mode file for STMicroelectronics.FP-ATR-ASTRA1.2.0.0
2024-05-25 07:26:27,583 [WARN] PackLoader:240 - Cannot read IP mode file for STMicroelectronics.X-CUBE-TOF1.3.4.1
2024-05-25 07:26:27,622 [WARN] PackLoader:240 - Cannot read IP mode file for STMicroelectronics.X-CUBE-AZRTOS-H7.3.2.0
2024-05-25 07:26:27,644 [WARN] PackLoader:240 - Cannot read IP mode file for Infineon.AIROC-Wi-Fi-Bluetooth-STM32.1.6.0
2024-05-25 07:26:27,653 [INFO] ThirdParty:978 - Integrity check success = true
2024-05-25 07:26:27,654 [INFO] IntegrityCheckThread:100 - exiting critical section [integrity check]
2024-05-25 07:26:27,654 [INFO] IntegrityCheckThread:103 - End integrity checks thread
2024-05-25 07:35:29,885 [ERROR] ConfigurationRetriever:142 - IOException on connection: sw-center.st.com
2024-05-25 07:35:29,888 [ERROR] ConfigurationRetriever:142 - IOException on connection: sw-center.st.com
2024-05-25 07:35:29,889 [ERROR] ConfigurationRetriever:142 - IOException on connection: sw-center.st.com
2024-05-25 07:35:31,119 [ERROR] LogOutputStream:75 - [STDERR_REDIRECT] 
2024-05-25 07:36:20,920 [INFO] Activator:176 - 


2024-05-25 07:36:20,922 [INFO] Activator:177 - !SESSION log4j initialized
2024-05-25 07:36:27,482 [INFO] LogOutputStream:77 - [STDOUT_REDIRECT] 
2024-05-25 07:36:28,075 [ERROR] ConfigurationRetriever:142 - IOException on connection: sw-center.st.com
2024-05-25 07:36:28,077 [ERROR] ConfigurationRetriever:142 - IOException on connection: sw-center.st.com
2024-05-25 07:36:28,077 [ERROR] ConfigurationRetriever:142 - IOException on connection: sw-center.st.com
2024-05-25 07:36:28,872 [INFO] ApplicationProperties:184 - Using Application install path: C:\ST\STM32CubeIDE_1.15.0\STM32CubeIDE\plugins\com.st.stm32cube.common.mx_6.11.0.202403141607
2024-05-25 07:36:28,897 [INFO] DbMcusXml:78 - Set database path to: C:\ST\STM32CubeIDE_1.15.0\STM32CubeIDE\plugins\com.st.stm32cube.common.mx_6.11.0.202403141607\\db\/mcu/
2024-05-25 07:36:28,897 [INFO] ApiDb:274 - Set plugin database path to: C:\ST\STM32CubeIDE_1.15.0\STM32CubeIDE\plugins\com.st.stm32cube.common.mx_6.11.0.202403141607\\db\/plugins/boardmanager/
2024-05-25 07:36:28,898 [WARN] ApiDb:259 - Overriding images path with different value:  => C:\ST\STM32CubeIDE_1.15.0\STM32CubeIDE\plugins\com.st.stm32cube.common.mx_6.11.0.202403141607\\db\/plugins/mcufinder/images/
2024-05-25 07:36:28,906 [INFO] ApiDb:250 - Set database path to: C:\Users\User\.stmcufinder\plugins\mcufinder//mcu/
2024-05-25 07:36:28,908 [INFO] DbMcusAds:125 - Set database path to: C:\Users\User\.stmcufinder\plugins\mcufinder//mcu/
2024-05-25 07:36:28,912 [INFO] CrossReferenceDbSqlite:203 - Set database path to: C:\Users\User\.stmcufinder\plugins\mcufinder//mcu/cs/
2024-05-25 07:36:29,119 [INFO] RulesReader:64 - Compatibility file has been processed (297 Rules)
2024-05-25 07:36:29,250 [INFO] DbMcusXml:78 - Set database path to: C:\ST\STM32CubeIDE_1.15.0\STM32CubeIDE\plugins\com.st.stm32cube.common.mx_6.11.0.202403141607\\db\/mcu/
2024-05-25 07:36:29,251 [INFO] ApiDb:274 - Set plugin database path to: C:\ST\STM32CubeIDE_1.15.0\STM32CubeIDE\plugins\com.st.stm32cube.common.mx_6.11.0.202403141607\\db\/plugins/boardmanager/
2024-05-25 07:36:29,251 [INFO] ApiDb:261 - Set plugin images path to: C:\ST\STM32CubeIDE_1.15.0\STM32CubeIDE\plugins\com.st.stm32cube.common.mx_6.11.0.202403141607\\db\/plugins/mcufinder/images/
2024-05-25 07:36:29,251 [WARN] DbFile:41 - Overriding database path with different value: C:\Users\User\.stmcufinder\plugins\mcufinder/ => C:\Users\User\.stmcufinder\plugins\mcufinder
2024-05-25 07:36:29,251 [INFO] ApiDb:250 - Set database path to: C:\Users\User\.stmcufinder\plugins\mcufinder//mcu/
2024-05-25 07:36:29,251 [WARN] DbFile:41 - Overriding database path with different value: C:\Users\User\.stmcufinder\plugins\mcufinder/ => C:\Users\User\.stmcufinder\plugins\mcufinder
2024-05-25 07:36:29,252 [INFO] DbMcusAds:125 - Set database path to: C:\Users\User\.stmcufinder\plugins\mcufinder//mcu/
2024-05-25 07:36:29,252 [WARN] DbFile:41 - Overriding database path with different value: C:\Users\User\.stmcufinder\plugins\mcufinder/ => C:\Users\User\.stmcufinder\plugins\mcufinder
2024-05-25 07:36:29,252 [WARN] DbFile:41 - Overriding database path with different value: C:\Users\User\.stmcufinder\plugins\mcufinder/ => C:\Users\User\.stmcufinder\plugins\mcufinder
2024-05-25 07:36:29,252 [INFO] CrossReferenceDbSqlite:203 - Set database path to: C:\Users\User\.stmcufinder\plugins\mcufinder//mcu/cs/
2024-05-25 07:36:29,369 [INFO] MainPanel:264 - HeapMemory: 268435456
2024-05-25 07:36:29,478 [INFO] DbMcusXml:78 - Set database path to: C:\ST\STM32CubeIDE_1.15.0\STM32CubeIDE\plugins\com.st.stm32cube.common.mx_6.11.0.202403141607\\db\/mcu/
2024-05-25 07:36:29,479 [INFO] ApiDb:274 - Set plugin database path to: C:\ST\STM32CubeIDE_1.15.0\STM32CubeIDE\plugins\com.st.stm32cube.common.mx_6.11.0.202403141607\\db\/plugins/boardmanager/
2024-05-25 07:36:29,479 [INFO] ApiDb:261 - Set plugin images path to: C:\ST\STM32CubeIDE_1.15.0\STM32CubeIDE\plugins\com.st.stm32cube.common.mx_6.11.0.202403141607\\db\/plugins/mcufinder/images/
2024-05-25 07:36:29,480 [WARN] DbFile:41 - Overriding database path with different value: C:\Users\User\.stmcufinder\plugins\mcufinder/ => C:\Users\User\.stmcufinder\plugins\mcufinder
2024-05-25 07:36:29,481 [INFO] ApiDb:250 - Set database path to: C:\Users\User\.stmcufinder\plugins\mcufinder//mcu/
2024-05-25 07:36:29,481 [WARN] DbFile:41 - Overriding database path with different value: C:\Users\User\.stmcufinder\plugins\mcufinder/ => C:\Users\User\.stmcufinder\plugins\mcufinder
2024-05-25 07:36:29,481 [INFO] DbMcusAds:125 - Set database path to: C:\Users\User\.stmcufinder\plugins\mcufinder//mcu/
2024-05-25 07:36:29,481 [WARN] DbFile:41 - Overriding database path with different value: C:\Users\User\.stmcufinder\plugins\mcufinder/ => C:\Users\User\.stmcufinder\plugins\mcufinder
2024-05-25 07:36:29,481 [WARN] DbFile:41 - Overriding database path with different value: C:\Users\User\.stmcufinder\plugins\mcufinder/ => C:\Users\User\.stmcufinder\plugins\mcufinder
2024-05-25 07:36:29,481 [INFO] CrossReferenceDbSqlite:203 - Set database path to: C:\Users\User\.stmcufinder\plugins\mcufinder//mcu/cs/
2024-05-25 07:36:29,506 [INFO] ApplicationProperties:184 - Using Application install path: C:\ST\STM32CubeIDE_1.15.0\STM32CubeIDE\plugins\com.st.stm32cube.common.mx_6.11.0.202403141607
2024-05-25 07:36:29,508 [INFO] PluginManage:196 - Search for loadable plugins [exclusion list=, ]
2024-05-25 07:36:29,509 [INFO] PluginManage:310 - Check plugin analytics
2024-05-25 07:36:29,795 [INFO] AnalyticsPlugin:253 - Accepted Software Licenses: 
2024-05-25 07:36:29,796 [INFO] AnalyticsPlugin:255 - Accepted CMSIS Pack Licenses: 
2024-05-25 07:36:29,797 [INFO] AnalyticsPlugin:257 - Accepted Firmware Licenses: 
2024-05-25 07:36:29,801 [INFO] PluginManage:359 - Loaded plugin analytics (category:tool,tabindex:-1)
2024-05-25 07:36:29,802 [ERROR] ConfigurationRetriever:142 - IOException on connection: sw-center.st.com
2024-05-25 07:36:29,802 [INFO] PluginManage:310 - Check plugin cadmodel
2024-05-25 07:36:29,802 [ERROR] ConfigurationRetriever:142 - IOException on connection: sw-center.st.com
2024-05-25 07:36:29,803 [ERROR] ConfigurationRetriever:142 - IOException on connection: sw-center.st.com
2024-05-25 07:36:29,809 [INFO] CADModel:105 - Init CAD model plugin
2024-05-25 07:36:29,810 [INFO] PluginManage:359 - Loaded plugin cadmodel (category:power,tabindex:5)
2024-05-25 07:36:29,810 [INFO] PluginManage:310 - Check plugin clock
2024-05-25 07:36:29,823 [INFO] PluginManage:359 - Loaded plugin clock (category:base,tabindex:2)
2024-05-25 07:36:29,823 [INFO] PluginManage:310 - Check plugin ddr
2024-05-25 07:36:29,827 [INFO] PluginManage:359 - Loaded plugin ddr (category:tool,tabindex:6)
2024-05-25 07:36:29,827 [INFO] PluginManage:310 - Check plugin filemanager
2024-05-25 07:36:30,093 [INFO] PluginManage:359 - Loaded plugin filemanager (category:base,tabindex:10)
2024-05-25 07:36:30,093 [INFO] PluginManage:310 - Check plugin ipmanager
2024-05-25 07:36:30,107 [INFO] PluginManage:359 - Loaded plugin ipmanager (category:base,tabindex:5)
2024-05-25 07:36:30,107 [INFO] PluginManage:310 - Check plugin lpbam
2024-05-25 07:36:30,126 [INFO] PluginManage:359 - Loaded plugin lpbam (category:base,tabindex:0)
2024-05-25 07:36:30,126 [INFO] PluginManage:310 - Check plugin memorymap
2024-05-25 07:36:30,157 [INFO] PluginManage:359 - Loaded plugin memorymap (category:base,tabindex:4)
2024-05-25 07:36:30,157 [INFO] PluginManage:310 - Check plugin pinoutandconfiguration
2024-05-25 07:36:30,173 [INFO] PluginManage:359 - Loaded plugin pinoutandconfiguration (category:base,tabindex:1)
2024-05-25 07:36:30,174 [INFO] PluginManage:310 - Check plugin pinoutconfig
2024-05-25 07:36:30,319 [WARN] SupportedApi:132 - Cannot load RTOS API schema: s4s-elt-must-match.1: The content of 'definitions' must match (annotation?, (simpleType | complexType)?, (unique | key | keyref)*)). A problem was found starting at: attribute.
2024-05-25 07:36:30,614 [INFO] PluginManage:359 - Loaded plugin pinoutconfig (category:base,tabindex:0)
2024-05-25 07:36:30,614 [INFO] PluginManage:310 - Check plugin power
2024-05-25 07:36:30,629 [INFO] PluginManage:359 - Loaded plugin power (category:power,tabindex:4)
2024-05-25 07:36:30,630 [INFO] PluginManage:310 - Check plugin projectmanager
2024-05-25 07:36:30,659 [INFO] PluginManage:359 - Loaded plugin projectmanager (category:projectmanager,tabindex:3)
2024-05-25 07:36:30,660 [INFO] PluginManage:310 - Check plugin thirdparty
2024-05-25 07:36:30,900 [WARN] IntegrityCheckThread:84 - waiting for thirdparty lock release [integrity check]
2024-05-25 07:36:30,900 [INFO] PluginManage:359 - Loaded plugin thirdparty (category:base,tabindex:-1)
2024-05-25 07:36:30,900 [INFO] IntegrityCheckThread:86 - entering critical section [integrity check]
2024-05-25 07:36:30,900 [INFO] PluginManage:310 - Check plugin tools
2024-05-25 07:36:30,900 [INFO] ThirdPartyUpdaterWithRetryManager:70 - Updater plugin not ready yet. [1/15]
2024-05-25 07:36:30,904 [INFO] PluginManage:359 - Loaded plugin tools (category:base,tabindex:7)
2024-05-25 07:36:30,904 [INFO] PluginManage:310 - Check plugin tutovideos
2024-05-25 07:36:31,146 [INFO] PluginManage:359 - Loaded plugin tutovideos (category:base,tabindex:-1)
2024-05-25 07:36:31,146 [INFO] PluginManage:310 - Check plugin updater
2024-05-25 07:36:31,158 [INFO] PluginManage:359 - Loaded plugin updater (category:base,tabindex:12)
2024-05-25 07:36:31,159 [INFO] PluginManage:310 - Check plugin userauth
2024-05-25 07:36:31,165 [INFO] UserAuth:114 - Init User Auth plugin
2024-05-25 07:36:31,165 [INFO] PluginManage:359 - Loaded plugin userauth (category:base,tabindex:14)
2024-05-25 07:36:31,166 [INFO] PluginManage:283 - PluginManage : Loaded plugins [17]
2024-05-25 07:36:31,551 [INFO] PinOutPanel:1561 - setPackage(No Configuration,No Configuration)
2024-05-25 07:36:31,696 [INFO] CADModel:165 - CPN selected for project level
2024-05-25 07:36:31,697 [INFO] CADModel:114 - Register for checkConnection events
2024-05-25 07:36:31,722 [INFO] IPUIPlugin:80 - create IPUIPlugin
2024-05-25 07:36:31,722 [INFO] PluginManager:220 - loadIPPluginJar : add adc
2024-05-25 07:36:31,726 [INFO] IPUIPlugin:80 - create IPUIPlugin
2024-05-25 07:36:31,726 [INFO] PluginManager:220 - loadIPPluginJar : add aes
2024-05-25 07:36:31,730 [INFO] IPUIPlugin:80 - create IPUIPlugin
2024-05-25 07:36:31,731 [INFO] PluginManager:220 - loadIPPluginJar : add can
2024-05-25 07:36:31,734 [INFO] IPUIPlugin:80 - create IPUIPlugin
2024-05-25 07:36:31,734 [INFO] PluginManager:220 - loadIPPluginJar : add comp
2024-05-25 07:36:31,738 [INFO] IPUIPlugin:80 - create IPUIPlugin
2024-05-25 07:36:31,738 [INFO] PluginManager:220 - loadIPPluginJar : add cryp
2024-05-25 07:36:31,743 [INFO] IPUIPlugin:80 - create IPUIPlugin
2024-05-25 07:36:31,743 [INFO] PluginManager:220 - loadIPPluginJar : add dfsdm
2024-05-25 07:36:31,751 [INFO] IPUIPlugin:80 - create IPUIPlugin
2024-05-25 07:36:31,751 [INFO] PluginManager:220 - loadIPPluginJar : add dma
2024-05-25 07:36:31,756 [INFO] IPUIPlugin:80 - create IPUIPlugin
2024-05-25 07:36:31,756 [INFO] PluginManager:220 - loadIPPluginJar : add dma3
2024-05-25 07:36:31,760 [INFO] IPUIPlugin:80 - create IPUIPlugin
2024-05-25 07:36:31,760 [INFO] PluginManager:220 - loadIPPluginJar : add extmemmanager
2024-05-25 07:36:31,763 [INFO] IPUIPlugin:80 - create IPUIPlugin
2024-05-25 07:36:31,763 [INFO] PluginManager:220 - loadIPPluginJar : add fatfs
2024-05-25 07:36:31,770 [INFO] IPUIPlugin:80 - create IPUIPlugin
2024-05-25 07:36:31,770 [INFO] PluginManager:220 - loadIPPluginJar : add fmc
2024-05-25 07:36:31,780 [INFO] IPUIPlugin:80 - create IPUIPlugin
2024-05-25 07:36:31,780 [INFO] PluginManager:220 - loadIPPluginJar : add freertos
2024-05-25 07:36:31,782 [INFO] IPUIPlugin:80 - create IPUIPlugin
2024-05-25 07:36:31,783 [INFO] PluginManager:220 - loadIPPluginJar : add genericplugin
2024-05-25 07:36:31,786 [INFO] IPUIPlugin:80 - create IPUIPlugin
2024-05-25 07:36:31,786 [INFO] PluginManager:220 - loadIPPluginJar : add gfxmmu
2024-05-25 07:36:31,793 [INFO] IPUIPlugin:80 - create IPUIPlugin
2024-05-25 07:36:31,793 [INFO] PluginManager:220 - loadIPPluginJar : add gic
2024-05-25 07:36:31,799 [INFO] IPUIPlugin:80 - create IPUIPlugin
2024-05-25 07:36:31,800 [INFO] PluginManager:220 - loadIPPluginJar : add gpio
2024-05-25 07:36:31,804 [INFO] IPUIPlugin:80 - create IPUIPlugin
2024-05-25 07:36:31,804 [INFO] PluginManager:220 - loadIPPluginJar : add gtzc
2024-05-25 07:36:31,807 [INFO] IPUIPlugin:80 - create IPUIPlugin
2024-05-25 07:36:31,807 [INFO] PluginManager:220 - loadIPPluginJar : add hash
2024-05-25 07:36:31,811 [INFO] IPUIPlugin:80 - create IPUIPlugin
2024-05-25 07:36:31,811 [INFO] PluginManager:220 - loadIPPluginJar : add i2c
2024-05-25 07:36:31,815 [INFO] IPUIPlugin:80 - create IPUIPlugin
2024-05-25 07:36:31,816 [INFO] PluginManager:220 - loadIPPluginJar : add i2s
2024-05-25 07:36:31,820 [INFO] IPUIPlugin:80 - create IPUIPlugin
2024-05-25 07:36:31,820 [INFO] PluginManager:220 - loadIPPluginJar : add i3c
2024-05-25 07:36:31,825 [INFO] IPUIPlugin:80 - create IPUIPlugin
2024-05-25 07:36:31,825 [INFO] PluginManager:220 - loadIPPluginJar : add ipddr
2024-05-25 07:36:31,835 [INFO] IPUIPlugin:80 - create IPUIPlugin
2024-05-25 07:36:31,835 [INFO] PluginManager:220 - loadIPPluginJar : add linkedlist
2024-05-25 07:36:31,839 [INFO] IPUIPlugin:80 - create IPUIPlugin
2024-05-25 07:36:31,839 [INFO] PluginManager:220 - loadIPPluginJar : add lorawan
2024-05-25 07:36:31,843 [INFO] IPUIPlugin:80 - create IPUIPlugin
2024-05-25 07:36:31,843 [INFO] PluginManager:220 - loadIPPluginJar : add ltdc
2024-05-25 07:36:31,854 [INFO] IPUIPlugin:80 - create IPUIPlugin
2024-05-25 07:36:31,855 [INFO] PluginManager:220 - loadIPPluginJar : add mdma
2024-05-25 07:36:31,859 [INFO] IPUIPlugin:80 - create IPUIPlugin
2024-05-25 07:36:31,859 [INFO] PluginManager:220 - loadIPPluginJar : add nvic
2024-05-25 07:36:31,863 [INFO] IPUIPlugin:80 - create IPUIPlugin
2024-05-25 07:36:31,864 [INFO] PluginManager:220 - loadIPPluginJar : add opamp
2024-05-25 07:36:31,868 [INFO] IPUIPlugin:80 - create IPUIPlugin
2024-05-25 07:36:31,868 [INFO] PluginManager:220 - loadIPPluginJar : add openamp
2024-05-25 07:36:31,873 [INFO] IPUIPlugin:80 - create IPUIPlugin
2024-05-25 07:36:31,873 [INFO] PluginManager:220 - loadIPPluginJar : add pdm2pcm
2024-05-25 07:36:31,883 [INFO] IPUIPlugin:80 - create IPUIPlugin
2024-05-25 07:36:31,887 [INFO] PluginManager:220 - loadIPPluginJar : add plateformsettings
2024-05-25 07:36:31,889 [INFO] IPUIPlugin:80 - create IPUIPlugin
2024-05-25 07:36:31,889 [INFO] PluginManager:220 - loadIPPluginJar : add quadspi
2024-05-25 07:36:31,893 [INFO] IPUIPlugin:80 - create IPUIPlugin
2024-05-25 07:36:31,893 [INFO] PluginManager:220 - loadIPPluginJar : add resmgrutility
2024-05-25 07:36:31,897 [INFO] IPUIPlugin:80 - create IPUIPlugin
2024-05-25 07:36:31,897 [INFO] PluginManager:220 - loadIPPluginJar : add sai
2024-05-25 07:36:31,901 [INFO] IPUIPlugin:80 - create IPUIPlugin
2024-05-25 07:36:31,901 [INFO] PluginManager:220 - loadIPPluginJar : add spi
2024-05-25 07:36:31,907 [INFO] IPUIPlugin:80 - create IPUIPlugin
2024-05-25 07:36:31,907 [INFO] PluginManager:220 - loadIPPluginJar : add stm32_wpan
2024-05-25 07:36:31,909 [INFO] IPUIPlugin:80 - create IPUIPlugin
2024-05-25 07:36:31,909 [INFO] PluginManager:220 - loadIPPluginJar : add tim
2024-05-25 07:36:31,914 [INFO] IPUIPlugin:80 - create IPUIPlugin
2024-05-25 07:36:31,915 [INFO] PluginManager:220 - loadIPPluginJar : add touchsensing
2024-05-25 07:36:31,917 [INFO] IPUIPlugin:80 - create IPUIPlugin
2024-05-25 07:36:31,917 [INFO] PluginManager:220 - loadIPPluginJar : add tracer_emb
2024-05-25 07:36:31,920 [INFO] IPUIPlugin:80 - create IPUIPlugin
2024-05-25 07:36:31,920 [INFO] PluginManager:220 - loadIPPluginJar : add ts
2024-05-25 07:36:31,923 [INFO] IPUIPlugin:80 - create IPUIPlugin
2024-05-25 07:36:31,924 [INFO] PluginManager:220 - loadIPPluginJar : add tsc
2024-05-25 07:36:31,926 [INFO] IPUIPlugin:80 - create IPUIPlugin
2024-05-25 07:36:31,926 [INFO] PluginManager:220 - loadIPPluginJar : add ucpd
2024-05-25 07:36:31,930 [INFO] IPUIPlugin:80 - create IPUIPlugin
2024-05-25 07:36:31,930 [INFO] PluginManager:220 - loadIPPluginJar : add usart
2024-05-25 07:36:31,936 [INFO] IPUIPlugin:80 - create IPUIPlugin
2024-05-25 07:36:31,937 [INFO] PluginManager:220 - loadIPPluginJar : add usbx
2024-05-25 07:36:32,121 [INFO] CADModel:165 - CPN selected for project level
2024-05-25 07:36:32,122 [INFO] CADModel:114 - Register for checkConnection events
2024-05-25 07:36:32,122 [FATAL] Updater:308 - Updater called before beeing initialized
2024-05-25 07:36:32,123 [ERROR] CADModel:125 - Updater not yet initialized, retry later 
2024-05-25 07:36:32,701 [INFO] CADModel:165 - CPN selected for project level
2024-05-25 07:36:32,702 [INFO] CADModel:114 - Register for checkConnection events
2024-05-25 07:36:32,702 [FATAL] Updater:308 - Updater called before beeing initialized
2024-05-25 07:36:32,702 [ERROR] CADModel:125 - Updater not yet initialized, retry later 
2024-05-25 07:36:32,710 [FATAL] Updater:308 - Updater called before beeing initialized
2024-05-25 07:36:32,960 [FATAL] Updater:308 - Updater called before beeing initialized
2024-05-25 07:36:32,968 [INFO] DbMcusAds:53 - JSON generation date=Thu May 16 10:22:00 WAT 2024 (1715851320852)
2024-05-25 07:36:32,968 [FATAL] Updater:308 - Updater called before beeing initialized
2024-05-25 07:36:33,024 [WARN] DetailPanel:346 - Failed to get advertising image, set to default
2024-05-25 07:36:33,202 [FATAL] Updater:308 - Updater called before beeing initialized
2024-05-25 07:36:33,206 [FATAL] Updater:308 - Updater called before beeing initialized
2024-05-25 07:36:33,206 [FATAL] Updater:308 - Updater called before beeing initialized
2024-05-25 07:36:33,206 [WARN] DetailPanel:346 - Failed to get advertising image, set to default
2024-05-25 07:36:33,207 [FATAL] Updater:308 - Updater called before beeing initialized
2024-05-25 07:36:33,316 [ERROR] Updater:1120 - MainUpdater not yet initialized. External WinMGr cannot be set.
2024-05-25 07:36:33,319 [INFO] Updater:1056 - Updater Version found : 6.11.0
2024-05-25 07:36:33,355 [INFO] ApplicationProperties:184 - Using Application install path: C:\ST\STM32CubeIDE_1.15.0\STM32CubeIDE\plugins\com.st.stm32cube.common.mx_6.11.0.202403141607
2024-05-25 07:36:33,902 [INFO] ThirdPartyUpdaterWithRetryManager:70 - Updater plugin not ready yet. [2/15]
2024-05-25 07:36:34,956 [ERROR] LogOutputStream:75 - [STDERR_REDIRECT] May 25, 2024 7:36:34 AM java.util.prefs.WindowsPreferences <init>
2024-05-25 07:36:34,965 [ERROR] LogOutputStream:75 - [STDERR_REDIRECT] WARNING: Could not open/create prefs root node Software\JavaSoft\Prefs at root 0xffffffff80000002. Windows RegCreateKeyEx(...) returned error code 5.
2024-05-25 07:36:34,966 [ERROR] LogOutputStream:75 - [STDERR_REDIRECT] 
2024-05-25 07:36:35,440 [INFO] MainUpdater:2873 - connection check result : 22
2024-05-25 07:36:35,443 [INFO] MainUpdater:290 - Updater Check For Update Now.
2024-05-25 07:36:35,443 [INFO] MicroXplorer:498 - Change Database Version : DB.6.0.110
2024-05-25 07:36:35,455 [INFO] McuFinderGlobals:63 - Set McuFinder mode to 2 (CubeIDE integrated)
2024-05-25 07:36:35,486 [INFO] UserAuth:415 - Internet connection configuration mode: 2
2024-05-25 07:36:35,753 [INFO] CheckServerUpdateThread:120 - End of CheckServer Thread
2024-05-25 07:36:37,213 [WARN] PackLoader:240 - Cannot read IP mode file for STMicroelectronics.FP-SNS-MOTENVWB1.1.4.0
2024-05-25 07:36:37,235 [WARN] PackLoader:240 - Cannot read IP mode file for STMicroelectronics.X-CUBE-SMBUS.2.1.0
2024-05-25 07:36:37,250 [WARN] PackLoader:240 - Cannot read IP mode file for STMicroelectronics.X-CUBE-TOUCHGFX.4.23.2
2024-05-25 07:36:37,304 [WARN] PackLoader:240 - Cannot read IP mode file for STMicroelectronics.X-CUBE-AZRTOS-F7.1.1.0
2024-05-25 07:36:37,319 [WARN] PackLoader:240 - Cannot read IP mode file for STMicroelectronics.FP-SNS-FLIGHT1.5.0.2
2024-05-25 07:36:37,332 [WARN] PackLoader:240 - Cannot read IP mode file for STMicroelectronics.X-CUBE-DISPLAY.3.0.0
2024-05-25 07:36:37,352 [WARN] PackLoader:240 - Cannot read IP mode file for STMicroelectronics.X-CUBE-BLE1.7.0.0
2024-05-25 07:36:37,360 [WARN] PackLoader:240 - Cannot read IP mode file for emotas.I-CUBE-CANOPEN.1.3.0
2024-05-25 07:36:37,383 [WARN] PackLoader:240 - Cannot read IP mode file for STMicroelectronics.X-CUBE-BLEMGR.3.1.0
2024-05-25 07:36:37,393 [WARN] PackLoader:240 - Cannot read IP mode file for STMicroelectronics.FP-SNS-SMARTAG2.1.2.0
2024-05-25 07:36:37,414 [INFO] LogOutputStream:77 - [STDOUT_REDIRECT] 1 : Invalid condition id : UX_CORESTACK_Condition cause : null
2024-05-25 07:36:37,415 [INFO] LogOutputStream:77 - [STDOUT_REDIRECT] 1 : Invalid condition id : UX_CORESTACK_Condition cause : null
2024-05-25 07:36:37,417 [INFO] LogOutputStream:77 - [STDOUT_REDIRECT] 1 : Invalid condition id : UX_CORESTACK_Condition cause : null
2024-05-25 07:36:37,420 [INFO] LogOutputStream:77 - [STDOUT_REDIRECT] 1 : Invalid condition id : UX_CORESTACK_Condition cause : null
2024-05-25 07:36:37,422 [INFO] LogOutputStream:77 - [STDOUT_REDIRECT] 1 : Invalid condition id : UX_CORESTACK_Condition cause : null
2024-05-25 07:36:37,429 [WARN] PackLoader:240 - Cannot read IP mode file for STMicroelectronics.X-CUBE-AZRTOS-WL.2.0.0
2024-05-25 07:36:37,437 [WARN] PackLoader:240 - Cannot read IP mode file for STMicroelectronics.FP-SNS-MOTENV1.5.0.0
2024-05-25 07:36:37,451 [WARN] PackLoader:240 - Cannot read IP mode file for WES.I-CUBE-Cesium.1.3.0
2024-05-25 07:36:37,459 [WARN] PackLoader:240 - Cannot read IP mode file for STMicroelectronics.X-CUBE-BLE2.3.3.0
2024-05-25 07:36:37,467 [WARN] PackLoader:240 - Cannot read IP mode file for STMicroelectronics.X-CUBE-TCPP.4.1.0
2024-05-25 07:36:37,478 [WARN] PackLoader:240 - Cannot read IP mode file for STMicroelectronics.X-CUBE-ALGOBUILD.1.3.0
2024-05-25 07:36:37,503 [WARN] PackLoader:240 - Cannot read IP mode file for STMicroelectronics.X-CUBE-AZRTOS-G0.1.1.0
2024-05-25 07:36:37,514 [WARN] PackLoader:240 - Cannot read IP mode file for STMicroelectronics.X-CUBE-SAFEA1.1.2.2
2024-05-25 07:36:37,521 [WARN] PackLoader:240 - Cannot read IP mode file for STMicroelectronics.X-CUBE-NFC4.3.0.0
2024-05-25 07:36:37,528 [WARN] PackLoader:240 - Cannot read IP mode file for wolfSSL.I-CUBE-wolfSSL.5.7.0
2024-05-25 07:36:37,533 [WARN] PackLoader:240 - Cannot read IP mode file for STMicroelectronics.FP-ATR-SIGFOX1.3.2.0
2024-05-25 07:36:37,547 [WARN] PackLoader:240 - Cannot read IP mode file for STMicroelectronics.X-CUBE-EEPRMA1.5.1.0
2024-05-25 07:36:37,559 [WARN] PackLoader:240 - Cannot read IP mode file for ITTIA_DB.I-CUBE-ITTIADB.8.9.0
2024-05-25 07:36:37,624 [WARN] PackLoader:240 - Cannot read IP mode file for SEGGER.I-CUBE-embOS.1.3.1
2024-05-25 07:36:37,687 [WARN] PackLoader:240 - Cannot read IP mode file for STMicroelectronics.X-CUBE-ALGOBUILD.1.4.0
2024-05-25 07:36:37,695 [WARN] PackLoader:240 - Cannot read IP mode file for STMicroelectronics.X-CUBE-GNSS1.6.0.0
2024-05-25 07:36:37,716 [WARN] PackLoader:240 - Cannot read IP mode file for STMicroelectronics.X-CUBE-AZRTOS-F4.1.1.0
2024-05-25 07:36:37,725 [WARN] PackLoader:240 - Cannot read IP mode file for STMicroelectronics.X-CUBE-FREERTOS.1.2.0
2024-05-25 07:36:37,746 [WARN] PackLoader:240 - Cannot read IP mode file for STMicroelectronics.X-CUBE-AZRTOS-L5.2.0.0
2024-05-25 07:36:37,756 [WARN] PackLoader:240 - Cannot read IP mode file for STMicroelectronics.X-CUBE-NFC6.3.1.0
2024-05-25 07:36:37,764 [WARN] PackLoader:240 - Cannot read IP mode file for STMicroelectronics.X-CUBE-AI.9.0.0
2024-05-25 07:36:37,770 [WARN] PackLoader:240 - Cannot read IP mode file for STMicroelectronics.X-CUBE-NFC7.1.0.1
2024-05-25 07:36:37,791 [WARN] ConditionMgr:438 - getConditionDescription Invalid condition id : LAN8742 Phy interface Condition cause : null
2024-05-25 07:36:37,791 [WARN] PackLoader:240 - Cannot read IP mode file for STMicroelectronics.X-CUBE-AZRTOS-L4.2.0.0
2024-05-25 07:36:37,793 [WARN] ConditionMgr:1039 - genDependencies : Invalid condition id : LAN8742 Phy interface Condition cause : null
2024-05-25 07:36:37,793 [WARN] ConditionMgr:1039 - genDependencies : Invalid condition id : LAN8742 Phy interface Condition cause : null
2024-05-25 07:36:37,794 [WARN] ConditionMgr:1039 - genDependencies : Invalid condition id : LAN8742 Phy interface Condition cause : null
2024-05-25 07:36:37,807 [WARN] PackLoader:240 - Cannot read IP mode file for STMicroelectronics.X-CUBE-SFXS2LP1.4.0.0
2024-05-25 07:36:37,823 [WARN] ConditionMgr:438 - getConditionDescription Invalid condition id : UX DEVICE CLASS RTOS Condition cause : null
2024-05-25 07:36:37,823 [WARN] ConditionMgr:438 - getConditionDescription Invalid condition id : UX DEVICE CLASS RTOS Condition cause : null
2024-05-25 07:36:37,826 [WARN] PackLoader:240 - Cannot read IP mode file for STMicroelectronics.X-CUBE-AZRTOS-WB.2.0.0
2024-05-25 07:36:37,826 [WARN] ConditionMgr:1039 - genDependencies : Invalid condition id : UX DEVICE CLASS RTOS Condition cause : null
2024-05-25 07:36:37,827 [WARN] ConditionMgr:1039 - genDependencies : Invalid condition id : UX DEVICE CLASS RTOS Condition cause : null
2024-05-25 07:36:37,827 [WARN] ConditionMgr:1039 - genDependencies : Invalid condition id : UX DEVICE CLASS RTOS Condition cause : null
2024-05-25 07:36:37,828 [WARN] ConditionMgr:1039 - genDependencies : Invalid condition id : UX DEVICE CLASS RTOS Condition cause : null
2024-05-25 07:36:37,828 [WARN] ConditionMgr:1039 - genDependencies : Invalid condition id : UX DEVICE CLASS RTOS Condition cause : null
2024-05-25 07:36:37,843 [WARN] PackLoader:240 - Cannot read IP mode file for STMicroelectronics.X-CUBE-SUBG2.5.0.0
2024-05-25 07:36:37,860 [WARN] PackLoader:240 - Cannot read IP mode file for Cesanta.I-CUBE-Mongoose.7.13.0
2024-05-25 07:36:37,878 [WARN] PackLoader:240 - Cannot read IP mode file for STMicroelectronics.X-CUBE-AZRTOS-G4.2.0.0
2024-05-25 07:36:37,884 [WARN] PackLoader:240 - Cannot read IP mode file for STMicroelectronics.X-CUBE-ISPU.2.0.0
2024-05-25 07:36:37,889 [WARN] PackLoader:240 - Cannot read IP mode file for STMicroelectronics.X-CUBE-ALS.1.0.2
2024-05-25 07:36:37,961 [WARN] PackLoader:240 - Cannot read IP mode file for STMicroelectronics.X-CUBE-MEMS1.10.0.0
2024-05-25 07:36:38,203 [WARN] PackLoader:240 - Cannot read IP mode file for STMicroelectronics.X-CUBE-FREERTOS.1.1.0
2024-05-25 07:36:38,213 [WARN] PackLoader:240 - Cannot read IP mode file for portGmbH.I-Cube-SoM-uGOAL.1.1.0
2024-05-25 07:36:38,217 [WARN] PackLoader:240 - Cannot read IP mode file for STMicroelectronics.X-CUBE-ALS.1.0.1
2024-05-25 07:36:38,238 [WARN] PackLoader:240 - Cannot read IP mode file for STMicroelectronics.X-CUBE-AZRTOS-H7RS.1.0.0
2024-05-25 07:36:38,248 [WARN] PackLoader:240 - Cannot read IP mode file for STMicroelectronics.FP-ATR-ASTRA1.2.0.0
2024-05-25 07:36:38,267 [WARN] PackLoader:240 - Cannot read IP mode file for STMicroelectronics.X-CUBE-TOF1.3.4.1
2024-05-25 07:36:38,326 [WARN] PackLoader:240 - Cannot read IP mode file for STMicroelectronics.X-CUBE-AZRTOS-H7.3.2.0
2024-05-25 07:36:38,354 [WARN] PackLoader:240 - Cannot read IP mode file for Infineon.AIROC-Wi-Fi-Bluetooth-STM32.1.6.0
2024-05-25 07:36:38,359 [INFO] ThirdParty:978 - Integrity check success = true
2024-05-25 07:36:38,360 [INFO] IntegrityCheckThread:100 - exiting critical section [integrity check]
2024-05-25 07:36:38,360 [INFO] IntegrityCheckThread:103 - End integrity checks thread
2024-05-25 07:41:43,981 [ERROR] ConfigurationRetriever:142 - IOException on connection: sw-center.st.com
2024-05-25 07:41:43,983 [ERROR] ConfigurationRetriever:142 - IOException on connection: sw-center.st.com
2024-05-25 07:41:43,983 [ERROR] ConfigurationRetriever:142 - IOException on connection: sw-center.st.com
