2024-05-16 20:08:36,006 [INFO] Activator:176 - 


2024-05-16 20:08:36,013 [INFO] Activator:177 - !SESSION log4j initialized
2024-05-16 20:08:46,045 [INFO] LogOutputStream:77 - [STDOUT_REDIRECT] 
2024-05-16 20:08:46,591 [ERROR] ConfigurationRetriever:142 - IOException on connection: sw-center.st.com
2024-05-16 20:08:46,592 [ERROR] ConfigurationRetriever:142 - IOException on connection: sw-center.st.com
2024-05-16 20:08:46,593 [ERROR] ConfigurationRetriever:142 - IOException on connection: sw-center.st.com
2024-05-16 20:08:46,598 [ERROR] ConfigurationRetriever:142 - IOException on connection: sw-center.st.com
2024-05-16 20:08:46,600 [ERROR] ConfigurationRetriever:142 - IOException on connection: sw-center.st.com
2024-05-16 20:08:46,601 [ERROR] ConfigurationRetriever:142 - IOException on connection: sw-center.st.com
2024-05-16 20:08:51,918 [INFO] ApplicationProperties:184 - Using Application install path: C:\ST\STM32CubeIDE_1.15.0\STM32CubeIDE\plugins\com.st.stm32cube.common.mx_6.11.0.202403141607
2024-05-16 20:08:51,960 [INFO] DbMcusXml:78 - Set database path to: C:\ST\STM32CubeIDE_1.15.0\STM32CubeIDE\plugins\com.st.stm32cube.common.mx_6.11.0.202403141607\\db\/mcu/
2024-05-16 20:08:51,960 [INFO] ApiDb:274 - Set plugin database path to: C:\ST\STM32CubeIDE_1.15.0\STM32CubeIDE\plugins\com.st.stm32cube.common.mx_6.11.0.202403141607\\db\/plugins/boardmanager/
2024-05-16 20:08:51,961 [WARN] ApiDb:259 - Overriding images path with different value:  => C:\ST\STM32CubeIDE_1.15.0\STM32CubeIDE\plugins\com.st.stm32cube.common.mx_6.11.0.202403141607\\db\/plugins/mcufinder/images/
2024-05-16 20:08:51,977 [INFO] ApiDb:250 - Set database path to: C:\Users\User\.stmcufinder\plugins\mcufinder//mcu/
2024-05-16 20:08:51,979 [INFO] DbMcusAds:125 - Set database path to: C:\Users\User\.stmcufinder\plugins\mcufinder//mcu/
2024-05-16 20:08:51,985 [INFO] CrossReferenceDbSqlite:203 - Set database path to: C:\Users\User\.stmcufinder\plugins\mcufinder//mcu/cs/
2024-05-16 20:08:52,250 [INFO] RulesReader:64 - Compatibility file has been processed (297 Rules)
2024-05-16 20:08:52,406 [INFO] DbMcusXml:78 - Set database path to: C:\ST\STM32CubeIDE_1.15.0\STM32CubeIDE\plugins\com.st.stm32cube.common.mx_6.11.0.202403141607\\db\/mcu/
2024-05-16 20:08:52,406 [INFO] ApiDb:274 - Set plugin database path to: C:\ST\STM32CubeIDE_1.15.0\STM32CubeIDE\plugins\com.st.stm32cube.common.mx_6.11.0.202403141607\\db\/plugins/boardmanager/
2024-05-16 20:08:52,407 [INFO] ApiDb:261 - Set plugin images path to: C:\ST\STM32CubeIDE_1.15.0\STM32CubeIDE\plugins\com.st.stm32cube.common.mx_6.11.0.202403141607\\db\/plugins/mcufinder/images/
2024-05-16 20:08:52,407 [WARN] DbFile:41 - Overriding database path with different value: C:\Users\User\.stmcufinder\plugins\mcufinder/ => C:\Users\User\.stmcufinder\plugins\mcufinder
2024-05-16 20:08:52,407 [INFO] ApiDb:250 - Set database path to: C:\Users\User\.stmcufinder\plugins\mcufinder//mcu/
2024-05-16 20:08:52,408 [WARN] DbFile:41 - Overriding database path with different value: C:\Users\User\.stmcufinder\plugins\mcufinder/ => C:\Users\User\.stmcufinder\plugins\mcufinder
2024-05-16 20:08:52,408 [INFO] DbMcusAds:125 - Set database path to: C:\Users\User\.stmcufinder\plugins\mcufinder//mcu/
2024-05-16 20:08:52,408 [WARN] DbFile:41 - Overriding database path with different value: C:\Users\User\.stmcufinder\plugins\mcufinder/ => C:\Users\User\.stmcufinder\plugins\mcufinder
2024-05-16 20:08:52,408 [WARN] DbFile:41 - Overriding database path with different value: C:\Users\User\.stmcufinder\plugins\mcufinder/ => C:\Users\User\.stmcufinder\plugins\mcufinder
2024-05-16 20:08:52,408 [INFO] CrossReferenceDbSqlite:203 - Set database path to: C:\Users\User\.stmcufinder\plugins\mcufinder//mcu/cs/
2024-05-16 20:08:52,552 [INFO] MainPanel:264 - HeapMemory: 268435456
2024-05-16 20:08:52,721 [INFO] DbMcusXml:78 - Set database path to: C:\ST\STM32CubeIDE_1.15.0\STM32CubeIDE\plugins\com.st.stm32cube.common.mx_6.11.0.202403141607\\db\/mcu/
2024-05-16 20:08:52,721 [INFO] ApiDb:274 - Set plugin database path to: C:\ST\STM32CubeIDE_1.15.0\STM32CubeIDE\plugins\com.st.stm32cube.common.mx_6.11.0.202403141607\\db\/plugins/boardmanager/
2024-05-16 20:08:52,721 [INFO] ApiDb:261 - Set plugin images path to: C:\ST\STM32CubeIDE_1.15.0\STM32CubeIDE\plugins\com.st.stm32cube.common.mx_6.11.0.202403141607\\db\/plugins/mcufinder/images/
2024-05-16 20:08:52,722 [WARN] DbFile:41 - Overriding database path with different value: C:\Users\User\.stmcufinder\plugins\mcufinder/ => C:\Users\User\.stmcufinder\plugins\mcufinder
2024-05-16 20:08:52,723 [INFO] ApiDb:250 - Set database path to: C:\Users\User\.stmcufinder\plugins\mcufinder//mcu/
2024-05-16 20:08:52,723 [WARN] DbFile:41 - Overriding database path with different value: C:\Users\User\.stmcufinder\plugins\mcufinder/ => C:\Users\User\.stmcufinder\plugins\mcufinder
2024-05-16 20:08:52,723 [INFO] DbMcusAds:125 - Set database path to: C:\Users\User\.stmcufinder\plugins\mcufinder//mcu/
2024-05-16 20:08:52,723 [WARN] DbFile:41 - Overriding database path with different value: C:\Users\User\.stmcufinder\plugins\mcufinder/ => C:\Users\User\.stmcufinder\plugins\mcufinder
2024-05-16 20:08:52,724 [WARN] DbFile:41 - Overriding database path with different value: C:\Users\User\.stmcufinder\plugins\mcufinder/ => C:\Users\User\.stmcufinder\plugins\mcufinder
2024-05-16 20:08:52,724 [INFO] CrossReferenceDbSqlite:203 - Set database path to: C:\Users\User\.stmcufinder\plugins\mcufinder//mcu/cs/
2024-05-16 20:08:52,759 [INFO] ApplicationProperties:184 - Using Application install path: C:\ST\STM32CubeIDE_1.15.0\STM32CubeIDE\plugins\com.st.stm32cube.common.mx_6.11.0.202403141607
2024-05-16 20:08:52,762 [INFO] PluginManage:196 - Search for loadable plugins [exclusion list=, ]
2024-05-16 20:08:52,765 [INFO] PluginManage:310 - Check plugin analytics
2024-05-16 20:08:53,131 [INFO] AnalyticsPlugin:253 - Accepted Software Licenses: 
2024-05-16 20:08:53,132 [INFO] AnalyticsPlugin:255 - Accepted CMSIS Pack Licenses: 
2024-05-16 20:08:53,132 [INFO] AnalyticsPlugin:257 - Accepted Firmware Licenses: 
2024-05-16 20:08:53,138 [INFO] PluginManage:359 - Loaded plugin analytics (category:tool,tabindex:-1)
2024-05-16 20:08:53,138 [ERROR] ConfigurationRetriever:142 - IOException on connection: sw-center.st.com
2024-05-16 20:08:53,138 [INFO] PluginManage:310 - Check plugin cadmodel
2024-05-16 20:08:53,139 [ERROR] ConfigurationRetriever:142 - IOException on connection: sw-center.st.com
2024-05-16 20:08:53,140 [ERROR] ConfigurationRetriever:142 - IOException on connection: sw-center.st.com
2024-05-16 20:08:53,166 [INFO] CADModel:105 - Init CAD model plugin
2024-05-16 20:08:53,167 [INFO] PluginManage:359 - Loaded plugin cadmodel (category:power,tabindex:5)
2024-05-16 20:08:53,167 [INFO] PluginManage:310 - Check plugin clock
2024-05-16 20:08:53,209 [INFO] PluginManage:359 - Loaded plugin clock (category:base,tabindex:2)
2024-05-16 20:08:53,209 [INFO] PluginManage:310 - Check plugin ddr
2024-05-16 20:08:53,212 [INFO] PluginManage:359 - Loaded plugin ddr (category:tool,tabindex:6)
2024-05-16 20:08:53,213 [INFO] PluginManage:310 - Check plugin filemanager
2024-05-16 20:08:53,524 [INFO] PluginManage:359 - Loaded plugin filemanager (category:base,tabindex:10)
2024-05-16 20:08:53,525 [INFO] PluginManage:310 - Check plugin ipmanager
2024-05-16 20:08:53,539 [INFO] PluginManage:359 - Loaded plugin ipmanager (category:base,tabindex:5)
2024-05-16 20:08:53,539 [INFO] PluginManage:310 - Check plugin lpbam
2024-05-16 20:08:53,570 [INFO] PluginManage:359 - Loaded plugin lpbam (category:base,tabindex:0)
2024-05-16 20:08:53,570 [INFO] PluginManage:310 - Check plugin memorymap
2024-05-16 20:08:53,609 [INFO] PluginManage:359 - Loaded plugin memorymap (category:base,tabindex:4)
2024-05-16 20:08:53,609 [INFO] PluginManage:310 - Check plugin pinoutandconfiguration
2024-05-16 20:08:53,644 [INFO] PluginManage:359 - Loaded plugin pinoutandconfiguration (category:base,tabindex:1)
2024-05-16 20:08:53,644 [INFO] PluginManage:310 - Check plugin pinoutconfig
2024-05-16 20:08:53,845 [WARN] SupportedApi:132 - Cannot load RTOS API schema: s4s-elt-must-match.1: The content of 'definitions' must match (annotation?, (simpleType | complexType)?, (unique | key | keyref)*)). A problem was found starting at: attribute.
2024-05-16 20:08:54,147 [INFO] PluginManage:359 - Loaded plugin pinoutconfig (category:base,tabindex:0)
2024-05-16 20:08:54,147 [INFO] PluginManage:310 - Check plugin power
2024-05-16 20:08:54,186 [INFO] PluginManage:359 - Loaded plugin power (category:power,tabindex:4)
2024-05-16 20:08:54,186 [INFO] PluginManage:310 - Check plugin projectmanager
2024-05-16 20:08:54,214 [INFO] PluginManage:359 - Loaded plugin projectmanager (category:projectmanager,tabindex:3)
2024-05-16 20:08:54,215 [INFO] PluginManage:310 - Check plugin thirdparty
2024-05-16 20:08:54,700 [INFO] PluginManage:359 - Loaded plugin thirdparty (category:base,tabindex:-1)
2024-05-16 20:08:54,700 [WARN] IntegrityCheckThread:84 - waiting for thirdparty lock release [integrity check]
2024-05-16 20:08:54,700 [INFO] PluginManage:310 - Check plugin tools
2024-05-16 20:08:54,700 [INFO] IntegrityCheckThread:86 - entering critical section [integrity check]
2024-05-16 20:08:54,701 [INFO] ThirdPartyUpdaterWithRetryManager:70 - Updater plugin not ready yet. [1/15]
2024-05-16 20:08:54,759 [INFO] PluginManage:359 - Loaded plugin tools (category:base,tabindex:7)
2024-05-16 20:08:54,759 [INFO] PluginManage:310 - Check plugin tutovideos
2024-05-16 20:08:55,196 [INFO] PluginManage:359 - Loaded plugin tutovideos (category:base,tabindex:-1)
2024-05-16 20:08:55,196 [INFO] PluginManage:310 - Check plugin updater
2024-05-16 20:08:55,215 [INFO] PluginManage:359 - Loaded plugin updater (category:base,tabindex:12)
2024-05-16 20:08:55,215 [INFO] PluginManage:310 - Check plugin userauth
2024-05-16 20:08:55,224 [INFO] UserAuth:114 - Init User Auth plugin
2024-05-16 20:08:55,224 [INFO] PluginManage:359 - Loaded plugin userauth (category:base,tabindex:14)
2024-05-16 20:08:55,225 [INFO] PluginManage:283 - PluginManage : Loaded plugins [17]
2024-05-16 20:08:55,638 [INFO] PinOutPanel:1561 - setPackage(No Configuration,No Configuration)
2024-05-16 20:08:55,800 [INFO] CADModel:165 - CPN selected for project level
2024-05-16 20:08:55,800 [INFO] CADModel:114 - Register for checkConnection events
2024-05-16 20:08:55,844 [INFO] IPUIPlugin:80 - create IPUIPlugin
2024-05-16 20:08:55,845 [INFO] PluginManager:220 - loadIPPluginJar : add adc
2024-05-16 20:08:55,917 [INFO] IPUIPlugin:80 - create IPUIPlugin
2024-05-16 20:08:55,917 [INFO] PluginManager:220 - loadIPPluginJar : add aes
2024-05-16 20:08:55,994 [INFO] IPUIPlugin:80 - create IPUIPlugin
2024-05-16 20:08:55,995 [INFO] PluginManager:220 - loadIPPluginJar : add can
2024-05-16 20:08:56,035 [INFO] IPUIPlugin:80 - create IPUIPlugin
2024-05-16 20:08:56,035 [INFO] PluginManager:220 - loadIPPluginJar : add comp
2024-05-16 20:08:56,114 [INFO] IPUIPlugin:80 - create IPUIPlugin
2024-05-16 20:08:56,114 [INFO] PluginManager:220 - loadIPPluginJar : add cryp
2024-05-16 20:08:56,172 [INFO] IPUIPlugin:80 - create IPUIPlugin
2024-05-16 20:08:56,172 [INFO] PluginManager:220 - loadIPPluginJar : add dfsdm
2024-05-16 20:08:56,197 [INFO] IPUIPlugin:80 - create IPUIPlugin
2024-05-16 20:08:56,198 [INFO] PluginManager:220 - loadIPPluginJar : add dma
2024-05-16 20:08:56,276 [INFO] IPUIPlugin:80 - create IPUIPlugin
2024-05-16 20:08:56,276 [INFO] PluginManager:220 - loadIPPluginJar : add dma3
2024-05-16 20:08:56,360 [INFO] IPUIPlugin:80 - create IPUIPlugin
2024-05-16 20:08:56,360 [INFO] PluginManager:220 - loadIPPluginJar : add extmemmanager
2024-05-16 20:08:56,409 [INFO] IPUIPlugin:80 - create IPUIPlugin
2024-05-16 20:08:56,409 [INFO] PluginManager:220 - loadIPPluginJar : add fatfs
2024-05-16 20:08:56,501 [INFO] IPUIPlugin:80 - create IPUIPlugin
2024-05-16 20:08:56,501 [INFO] PluginManager:220 - loadIPPluginJar : add fmc
2024-05-16 20:08:56,535 [INFO] IPUIPlugin:80 - create IPUIPlugin
2024-05-16 20:08:56,535 [INFO] PluginManager:220 - loadIPPluginJar : add freertos
2024-05-16 20:08:56,570 [INFO] IPUIPlugin:80 - create IPUIPlugin
2024-05-16 20:08:56,571 [INFO] PluginManager:220 - loadIPPluginJar : add genericplugin
2024-05-16 20:08:56,763 [INFO] IPUIPlugin:80 - create IPUIPlugin
2024-05-16 20:08:56,763 [INFO] PluginManager:220 - loadIPPluginJar : add gfxmmu
2024-05-16 20:08:57,102 [INFO] IPUIPlugin:80 - create IPUIPlugin
2024-05-16 20:08:57,103 [INFO] PluginManager:220 - loadIPPluginJar : add gic
2024-05-16 20:08:57,132 [INFO] IPUIPlugin:80 - create IPUIPlugin
2024-05-16 20:08:57,133 [INFO] PluginManager:220 - loadIPPluginJar : add gpio
2024-05-16 20:08:57,357 [INFO] IPUIPlugin:80 - create IPUIPlugin
2024-05-16 20:08:57,357 [INFO] PluginManager:220 - loadIPPluginJar : add gtzc
2024-05-16 20:08:57,429 [INFO] IPUIPlugin:80 - create IPUIPlugin
2024-05-16 20:08:57,429 [INFO] PluginManager:220 - loadIPPluginJar : add hash
2024-05-16 20:08:57,534 [INFO] IPUIPlugin:80 - create IPUIPlugin
2024-05-16 20:08:57,534 [INFO] PluginManager:220 - loadIPPluginJar : add i2c
2024-05-16 20:08:57,616 [INFO] IPUIPlugin:80 - create IPUIPlugin
2024-05-16 20:08:57,617 [INFO] PluginManager:220 - loadIPPluginJar : add i2s
2024-05-16 20:08:57,697 [INFO] IPUIPlugin:80 - create IPUIPlugin
2024-05-16 20:08:57,698 [INFO] PluginManager:220 - loadIPPluginJar : add i3c
2024-05-16 20:08:57,703 [INFO] ThirdPartyUpdaterWithRetryManager:70 - Updater plugin not ready yet. [2/15]
2024-05-16 20:08:57,934 [INFO] IPUIPlugin:80 - create IPUIPlugin
2024-05-16 20:08:57,934 [INFO] PluginManager:220 - loadIPPluginJar : add ipddr
2024-05-16 20:08:58,129 [INFO] IPUIPlugin:80 - create IPUIPlugin
2024-05-16 20:08:58,129 [INFO] PluginManager:220 - loadIPPluginJar : add linkedlist
2024-05-16 20:08:58,210 [INFO] IPUIPlugin:80 - create IPUIPlugin
2024-05-16 20:08:58,210 [INFO] PluginManager:220 - loadIPPluginJar : add lorawan
2024-05-16 20:08:58,304 [INFO] IPUIPlugin:80 - create IPUIPlugin
2024-05-16 20:08:58,305 [INFO] PluginManager:220 - loadIPPluginJar : add ltdc
2024-05-16 20:08:58,336 [INFO] IPUIPlugin:80 - create IPUIPlugin
2024-05-16 20:08:58,336 [INFO] PluginManager:220 - loadIPPluginJar : add mdma
2024-05-16 20:08:58,364 [INFO] IPUIPlugin:80 - create IPUIPlugin
2024-05-16 20:08:58,365 [INFO] PluginManager:220 - loadIPPluginJar : add nvic
2024-05-16 20:08:58,428 [INFO] IPUIPlugin:80 - create IPUIPlugin
2024-05-16 20:08:58,428 [INFO] PluginManager:220 - loadIPPluginJar : add opamp
2024-05-16 20:08:58,533 [INFO] IPUIPlugin:80 - create IPUIPlugin
2024-05-16 20:08:58,533 [INFO] PluginManager:220 - loadIPPluginJar : add openamp
2024-05-16 20:08:58,608 [INFO] IPUIPlugin:80 - create IPUIPlugin
2024-05-16 20:08:58,608 [INFO] PluginManager:220 - loadIPPluginJar : add pdm2pcm
2024-05-16 20:08:58,629 [INFO] IPUIPlugin:80 - create IPUIPlugin
2024-05-16 20:08:58,632 [INFO] PluginManager:220 - loadIPPluginJar : add plateformsettings
2024-05-16 20:08:58,670 [INFO] IPUIPlugin:80 - create IPUIPlugin
2024-05-16 20:08:58,670 [INFO] PluginManager:220 - loadIPPluginJar : add quadspi
2024-05-16 20:08:58,690 [INFO] IPUIPlugin:80 - create IPUIPlugin
2024-05-16 20:08:58,690 [INFO] PluginManager:220 - loadIPPluginJar : add resmgrutility
2024-05-16 20:08:58,770 [INFO] IPUIPlugin:80 - create IPUIPlugin
2024-05-16 20:08:58,770 [INFO] PluginManager:220 - loadIPPluginJar : add sai
2024-05-16 20:08:58,841 [INFO] IPUIPlugin:80 - create IPUIPlugin
2024-05-16 20:08:58,841 [INFO] PluginManager:220 - loadIPPluginJar : add spi
2024-05-16 20:08:58,945 [INFO] IPUIPlugin:80 - create IPUIPlugin
2024-05-16 20:08:58,945 [INFO] PluginManager:220 - loadIPPluginJar : add stm32_wpan
2024-05-16 20:08:58,979 [INFO] IPUIPlugin:80 - create IPUIPlugin
2024-05-16 20:08:58,980 [INFO] PluginManager:220 - loadIPPluginJar : add tim
2024-05-16 20:08:59,132 [INFO] IPUIPlugin:80 - create IPUIPlugin
2024-05-16 20:08:59,132 [INFO] PluginManager:220 - loadIPPluginJar : add touchsensing
2024-05-16 20:08:59,213 [INFO] IPUIPlugin:80 - create IPUIPlugin
2024-05-16 20:08:59,214 [INFO] PluginManager:220 - loadIPPluginJar : add tracer_emb
2024-05-16 20:08:59,291 [INFO] IPUIPlugin:80 - create IPUIPlugin
2024-05-16 20:08:59,291 [INFO] PluginManager:220 - loadIPPluginJar : add ts
2024-05-16 20:08:59,359 [INFO] IPUIPlugin:80 - create IPUIPlugin
2024-05-16 20:08:59,359 [INFO] PluginManager:220 - loadIPPluginJar : add tsc
2024-05-16 20:08:59,425 [INFO] IPUIPlugin:80 - create IPUIPlugin
2024-05-16 20:08:59,425 [INFO] PluginManager:220 - loadIPPluginJar : add ucpd
2024-05-16 20:08:59,553 [INFO] IPUIPlugin:80 - create IPUIPlugin
2024-05-16 20:08:59,553 [INFO] PluginManager:220 - loadIPPluginJar : add usart
2024-05-16 20:08:59,680 [INFO] IPUIPlugin:80 - create IPUIPlugin
2024-05-16 20:08:59,680 [INFO] PluginManager:220 - loadIPPluginJar : add usbx
2024-05-16 20:08:59,902 [INFO] CADModel:165 - CPN selected for project level
2024-05-16 20:08:59,902 [INFO] CADModel:114 - Register for checkConnection events
2024-05-16 20:08:59,903 [FATAL] Updater:308 - Updater called before beeing initialized
2024-05-16 20:08:59,903 [ERROR] CADModel:125 - Updater not yet initialized, retry later 
2024-05-16 20:09:00,498 [INFO] CADModel:165 - CPN selected for project level
2024-05-16 20:09:00,499 [INFO] CADModel:114 - Register for checkConnection events
2024-05-16 20:09:00,499 [FATAL] Updater:308 - Updater called before beeing initialized
2024-05-16 20:09:00,499 [ERROR] CADModel:125 - Updater not yet initialized, retry later 
2024-05-16 20:09:00,509 [FATAL] Updater:308 - Updater called before beeing initialized
2024-05-16 20:09:00,704 [INFO] ThirdPartyUpdaterWithRetryManager:70 - Updater plugin not ready yet. [3/15]
2024-05-16 20:09:00,883 [FATAL] Updater:308 - Updater called before beeing initialized
2024-05-16 20:09:00,904 [INFO] DbMcusAds:53 - JSON generation date=Wed Nov 29 11:52:27 WAT 2023 (1701255147349)
2024-05-16 20:09:00,905 [FATAL] Updater:308 - Updater called before beeing initialized
2024-05-16 20:09:01,063 [WARN] DetailPanel:346 - Failed to get advertising image, set to default
2024-05-16 20:09:01,309 [FATAL] Updater:308 - Updater called before beeing initialized
2024-05-16 20:09:01,313 [FATAL] Updater:308 - Updater called before beeing initialized
2024-05-16 20:09:01,313 [FATAL] Updater:308 - Updater called before beeing initialized
2024-05-16 20:09:01,314 [WARN] DetailPanel:346 - Failed to get advertising image, set to default
2024-05-16 20:09:01,315 [FATAL] Updater:308 - Updater called before beeing initialized
2024-05-16 20:09:01,440 [ERROR] Updater:1120 - MainUpdater not yet initialized. External WinMGr cannot be set.
2024-05-16 20:09:01,455 [INFO] Updater:1056 - Updater Version found : 6.11.0
2024-05-16 20:09:01,485 [INFO] ApplicationProperties:184 - Using Application install path: C:\ST\STM32CubeIDE_1.15.0\STM32CubeIDE\plugins\com.st.stm32cube.common.mx_6.11.0.202403141607
2024-05-16 20:09:03,094 [ERROR] LogOutputStream:75 - [STDERR_REDIRECT] May 16, 2024 8:09:03 PM java.util.prefs.WindowsPreferences <init>
2024-05-16 20:09:03,100 [ERROR] LogOutputStream:75 - [STDERR_REDIRECT] WARNING: Could not open/create prefs root node Software\JavaSoft\Prefs at root 0xffffffff80000002. Windows RegCreateKeyEx(...) returned error code 5.
2024-05-16 20:09:03,102 [ERROR] LogOutputStream:75 - [STDERR_REDIRECT] 
2024-05-16 20:09:03,555 [INFO] MainUpdater:2873 - connection check result : 22
2024-05-16 20:09:03,557 [INFO] MainUpdater:290 - Updater Check For Update Now.
2024-05-16 20:09:03,557 [INFO] MicroXplorer:498 - Change Database Version : DB.6.0.110
2024-05-16 20:09:03,580 [INFO] McuFinderGlobals:63 - Set McuFinder mode to 2 (CubeIDE integrated)
2024-05-16 20:09:03,607 [INFO] UserAuth:415 - Internet connection configuration mode: 2
2024-05-16 20:09:03,706 [WARN] MainUpdater:1194 - Updater busy. Cannot search thirdparties
2024-05-16 20:09:03,706 [INFO] ThirdPartyUpdaterWithRetryManager:96 - Updater plugin is busy. [1/15]
2024-05-16 20:09:03,836 [INFO] CheckServerUpdateThread:120 - End of CheckServer Thread
2024-05-16 20:09:07,052 [WARN] PackLoader:240 - Cannot read IP mode file for STMicroelectronics.FP-SNS-MOTENVWB1.1.4.0
2024-05-16 20:09:07,090 [WARN] PackLoader:240 - Cannot read IP mode file for STMicroelectronics.X-CUBE-SMBUS.2.1.0
2024-05-16 20:09:07,109 [WARN] PackLoader:240 - Cannot read IP mode file for STMicroelectronics.X-CUBE-TOUCHGFX.4.23.2
2024-05-16 20:09:07,178 [WARN] PackLoader:240 - Cannot read IP mode file for STMicroelectronics.X-CUBE-AZRTOS-F7.1.1.0
2024-05-16 20:09:07,207 [WARN] PackLoader:240 - Cannot read IP mode file for STMicroelectronics.FP-SNS-FLIGHT1.5.0.2
2024-05-16 20:09:07,232 [WARN] PackLoader:240 - Cannot read IP mode file for STMicroelectronics.X-CUBE-DISPLAY.3.0.0
2024-05-16 20:09:07,262 [WARN] PackLoader:240 - Cannot read IP mode file for STMicroelectronics.X-CUBE-BLE1.7.0.0
2024-05-16 20:09:07,280 [WARN] PackLoader:240 - Cannot read IP mode file for emotas.I-CUBE-CANOPEN.1.3.0
2024-05-16 20:09:07,306 [WARN] PackLoader:240 - Cannot read IP mode file for STMicroelectronics.X-CUBE-BLEMGR.3.1.0
2024-05-16 20:09:07,326 [WARN] PackLoader:240 - Cannot read IP mode file for STMicroelectronics.FP-SNS-SMARTAG2.1.2.0
2024-05-16 20:09:07,355 [INFO] LogOutputStream:77 - [STDOUT_REDIRECT] 1 : Invalid condition id : UX_CORESTACK_Condition cause : null
2024-05-16 20:09:07,356 [INFO] LogOutputStream:77 - [STDOUT_REDIRECT] 1 : Invalid condition id : UX_CORESTACK_Condition cause : null
2024-05-16 20:09:07,360 [INFO] LogOutputStream:77 - [STDOUT_REDIRECT] 1 : Invalid condition id : UX_CORESTACK_Condition cause : null
2024-05-16 20:09:07,363 [INFO] LogOutputStream:77 - [STDOUT_REDIRECT] 1 : Invalid condition id : UX_CORESTACK_Condition cause : null
2024-05-16 20:09:07,365 [INFO] LogOutputStream:77 - [STDOUT_REDIRECT] 1 : Invalid condition id : UX_CORESTACK_Condition cause : null
2024-05-16 20:09:07,371 [WARN] PackLoader:240 - Cannot read IP mode file for STMicroelectronics.X-CUBE-AZRTOS-WL.2.0.0
2024-05-16 20:09:07,392 [WARN] PackLoader:240 - Cannot read IP mode file for STMicroelectronics.FP-SNS-MOTENV1.5.0.0
2024-05-16 20:09:07,417 [WARN] PackLoader:240 - Cannot read IP mode file for WES.I-CUBE-Cesium.1.3.0
2024-05-16 20:09:07,434 [WARN] PackLoader:240 - Cannot read IP mode file for STMicroelectronics.X-CUBE-BLE2.3.3.0
2024-05-16 20:09:07,458 [WARN] PackLoader:240 - Cannot read IP mode file for STMicroelectronics.X-CUBE-TCPP.4.1.0
2024-05-16 20:09:07,483 [WARN] PackLoader:240 - Cannot read IP mode file for STMicroelectronics.X-CUBE-ALGOBUILD.1.3.0
2024-05-16 20:09:07,526 [WARN] PackLoader:240 - Cannot read IP mode file for STMicroelectronics.X-CUBE-AZRTOS-G0.1.1.0
2024-05-16 20:09:07,548 [WARN] PackLoader:240 - Cannot read IP mode file for STMicroelectronics.X-CUBE-SAFEA1.1.2.2
2024-05-16 20:09:07,567 [WARN] PackLoader:240 - Cannot read IP mode file for STMicroelectronics.X-CUBE-NFC4.3.0.0
2024-05-16 20:09:07,584 [WARN] PackLoader:240 - Cannot read IP mode file for wolfSSL.I-CUBE-wolfSSL.5.7.0
2024-05-16 20:09:07,599 [WARN] PackLoader:240 - Cannot read IP mode file for STMicroelectronics.FP-ATR-SIGFOX1.3.2.0
2024-05-16 20:09:07,618 [WARN] PackLoader:240 - Cannot read IP mode file for STMicroelectronics.X-CUBE-EEPRMA1.5.1.0
2024-05-16 20:09:07,642 [WARN] PackLoader:240 - Cannot read IP mode file for ITTIA_DB.I-CUBE-ITTIADB.8.9.0
2024-05-16 20:09:07,712 [WARN] PackLoader:240 - Cannot read IP mode file for SEGGER.I-CUBE-embOS.1.3.1
2024-05-16 20:09:07,821 [WARN] PackLoader:240 - Cannot read IP mode file for STMicroelectronics.X-CUBE-GNSS1.6.0.0
2024-05-16 20:09:07,870 [WARN] PackLoader:240 - Cannot read IP mode file for STMicroelectronics.X-CUBE-AZRTOS-F4.1.1.0
2024-05-16 20:09:07,946 [WARN] PackLoader:240 - Cannot read IP mode file for STMicroelectronics.X-CUBE-AZRTOS-L5.2.0.0
2024-05-16 20:09:07,975 [WARN] PackLoader:240 - Cannot read IP mode file for STMicroelectronics.X-CUBE-NFC6.3.1.0
2024-05-16 20:09:07,996 [WARN] PackLoader:240 - Cannot read IP mode file for STMicroelectronics.X-CUBE-AI.9.0.0
2024-05-16 20:09:08,020 [WARN] PackLoader:240 - Cannot read IP mode file for STMicroelectronics.X-CUBE-NFC7.1.0.1
2024-05-16 20:09:08,059 [WARN] ConditionMgr:438 - getConditionDescription Invalid condition id : LAN8742 Phy interface Condition cause : null
2024-05-16 20:09:08,060 [WARN] PackLoader:240 - Cannot read IP mode file for STMicroelectronics.X-CUBE-AZRTOS-L4.2.0.0
2024-05-16 20:09:08,062 [WARN] ConditionMgr:1039 - genDependencies : Invalid condition id : LAN8742 Phy interface Condition cause : null
2024-05-16 20:09:08,062 [WARN] ConditionMgr:1039 - genDependencies : Invalid condition id : LAN8742 Phy interface Condition cause : null
2024-05-16 20:09:08,062 [WARN] ConditionMgr:1039 - genDependencies : Invalid condition id : LAN8742 Phy interface Condition cause : null
2024-05-16 20:09:08,082 [WARN] PackLoader:240 - Cannot read IP mode file for STMicroelectronics.X-CUBE-SFXS2LP1.4.0.0
2024-05-16 20:09:08,116 [WARN] ConditionMgr:438 - getConditionDescription Invalid condition id : UX DEVICE CLASS RTOS Condition cause : null
2024-05-16 20:09:08,116 [WARN] ConditionMgr:438 - getConditionDescription Invalid condition id : UX DEVICE CLASS RTOS Condition cause : null
2024-05-16 20:09:08,119 [WARN] PackLoader:240 - Cannot read IP mode file for STMicroelectronics.X-CUBE-AZRTOS-WB.2.0.0
2024-05-16 20:09:08,119 [WARN] ConditionMgr:1039 - genDependencies : Invalid condition id : UX DEVICE CLASS RTOS Condition cause : null
2024-05-16 20:09:08,120 [WARN] ConditionMgr:1039 - genDependencies : Invalid condition id : UX DEVICE CLASS RTOS Condition cause : null
2024-05-16 20:09:08,120 [WARN] ConditionMgr:1039 - genDependencies : Invalid condition id : UX DEVICE CLASS RTOS Condition cause : null
2024-05-16 20:09:08,120 [WARN] ConditionMgr:1039 - genDependencies : Invalid condition id : UX DEVICE CLASS RTOS Condition cause : null
2024-05-16 20:09:08,120 [WARN] ConditionMgr:1039 - genDependencies : Invalid condition id : UX DEVICE CLASS RTOS Condition cause : null
2024-05-16 20:09:08,151 [WARN] PackLoader:240 - Cannot read IP mode file for STMicroelectronics.X-CUBE-SUBG2.5.0.0
2024-05-16 20:09:08,195 [WARN] PackLoader:240 - Cannot read IP mode file for STMicroelectronics.X-CUBE-AZRTOS-G4.2.0.0
2024-05-16 20:09:08,212 [WARN] PackLoader:240 - Cannot read IP mode file for STMicroelectronics.X-CUBE-ISPU.2.0.0
2024-05-16 20:09:08,295 [WARN] PackLoader:240 - Cannot read IP mode file for STMicroelectronics.X-CUBE-MEMS1.10.0.0
2024-05-16 20:09:08,495 [WARN] PackLoader:240 - Cannot read IP mode file for STMicroelectronics.X-CUBE-FREERTOS.1.1.0
2024-05-16 20:09:08,519 [WARN] PackLoader:240 - Cannot read IP mode file for portGmbH.I-Cube-SoM-uGOAL.1.1.0
2024-05-16 20:09:08,536 [WARN] PackLoader:240 - Cannot read IP mode file for STMicroelectronics.X-CUBE-ALS.1.0.1
2024-05-16 20:09:08,584 [WARN] PackLoader:240 - Cannot read IP mode file for STMicroelectronics.X-CUBE-AZRTOS-H7RS.1.0.0
2024-05-16 20:09:08,603 [WARN] PackLoader:240 - Cannot read IP mode file for STMicroelectronics.FP-ATR-ASTRA1.2.0.0
2024-05-16 20:09:08,637 [WARN] PackLoader:240 - Cannot read IP mode file for STMicroelectronics.X-CUBE-TOF1.3.4.1
2024-05-16 20:09:08,695 [WARN] PackLoader:240 - Cannot read IP mode file for STMicroelectronics.X-CUBE-AZRTOS-H7.3.2.0
2024-05-16 20:09:08,733 [WARN] PackLoader:240 - Cannot read IP mode file for Infineon.AIROC-Wi-Fi-Bluetooth-STM32.1.6.0
2024-05-16 20:09:08,738 [INFO] ThirdParty:978 - Integrity check success = true
2024-05-16 20:09:08,738 [INFO] IntegrityCheckThread:100 - exiting critical section [integrity check]
2024-05-16 20:09:08,738 [INFO] IntegrityCheckThread:103 - End integrity checks thread
2024-05-16 20:09:43,306 [ERROR] ConfigurationRetriever:142 - IOException on connection: sw-center.st.com
2024-05-16 20:09:43,307 [ERROR] ConfigurationRetriever:142 - IOException on connection: sw-center.st.com
2024-05-16 20:09:43,308 [ERROR] ConfigurationRetriever:142 - IOException on connection: sw-center.st.com
2024-05-16 20:24:36,131 [ERROR] ConfigurationRetriever:142 - IOException on connection: sw-center.st.com
2024-05-16 20:24:36,133 [ERROR] ConfigurationRetriever:142 - IOException on connection: sw-center.st.com
2024-05-16 20:24:36,135 [ERROR] ConfigurationRetriever:142 - IOException on connection: sw-center.st.com
2024-05-16 20:26:15,410 [ERROR] ConfigurationRetriever:142 - IOException on connection: sw-center.st.com
2024-05-16 20:26:15,411 [ERROR] ConfigurationRetriever:142 - IOException on connection: sw-center.st.com
2024-05-16 20:26:15,412 [ERROR] ConfigurationRetriever:142 - IOException on connection: sw-center.st.com
2024-05-16 20:27:35,816 [ERROR] ConfigurationRetriever:142 - IOException on connection: sw-center.st.com
2024-05-16 20:27:35,817 [ERROR] ConfigurationRetriever:142 - IOException on connection: sw-center.st.com
2024-05-16 20:27:35,818 [ERROR] ConfigurationRetriever:142 - IOException on connection: sw-center.st.com
2024-05-16 20:38:47,708 [ERROR] ConfigurationRetriever:142 - IOException on connection: sw-center.st.com
2024-05-16 20:38:47,709 [ERROR] ConfigurationRetriever:142 - IOException on connection: sw-center.st.com
2024-05-16 20:38:47,710 [ERROR] ConfigurationRetriever:142 - IOException on connection: sw-center.st.com
2024-05-16 20:52:06,705 [ERROR] ConfigurationRetriever:142 - IOException on connection: sw-center.st.com
2024-05-16 20:52:06,707 [ERROR] ConfigurationRetriever:142 - IOException on connection: sw-center.st.com
2024-05-16 20:52:06,709 [ERROR] ConfigurationRetriever:142 - IOException on connection: sw-center.st.com
2024-05-16 20:58:26,987 [ERROR] ConfigurationRetriever:142 - IOException on connection: sw-center.st.com
2024-05-16 20:58:26,988 [ERROR] ConfigurationRetriever:142 - IOException on connection: sw-center.st.com
2024-05-16 20:58:26,989 [ERROR] ConfigurationRetriever:142 - IOException on connection: sw-center.st.com
2024-05-16 21:01:16,672 [ERROR] ConfigurationRetriever:142 - IOException on connection: sw-center.st.com
2024-05-16 21:01:16,674 [ERROR] ConfigurationRetriever:142 - IOException on connection: sw-center.st.com
2024-05-16 21:01:16,676 [ERROR] ConfigurationRetriever:142 - IOException on connection: sw-center.st.com
2024-05-16 21:07:14,217 [ERROR] ConfigurationRetriever:142 - IOException on connection: sw-center.st.com
2024-05-16 21:07:14,219 [ERROR] ConfigurationRetriever:142 - IOException on connection: sw-center.st.com
2024-05-16 21:07:14,220 [ERROR] ConfigurationRetriever:142 - IOException on connection: sw-center.st.com
2024-05-16 21:08:13,452 [ERROR] ConfigurationRetriever:142 - IOException on connection: sw-center.st.com
2024-05-16 21:08:13,453 [ERROR] ConfigurationRetriever:142 - IOException on connection: sw-center.st.com
2024-05-16 21:08:13,454 [ERROR] ConfigurationRetriever:142 - IOException on connection: sw-center.st.com
2024-05-16 21:08:14,706 [ERROR] LogOutputStream:75 - [STDERR_REDIRECT] 
