2024-06-17 09:40:07,432 [INFO] Activator:176 - 


2024-06-17 09:40:07,442 [INFO] Activator:177 - !SESSION log4j initialized
2024-06-17 09:40:18,238 [INFO] LogOutputStream:77 - [STDOUT_REDIRECT] 
2024-06-17 09:40:26,463 [INFO] ApplicationProperties:184 - Using Application install path: C:\ST\STM32CubeIDE_1.15.0\STM32CubeIDE\plugins\com.st.stm32cube.common.mx_6.11.0.202403141607
2024-06-17 09:40:26,483 [INFO] DbMcusXml:78 - Set database path to: C:\ST\STM32CubeIDE_1.15.0\STM32CubeIDE\plugins\com.st.stm32cube.common.mx_6.11.0.202403141607\\db\/mcu/
2024-06-17 09:40:26,483 [INFO] ApiDb:274 - Set plugin database path to: C:\ST\STM32CubeIDE_1.15.0\STM32CubeIDE\plugins\com.st.stm32cube.common.mx_6.11.0.202403141607\\db\/plugins/boardmanager/
2024-06-17 09:40:26,484 [WARN] ApiDb:259 - Overriding images path with different value:  => C:\ST\STM32CubeIDE_1.15.0\STM32CubeIDE\plugins\com.st.stm32cube.common.mx_6.11.0.202403141607\\db\/plugins/mcufinder/images/
2024-06-17 09:40:26,492 [INFO] ApiDb:250 - Set database path to: C:\Users\User\.stmcufinder\plugins\mcufinder//mcu/
2024-06-17 09:40:26,493 [INFO] DbMcusAds:125 - Set database path to: C:\Users\User\.stmcufinder\plugins\mcufinder//mcu/
2024-06-17 09:40:26,495 [INFO] CrossReferenceDbSqlite:203 - Set database path to: C:\Users\User\.stmcufinder\plugins\mcufinder//mcu/cs/
2024-06-17 09:40:26,646 [INFO] RulesReader:64 - Compatibility file has been processed (297 Rules)
2024-06-17 09:40:26,748 [INFO] DbMcusXml:78 - Set database path to: C:\ST\STM32CubeIDE_1.15.0\STM32CubeIDE\plugins\com.st.stm32cube.common.mx_6.11.0.202403141607\\db\/mcu/
2024-06-17 09:40:26,748 [INFO] ApiDb:274 - Set plugin database path to: C:\ST\STM32CubeIDE_1.15.0\STM32CubeIDE\plugins\com.st.stm32cube.common.mx_6.11.0.202403141607\\db\/plugins/boardmanager/
2024-06-17 09:40:26,748 [INFO] ApiDb:261 - Set plugin images path to: C:\ST\STM32CubeIDE_1.15.0\STM32CubeIDE\plugins\com.st.stm32cube.common.mx_6.11.0.202403141607\\db\/plugins/mcufinder/images/
2024-06-17 09:40:26,748 [WARN] DbFile:41 - Overriding database path with different value: C:\Users\User\.stmcufinder\plugins\mcufinder/ => C:\Users\User\.stmcufinder\plugins\mcufinder
2024-06-17 09:40:26,748 [INFO] ApiDb:250 - Set database path to: C:\Users\User\.stmcufinder\plugins\mcufinder//mcu/
2024-06-17 09:40:26,748 [WARN] DbFile:41 - Overriding database path with different value: C:\Users\User\.stmcufinder\plugins\mcufinder/ => C:\Users\User\.stmcufinder\plugins\mcufinder
2024-06-17 09:40:26,748 [INFO] DbMcusAds:125 - Set database path to: C:\Users\User\.stmcufinder\plugins\mcufinder//mcu/
2024-06-17 09:40:26,748 [WARN] DbFile:41 - Overriding database path with different value: C:\Users\User\.stmcufinder\plugins\mcufinder/ => C:\Users\User\.stmcufinder\plugins\mcufinder
2024-06-17 09:40:26,749 [WARN] DbFile:41 - Overriding database path with different value: C:\Users\User\.stmcufinder\plugins\mcufinder/ => C:\Users\User\.stmcufinder\plugins\mcufinder
2024-06-17 09:40:26,749 [INFO] CrossReferenceDbSqlite:203 - Set database path to: C:\Users\User\.stmcufinder\plugins\mcufinder//mcu/cs/
2024-06-17 09:40:26,856 [INFO] MainPanel:264 - HeapMemory: 268435456
2024-06-17 09:40:26,975 [INFO] DbMcusXml:78 - Set database path to: C:\ST\STM32CubeIDE_1.15.0\STM32CubeIDE\plugins\com.st.stm32cube.common.mx_6.11.0.202403141607\\db\/mcu/
2024-06-17 09:40:26,976 [INFO] ApiDb:274 - Set plugin database path to: C:\ST\STM32CubeIDE_1.15.0\STM32CubeIDE\plugins\com.st.stm32cube.common.mx_6.11.0.202403141607\\db\/plugins/boardmanager/
2024-06-17 09:40:26,976 [INFO] ApiDb:261 - Set plugin images path to: C:\ST\STM32CubeIDE_1.15.0\STM32CubeIDE\plugins\com.st.stm32cube.common.mx_6.11.0.202403141607\\db\/plugins/mcufinder/images/
2024-06-17 09:40:26,976 [WARN] DbFile:41 - Overriding database path with different value: C:\Users\User\.stmcufinder\plugins\mcufinder/ => C:\Users\User\.stmcufinder\plugins\mcufinder
2024-06-17 09:40:26,976 [INFO] ApiDb:250 - Set database path to: C:\Users\User\.stmcufinder\plugins\mcufinder//mcu/
2024-06-17 09:40:26,976 [WARN] DbFile:41 - Overriding database path with different value: C:\Users\User\.stmcufinder\plugins\mcufinder/ => C:\Users\User\.stmcufinder\plugins\mcufinder
2024-06-17 09:40:26,977 [INFO] DbMcusAds:125 - Set database path to: C:\Users\User\.stmcufinder\plugins\mcufinder//mcu/
2024-06-17 09:40:26,977 [WARN] DbFile:41 - Overriding database path with different value: C:\Users\User\.stmcufinder\plugins\mcufinder/ => C:\Users\User\.stmcufinder\plugins\mcufinder
2024-06-17 09:40:26,977 [WARN] DbFile:41 - Overriding database path with different value: C:\Users\User\.stmcufinder\plugins\mcufinder/ => C:\Users\User\.stmcufinder\plugins\mcufinder
2024-06-17 09:40:26,977 [INFO] CrossReferenceDbSqlite:203 - Set database path to: C:\Users\User\.stmcufinder\plugins\mcufinder//mcu/cs/
2024-06-17 09:40:26,999 [INFO] ApplicationProperties:184 - Using Application install path: C:\ST\STM32CubeIDE_1.15.0\STM32CubeIDE\plugins\com.st.stm32cube.common.mx_6.11.0.202403141607
2024-06-17 09:40:27,001 [INFO] PluginManage:196 - Search for loadable plugins [exclusion list=, ]
2024-06-17 09:40:27,003 [INFO] PluginManage:310 - Check plugin analytics
2024-06-17 09:40:27,263 [INFO] AnalyticsPlugin:253 - Accepted Software Licenses: 
2024-06-17 09:40:27,263 [INFO] AnalyticsPlugin:255 - Accepted CMSIS Pack Licenses: 
2024-06-17 09:40:27,264 [INFO] AnalyticsPlugin:257 - Accepted Firmware Licenses: 
2024-06-17 09:40:27,268 [INFO] PluginManage:359 - Loaded plugin analytics (category:tool,tabindex:-1)
2024-06-17 09:40:27,269 [INFO] PluginManage:310 - Check plugin cadmodel
2024-06-17 09:40:27,290 [INFO] CADModel:105 - Init CAD model plugin
2024-06-17 09:40:27,291 [INFO] PluginManage:359 - Loaded plugin cadmodel (category:power,tabindex:5)
2024-06-17 09:40:27,291 [INFO] PluginManage:310 - Check plugin clock
2024-06-17 09:40:27,317 [INFO] PluginManage:359 - Loaded plugin clock (category:base,tabindex:2)
2024-06-17 09:40:27,317 [INFO] PluginManage:310 - Check plugin ddr
2024-06-17 09:40:27,320 [INFO] PluginManage:359 - Loaded plugin ddr (category:tool,tabindex:6)
2024-06-17 09:40:27,320 [INFO] PluginManage:310 - Check plugin filemanager
2024-06-17 09:40:27,511 [INFO] PluginManage:359 - Loaded plugin filemanager (category:base,tabindex:10)
2024-06-17 09:40:27,511 [INFO] PluginManage:310 - Check plugin ipmanager
2024-06-17 09:40:27,520 [INFO] PluginManage:359 - Loaded plugin ipmanager (category:base,tabindex:5)
2024-06-17 09:40:27,521 [INFO] PluginManage:310 - Check plugin lpbam
2024-06-17 09:40:27,544 [INFO] PluginManage:359 - Loaded plugin lpbam (category:base,tabindex:0)
2024-06-17 09:40:27,544 [INFO] PluginManage:310 - Check plugin memorymap
2024-06-17 09:40:27,570 [INFO] PluginManage:359 - Loaded plugin memorymap (category:base,tabindex:4)
2024-06-17 09:40:27,570 [INFO] PluginManage:310 - Check plugin pinoutandconfiguration
2024-06-17 09:40:27,590 [INFO] PluginManage:359 - Loaded plugin pinoutandconfiguration (category:base,tabindex:1)
2024-06-17 09:40:27,590 [INFO] PluginManage:310 - Check plugin pinoutconfig
2024-06-17 09:40:27,716 [WARN] SupportedApi:132 - Cannot load RTOS API schema: s4s-elt-must-match.1: The content of 'definitions' must match (annotation?, (simpleType | complexType)?, (unique | key | keyref)*)). A problem was found starting at: attribute.
2024-06-17 09:40:27,924 [INFO] PluginManage:359 - Loaded plugin pinoutconfig (category:base,tabindex:0)
2024-06-17 09:40:27,925 [INFO] PluginManage:310 - Check plugin power
2024-06-17 09:40:27,955 [INFO] PluginManage:359 - Loaded plugin power (category:power,tabindex:4)
2024-06-17 09:40:27,955 [INFO] PluginManage:310 - Check plugin projectmanager
2024-06-17 09:40:27,977 [INFO] PluginManage:359 - Loaded plugin projectmanager (category:projectmanager,tabindex:3)
2024-06-17 09:40:27,977 [INFO] PluginManage:310 - Check plugin thirdparty
2024-06-17 09:40:28,324 [INFO] PluginManage:359 - Loaded plugin thirdparty (category:base,tabindex:-1)
2024-06-17 09:40:28,324 [WARN] IntegrityCheckThread:84 - waiting for thirdparty lock release [integrity check]
2024-06-17 09:40:28,324 [INFO] PluginManage:310 - Check plugin tools
2024-06-17 09:40:28,324 [INFO] IntegrityCheckThread:86 - entering critical section [integrity check]
2024-06-17 09:40:28,325 [INFO] ThirdPartyUpdaterWithRetryManager:70 - Updater plugin not ready yet. [1/15]
2024-06-17 09:40:28,373 [INFO] PluginManage:359 - Loaded plugin tools (category:base,tabindex:7)
2024-06-17 09:40:28,374 [INFO] PluginManage:310 - Check plugin tutovideos
2024-06-17 09:40:28,642 [INFO] PluginManage:359 - Loaded plugin tutovideos (category:base,tabindex:-1)
2024-06-17 09:40:28,642 [INFO] PluginManage:310 - Check plugin updater
2024-06-17 09:40:28,655 [INFO] PluginManage:359 - Loaded plugin updater (category:base,tabindex:12)
2024-06-17 09:40:28,655 [INFO] PluginManage:310 - Check plugin userauth
2024-06-17 09:40:28,662 [INFO] UserAuth:114 - Init User Auth plugin
2024-06-17 09:40:28,662 [INFO] PluginManage:359 - Loaded plugin userauth (category:base,tabindex:14)
2024-06-17 09:40:28,662 [INFO] PluginManage:283 - PluginManage : Loaded plugins [17]
2024-06-17 09:40:28,941 [INFO] PinOutPanel:1561 - setPackage(No Configuration,No Configuration)
2024-06-17 09:40:29,043 [INFO] CADModel:165 - CPN selected for project level
2024-06-17 09:40:29,044 [INFO] CADModel:114 - Register for checkConnection events
2024-06-17 09:40:29,090 [INFO] IPUIPlugin:80 - create IPUIPlugin
2024-06-17 09:40:29,091 [INFO] PluginManager:220 - loadIPPluginJar : add adc
2024-06-17 09:40:29,162 [INFO] IPUIPlugin:80 - create IPUIPlugin
2024-06-17 09:40:29,162 [INFO] PluginManager:220 - loadIPPluginJar : add aes
2024-06-17 09:40:29,247 [INFO] IPUIPlugin:80 - create IPUIPlugin
2024-06-17 09:40:29,247 [INFO] PluginManager:220 - loadIPPluginJar : add can
2024-06-17 09:40:29,291 [INFO] IPUIPlugin:80 - create IPUIPlugin
2024-06-17 09:40:29,292 [INFO] PluginManager:220 - loadIPPluginJar : add comp
2024-06-17 09:40:29,341 [INFO] IPUIPlugin:80 - create IPUIPlugin
2024-06-17 09:40:29,341 [INFO] PluginManager:220 - loadIPPluginJar : add cryp
2024-06-17 09:40:29,384 [INFO] IPUIPlugin:80 - create IPUIPlugin
2024-06-17 09:40:29,385 [INFO] PluginManager:220 - loadIPPluginJar : add dfsdm
2024-06-17 09:40:29,403 [INFO] IPUIPlugin:80 - create IPUIPlugin
2024-06-17 09:40:29,403 [INFO] PluginManager:220 - loadIPPluginJar : add dma
2024-06-17 09:40:29,465 [INFO] IPUIPlugin:80 - create IPUIPlugin
2024-06-17 09:40:29,465 [INFO] PluginManager:220 - loadIPPluginJar : add dma3
2024-06-17 09:40:29,529 [INFO] IPUIPlugin:80 - create IPUIPlugin
2024-06-17 09:40:29,529 [INFO] PluginManager:220 - loadIPPluginJar : add extmemmanager
2024-06-17 09:40:29,555 [INFO] IPUIPlugin:80 - create IPUIPlugin
2024-06-17 09:40:29,556 [INFO] PluginManager:220 - loadIPPluginJar : add fatfs
2024-06-17 09:40:29,618 [INFO] IPUIPlugin:80 - create IPUIPlugin
2024-06-17 09:40:29,618 [INFO] PluginManager:220 - loadIPPluginJar : add fmc
2024-06-17 09:40:29,635 [INFO] IPUIPlugin:80 - create IPUIPlugin
2024-06-17 09:40:29,635 [INFO] PluginManager:220 - loadIPPluginJar : add freertos
2024-06-17 09:40:29,662 [INFO] IPUIPlugin:80 - create IPUIPlugin
2024-06-17 09:40:29,662 [INFO] PluginManager:220 - loadIPPluginJar : add genericplugin
2024-06-17 09:40:29,787 [INFO] IPUIPlugin:80 - create IPUIPlugin
2024-06-17 09:40:29,787 [INFO] PluginManager:220 - loadIPPluginJar : add gfxmmu
2024-06-17 09:40:29,967 [INFO] IPUIPlugin:80 - create IPUIPlugin
2024-06-17 09:40:29,967 [INFO] PluginManager:220 - loadIPPluginJar : add gic
2024-06-17 09:40:29,982 [INFO] IPUIPlugin:80 - create IPUIPlugin
2024-06-17 09:40:29,982 [INFO] PluginManager:220 - loadIPPluginJar : add gpio
2024-06-17 09:40:30,165 [INFO] IPUIPlugin:80 - create IPUIPlugin
2024-06-17 09:40:30,165 [INFO] PluginManager:220 - loadIPPluginJar : add gtzc
2024-06-17 09:40:30,209 [INFO] IPUIPlugin:80 - create IPUIPlugin
2024-06-17 09:40:30,209 [INFO] PluginManager:220 - loadIPPluginJar : add hash
2024-06-17 09:40:30,277 [INFO] IPUIPlugin:80 - create IPUIPlugin
2024-06-17 09:40:30,278 [INFO] PluginManager:220 - loadIPPluginJar : add i2c
2024-06-17 09:40:30,330 [INFO] IPUIPlugin:80 - create IPUIPlugin
2024-06-17 09:40:30,330 [INFO] PluginManager:220 - loadIPPluginJar : add i2s
2024-06-17 09:40:30,385 [INFO] IPUIPlugin:80 - create IPUIPlugin
2024-06-17 09:40:30,385 [INFO] PluginManager:220 - loadIPPluginJar : add i3c
2024-06-17 09:40:30,507 [INFO] IPUIPlugin:80 - create IPUIPlugin
2024-06-17 09:40:30,508 [INFO] PluginManager:220 - loadIPPluginJar : add ipddr
2024-06-17 09:40:30,621 [INFO] IPUIPlugin:80 - create IPUIPlugin
2024-06-17 09:40:30,621 [INFO] PluginManager:220 - loadIPPluginJar : add linkedlist
2024-06-17 09:40:30,665 [INFO] IPUIPlugin:80 - create IPUIPlugin
2024-06-17 09:40:30,665 [INFO] PluginManager:220 - loadIPPluginJar : add lorawan
2024-06-17 09:40:30,717 [INFO] IPUIPlugin:80 - create IPUIPlugin
2024-06-17 09:40:30,717 [INFO] PluginManager:220 - loadIPPluginJar : add ltdc
2024-06-17 09:40:30,734 [INFO] IPUIPlugin:80 - create IPUIPlugin
2024-06-17 09:40:30,734 [INFO] PluginManager:220 - loadIPPluginJar : add mdma
2024-06-17 09:40:30,749 [INFO] IPUIPlugin:80 - create IPUIPlugin
2024-06-17 09:40:30,749 [INFO] PluginManager:220 - loadIPPluginJar : add nvic
2024-06-17 09:40:30,796 [INFO] IPUIPlugin:80 - create IPUIPlugin
2024-06-17 09:40:30,796 [INFO] PluginManager:220 - loadIPPluginJar : add opamp
2024-06-17 09:40:30,875 [INFO] IPUIPlugin:80 - create IPUIPlugin
2024-06-17 09:40:30,875 [INFO] PluginManager:220 - loadIPPluginJar : add openamp
2024-06-17 09:40:30,929 [INFO] IPUIPlugin:80 - create IPUIPlugin
2024-06-17 09:40:30,930 [INFO] PluginManager:220 - loadIPPluginJar : add pdm2pcm
2024-06-17 09:40:30,946 [INFO] IPUIPlugin:80 - create IPUIPlugin
2024-06-17 09:40:30,949 [INFO] PluginManager:220 - loadIPPluginJar : add plateformsettings
2024-06-17 09:40:30,977 [INFO] IPUIPlugin:80 - create IPUIPlugin
2024-06-17 09:40:30,977 [INFO] PluginManager:220 - loadIPPluginJar : add quadspi
2024-06-17 09:40:30,990 [INFO] IPUIPlugin:80 - create IPUIPlugin
2024-06-17 09:40:30,990 [INFO] PluginManager:220 - loadIPPluginJar : add resmgrutility
2024-06-17 09:40:31,056 [INFO] IPUIPlugin:80 - create IPUIPlugin
2024-06-17 09:40:31,056 [INFO] PluginManager:220 - loadIPPluginJar : add sai
2024-06-17 09:40:31,104 [INFO] IPUIPlugin:80 - create IPUIPlugin
2024-06-17 09:40:31,105 [INFO] PluginManager:220 - loadIPPluginJar : add spi
2024-06-17 09:40:31,192 [INFO] IPUIPlugin:80 - create IPUIPlugin
2024-06-17 09:40:31,192 [INFO] PluginManager:220 - loadIPPluginJar : add stm32_wpan
2024-06-17 09:40:31,220 [INFO] IPUIPlugin:80 - create IPUIPlugin
2024-06-17 09:40:31,220 [INFO] PluginManager:220 - loadIPPluginJar : add tim
2024-06-17 09:40:31,299 [INFO] IPUIPlugin:80 - create IPUIPlugin
2024-06-17 09:40:31,299 [INFO] PluginManager:220 - loadIPPluginJar : add touchsensing
2024-06-17 09:40:31,327 [INFO] ThirdPartyUpdaterWithRetryManager:70 - Updater plugin not ready yet. [2/15]
2024-06-17 09:40:31,329 [INFO] IPUIPlugin:80 - create IPUIPlugin
2024-06-17 09:40:31,329 [INFO] PluginManager:220 - loadIPPluginJar : add tracer_emb
2024-06-17 09:40:31,358 [INFO] IPUIPlugin:80 - create IPUIPlugin
2024-06-17 09:40:31,359 [INFO] PluginManager:220 - loadIPPluginJar : add ts
2024-06-17 09:40:31,385 [INFO] IPUIPlugin:80 - create IPUIPlugin
2024-06-17 09:40:31,385 [INFO] PluginManager:220 - loadIPPluginJar : add tsc
2024-06-17 09:40:31,411 [INFO] IPUIPlugin:80 - create IPUIPlugin
2024-06-17 09:40:31,412 [INFO] PluginManager:220 - loadIPPluginJar : add ucpd
2024-06-17 09:40:31,471 [INFO] IPUIPlugin:80 - create IPUIPlugin
2024-06-17 09:40:31,472 [INFO] PluginManager:220 - loadIPPluginJar : add usart
2024-06-17 09:40:31,539 [INFO] IPUIPlugin:80 - create IPUIPlugin
2024-06-17 09:40:31,539 [INFO] PluginManager:220 - loadIPPluginJar : add usbx
2024-06-17 09:40:31,692 [INFO] CADModel:165 - CPN selected for project level
2024-06-17 09:40:31,693 [INFO] CADModel:114 - Register for checkConnection events
2024-06-17 09:40:31,693 [FATAL] Updater:308 - Updater called before beeing initialized
2024-06-17 09:40:31,693 [ERROR] CADModel:125 - Updater not yet initialized, retry later 
2024-06-17 09:40:31,869 [INFO] CADModel:165 - CPN selected for project level
2024-06-17 09:40:31,870 [INFO] CADModel:114 - Register for checkConnection events
2024-06-17 09:40:31,870 [FATAL] Updater:308 - Updater called before beeing initialized
2024-06-17 09:40:31,870 [ERROR] CADModel:125 - Updater not yet initialized, retry later 
2024-06-17 09:40:31,874 [FATAL] Updater:308 - Updater called before beeing initialized
2024-06-17 09:40:32,071 [FATAL] Updater:308 - Updater called before beeing initialized
2024-06-17 09:40:32,089 [INFO] DbMcusAds:53 - JSON generation date=Thu May 16 10:22:00 WAT 2024 (1715851320852)
2024-06-17 09:40:32,089 [FATAL] Updater:308 - Updater called before beeing initialized
2024-06-17 09:40:32,206 [WARN] DetailPanel:346 - Failed to get advertising image, set to default
2024-06-17 09:40:32,333 [FATAL] Updater:308 - Updater called before beeing initialized
2024-06-17 09:40:32,336 [FATAL] Updater:308 - Updater called before beeing initialized
2024-06-17 09:40:32,336 [FATAL] Updater:308 - Updater called before beeing initialized
2024-06-17 09:40:32,336 [WARN] DetailPanel:346 - Failed to get advertising image, set to default
2024-06-17 09:40:32,337 [FATAL] Updater:308 - Updater called before beeing initialized
2024-06-17 09:40:32,425 [ERROR] Updater:1120 - MainUpdater not yet initialized. External WinMGr cannot be set.
2024-06-17 09:40:32,439 [INFO] Updater:1056 - Updater Version found : 6.11.0
2024-06-17 09:40:32,461 [INFO] ApplicationProperties:184 - Using Application install path: C:\ST\STM32CubeIDE_1.15.0\STM32CubeIDE\plugins\com.st.stm32cube.common.mx_6.11.0.202403141607
2024-06-17 09:40:34,047 [ERROR] LogOutputStream:75 - [STDERR_REDIRECT] Jun 17, 2024 9:40:34 AM java.util.prefs.WindowsPreferences <init>
2024-06-17 09:40:34,050 [ERROR] LogOutputStream:75 - [STDERR_REDIRECT] WARNING: Could not open/create prefs root node Software\JavaSoft\Prefs at root 0xffffffff80000002. Windows RegCreateKeyEx(...) returned error code 5.
2024-06-17 09:40:34,050 [ERROR] LogOutputStream:75 - [STDERR_REDIRECT] 
2024-06-17 09:40:34,328 [INFO] ThirdPartyUpdaterWithRetryManager:70 - Updater plugin not ready yet. [3/15]
2024-06-17 09:40:35,513 [INFO] MainUpdater:2873 - connection check result : 10
2024-06-17 09:40:35,514 [INFO] MainUpdater:3567 - Updater definition file requires update
2024-06-17 09:40:35,515 [INFO] MainUpdater:290 - Updater Check For Update Now.
2024-06-17 09:40:35,515 [INFO] MicroXplorer:498 - Change Database Version : DB.6.0.110
2024-06-17 09:40:35,537 [INFO] McuFinderGlobals:63 - Set McuFinder mode to 2 (CubeIDE integrated)
2024-06-17 09:40:35,548 [INFO] UserAuth:415 - Internet connection configuration mode: 1
2024-06-17 09:40:35,572 [INFO] JxBrowserEngine:152 - Initiate JxBrowser Engine with user profile folder
2024-06-17 09:40:36,488 [INFO] ServerAccessManage:473 - Download File updaters.zip
2024-06-17 09:40:37,276 [INFO] FileExtend:240 - Unzip File : updaters.zip
2024-06-17 09:40:37,277 [INFO] FileExtend:255 - Standard Zip Deflate
2024-06-17 09:40:37,330 [WARN] MainUpdater:1194 - Updater busy. Cannot search thirdparties
2024-06-17 09:40:37,331 [INFO] ThirdPartyUpdaterWithRetryManager:96 - Updater plugin is busy. [1/15]
2024-06-17 09:40:38,568 [INFO] ServerAccessManage:473 - Download File PacksControlFlags.xml
2024-06-17 09:40:39,029 [INFO] ServerAccessManage:473 - Download File cubemx.pidx
2024-06-17 09:40:39,213 [INFO] LoadServerUpdatesThread:375 - End of LoadServerUpdate Thread
2024-06-17 09:40:39,473 [INFO] CheckServerUpdateThread:120 - End of CheckServer Thread
2024-06-17 09:40:40,628 [WARN] PackLoader:240 - Cannot read IP mode file for STMicroelectronics.FP-SNS-MOTENVWB1.1.4.0
2024-06-17 09:40:40,658 [WARN] PackLoader:240 - Cannot read IP mode file for STMicroelectronics.X-CUBE-SMBUS.2.1.0
2024-06-17 09:40:40,678 [WARN] PackLoader:240 - Cannot read IP mode file for STMicroelectronics.X-CUBE-TOUCHGFX.4.23.2
2024-06-17 09:40:40,743 [WARN] PackLoader:240 - Cannot read IP mode file for STMicroelectronics.X-CUBE-AZRTOS-F7.1.1.0
2024-06-17 09:40:40,779 [WARN] PackLoader:240 - Cannot read IP mode file for STMicroelectronics.FP-SNS-FLIGHT1.5.0.2
2024-06-17 09:40:40,813 [WARN] PackLoader:240 - Cannot read IP mode file for STMicroelectronics.X-CUBE-DISPLAY.3.0.0
2024-06-17 09:40:40,853 [WARN] PackLoader:240 - Cannot read IP mode file for STMicroelectronics.X-CUBE-BLE1.7.0.0
2024-06-17 09:40:40,880 [WARN] PackLoader:240 - Cannot read IP mode file for emotas.I-CUBE-CANOPEN.1.3.0
2024-06-17 09:40:40,916 [WARN] PackLoader:240 - Cannot read IP mode file for STMicroelectronics.X-CUBE-BLEMGR.3.1.0
2024-06-17 09:40:40,948 [WARN] PackLoader:240 - Cannot read IP mode file for STMicroelectronics.FP-SNS-SMARTAG2.1.2.0
2024-06-17 09:40:40,994 [INFO] LogOutputStream:77 - [STDOUT_REDIRECT] 1 : Invalid condition id : UX_CORESTACK_Condition cause : null
2024-06-17 09:40:40,995 [INFO] LogOutputStream:77 - [STDOUT_REDIRECT] 1 : Invalid condition id : UX_CORESTACK_Condition cause : null
2024-06-17 09:40:40,998 [INFO] LogOutputStream:77 - [STDOUT_REDIRECT] 1 : Invalid condition id : UX_CORESTACK_Condition cause : null
2024-06-17 09:40:41,001 [INFO] LogOutputStream:77 - [STDOUT_REDIRECT] 1 : Invalid condition id : UX_CORESTACK_Condition cause : null
2024-06-17 09:40:41,004 [INFO] LogOutputStream:77 - [STDOUT_REDIRECT] 1 : Invalid condition id : UX_CORESTACK_Condition cause : null
2024-06-17 09:40:41,013 [WARN] PackLoader:240 - Cannot read IP mode file for STMicroelectronics.X-CUBE-AZRTOS-WL.2.0.0
2024-06-17 09:40:41,040 [WARN] PackLoader:240 - Cannot read IP mode file for STMicroelectronics.FP-SNS-MOTENV1.5.0.0
2024-06-17 09:40:41,066 [WARN] PackLoader:240 - Cannot read IP mode file for wolfSSL.I-CUBE-wolfMQTT.1.19.0
2024-06-17 09:40:41,094 [WARN] PackLoader:240 - Cannot read IP mode file for WES.I-CUBE-Cesium.1.3.0
2024-06-17 09:40:41,115 [WARN] PackLoader:240 - Cannot read IP mode file for STMicroelectronics.X-CUBE-BLE2.3.3.0
2024-06-17 09:40:41,136 [WARN] PackLoader:240 - Cannot read IP mode file for STMicroelectronics.X-CUBE-TCPP.4.1.0
2024-06-17 09:40:41,169 [WARN] PackLoader:240 - Cannot read IP mode file for STMicroelectronics.X-CUBE-ALGOBUILD.1.3.0
2024-06-17 09:40:41,232 [WARN] PackLoader:240 - Cannot read IP mode file for STMicroelectronics.X-CUBE-AZRTOS-G0.1.1.0
2024-06-17 09:40:41,268 [WARN] PackLoader:240 - Cannot read IP mode file for STMicroelectronics.X-CUBE-SAFEA1.1.2.2
2024-06-17 09:40:41,302 [WARN] PackLoader:240 - Cannot read IP mode file for STMicroelectronics.X-CUBE-NFC4.3.0.0
2024-06-17 09:40:41,329 [WARN] PackLoader:240 - Cannot read IP mode file for wolfSSL.I-CUBE-wolfSSL.5.7.0
2024-06-17 09:40:41,349 [WARN] PackLoader:240 - Cannot read IP mode file for STMicroelectronics.FP-ATR-SIGFOX1.3.2.0
2024-06-17 09:40:41,378 [WARN] PackLoader:240 - Cannot read IP mode file for STMicroelectronics.X-CUBE-EEPRMA1.5.1.0
2024-06-17 09:40:41,409 [WARN] PackLoader:240 - Cannot read IP mode file for ITTIA_DB.I-CUBE-ITTIADB.8.9.0
2024-06-17 09:40:41,513 [WARN] PackLoader:240 - Cannot read IP mode file for SEGGER.I-CUBE-embOS.1.3.1
2024-06-17 09:40:41,645 [WARN] PackLoader:240 - Cannot read IP mode file for STMicroelectronics.X-CUBE-ALGOBUILD.1.4.0
2024-06-17 09:40:41,675 [WARN] PackLoader:240 - Cannot read IP mode file for STMicroelectronics.X-CUBE-GNSS1.6.0.0
2024-06-17 09:40:41,742 [WARN] PackLoader:240 - Cannot read IP mode file for STMicroelectronics.X-CUBE-AZRTOS-F4.1.1.0
2024-06-17 09:40:41,774 [WARN] PackLoader:240 - Cannot read IP mode file for STMicroelectronics.X-CUBE-FREERTOS.1.2.0
2024-06-17 09:40:41,838 [WARN] PackLoader:240 - Cannot read IP mode file for STMicroelectronics.X-CUBE-AZRTOS-L5.2.0.0
2024-06-17 09:40:41,881 [WARN] PackLoader:240 - Cannot read IP mode file for STMicroelectronics.X-CUBE-NFC6.3.1.0
2024-06-17 09:40:41,911 [WARN] PackLoader:240 - Cannot read IP mode file for STMicroelectronics.X-CUBE-AI.9.0.0
2024-06-17 09:40:41,939 [WARN] PackLoader:240 - Cannot read IP mode file for STMicroelectronics.X-CUBE-NFC7.1.0.1
2024-06-17 09:40:42,010 [WARN] ConditionMgr:438 - getConditionDescription Invalid condition id : LAN8742 Phy interface Condition cause : null
2024-06-17 09:40:42,011 [WARN] PackLoader:240 - Cannot read IP mode file for STMicroelectronics.X-CUBE-AZRTOS-L4.2.0.0
2024-06-17 09:40:42,014 [WARN] ConditionMgr:1039 - genDependencies : Invalid condition id : LAN8742 Phy interface Condition cause : null
2024-06-17 09:40:42,015 [WARN] ConditionMgr:1039 - genDependencies : Invalid condition id : LAN8742 Phy interface Condition cause : null
2024-06-17 09:40:42,016 [WARN] ConditionMgr:1039 - genDependencies : Invalid condition id : LAN8742 Phy interface Condition cause : null
2024-06-17 09:40:42,049 [WARN] PackLoader:240 - Cannot read IP mode file for STMicroelectronics.X-CUBE-SFXS2LP1.4.0.0
2024-06-17 09:40:42,102 [WARN] ConditionMgr:438 - getConditionDescription Invalid condition id : UX DEVICE CLASS RTOS Condition cause : null
2024-06-17 09:40:42,103 [WARN] ConditionMgr:438 - getConditionDescription Invalid condition id : UX DEVICE CLASS RTOS Condition cause : null
2024-06-17 09:40:42,108 [WARN] PackLoader:240 - Cannot read IP mode file for STMicroelectronics.X-CUBE-AZRTOS-WB.2.0.0
2024-06-17 09:40:42,109 [WARN] ConditionMgr:1039 - genDependencies : Invalid condition id : UX DEVICE CLASS RTOS Condition cause : null
2024-06-17 09:40:42,109 [WARN] ConditionMgr:1039 - genDependencies : Invalid condition id : UX DEVICE CLASS RTOS Condition cause : null
2024-06-17 09:40:42,110 [WARN] ConditionMgr:1039 - genDependencies : Invalid condition id : UX DEVICE CLASS RTOS Condition cause : null
2024-06-17 09:40:42,111 [WARN] ConditionMgr:1039 - genDependencies : Invalid condition id : UX DEVICE CLASS RTOS Condition cause : null
2024-06-17 09:40:42,111 [WARN] ConditionMgr:1039 - genDependencies : Invalid condition id : UX DEVICE CLASS RTOS Condition cause : null
2024-06-17 09:40:42,149 [WARN] PackLoader:240 - Cannot read IP mode file for STMicroelectronics.X-CUBE-SUBG2.5.0.0
2024-06-17 09:40:42,187 [WARN] PackLoader:240 - Cannot read IP mode file for Cesanta.I-CUBE-Mongoose.7.13.0
2024-06-17 09:40:42,245 [WARN] PackLoader:240 - Cannot read IP mode file for STMicroelectronics.X-CUBE-AZRTOS-G4.2.0.0
2024-06-17 09:40:42,280 [WARN] PackLoader:240 - Cannot read IP mode file for STMicroelectronics.X-CUBE-ISPU.2.0.0
2024-06-17 09:40:42,308 [WARN] PackLoader:240 - Cannot read IP mode file for STMicroelectronics.X-CUBE-ALS.1.0.2
2024-06-17 09:40:42,419 [WARN] PackLoader:240 - Cannot read IP mode file for STMicroelectronics.X-CUBE-MEMS1.10.0.0
2024-06-17 09:40:42,743 [WARN] PackLoader:240 - Cannot read IP mode file for STMicroelectronics.X-CUBE-FREERTOS.1.1.0
2024-06-17 09:40:42,771 [WARN] PackLoader:240 - Cannot read IP mode file for portGmbH.I-Cube-SoM-uGOAL.1.1.0
2024-06-17 09:40:42,795 [WARN] PackLoader:240 - Cannot read IP mode file for STMicroelectronics.X-CUBE-ALS.1.0.1
2024-06-17 09:40:42,862 [WARN] PackLoader:240 - Cannot read IP mode file for STMicroelectronics.X-CUBE-AZRTOS-H7RS.1.0.0
2024-06-17 09:40:42,890 [WARN] PackLoader:240 - Cannot read IP mode file for STMicroelectronics.FP-ATR-ASTRA1.2.0.0
2024-06-17 09:40:42,937 [WARN] PackLoader:240 - Cannot read IP mode file for STMicroelectronics.X-CUBE-TOF1.3.4.1
2024-06-17 09:40:43,036 [WARN] PackLoader:240 - Cannot read IP mode file for STMicroelectronics.X-CUBE-AZRTOS-H7.3.2.0
2024-06-17 09:40:43,131 [WARN] PackLoader:240 - Cannot read IP mode file for Infineon.AIROC-Wi-Fi-Bluetooth-STM32.1.6.0
2024-06-17 09:40:43,138 [INFO] ThirdParty:978 - Integrity check success = true
2024-06-17 09:40:43,139 [INFO] IntegrityCheckThread:100 - exiting critical section [integrity check]
2024-06-17 09:40:43,139 [INFO] IntegrityCheckThread:103 - End integrity checks thread
2024-06-17 09:40:43,990 [INFO] WebApp:161 - Instantiating new browser for Auth
2024-06-17 09:40:45,292 [INFO] WebApp:779 - Register for checkConnection events
2024-06-17 09:40:45,293 [INFO] WebApp:414 - Apply proxy settings
2024-06-17 09:40:45,293 [INFO] WebApp:499 - Chromium requires no authentication
2024-06-17 09:40:45,309 [INFO] WebApp:442 - Direct internet connection detected
2024-06-17 09:40:45,621 [INFO] WebApp:192 - Starting web application
2024-06-17 09:40:45,621 [INFO] WebApp:544 - Web application path used C:\ST\STM32CubeIDE_1.15.0\STM32CubeIDE\plugins\com.st.stm32cube.common.mx_6.11.0.202403141607\db\plugins\mcufinder\reactClient1\index.html
2024-06-17 10:26:37,654 [ERROR] LogOutputStream:75 - [STDERR_REDIRECT] 
2024-06-17 10:26:37,655 [ERROR] LogOutputStream:75 - [STDERR_REDIRECT] 
