2024-05-19 10:51:35,665 [INFO] Activator:176 - 


2024-05-19 10:51:35,673 [INFO] Activator:177 - !SESSION log4j initialized
2024-05-19 10:51:43,162 [INFO] LogOutputStream:77 - [STDOUT_REDIRECT] 
2024-05-19 10:51:43,644 [ERROR] ConfigurationRetriever:142 - IOException on connection: sw-center.st.com
2024-05-19 10:51:43,645 [ERROR] ConfigurationRetriever:142 - IOException on connection: sw-center.st.com
2024-05-19 10:51:43,646 [ERROR] ConfigurationRetriever:142 - IOException on connection: sw-center.st.com
2024-05-19 10:51:43,650 [ERROR] ConfigurationRetriever:142 - IOException on connection: sw-center.st.com
2024-05-19 10:51:43,651 [ERROR] ConfigurationRetriever:142 - IOException on connection: sw-center.st.com
2024-05-19 10:51:43,652 [ERROR] ConfigurationRetriever:142 - IOException on connection: sw-center.st.com
2024-05-19 10:51:45,446 [INFO] ApplicationProperties:184 - Using Application install path: C:\ST\STM32CubeIDE_1.15.0\STM32CubeIDE\plugins\com.st.stm32cube.common.mx_6.11.0.202403141607
2024-05-19 10:51:45,468 [INFO] DbMcusXml:78 - Set database path to: C:\ST\STM32CubeIDE_1.15.0\STM32CubeIDE\plugins\com.st.stm32cube.common.mx_6.11.0.202403141607\\db\/mcu/
2024-05-19 10:51:45,469 [INFO] ApiDb:274 - Set plugin database path to: C:\ST\STM32CubeIDE_1.15.0\STM32CubeIDE\plugins\com.st.stm32cube.common.mx_6.11.0.202403141607\\db\/plugins/boardmanager/
2024-05-19 10:51:45,470 [WARN] ApiDb:259 - Overriding images path with different value:  => C:\ST\STM32CubeIDE_1.15.0\STM32CubeIDE\plugins\com.st.stm32cube.common.mx_6.11.0.202403141607\\db\/plugins/mcufinder/images/
2024-05-19 10:51:45,480 [INFO] ApiDb:250 - Set database path to: C:\Users\User\.stmcufinder\plugins\mcufinder//mcu/
2024-05-19 10:51:45,481 [INFO] DbMcusAds:125 - Set database path to: C:\Users\User\.stmcufinder\plugins\mcufinder//mcu/
2024-05-19 10:51:45,484 [INFO] CrossReferenceDbSqlite:203 - Set database path to: C:\Users\User\.stmcufinder\plugins\mcufinder//mcu/cs/
2024-05-19 10:51:45,631 [INFO] RulesReader:64 - Compatibility file has been processed (297 Rules)
2024-05-19 10:51:45,747 [INFO] DbMcusXml:78 - Set database path to: C:\ST\STM32CubeIDE_1.15.0\STM32CubeIDE\plugins\com.st.stm32cube.common.mx_6.11.0.202403141607\\db\/mcu/
2024-05-19 10:51:45,747 [INFO] ApiDb:274 - Set plugin database path to: C:\ST\STM32CubeIDE_1.15.0\STM32CubeIDE\plugins\com.st.stm32cube.common.mx_6.11.0.202403141607\\db\/plugins/boardmanager/
2024-05-19 10:51:45,747 [INFO] ApiDb:261 - Set plugin images path to: C:\ST\STM32CubeIDE_1.15.0\STM32CubeIDE\plugins\com.st.stm32cube.common.mx_6.11.0.202403141607\\db\/plugins/mcufinder/images/
2024-05-19 10:51:45,747 [WARN] DbFile:41 - Overriding database path with different value: C:\Users\User\.stmcufinder\plugins\mcufinder/ => C:\Users\User\.stmcufinder\plugins\mcufinder
2024-05-19 10:51:45,748 [INFO] ApiDb:250 - Set database path to: C:\Users\User\.stmcufinder\plugins\mcufinder//mcu/
2024-05-19 10:51:45,748 [WARN] DbFile:41 - Overriding database path with different value: C:\Users\User\.stmcufinder\plugins\mcufinder/ => C:\Users\User\.stmcufinder\plugins\mcufinder
2024-05-19 10:51:45,748 [INFO] DbMcusAds:125 - Set database path to: C:\Users\User\.stmcufinder\plugins\mcufinder//mcu/
2024-05-19 10:51:45,748 [WARN] DbFile:41 - Overriding database path with different value: C:\Users\User\.stmcufinder\plugins\mcufinder/ => C:\Users\User\.stmcufinder\plugins\mcufinder
2024-05-19 10:51:45,748 [WARN] DbFile:41 - Overriding database path with different value: C:\Users\User\.stmcufinder\plugins\mcufinder/ => C:\Users\User\.stmcufinder\plugins\mcufinder
2024-05-19 10:51:45,748 [INFO] CrossReferenceDbSqlite:203 - Set database path to: C:\Users\User\.stmcufinder\plugins\mcufinder//mcu/cs/
2024-05-19 10:51:45,848 [INFO] MainPanel:264 - HeapMemory: 268435456
2024-05-19 10:51:45,951 [INFO] DbMcusXml:78 - Set database path to: C:\ST\STM32CubeIDE_1.15.0\STM32CubeIDE\plugins\com.st.stm32cube.common.mx_6.11.0.202403141607\\db\/mcu/
2024-05-19 10:51:45,951 [INFO] ApiDb:274 - Set plugin database path to: C:\ST\STM32CubeIDE_1.15.0\STM32CubeIDE\plugins\com.st.stm32cube.common.mx_6.11.0.202403141607\\db\/plugins/boardmanager/
2024-05-19 10:51:45,951 [INFO] ApiDb:261 - Set plugin images path to: C:\ST\STM32CubeIDE_1.15.0\STM32CubeIDE\plugins\com.st.stm32cube.common.mx_6.11.0.202403141607\\db\/plugins/mcufinder/images/
2024-05-19 10:51:45,952 [WARN] DbFile:41 - Overriding database path with different value: C:\Users\User\.stmcufinder\plugins\mcufinder/ => C:\Users\User\.stmcufinder\plugins\mcufinder
2024-05-19 10:51:45,952 [INFO] ApiDb:250 - Set database path to: C:\Users\User\.stmcufinder\plugins\mcufinder//mcu/
2024-05-19 10:51:45,952 [WARN] DbFile:41 - Overriding database path with different value: C:\Users\User\.stmcufinder\plugins\mcufinder/ => C:\Users\User\.stmcufinder\plugins\mcufinder
2024-05-19 10:51:45,952 [INFO] DbMcusAds:125 - Set database path to: C:\Users\User\.stmcufinder\plugins\mcufinder//mcu/
2024-05-19 10:51:45,952 [WARN] DbFile:41 - Overriding database path with different value: C:\Users\User\.stmcufinder\plugins\mcufinder/ => C:\Users\User\.stmcufinder\plugins\mcufinder
2024-05-19 10:51:45,952 [WARN] DbFile:41 - Overriding database path with different value: C:\Users\User\.stmcufinder\plugins\mcufinder/ => C:\Users\User\.stmcufinder\plugins\mcufinder
2024-05-19 10:51:45,952 [INFO] CrossReferenceDbSqlite:203 - Set database path to: C:\Users\User\.stmcufinder\plugins\mcufinder//mcu/cs/
2024-05-19 10:51:45,972 [INFO] ApplicationProperties:184 - Using Application install path: C:\ST\STM32CubeIDE_1.15.0\STM32CubeIDE\plugins\com.st.stm32cube.common.mx_6.11.0.202403141607
2024-05-19 10:51:45,974 [INFO] PluginManage:196 - Search for loadable plugins [exclusion list=, ]
2024-05-19 10:51:45,976 [INFO] PluginManage:310 - Check plugin analytics
2024-05-19 10:51:46,195 [INFO] AnalyticsPlugin:253 - Accepted Software Licenses: 
2024-05-19 10:51:46,196 [INFO] AnalyticsPlugin:255 - Accepted CMSIS Pack Licenses: 
2024-05-19 10:51:46,196 [INFO] AnalyticsPlugin:257 - Accepted Firmware Licenses: 
2024-05-19 10:51:46,199 [INFO] PluginManage:359 - Loaded plugin analytics (category:tool,tabindex:-1)
2024-05-19 10:51:46,200 [INFO] PluginManage:310 - Check plugin cadmodel
2024-05-19 10:51:46,199 [ERROR] ConfigurationRetriever:142 - IOException on connection: sw-center.st.com
2024-05-19 10:51:46,200 [ERROR] ConfigurationRetriever:142 - IOException on connection: sw-center.st.com
2024-05-19 10:51:46,201 [ERROR] ConfigurationRetriever:142 - IOException on connection: sw-center.st.com
2024-05-19 10:51:46,217 [INFO] CADModel:105 - Init CAD model plugin
2024-05-19 10:51:46,217 [INFO] PluginManage:359 - Loaded plugin cadmodel (category:power,tabindex:5)
2024-05-19 10:51:46,217 [INFO] PluginManage:310 - Check plugin clock
2024-05-19 10:51:46,241 [INFO] PluginManage:359 - Loaded plugin clock (category:base,tabindex:2)
2024-05-19 10:51:46,241 [INFO] PluginManage:310 - Check plugin ddr
2024-05-19 10:51:46,244 [INFO] PluginManage:359 - Loaded plugin ddr (category:tool,tabindex:6)
2024-05-19 10:51:46,244 [INFO] PluginManage:310 - Check plugin filemanager
2024-05-19 10:51:46,441 [INFO] PluginManage:359 - Loaded plugin filemanager (category:base,tabindex:10)
2024-05-19 10:51:46,441 [INFO] PluginManage:310 - Check plugin ipmanager
2024-05-19 10:51:46,451 [INFO] PluginManage:359 - Loaded plugin ipmanager (category:base,tabindex:5)
2024-05-19 10:51:46,451 [INFO] PluginManage:310 - Check plugin lpbam
2024-05-19 10:51:46,472 [INFO] PluginManage:359 - Loaded plugin lpbam (category:base,tabindex:0)
2024-05-19 10:51:46,472 [INFO] PluginManage:310 - Check plugin memorymap
2024-05-19 10:51:46,506 [INFO] PluginManage:359 - Loaded plugin memorymap (category:base,tabindex:4)
2024-05-19 10:51:46,507 [INFO] PluginManage:310 - Check plugin pinoutandconfiguration
2024-05-19 10:51:46,528 [INFO] PluginManage:359 - Loaded plugin pinoutandconfiguration (category:base,tabindex:1)
2024-05-19 10:51:46,528 [INFO] PluginManage:310 - Check plugin pinoutconfig
2024-05-19 10:51:46,661 [WARN] SupportedApi:132 - Cannot load RTOS API schema: s4s-elt-must-match.1: The content of 'definitions' must match (annotation?, (simpleType | complexType)?, (unique | key | keyref)*)). A problem was found starting at: attribute.
2024-05-19 10:51:46,850 [INFO] PluginManage:359 - Loaded plugin pinoutconfig (category:base,tabindex:0)
2024-05-19 10:51:46,850 [INFO] PluginManage:310 - Check plugin power
2024-05-19 10:51:46,874 [INFO] PluginManage:359 - Loaded plugin power (category:power,tabindex:4)
2024-05-19 10:51:46,875 [INFO] PluginManage:310 - Check plugin projectmanager
2024-05-19 10:51:46,897 [INFO] PluginManage:359 - Loaded plugin projectmanager (category:projectmanager,tabindex:3)
2024-05-19 10:51:46,897 [INFO] PluginManage:310 - Check plugin thirdparty
2024-05-19 10:51:47,240 [INFO] PluginManage:359 - Loaded plugin thirdparty (category:base,tabindex:-1)
2024-05-19 10:51:47,240 [WARN] IntegrityCheckThread:84 - waiting for thirdparty lock release [integrity check]
2024-05-19 10:51:47,241 [INFO] PluginManage:310 - Check plugin tools
2024-05-19 10:51:47,241 [INFO] IntegrityCheckThread:86 - entering critical section [integrity check]
2024-05-19 10:51:47,241 [INFO] ThirdPartyUpdaterWithRetryManager:70 - Updater plugin not ready yet. [1/15]
2024-05-19 10:51:47,283 [INFO] PluginManage:359 - Loaded plugin tools (category:base,tabindex:7)
2024-05-19 10:51:47,283 [INFO] PluginManage:310 - Check plugin tutovideos
2024-05-19 10:51:47,522 [INFO] PluginManage:359 - Loaded plugin tutovideos (category:base,tabindex:-1)
2024-05-19 10:51:47,522 [INFO] PluginManage:310 - Check plugin updater
2024-05-19 10:51:47,536 [INFO] PluginManage:359 - Loaded plugin updater (category:base,tabindex:12)
2024-05-19 10:51:47,537 [INFO] PluginManage:310 - Check plugin userauth
2024-05-19 10:51:47,543 [INFO] UserAuth:114 - Init User Auth plugin
2024-05-19 10:51:47,543 [INFO] PluginManage:359 - Loaded plugin userauth (category:base,tabindex:14)
2024-05-19 10:51:47,544 [INFO] PluginManage:283 - PluginManage : Loaded plugins [17]
2024-05-19 10:51:47,799 [INFO] PinOutPanel:1561 - setPackage(No Configuration,No Configuration)
2024-05-19 10:51:47,884 [INFO] CADModel:165 - CPN selected for project level
2024-05-19 10:51:47,885 [INFO] CADModel:114 - Register for checkConnection events
2024-05-19 10:51:47,914 [INFO] IPUIPlugin:80 - create IPUIPlugin
2024-05-19 10:51:47,914 [INFO] PluginManager:220 - loadIPPluginJar : add adc
2024-05-19 10:51:47,955 [INFO] IPUIPlugin:80 - create IPUIPlugin
2024-05-19 10:51:47,955 [INFO] PluginManager:220 - loadIPPluginJar : add aes
2024-05-19 10:51:48,000 [INFO] IPUIPlugin:80 - create IPUIPlugin
2024-05-19 10:51:48,000 [INFO] PluginManager:220 - loadIPPluginJar : add can
2024-05-19 10:51:48,025 [INFO] IPUIPlugin:80 - create IPUIPlugin
2024-05-19 10:51:48,025 [INFO] PluginManager:220 - loadIPPluginJar : add comp
2024-05-19 10:51:48,061 [INFO] IPUIPlugin:80 - create IPUIPlugin
2024-05-19 10:51:48,061 [INFO] PluginManager:220 - loadIPPluginJar : add cryp
2024-05-19 10:51:48,093 [INFO] IPUIPlugin:80 - create IPUIPlugin
2024-05-19 10:51:48,093 [INFO] PluginManager:220 - loadIPPluginJar : add dfsdm
2024-05-19 10:51:48,107 [INFO] IPUIPlugin:80 - create IPUIPlugin
2024-05-19 10:51:48,108 [INFO] PluginManager:220 - loadIPPluginJar : add dma
2024-05-19 10:51:48,156 [INFO] IPUIPlugin:80 - create IPUIPlugin
2024-05-19 10:51:48,156 [INFO] PluginManager:220 - loadIPPluginJar : add dma3
2024-05-19 10:51:48,205 [INFO] IPUIPlugin:80 - create IPUIPlugin
2024-05-19 10:51:48,205 [INFO] PluginManager:220 - loadIPPluginJar : add extmemmanager
2024-05-19 10:51:48,225 [INFO] IPUIPlugin:80 - create IPUIPlugin
2024-05-19 10:51:48,225 [INFO] PluginManager:220 - loadIPPluginJar : add fatfs
2024-05-19 10:51:48,275 [INFO] IPUIPlugin:80 - create IPUIPlugin
2024-05-19 10:51:48,275 [INFO] PluginManager:220 - loadIPPluginJar : add fmc
2024-05-19 10:51:48,290 [INFO] IPUIPlugin:80 - create IPUIPlugin
2024-05-19 10:51:48,290 [INFO] PluginManager:220 - loadIPPluginJar : add freertos
2024-05-19 10:51:48,311 [INFO] IPUIPlugin:80 - create IPUIPlugin
2024-05-19 10:51:48,311 [INFO] PluginManager:220 - loadIPPluginJar : add genericplugin
2024-05-19 10:51:48,411 [INFO] IPUIPlugin:80 - create IPUIPlugin
2024-05-19 10:51:48,411 [INFO] PluginManager:220 - loadIPPluginJar : add gfxmmu
2024-05-19 10:51:48,549 [INFO] IPUIPlugin:80 - create IPUIPlugin
2024-05-19 10:51:48,549 [INFO] PluginManager:220 - loadIPPluginJar : add gic
2024-05-19 10:51:48,561 [INFO] IPUIPlugin:80 - create IPUIPlugin
2024-05-19 10:51:48,562 [INFO] PluginManager:220 - loadIPPluginJar : add gpio
2024-05-19 10:51:48,656 [INFO] IPUIPlugin:80 - create IPUIPlugin
2024-05-19 10:51:48,656 [INFO] PluginManager:220 - loadIPPluginJar : add gtzc
2024-05-19 10:51:48,689 [INFO] IPUIPlugin:80 - create IPUIPlugin
2024-05-19 10:51:48,689 [INFO] PluginManager:220 - loadIPPluginJar : add hash
2024-05-19 10:51:48,743 [INFO] IPUIPlugin:80 - create IPUIPlugin
2024-05-19 10:51:48,743 [INFO] PluginManager:220 - loadIPPluginJar : add i2c
2024-05-19 10:51:48,787 [INFO] IPUIPlugin:80 - create IPUIPlugin
2024-05-19 10:51:48,787 [INFO] PluginManager:220 - loadIPPluginJar : add i2s
2024-05-19 10:51:48,830 [INFO] IPUIPlugin:80 - create IPUIPlugin
2024-05-19 10:51:48,831 [INFO] PluginManager:220 - loadIPPluginJar : add i3c
2024-05-19 10:51:48,946 [INFO] IPUIPlugin:80 - create IPUIPlugin
2024-05-19 10:51:48,947 [INFO] PluginManager:220 - loadIPPluginJar : add ipddr
2024-05-19 10:51:49,042 [INFO] IPUIPlugin:80 - create IPUIPlugin
2024-05-19 10:51:49,042 [INFO] PluginManager:220 - loadIPPluginJar : add linkedlist
2024-05-19 10:51:49,079 [INFO] IPUIPlugin:80 - create IPUIPlugin
2024-05-19 10:51:49,079 [INFO] PluginManager:220 - loadIPPluginJar : add lorawan
2024-05-19 10:51:49,117 [INFO] IPUIPlugin:80 - create IPUIPlugin
2024-05-19 10:51:49,117 [INFO] PluginManager:220 - loadIPPluginJar : add ltdc
2024-05-19 10:51:49,132 [INFO] IPUIPlugin:80 - create IPUIPlugin
2024-05-19 10:51:49,132 [INFO] PluginManager:220 - loadIPPluginJar : add mdma
2024-05-19 10:51:49,144 [INFO] IPUIPlugin:80 - create IPUIPlugin
2024-05-19 10:51:49,144 [INFO] PluginManager:220 - loadIPPluginJar : add nvic
2024-05-19 10:51:49,182 [INFO] IPUIPlugin:80 - create IPUIPlugin
2024-05-19 10:51:49,182 [INFO] PluginManager:220 - loadIPPluginJar : add opamp
2024-05-19 10:51:49,246 [INFO] IPUIPlugin:80 - create IPUIPlugin
2024-05-19 10:51:49,246 [INFO] PluginManager:220 - loadIPPluginJar : add openamp
2024-05-19 10:51:49,293 [INFO] IPUIPlugin:80 - create IPUIPlugin
2024-05-19 10:51:49,293 [INFO] PluginManager:220 - loadIPPluginJar : add pdm2pcm
2024-05-19 10:51:49,309 [INFO] IPUIPlugin:80 - create IPUIPlugin
2024-05-19 10:51:49,312 [INFO] PluginManager:220 - loadIPPluginJar : add plateformsettings
2024-05-19 10:51:49,336 [INFO] IPUIPlugin:80 - create IPUIPlugin
2024-05-19 10:51:49,336 [INFO] PluginManager:220 - loadIPPluginJar : add quadspi
2024-05-19 10:51:49,350 [INFO] IPUIPlugin:80 - create IPUIPlugin
2024-05-19 10:51:49,350 [INFO] PluginManager:220 - loadIPPluginJar : add resmgrutility
2024-05-19 10:51:49,407 [INFO] IPUIPlugin:80 - create IPUIPlugin
2024-05-19 10:51:49,407 [INFO] PluginManager:220 - loadIPPluginJar : add sai
2024-05-19 10:51:49,450 [INFO] IPUIPlugin:80 - create IPUIPlugin
2024-05-19 10:51:49,450 [INFO] PluginManager:220 - loadIPPluginJar : add spi
2024-05-19 10:51:49,531 [INFO] IPUIPlugin:80 - create IPUIPlugin
2024-05-19 10:51:49,531 [INFO] PluginManager:220 - loadIPPluginJar : add stm32_wpan
2024-05-19 10:51:49,556 [INFO] IPUIPlugin:80 - create IPUIPlugin
2024-05-19 10:51:49,556 [INFO] PluginManager:220 - loadIPPluginJar : add tim
2024-05-19 10:51:49,622 [INFO] IPUIPlugin:80 - create IPUIPlugin
2024-05-19 10:51:49,622 [INFO] PluginManager:220 - loadIPPluginJar : add touchsensing
2024-05-19 10:51:49,645 [INFO] IPUIPlugin:80 - create IPUIPlugin
2024-05-19 10:51:49,646 [INFO] PluginManager:220 - loadIPPluginJar : add tracer_emb
2024-05-19 10:51:49,670 [INFO] IPUIPlugin:80 - create IPUIPlugin
2024-05-19 10:51:49,671 [INFO] PluginManager:220 - loadIPPluginJar : add ts
2024-05-19 10:51:49,693 [INFO] IPUIPlugin:80 - create IPUIPlugin
2024-05-19 10:51:49,694 [INFO] PluginManager:220 - loadIPPluginJar : add tsc
2024-05-19 10:51:49,716 [INFO] IPUIPlugin:80 - create IPUIPlugin
2024-05-19 10:51:49,716 [INFO] PluginManager:220 - loadIPPluginJar : add ucpd
2024-05-19 10:51:49,767 [INFO] IPUIPlugin:80 - create IPUIPlugin
2024-05-19 10:51:49,767 [INFO] PluginManager:220 - loadIPPluginJar : add usart
2024-05-19 10:51:49,816 [INFO] IPUIPlugin:80 - create IPUIPlugin
2024-05-19 10:51:49,816 [INFO] PluginManager:220 - loadIPPluginJar : add usbx
2024-05-19 10:51:49,964 [INFO] CADModel:165 - CPN selected for project level
2024-05-19 10:51:49,965 [INFO] CADModel:114 - Register for checkConnection events
2024-05-19 10:51:49,965 [FATAL] Updater:308 - Updater called before beeing initialized
2024-05-19 10:51:49,965 [ERROR] CADModel:125 - Updater not yet initialized, retry later 
2024-05-19 10:51:50,130 [INFO] CADModel:165 - CPN selected for project level
2024-05-19 10:51:50,130 [INFO] CADModel:114 - Register for checkConnection events
2024-05-19 10:51:50,130 [FATAL] Updater:308 - Updater called before beeing initialized
2024-05-19 10:51:50,130 [ERROR] CADModel:125 - Updater not yet initialized, retry later 
2024-05-19 10:51:50,134 [FATAL] Updater:308 - Updater called before beeing initialized
2024-05-19 10:51:50,242 [INFO] ThirdPartyUpdaterWithRetryManager:70 - Updater plugin not ready yet. [2/15]
2024-05-19 10:51:50,282 [FATAL] Updater:308 - Updater called before beeing initialized
2024-05-19 10:51:50,295 [INFO] DbMcusAds:53 - JSON generation date=Thu May 16 10:22:00 WAT 2024 (1715851320852)
2024-05-19 10:51:50,295 [FATAL] Updater:308 - Updater called before beeing initialized
2024-05-19 10:51:50,388 [WARN] DetailPanel:346 - Failed to get advertising image, set to default
2024-05-19 10:51:50,524 [FATAL] Updater:308 - Updater called before beeing initialized
2024-05-19 10:51:50,527 [FATAL] Updater:308 - Updater called before beeing initialized
2024-05-19 10:51:50,527 [FATAL] Updater:308 - Updater called before beeing initialized
2024-05-19 10:51:50,527 [WARN] DetailPanel:346 - Failed to get advertising image, set to default
2024-05-19 10:51:50,528 [FATAL] Updater:308 - Updater called before beeing initialized
2024-05-19 10:51:50,613 [ERROR] Updater:1120 - MainUpdater not yet initialized. External WinMGr cannot be set.
2024-05-19 10:51:50,626 [INFO] Updater:1056 - Updater Version found : 6.11.0
2024-05-19 10:51:50,650 [INFO] ApplicationProperties:184 - Using Application install path: C:\ST\STM32CubeIDE_1.15.0\STM32CubeIDE\plugins\com.st.stm32cube.common.mx_6.11.0.202403141607
2024-05-19 10:51:52,235 [ERROR] LogOutputStream:75 - [STDERR_REDIRECT] May 19, 2024 10:51:52 AM java.util.prefs.WindowsPreferences <init>
2024-05-19 10:51:52,238 [ERROR] LogOutputStream:75 - [STDERR_REDIRECT] WARNING: Could not open/create prefs root node Software\JavaSoft\Prefs at root 0xffffffff80000002. Windows RegCreateKeyEx(...) returned error code 5.
2024-05-19 10:51:52,238 [ERROR] LogOutputStream:75 - [STDERR_REDIRECT] 
2024-05-19 10:51:52,483 [INFO] MainUpdater:2873 - connection check result : 22
2024-05-19 10:51:52,484 [INFO] MainUpdater:290 - Updater Check For Update Now.
2024-05-19 10:51:52,484 [INFO] MicroXplorer:498 - Change Database Version : DB.6.0.110
2024-05-19 10:51:52,502 [INFO] McuFinderGlobals:63 - Set McuFinder mode to 2 (CubeIDE integrated)
2024-05-19 10:51:52,522 [INFO] UserAuth:415 - Internet connection configuration mode: 2
2024-05-19 10:51:52,764 [INFO] CheckServerUpdateThread:120 - End of CheckServer Thread
2024-05-19 10:51:53,435 [WARN] PackLoader:240 - Cannot read IP mode file for STMicroelectronics.FP-SNS-MOTENVWB1.1.4.0
2024-05-19 10:51:53,454 [WARN] PackLoader:240 - Cannot read IP mode file for STMicroelectronics.X-CUBE-SMBUS.2.1.0
2024-05-19 10:51:53,470 [WARN] PackLoader:240 - Cannot read IP mode file for STMicroelectronics.X-CUBE-TOUCHGFX.4.23.2
2024-05-19 10:51:53,534 [WARN] PackLoader:240 - Cannot read IP mode file for STMicroelectronics.X-CUBE-AZRTOS-F7.1.1.0
2024-05-19 10:51:53,563 [WARN] PackLoader:240 - Cannot read IP mode file for STMicroelectronics.FP-SNS-FLIGHT1.5.0.2
2024-05-19 10:51:53,591 [WARN] PackLoader:240 - Cannot read IP mode file for STMicroelectronics.X-CUBE-DISPLAY.3.0.0
2024-05-19 10:51:53,625 [WARN] PackLoader:240 - Cannot read IP mode file for STMicroelectronics.X-CUBE-BLE1.7.0.0
2024-05-19 10:51:53,644 [WARN] PackLoader:240 - Cannot read IP mode file for emotas.I-CUBE-CANOPEN.1.3.0
2024-05-19 10:51:53,679 [WARN] PackLoader:240 - Cannot read IP mode file for STMicroelectronics.X-CUBE-BLEMGR.3.1.0
2024-05-19 10:51:53,706 [WARN] PackLoader:240 - Cannot read IP mode file for STMicroelectronics.FP-SNS-SMARTAG2.1.2.0
2024-05-19 10:51:53,737 [INFO] LogOutputStream:77 - [STDOUT_REDIRECT] 1 : Invalid condition id : UX_CORESTACK_Condition cause : null
2024-05-19 10:51:53,738 [INFO] LogOutputStream:77 - [STDOUT_REDIRECT] 1 : Invalid condition id : UX_CORESTACK_Condition cause : null
2024-05-19 10:51:53,741 [INFO] LogOutputStream:77 - [STDOUT_REDIRECT] 1 : Invalid condition id : UX_CORESTACK_Condition cause : null
2024-05-19 10:51:53,743 [INFO] LogOutputStream:77 - [STDOUT_REDIRECT] 1 : Invalid condition id : UX_CORESTACK_Condition cause : null
2024-05-19 10:51:53,745 [INFO] LogOutputStream:77 - [STDOUT_REDIRECT] 1 : Invalid condition id : UX_CORESTACK_Condition cause : null
2024-05-19 10:51:53,753 [WARN] PackLoader:240 - Cannot read IP mode file for STMicroelectronics.X-CUBE-AZRTOS-WL.2.0.0
2024-05-19 10:51:53,774 [WARN] PackLoader:240 - Cannot read IP mode file for STMicroelectronics.FP-SNS-MOTENV1.5.0.0
2024-05-19 10:51:53,801 [WARN] PackLoader:240 - Cannot read IP mode file for WES.I-CUBE-Cesium.1.3.0
2024-05-19 10:51:53,821 [WARN] PackLoader:240 - Cannot read IP mode file for STMicroelectronics.X-CUBE-BLE2.3.3.0
2024-05-19 10:51:53,845 [WARN] PackLoader:240 - Cannot read IP mode file for STMicroelectronics.X-CUBE-TCPP.4.1.0
2024-05-19 10:51:53,866 [WARN] PackLoader:240 - Cannot read IP mode file for STMicroelectronics.X-CUBE-ALGOBUILD.1.3.0
2024-05-19 10:51:53,909 [WARN] PackLoader:240 - Cannot read IP mode file for STMicroelectronics.X-CUBE-AZRTOS-G0.1.1.0
2024-05-19 10:51:53,932 [WARN] PackLoader:240 - Cannot read IP mode file for STMicroelectronics.X-CUBE-SAFEA1.1.2.2
2024-05-19 10:51:53,948 [WARN] PackLoader:240 - Cannot read IP mode file for STMicroelectronics.X-CUBE-NFC4.3.0.0
2024-05-19 10:51:53,963 [WARN] PackLoader:240 - Cannot read IP mode file for wolfSSL.I-CUBE-wolfSSL.5.7.0
2024-05-19 10:51:53,976 [WARN] PackLoader:240 - Cannot read IP mode file for STMicroelectronics.FP-ATR-SIGFOX1.3.2.0
2024-05-19 10:51:53,993 [WARN] PackLoader:240 - Cannot read IP mode file for STMicroelectronics.X-CUBE-EEPRMA1.5.1.0
2024-05-19 10:51:54,012 [WARN] PackLoader:240 - Cannot read IP mode file for ITTIA_DB.I-CUBE-ITTIADB.8.9.0
2024-05-19 10:51:54,091 [WARN] PackLoader:240 - Cannot read IP mode file for SEGGER.I-CUBE-embOS.1.3.1
2024-05-19 10:51:54,206 [WARN] PackLoader:240 - Cannot read IP mode file for STMicroelectronics.X-CUBE-GNSS1.6.0.0
2024-05-19 10:51:54,263 [WARN] PackLoader:240 - Cannot read IP mode file for STMicroelectronics.X-CUBE-AZRTOS-F4.1.1.0
2024-05-19 10:51:54,322 [WARN] PackLoader:240 - Cannot read IP mode file for STMicroelectronics.X-CUBE-AZRTOS-L5.2.0.0
2024-05-19 10:51:54,347 [WARN] PackLoader:240 - Cannot read IP mode file for STMicroelectronics.X-CUBE-NFC6.3.1.0
2024-05-19 10:51:54,366 [WARN] PackLoader:240 - Cannot read IP mode file for STMicroelectronics.X-CUBE-AI.9.0.0
2024-05-19 10:51:54,383 [WARN] PackLoader:240 - Cannot read IP mode file for STMicroelectronics.X-CUBE-NFC7.1.0.1
2024-05-19 10:51:54,433 [WARN] ConditionMgr:438 - getConditionDescription Invalid condition id : LAN8742 Phy interface Condition cause : null
2024-05-19 10:51:54,434 [WARN] PackLoader:240 - Cannot read IP mode file for STMicroelectronics.X-CUBE-AZRTOS-L4.2.0.0
2024-05-19 10:51:54,437 [WARN] ConditionMgr:1039 - genDependencies : Invalid condition id : LAN8742 Phy interface Condition cause : null
2024-05-19 10:51:54,437 [WARN] ConditionMgr:1039 - genDependencies : Invalid condition id : LAN8742 Phy interface Condition cause : null
2024-05-19 10:51:54,439 [WARN] ConditionMgr:1039 - genDependencies : Invalid condition id : LAN8742 Phy interface Condition cause : null
2024-05-19 10:51:54,462 [WARN] PackLoader:240 - Cannot read IP mode file for STMicroelectronics.X-CUBE-SFXS2LP1.4.0.0
2024-05-19 10:51:54,497 [WARN] ConditionMgr:438 - getConditionDescription Invalid condition id : UX DEVICE CLASS RTOS Condition cause : null
2024-05-19 10:51:54,497 [WARN] ConditionMgr:438 - getConditionDescription Invalid condition id : UX DEVICE CLASS RTOS Condition cause : null
2024-05-19 10:51:54,501 [WARN] PackLoader:240 - Cannot read IP mode file for STMicroelectronics.X-CUBE-AZRTOS-WB.2.0.0
2024-05-19 10:51:54,502 [WARN] ConditionMgr:1039 - genDependencies : Invalid condition id : UX DEVICE CLASS RTOS Condition cause : null
2024-05-19 10:51:54,502 [WARN] ConditionMgr:1039 - genDependencies : Invalid condition id : UX DEVICE CLASS RTOS Condition cause : null
2024-05-19 10:51:54,503 [WARN] ConditionMgr:1039 - genDependencies : Invalid condition id : UX DEVICE CLASS RTOS Condition cause : null
2024-05-19 10:51:54,504 [WARN] ConditionMgr:1039 - genDependencies : Invalid condition id : UX DEVICE CLASS RTOS Condition cause : null
2024-05-19 10:51:54,504 [WARN] ConditionMgr:1039 - genDependencies : Invalid condition id : UX DEVICE CLASS RTOS Condition cause : null
2024-05-19 10:51:54,531 [WARN] PackLoader:240 - Cannot read IP mode file for STMicroelectronics.X-CUBE-SUBG2.5.0.0
2024-05-19 10:51:54,585 [WARN] PackLoader:240 - Cannot read IP mode file for STMicroelectronics.X-CUBE-AZRTOS-G4.2.0.0
2024-05-19 10:51:54,606 [WARN] PackLoader:240 - Cannot read IP mode file for STMicroelectronics.X-CUBE-ISPU.2.0.0
2024-05-19 10:51:54,696 [WARN] PackLoader:240 - Cannot read IP mode file for STMicroelectronics.X-CUBE-MEMS1.10.0.0
2024-05-19 10:51:54,902 [WARN] PackLoader:240 - Cannot read IP mode file for STMicroelectronics.X-CUBE-FREERTOS.1.1.0
2024-05-19 10:51:54,919 [WARN] PackLoader:240 - Cannot read IP mode file for portGmbH.I-Cube-SoM-uGOAL.1.1.0
2024-05-19 10:51:54,935 [WARN] PackLoader:240 - Cannot read IP mode file for STMicroelectronics.X-CUBE-ALS.1.0.1
2024-05-19 10:51:54,983 [WARN] PackLoader:240 - Cannot read IP mode file for STMicroelectronics.X-CUBE-AZRTOS-H7RS.1.0.0
2024-05-19 10:51:55,005 [WARN] PackLoader:240 - Cannot read IP mode file for STMicroelectronics.FP-ATR-ASTRA1.2.0.0
2024-05-19 10:51:55,035 [WARN] PackLoader:240 - Cannot read IP mode file for STMicroelectronics.X-CUBE-TOF1.3.4.1
2024-05-19 10:51:55,133 [WARN] PackLoader:240 - Cannot read IP mode file for STMicroelectronics.X-CUBE-AZRTOS-H7.3.2.0
2024-05-19 10:51:55,179 [WARN] PackLoader:240 - Cannot read IP mode file for Infineon.AIROC-Wi-Fi-Bluetooth-STM32.1.6.0
2024-05-19 10:51:55,186 [INFO] ThirdParty:978 - Integrity check success = true
2024-05-19 10:51:55,187 [INFO] IntegrityCheckThread:100 - exiting critical section [integrity check]
2024-05-19 10:51:55,187 [INFO] IntegrityCheckThread:103 - End integrity checks thread
2024-05-19 10:52:17,756 [INFO] McuFinderGlobals:63 - Set McuFinder mode to 2 (CubeIDE integrated)
2024-05-19 10:52:17,839 [INFO] MainUpdater:2873 - connection check result : 22
2024-05-19 10:52:17,861 [INFO] MainUpdater:2873 - connection check result : 22
2024-05-19 10:52:25,734 [INFO] MainUpdater:2873 - connection check result : 22
2024-05-19 10:52:31,249 [INFO] MicroXplorer:468 - Change Database Path : 
2024-05-19 10:52:31,250 [INFO] MicroXplorer:498 - Change Database Version : DB.6.0.110
2024-05-19 10:52:31,269 [WARN] ThirdParty:871 - waiting for thirdparty lock release [close project]
2024-05-19 10:52:31,269 [INFO] ThirdParty:873 - entering critical section [close project]
2024-05-19 10:52:31,271 [INFO] ThirdParty:883 - exiting critical section [close project]
2024-05-19 10:52:31,273 [INFO] PinOutPanel:1561 - setPackage(No Configuration,No Configuration)
2024-05-19 10:52:31,279 [INFO] UtilMem:75 - Begin LoadConfig() Used Memory: 206309848 Bytes (268435456)
2024-05-19 10:52:31,281 [INFO] MicroXplorer:468 - Change Database Path : 
2024-05-19 10:52:31,281 [INFO] MicroXplorer:498 - Change Database Version : DB.6.0.110
2024-05-19 10:52:31,281 [INFO] OpenFileManager:312 - Change cursor
2024-05-19 10:52:31,329 [INFO] Mcu:2021 - Initializing MCU STM32F103C(8-B)Tx STM32F103C8Tx STM32F103C8T6
2024-05-19 10:52:32,751 [INFO] Context:663 - Trying to add GPIOservice into a context  which must be forbidden
2024-05-19 10:52:33,250 [INFO] RtosManager:555 - Registered RTOS mode: class=CMSIS, group=RTOS, mode=CMSIS_V1, owner=FREERTOS
2024-05-19 10:52:33,250 [INFO] RtosManager:555 - Registered RTOS mode: class=CMSIS, group=RTOS2, mode=CMSIS_V2, owner=FREERTOS
2024-05-19 10:52:33,250 [INFO] RtosManager:555 - Registered RTOS mode: class=RTOS, group=Core, mode=CMSIS_V1, owner=FREERTOS
2024-05-19 10:52:33,251 [INFO] RtosManager:555 - Registered RTOS mode: class=RTOS, group=Core, mode=CMSIS_V2, owner=FREERTOS
2024-05-19 10:52:33,251 [WARN] ModelIntegratedComponent:184 - Missing modes for component STMicroelectronics:FreeRTOS:0.0.1:STMicroelectronics:RTOS:FreeRTOS:Core:::10.2.0:
2024-05-19 10:52:33,279 [WARN] ModelIntegratedComponent:63 - No mode defined for component null
2024-05-19 10:52:33,279 [WARN] ModelIntegratedComponent:63 - No mode defined for component null
2024-05-19 10:52:33,279 [WARN] ModelIntegratedComponent:63 - No mode defined for component null
2024-05-19 10:52:33,279 [WARN] ModelIntegratedComponent:63 - No mode defined for component null
2024-05-19 10:52:33,279 [WARN] ModelIntegratedComponent:63 - No mode defined for component null
2024-05-19 10:52:33,279 [WARN] ModelIntegratedComponent:63 - No mode defined for component null
2024-05-19 10:52:33,279 [WARN] ModelIntegratedComponent:63 - No mode defined for component null
2024-05-19 10:52:33,279 [WARN] ModelIntegratedComponent:63 - No mode defined for component null
2024-05-19 10:52:33,280 [WARN] ModelIntegratedComponent:63 - No mode defined for component null
2024-05-19 10:52:33,280 [WARN] ModelIntegratedComponent:63 - No mode defined for component null
2024-05-19 10:52:33,280 [WARN] ModelIntegratedComponent:63 - No mode defined for component null
2024-05-19 10:52:33,280 [WARN] ModelIntegratedComponent:63 - No mode defined for component null
2024-05-19 10:52:33,280 [WARN] ModelIntegratedComponent:63 - No mode defined for component null
2024-05-19 10:52:33,280 [WARN] ModelIntegratedComponent:63 - No mode defined for component null
2024-05-19 10:52:33,280 [WARN] ModelIntegratedComponent:63 - No mode defined for component null
2024-05-19 10:52:33,280 [WARN] ModelIntegratedComponent:63 - No mode defined for component null
2024-05-19 10:52:33,280 [WARN] ModelIntegratedComponent:63 - No mode defined for component null
2024-05-19 10:52:33,280 [WARN] ModelIntegratedComponent:63 - No mode defined for component null
2024-05-19 10:52:33,280 [WARN] ModelIntegratedComponent:63 - No mode defined for component null
2024-05-19 10:52:33,281 [WARN] ModelIntegratedComponent:63 - No mode defined for component null
2024-05-19 10:52:33,281 [WARN] ModelIntegratedComponent:63 - No mode defined for component null
2024-05-19 10:52:33,281 [WARN] ModelIntegratedComponent:63 - No mode defined for component null
2024-05-19 10:52:33,281 [WARN] ModelIntegratedComponent:63 - No mode defined for component null
2024-05-19 10:52:33,281 [WARN] ModelIntegratedComponent:63 - No mode defined for component null
2024-05-19 10:52:33,281 [WARN] ModelIntegratedComponent:63 - No mode defined for component null
2024-05-19 10:52:33,281 [WARN] ModelIntegratedComponent:63 - No mode defined for component null
2024-05-19 10:52:33,281 [WARN] ModelIntegratedComponent:63 - No mode defined for component null
2024-05-19 10:52:33,281 [WARN] ModelIntegratedComponent:63 - No mode defined for component null
2024-05-19 10:52:33,281 [WARN] ModelIntegratedComponent:63 - No mode defined for component null
2024-05-19 10:52:33,281 [WARN] ModelIntegratedComponent:63 - No mode defined for component null
2024-05-19 10:52:33,282 [WARN] ModelIntegratedComponent:63 - No mode defined for component null
2024-05-19 10:52:33,282 [WARN] ModelIntegratedComponent:63 - No mode defined for component null
2024-05-19 10:52:33,282 [WARN] ModelIntegratedComponent:63 - No mode defined for component null
2024-05-19 10:52:33,282 [WARN] ModelIntegratedComponent:63 - No mode defined for component null
2024-05-19 10:52:33,478 [INFO] ThirdPartyModel:298 - Start build external matchings
2024-05-19 10:52:33,905 [INFO] ThirdPartyModel:316 - End build external matchings
2024-05-19 10:52:33,921 [WARN] IP:2120 - I2C_Coeff_DF not found: check if there is a RefParameter without a condition.
2024-05-19 10:52:33,921 [WARN] IP:2120 - Analog_Filter not found: check if there is a RefParameter without a condition.
2024-05-19 10:52:33,922 [INFO] ImportTextPane:194 - (OptionalMessage_ERROR) IP (RCC) : Invalid parameter (FamilyName)
2024-05-19 10:52:33,923 [INFO] ImportTextPane:194 - (OptionalMessage_ERROR) IP (RCC) : Parameter (USBFreq_Value) has invalid value (64000000)
2024-05-19 10:52:34,363 [INFO] ApiDb:581 - Connected to CubeFinder SQLite database (C:\Users\User\.stmcufinder\plugins\mcufinder\mcu\cube-finder-db.db)
2024-05-19 10:52:34,515 [INFO] ApiDb:668 - CubeFinder database Data Model version=2.1
2024-05-19 10:52:34,515 [INFO] ApiDb:669 - CubeFinder database Configuration version=3.0.39
2024-05-19 10:52:34,515 [INFO] ApiDb:670 - CubeFinder database generation date=2024-04-15 (1713193726)
2024-05-19 10:52:34,515 [INFO] ApiDb:671 - CubeFinder database FW Pack versions=[FP-ATR-ASTRA1_V2.0.0, FP-SNS-FLIGHT1_V5.0.1, FP-SNS-FLIGHT1_V5.0.2, FP-SNS-MOTENV1_V4.3.1, FP-SNS-MOTENV1_V4.3.2, FP-SNS-MOTENVWB1_V1.3.1, FP-SNS-SMARTAG2_V1.2.0, STM32Cube_FW_C0_V1.1.0, STM32Cube_FW_F4_V1.28.0, STM32Cube_FW_F7_V1.17.0, STM32Cube_FW_G0_V1.6.2, STM32Cube_FW_G4_V1.5.2, STM32Cube_FW_H5_V0.5.1, STM32Cube_FW_H5_V1.1.1, STM32Cube_FW_H5_V1.2.0, STM32Cube_FW_H5_V1.2.0RC4, STM32Cube_FW_H7RS_V1.0.0, STM32Cube_FW_H7RS_V1.0.0RC4, STM32Cube_FW_H7_V1.11.0, STM32Cube_FW_L0_V1.12.2, STM32Cube_FW_L5_V1.5.1, STM32Cube_FW_U0_V1.0.0, STM32Cube_FW_U0_V1.0.0RC1, STM32Cube_FW_U5_V1.3.0RC4, STM32Cube_FW_U5_V1.5.0, STM32Cube_FW_U5_V1.5.0RC1, STM32Cube_FW_WBA_V1.0.0RC1, STM32Cube_FW_WBA_V1.2.0, STM32Cube_FW_WBA_V1.2.0RC2, STM32Cube_FW_WBA_V1.3.0, STM32Cube_FW_WBA_V1.3.0RC1, STM32Cube_FW_WB_V1.15.0RC1, STM32Cube_FW_WB_V1.16.0, STM32Cube_FW_WB_V1.16.0RC2, STM32Cube_FW_WB_V1.18.0, STM32Cube_FW_WB_V1.19.0, STM32Cube_FW_WL_V1.3.0, X-CUBE-ALGOBUILD_V1.3.0, X-CUBE-ALS_V1.0.1, X-CUBE-AZRTOS-F4_V1.1.0, X-CUBE-AZRTOS-F7_V1.1.0, X-CUBE-AZRTOS-G0_V1.1.0, X-CUBE-AZRTOS-G4_V2.0.0, X-CUBE-AZRTOS-H7_V3.2.0, X-CUBE-AZRTOS-L4_V1.0.0, X-CUBE-AZRTOS-L4_V2.0.0, X-CUBE-AZRTOS-L5_V1.1.0, X-CUBE-AZRTOS-WB_V2.0.0, X-CUBE-AZRTOS-WL_V2.0.0, X-CUBE-BLE1_V7.0.0, X-CUBE-BLE2_V3.3.0, X-CUBE-BLEMGR_V3.1.0, X-CUBE-EEPRMA1_V4.1.0, X-CUBE-EEPRMA1_V5.1.0, X-CUBE-FREERTOS_V1.1.0, X-CUBE-GNSS1_V6.0.0, X-CUBE-MEMS1_V10.0.0, X-CUBE-MEMS1_V9.1.0, X-CUBE-MEMS1_V9.4.0, X-CUBE-MEMS1_V9.6.0, X-CUBE-NFC4_V3.0.0, X-CUBE-NFC7_V1.0.1, X-CUBE-SFXS2LP1_V4.0.0, X-CUBE-SUBG2_V5.0.0, X-CUBE-TOF1_V3.4.0]
2024-05-19 10:52:34,803 [INFO] DbBoardsSqlite:226 - include board P-NUCLEO-WB55-NUCLEO as a kit item of type 'Nucleo-64'
2024-05-19 10:52:34,804 [INFO] DbBoardsSqlite:226 - include board P-NUCLEO-WB55-USBDONGLE as a kit item of type 'Nucleo USB Dongle'
2024-05-19 10:52:34,806 [INFO] DbBoardsSqlite:226 - include board STEVAL-IDP005V1 as a kit item of type 'Evaluation Board'
2024-05-19 10:52:34,807 [INFO] DbBoardsSqlite:226 - include board STEVAL-IDP005V2 as a kit item of type 'Evaluation Board'
2024-05-19 10:52:35,622 [INFO] ApiDb:240 - Found 483 in-development CPN: [B-G473E-ZEST1S, B-WB1M-WPAN1, B-WL5M-SUBG1, NUCLEO-C031C6, NUCLEO-H503RB, NUCLEO-H533RE, NUCLEO-H563ZI, NUCLEO-H7S3L8, NUCLEO-U031R8, NUCLEO-U083RC, NUCLEO-U545RE-Q, NUCLEO-U5A5ZJ-Q, NUCLEO-WBA52CG, NUCLEO-WBA55CG, STEVAL-PROTEUS1, STEVAL-SMARTAG2, STEVAL-STWINBX1, STM320518-EVAL, STM32C0116-DK, STM32C011D6Y3TR, STM32C011D6Y6TR, STM32C011F4P3, STM32C011F4P6, STM32C011F4U3, STM32C011F4U6TR, STM32C011F6P3, STM32C011F6P6, STM32C011F6U3, STM32C011F6U6TR, STM32C011J4M3, STM32C011J4M6, STM32C011J6M3, STM32C011J6M6, STM32C0316-DK, STM32C031C4T3, STM32C031C4T6, STM32C031C4U3, STM32C031C4U6, STM32C031C6T3, STM32C031C6T6, STM32C031C6U3, STM32C031C6U6, STM32C031F4P3, STM32C031F4P6, STM32C031F6P3, STM32C031F6P6, STM32C031G4U3, STM32C031G4U6, STM32C031G6U3, STM32C031G6U6, STM32C031K4T3, STM32C031K4T6, STM32C031K4U3, STM32C031K4U6, STM32C031K6T3, STM32C031K6T6, STM32C031K6U3, STM32C031K6U6, STM32G071K8TXN, STM32G071K8UXN, STM32G081GBU6N, STM32G081KBT6N, STM32G081KBUXN, STM32G0B1CCT6N, STM32G0B1KCT6, STM32G0B1NEY6TR, STM32G0B1RCT6N, STM32G0C1CCT6, STM32G0C1CCT6N, STM32G0C1CCU6N, STM32G0C1CET6N, STM32G0C1CEU6N, STM32G0C1KCT6, STM32G0C1NEY6TR, STM32G0C1RCI6N, STM32G0C1RCT6N, STM32G0C1REI6N, STM32G0C1RET6N, STM32G0C1VCI6, STM32G0C1VEI6, STM32G471CCT6, STM32G471CCU6, STM32G471CET3, STM32G471CET6, STM32G471CEU3, STM32G471CEU6, STM32G471MCT6, STM32G471MET3, STM32G471MET6, STM32G471MEY6TR, STM32G471QCT6, STM32G471QET3, STM32G471RCT6, STM32G471RET3, STM32G471RET6, STM32G471VCH6, STM32G471VCI6, STM32G471VCT6, STM32G471VEH3, STM32G471VEH6, STM32G471VEI3, STM32G471VEI6, STM32G471VET3, STM32G471VET6, STM32G474CCT6, STM32H503CBT6, STM32H503CBU6, STM32H503EBY6TR, STM32H503KBU6, STM32H503RBT6, STM32H523CCT6, STM32H523CCU6, STM32H523CET6, STM32H523CEU6, STM32H523HEY6TR, STM32H523RCT6, STM32H523RET6, STM32H523VCI6, STM32H523VCT6, STM32H523VEI6, STM32H523VET6, STM32H523ZCJ6, STM32H523ZCT6, STM32H523ZEJ6, STM32H523ZET6, STM32H533CET6, STM32H533CEU6, STM32H533HEY6TR, STM32H533RET6, STM32H533VEI6, STM32H533VET6, STM32H533ZEJ6, STM32H533ZET6, STM32H562AGI6, STM32H562AII6, STM32H562IGK6, STM32H562IGT6, STM32H562IIK6, STM32H562IIT6, STM32H562RGT6, STM32H562RGV6, STM32H562RIT6, STM32H562RIV6, STM32H562VGT6, STM32H562VIT6, STM32H562ZGT6, STM32H562ZIT6, STM32H563AGI6, STM32H563AII3Q, STM32H563AII6, STM32H563IGK6, STM32H563IGT6, STM32H563IIK3Q, STM32H563IIK6, STM32H563IIT3Q, STM32H563IIT6, STM32H563MIY3QTR, STM32H563RGT6, STM32H563RGV6, STM32H563RIT6, STM32H563RIV6, STM32H563VGT6, STM32H563VIT3Q, STM32H563VIT6, STM32H563ZGT6, STM32H563ZIT3Q, STM32H563ZIT6, STM32H573AII3Q, STM32H573AII6, STM32H573I-DK, STM32H573IIK3Q, STM32H573IIK6, STM32H573IIT3Q, STM32H573IIT6, STM32H573MIY3QTR, STM32H573RIT6, STM32H573RIV6, STM32H573VIT3Q, STM32H573VIT6, STM32H573ZIT3Q, STM32H573ZIT6, STM32H7R3A8I6, STM32H7R3I8K6, STM32H7R3I8T6, STM32H7R3L8H6, STM32H7R3L8H6H, STM32H7R3R8V6, STM32H7R3V8H6, STM32H7R3V8T6, STM32H7R3V8Y6, STM32H7R3Z8J6, STM32H7R3Z8T6, STM32H7R7A8I6, STM32H7R7I8K6, STM32H7R7I8T6, STM32H7R7L8H6, STM32H7R7L8H6H, STM32H7R7Z8J6, STM32H7S3A8I6, STM32H7S3I8K6, STM32H7S3I8T6, STM32H7S3L8H6, STM32H7S3L8H6H, STM32H7S3R8V6, STM32H7S3V8H6, STM32H7S3V8T6, STM32H7S3V8Y6, STM32H7S3Z8J6, STM32H7S3Z8T6, STM32H7S78-DK, STM32H7S7A8I6, STM32H7S7I8K6, STM32H7S7I8T6, STM32H7S7L8H6, STM32H7S7L8H6H, STM32H7S7Z8J6, STM32L4R5QGI6STR, STM32MP131AAE3, STM32MP131AAF3, STM32MP131AAG3, STM32MP131CAE3, STM32MP131CAF3, STM32MP131CAG3, STM32MP131DAE7, STM32MP131DAF7, STM32MP131DAG7, STM32MP131FAE7, STM32MP131FAF7, STM32MP131FAG7, STM32MP133AAE3, STM32MP133AAF3, STM32MP133AAG3, STM32MP133CAE3, STM32MP133CAF3, STM32MP133CAG3, STM32MP133DAE7, STM32MP133DAF7, STM32MP133DAG7, STM32MP133FAE7, STM32MP133FAF7, STM32MP133FAG7, STM32MP135AAE3, STM32MP135AAF3, STM32MP135AAG3, STM32MP135CAE3, STM32MP135CAF3, STM32MP135CAG3, STM32MP135DAE7, STM32MP135DAF7, STM32MP135DAG7, STM32MP135F-DK, STM32MP135FAE7, STM32MP135FAF7, STM32MP135FAF7T, STM32MP135FAF7U, STM32MP135FAG7, STM32U031C6T6, STM32U031C6U6, STM32U031C8T6, STM32U031C8U6, STM32U031F4P6, STM32U031F6P6, STM32U031F8P6, STM32U031G6Y6TR, STM32U031G8Y6TR, STM32U031K4U6, STM32U031K6U6, STM32U031K8U6, STM32U031R6I6, STM32U031R6T6, STM32U031R8I6, STM32U031R8T6, STM32U073C8T6, STM32U073C8U6, STM32U073CBT6, STM32U073CBU6, STM32U073CCT6, STM32U073CCU6, STM32U073H8Y6TR, STM32U073HBY6TR, STM32U073HCY6TR, STM32U073K8U6, STM32U073KBU6, STM32U073KCU6, STM32U073M8I6, STM32U073M8T6, STM32U073MBI6, STM32U073MBT6, STM32U073MCI6, STM32U073MCT6, STM32U073R8I6, STM32U073R8T6, STM32U073RBI6, STM32U073RBT6, STM32U073RCI6, STM32U073RCT6, STM32U083C-DK, STM32U083CCT6, STM32U083CCU6, STM32U083HCY6TR, STM32U083KCU6, STM32U083MCI6, STM32U083MCT6, STM32U083RCI6, STM32U083RCT6, STM32U535CBT6, STM32U535CBT6Q, STM32U535CBU6, STM32U535CBU6Q, STM32U535CCT6, STM32U535CCT6Q, STM32U535CCU6, STM32U535CCU6Q, STM32U535CET6, STM32U535CET6Q, STM32U535CEU6, STM32U535CEU6Q, STM32U535JEY6QTR, STM32U535NCY6QTR, STM32U535NEY6QTR, STM32U535RBI6, STM32U535RBI6Q, STM32U535RBT6, STM32U535RBT6Q, STM32U535RCI6, STM32U535RCI6Q, STM32U535RCT6, STM32U535RCT6Q, STM32U535REI6, STM32U535REI6Q, STM32U535RET6, STM32U535RET6Q, STM32U535VCI6, STM32U535VCI6Q, STM32U535VCT6, STM32U535VCT6Q, STM32U535VEI6, STM32U535VEI6Q, STM32U535VET6, STM32U535VET6Q, STM32U545CET6, STM32U545CET6Q, STM32U545CEU6, STM32U545CEU6Q, STM32U545JEY6QTR, STM32U545NEY6QTR, STM32U545REI6, STM32U545REI6Q, STM32U545RET6, STM32U545RET6Q, STM32U545VEI6, STM32U545VEI6Q, STM32U545VET6, STM32U545VET6Q, STM32U595AIH6, STM32U595AIH6Q, STM32U595AJH6, STM32U595AJH6Q, STM32U595QII6, STM32U595QII6Q, STM32U595QJI6, STM32U595QJI6Q, STM32U595RIT6, STM32U595RIT6Q, STM32U595RJT6, STM32U595RJT6Q, STM32U595VIT6, STM32U595VIT6Q, STM32U595VJT6, STM32U595VJT6Q, STM32U595ZIT6, STM32U595ZIT6Q, STM32U595ZIY6QTR, STM32U595ZJT6, STM32U595ZJT6Q, STM32U595ZJY6QTR, STM32U599BJY6QTR, STM32U599NIH6Q, STM32U599NJH6Q, STM32U599VIT6Q, STM32U599VJT6, STM32U599VJT6Q, STM32U599ZIT6Q, STM32U599ZIY6QTR, STM32U599ZJT6Q, STM32U599ZJY6QTR, STM32U5A5AJH6, STM32U5A5AJH6Q, STM32U5A5QII3Q , STM32U5A5QJI6, STM32U5A5QJI6Q, STM32U5A5RJT6, STM32U5A5RJT6Q, STM32U5A5VJT6, STM32U5A5VJT6Q, STM32U5A5ZJT6, STM32U5A5ZJT6Q, STM32U5A5ZJY6QTR, STM32U5A9BJY6QTR, STM32U5A9J-DK, STM32U5A9NJH6Q, STM32U5A9VJT6Q, STM32U5A9ZJT6Q, STM32U5A9ZJY6QTR, STM32U5F7VIT6, STM32U5F7VIT6Q, STM32U5F7VJT6, STM32U5F7VJT6Q, STM32U5F9BJY6QTR, STM32U5F9NJH6Q, STM32U5F9VIT6Q, STM32U5F9VJT6Q, STM32U5F9ZIJ6QTR, STM32U5F9ZIT6Q, STM32U5F9ZJJ6QTR, STM32U5F9ZJT6Q, STM32U5G7VJT6, STM32U5G7VJT6Q, STM32U5G9BJY6QTR, STM32U5G9J-DK1, STM32U5G9J-DK2, STM32U5G9NJH6Q, STM32U5G9VJT6Q, STM32U5G9ZJJ6QTR, STM32U5G9ZJT6Q, STM32WB1MMCH6, STM32WBA50KEU6, STM32WBA50KEU6TR, STM32WBA50KGU6, STM32WBA50KGU6TR, STM32WBA52CEU6, STM32WBA52CEU6TR, STM32WBA52CEU7, STM32WBA52CEU7TR, STM32WBA52CGU6, STM32WBA52CGU6TR, STM32WBA52CGU6U, STM32WBA52CGU7, STM32WBA52CGU7TR, STM32WBA52KEU6, STM32WBA52KEU6TR, STM32WBA52KGU6, STM32WBA52KGU6TR, STM32WBA54CEU6, STM32WBA54CEU6TR, STM32WBA54CEU7, STM32WBA54CEU7TR, STM32WBA54CGU6, STM32WBA54CGU6TR, STM32WBA54CGU7, STM32WBA54CGU7TR, STM32WBA54KEU6, STM32WBA54KEU6TR, STM32WBA54KEU7, STM32WBA54KEU7TR, STM32WBA54KGU6, STM32WBA54KGU6TR, STM32WBA54KGU7, STM32WBA54KGU7TR, STM32WBA55CEU6, STM32WBA55CEU6TR, STM32WBA55CEU7, STM32WBA55CEU7TR, STM32WBA55CGU6, STM32WBA55CGU6TR, STM32WBA55CGU6U, STM32WBA55CGU7, STM32WBA55CGU7TR, STM32WBA55G-DK1, STM32WBA55HEF6, STM32WBA55HEF7, STM32WBA55HGF6, STM32WBA55HGF7, STM32WBA55UEI6, STM32WBA55UEI6TR, STM32WBA55UEI7, STM32WBA55UEI7TR, STM32WBA55UGI6, STM32WBA55UGI6TR, STM32WBA55UGI7, STM32WBA55UGI7TR, STM32WL5MOCH6, STM32WL5MOCH6TR]
2024-05-19 10:52:35,896 [INFO] BoardInfo:889 - No configuration file found for board P-NUCLEO-WB55
2024-05-19 10:52:35,896 [INFO] DbBoards:161 - Kit is not supported: P-NUCLEO-WB55
2024-05-19 10:52:35,909 [INFO] BoardInfo:889 - No configuration file found for board STEVAL-BFA001V1B
2024-05-19 10:52:35,909 [INFO] DbBoards:161 - Kit is not supported: STEVAL-BFA001V1B
2024-05-19 10:52:35,912 [INFO] BoardInfo:889 - No configuration file found for board STEVAL-BFA001V2B
2024-05-19 10:52:35,913 [INFO] DbBoards:161 - Kit is not supported: STEVAL-BFA001V2B
2024-05-19 10:52:36,123 [INFO] DbBoards:168 - Found 199 boards, 196 are supported
2024-05-19 10:52:36,123 [INFO] DbBoards:169 - Found 199 boards, 8 of them is supported for  Bsp
2024-05-19 10:52:36,127 [INFO] ApiDb:668 - CubeFinder database Data Model version=2.1
2024-05-19 10:52:36,127 [INFO] ApiDb:669 - CubeFinder database Configuration version=3.0.39
2024-05-19 10:52:36,127 [INFO] ApiDb:670 - CubeFinder database generation date=2024-04-15 (1713193726)
2024-05-19 10:52:36,128 [INFO] ApiDb:671 - CubeFinder database FW Pack versions=[FP-ATR-ASTRA1_V2.0.0, FP-SNS-FLIGHT1_V5.0.1, FP-SNS-FLIGHT1_V5.0.2, FP-SNS-MOTENV1_V4.3.1, FP-SNS-MOTENV1_V4.3.2, FP-SNS-MOTENVWB1_V1.3.1, FP-SNS-SMARTAG2_V1.2.0, STM32Cube_FW_C0_V1.1.0, STM32Cube_FW_F4_V1.28.0, STM32Cube_FW_F7_V1.17.0, STM32Cube_FW_G0_V1.6.2, STM32Cube_FW_G4_V1.5.2, STM32Cube_FW_H5_V0.5.1, STM32Cube_FW_H5_V1.1.1, STM32Cube_FW_H5_V1.2.0, STM32Cube_FW_H5_V1.2.0RC4, STM32Cube_FW_H7RS_V1.0.0, STM32Cube_FW_H7RS_V1.0.0RC4, STM32Cube_FW_H7_V1.11.0, STM32Cube_FW_L0_V1.12.2, STM32Cube_FW_L5_V1.5.1, STM32Cube_FW_U0_V1.0.0, STM32Cube_FW_U0_V1.0.0RC1, STM32Cube_FW_U5_V1.3.0RC4, STM32Cube_FW_U5_V1.5.0, STM32Cube_FW_U5_V1.5.0RC1, STM32Cube_FW_WBA_V1.0.0RC1, STM32Cube_FW_WBA_V1.2.0, STM32Cube_FW_WBA_V1.2.0RC2, STM32Cube_FW_WBA_V1.3.0, STM32Cube_FW_WBA_V1.3.0RC1, STM32Cube_FW_WB_V1.15.0RC1, STM32Cube_FW_WB_V1.16.0, STM32Cube_FW_WB_V1.16.0RC2, STM32Cube_FW_WB_V1.18.0, STM32Cube_FW_WB_V1.19.0, STM32Cube_FW_WL_V1.3.0, X-CUBE-ALGOBUILD_V1.3.0, X-CUBE-ALS_V1.0.1, X-CUBE-AZRTOS-F4_V1.1.0, X-CUBE-AZRTOS-F7_V1.1.0, X-CUBE-AZRTOS-G0_V1.1.0, X-CUBE-AZRTOS-G4_V2.0.0, X-CUBE-AZRTOS-H7_V3.2.0, X-CUBE-AZRTOS-L4_V1.0.0, X-CUBE-AZRTOS-L4_V2.0.0, X-CUBE-AZRTOS-L5_V1.1.0, X-CUBE-AZRTOS-WB_V2.0.0, X-CUBE-AZRTOS-WL_V2.0.0, X-CUBE-BLE1_V7.0.0, X-CUBE-BLE2_V3.3.0, X-CUBE-BLEMGR_V3.1.0, X-CUBE-EEPRMA1_V4.1.0, X-CUBE-EEPRMA1_V5.1.0, X-CUBE-FREERTOS_V1.1.0, X-CUBE-GNSS1_V6.0.0, X-CUBE-MEMS1_V10.0.0, X-CUBE-MEMS1_V9.1.0, X-CUBE-MEMS1_V9.4.0, X-CUBE-MEMS1_V9.6.0, X-CUBE-NFC4_V3.0.0, X-CUBE-NFC7_V1.0.1, X-CUBE-SFXS2LP1_V4.0.0, X-CUBE-SUBG2_V5.0.0, X-CUBE-TOF1_V3.4.0]
2024-05-19 10:52:39,259 [INFO] ApiDb:240 - Found 483 in-development CPN: [B-G473E-ZEST1S, B-WB1M-WPAN1, B-WL5M-SUBG1, NUCLEO-C031C6, NUCLEO-H503RB, NUCLEO-H533RE, NUCLEO-H563ZI, NUCLEO-H7S3L8, NUCLEO-U031R8, NUCLEO-U083RC, NUCLEO-U545RE-Q, NUCLEO-U5A5ZJ-Q, NUCLEO-WBA52CG, NUCLEO-WBA55CG, STEVAL-PROTEUS1, STEVAL-SMARTAG2, STEVAL-STWINBX1, STM320518-EVAL, STM32C0116-DK, STM32C011D6Y3TR, STM32C011D6Y6TR, STM32C011F4P3, STM32C011F4P6, STM32C011F4U3, STM32C011F4U6TR, STM32C011F6P3, STM32C011F6P6, STM32C011F6U3, STM32C011F6U6TR, STM32C011J4M3, STM32C011J4M6, STM32C011J6M3, STM32C011J6M6, STM32C0316-DK, STM32C031C4T3, STM32C031C4T6, STM32C031C4U3, STM32C031C4U6, STM32C031C6T3, STM32C031C6T6, STM32C031C6U3, STM32C031C6U6, STM32C031F4P3, STM32C031F4P6, STM32C031F6P3, STM32C031F6P6, STM32C031G4U3, STM32C031G4U6, STM32C031G6U3, STM32C031G6U6, STM32C031K4T3, STM32C031K4T6, STM32C031K4U3, STM32C031K4U6, STM32C031K6T3, STM32C031K6T6, STM32C031K6U3, STM32C031K6U6, STM32G071K8TXN, STM32G071K8UXN, STM32G081GBU6N, STM32G081KBT6N, STM32G081KBUXN, STM32G0B1CCT6N, STM32G0B1KCT6, STM32G0B1NEY6TR, STM32G0B1RCT6N, STM32G0C1CCT6, STM32G0C1CCT6N, STM32G0C1CCU6N, STM32G0C1CET6N, STM32G0C1CEU6N, STM32G0C1KCT6, STM32G0C1NEY6TR, STM32G0C1RCI6N, STM32G0C1RCT6N, STM32G0C1REI6N, STM32G0C1RET6N, STM32G0C1VCI6, STM32G0C1VEI6, STM32G471CCT6, STM32G471CCU6, STM32G471CET3, STM32G471CET6, STM32G471CEU3, STM32G471CEU6, STM32G471MCT6, STM32G471MET3, STM32G471MET6, STM32G471MEY6TR, STM32G471QCT6, STM32G471QET3, STM32G471RCT6, STM32G471RET3, STM32G471RET6, STM32G471VCH6, STM32G471VCI6, STM32G471VCT6, STM32G471VEH3, STM32G471VEH6, STM32G471VEI3, STM32G471VEI6, STM32G471VET3, STM32G471VET6, STM32G474CCT6, STM32H503CBT6, STM32H503CBU6, STM32H503EBY6TR, STM32H503KBU6, STM32H503RBT6, STM32H523CCT6, STM32H523CCU6, STM32H523CET6, STM32H523CEU6, STM32H523HEY6TR, STM32H523RCT6, STM32H523RET6, STM32H523VCI6, STM32H523VCT6, STM32H523VEI6, STM32H523VET6, STM32H523ZCJ6, STM32H523ZCT6, STM32H523ZEJ6, STM32H523ZET6, STM32H533CET6, STM32H533CEU6, STM32H533HEY6TR, STM32H533RET6, STM32H533VEI6, STM32H533VET6, STM32H533ZEJ6, STM32H533ZET6, STM32H562AGI6, STM32H562AII6, STM32H562IGK6, STM32H562IGT6, STM32H562IIK6, STM32H562IIT6, STM32H562RGT6, STM32H562RGV6, STM32H562RIT6, STM32H562RIV6, STM32H562VGT6, STM32H562VIT6, STM32H562ZGT6, STM32H562ZIT6, STM32H563AGI6, STM32H563AII3Q, STM32H563AII6, STM32H563IGK6, STM32H563IGT6, STM32H563IIK3Q, STM32H563IIK6, STM32H563IIT3Q, STM32H563IIT6, STM32H563MIY3QTR, STM32H563RGT6, STM32H563RGV6, STM32H563RIT6, STM32H563RIV6, STM32H563VGT6, STM32H563VIT3Q, STM32H563VIT6, STM32H563ZGT6, STM32H563ZIT3Q, STM32H563ZIT6, STM32H573AII3Q, STM32H573AII6, STM32H573I-DK, STM32H573IIK3Q, STM32H573IIK6, STM32H573IIT3Q, STM32H573IIT6, STM32H573MIY3QTR, STM32H573RIT6, STM32H573RIV6, STM32H573VIT3Q, STM32H573VIT6, STM32H573ZIT3Q, STM32H573ZIT6, STM32H7R3A8I6, STM32H7R3I8K6, STM32H7R3I8T6, STM32H7R3L8H6, STM32H7R3L8H6H, STM32H7R3R8V6, STM32H7R3V8H6, STM32H7R3V8T6, STM32H7R3V8Y6, STM32H7R3Z8J6, STM32H7R3Z8T6, STM32H7R7A8I6, STM32H7R7I8K6, STM32H7R7I8T6, STM32H7R7L8H6, STM32H7R7L8H6H, STM32H7R7Z8J6, STM32H7S3A8I6, STM32H7S3I8K6, STM32H7S3I8T6, STM32H7S3L8H6, STM32H7S3L8H6H, STM32H7S3R8V6, STM32H7S3V8H6, STM32H7S3V8T6, STM32H7S3V8Y6, STM32H7S3Z8J6, STM32H7S3Z8T6, STM32H7S78-DK, STM32H7S7A8I6, STM32H7S7I8K6, STM32H7S7I8T6, STM32H7S7L8H6, STM32H7S7L8H6H, STM32H7S7Z8J6, STM32L4R5QGI6STR, STM32MP131AAE3, STM32MP131AAF3, STM32MP131AAG3, STM32MP131CAE3, STM32MP131CAF3, STM32MP131CAG3, STM32MP131DAE7, STM32MP131DAF7, STM32MP131DAG7, STM32MP131FAE7, STM32MP131FAF7, STM32MP131FAG7, STM32MP133AAE3, STM32MP133AAF3, STM32MP133AAG3, STM32MP133CAE3, STM32MP133CAF3, STM32MP133CAG3, STM32MP133DAE7, STM32MP133DAF7, STM32MP133DAG7, STM32MP133FAE7, STM32MP133FAF7, STM32MP133FAG7, STM32MP135AAE3, STM32MP135AAF3, STM32MP135AAG3, STM32MP135CAE3, STM32MP135CAF3, STM32MP135CAG3, STM32MP135DAE7, STM32MP135DAF7, STM32MP135DAG7, STM32MP135F-DK, STM32MP135FAE7, STM32MP135FAF7, STM32MP135FAF7T, STM32MP135FAF7U, STM32MP135FAG7, STM32U031C6T6, STM32U031C6U6, STM32U031C8T6, STM32U031C8U6, STM32U031F4P6, STM32U031F6P6, STM32U031F8P6, STM32U031G6Y6TR, STM32U031G8Y6TR, STM32U031K4U6, STM32U031K6U6, STM32U031K8U6, STM32U031R6I6, STM32U031R6T6, STM32U031R8I6, STM32U031R8T6, STM32U073C8T6, STM32U073C8U6, STM32U073CBT6, STM32U073CBU6, STM32U073CCT6, STM32U073CCU6, STM32U073H8Y6TR, STM32U073HBY6TR, STM32U073HCY6TR, STM32U073K8U6, STM32U073KBU6, STM32U073KCU6, STM32U073M8I6, STM32U073M8T6, STM32U073MBI6, STM32U073MBT6, STM32U073MCI6, STM32U073MCT6, STM32U073R8I6, STM32U073R8T6, STM32U073RBI6, STM32U073RBT6, STM32U073RCI6, STM32U073RCT6, STM32U083C-DK, STM32U083CCT6, STM32U083CCU6, STM32U083HCY6TR, STM32U083KCU6, STM32U083MCI6, STM32U083MCT6, STM32U083RCI6, STM32U083RCT6, STM32U535CBT6, STM32U535CBT6Q, STM32U535CBU6, STM32U535CBU6Q, STM32U535CCT6, STM32U535CCT6Q, STM32U535CCU6, STM32U535CCU6Q, STM32U535CET6, STM32U535CET6Q, STM32U535CEU6, STM32U535CEU6Q, STM32U535JEY6QTR, STM32U535NCY6QTR, STM32U535NEY6QTR, STM32U535RBI6, STM32U535RBI6Q, STM32U535RBT6, STM32U535RBT6Q, STM32U535RCI6, STM32U535RCI6Q, STM32U535RCT6, STM32U535RCT6Q, STM32U535REI6, STM32U535REI6Q, STM32U535RET6, STM32U535RET6Q, STM32U535VCI6, STM32U535VCI6Q, STM32U535VCT6, STM32U535VCT6Q, STM32U535VEI6, STM32U535VEI6Q, STM32U535VET6, STM32U535VET6Q, STM32U545CET6, STM32U545CET6Q, STM32U545CEU6, STM32U545CEU6Q, STM32U545JEY6QTR, STM32U545NEY6QTR, STM32U545REI6, STM32U545REI6Q, STM32U545RET6, STM32U545RET6Q, STM32U545VEI6, STM32U545VEI6Q, STM32U545VET6, STM32U545VET6Q, STM32U595AIH6, STM32U595AIH6Q, STM32U595AJH6, STM32U595AJH6Q, STM32U595QII6, STM32U595QII6Q, STM32U595QJI6, STM32U595QJI6Q, STM32U595RIT6, STM32U595RIT6Q, STM32U595RJT6, STM32U595RJT6Q, STM32U595VIT6, STM32U595VIT6Q, STM32U595VJT6, STM32U595VJT6Q, STM32U595ZIT6, STM32U595ZIT6Q, STM32U595ZIY6QTR, STM32U595ZJT6, STM32U595ZJT6Q, STM32U595ZJY6QTR, STM32U599BJY6QTR, STM32U599NIH6Q, STM32U599NJH6Q, STM32U599VIT6Q, STM32U599VJT6, STM32U599VJT6Q, STM32U599ZIT6Q, STM32U599ZIY6QTR, STM32U599ZJT6Q, STM32U599ZJY6QTR, STM32U5A5AJH6, STM32U5A5AJH6Q, STM32U5A5QII3Q , STM32U5A5QJI6, STM32U5A5QJI6Q, STM32U5A5RJT6, STM32U5A5RJT6Q, STM32U5A5VJT6, STM32U5A5VJT6Q, STM32U5A5ZJT6, STM32U5A5ZJT6Q, STM32U5A5ZJY6QTR, STM32U5A9BJY6QTR, STM32U5A9J-DK, STM32U5A9NJH6Q, STM32U5A9VJT6Q, STM32U5A9ZJT6Q, STM32U5A9ZJY6QTR, STM32U5F7VIT6, STM32U5F7VIT6Q, STM32U5F7VJT6, STM32U5F7VJT6Q, STM32U5F9BJY6QTR, STM32U5F9NJH6Q, STM32U5F9VIT6Q, STM32U5F9VJT6Q, STM32U5F9ZIJ6QTR, STM32U5F9ZIT6Q, STM32U5F9ZJJ6QTR, STM32U5F9ZJT6Q, STM32U5G7VJT6, STM32U5G7VJT6Q, STM32U5G9BJY6QTR, STM32U5G9J-DK1, STM32U5G9J-DK2, STM32U5G9NJH6Q, STM32U5G9VJT6Q, STM32U5G9ZJJ6QTR, STM32U5G9ZJT6Q, STM32WB1MMCH6, STM32WBA50KEU6, STM32WBA50KEU6TR, STM32WBA50KGU6, STM32WBA50KGU6TR, STM32WBA52CEU6, STM32WBA52CEU6TR, STM32WBA52CEU7, STM32WBA52CEU7TR, STM32WBA52CGU6, STM32WBA52CGU6TR, STM32WBA52CGU6U, STM32WBA52CGU7, STM32WBA52CGU7TR, STM32WBA52KEU6, STM32WBA52KEU6TR, STM32WBA52KGU6, STM32WBA52KGU6TR, STM32WBA54CEU6, STM32WBA54CEU6TR, STM32WBA54CEU7, STM32WBA54CEU7TR, STM32WBA54CGU6, STM32WBA54CGU6TR, STM32WBA54CGU7, STM32WBA54CGU7TR, STM32WBA54KEU6, STM32WBA54KEU6TR, STM32WBA54KEU7, STM32WBA54KEU7TR, STM32WBA54KGU6, STM32WBA54KGU6TR, STM32WBA54KGU7, STM32WBA54KGU7TR, STM32WBA55CEU6, STM32WBA55CEU6TR, STM32WBA55CEU7, STM32WBA55CEU7TR, STM32WBA55CGU6, STM32WBA55CGU6TR, STM32WBA55CGU6U, STM32WBA55CGU7, STM32WBA55CGU7TR, STM32WBA55G-DK1, STM32WBA55HEF6, STM32WBA55HEF7, STM32WBA55HGF6, STM32WBA55HGF7, STM32WBA55UEI6, STM32WBA55UEI6TR, STM32WBA55UEI7, STM32WBA55UEI7TR, STM32WBA55UGI6, STM32WBA55UGI6TR, STM32WBA55UGI7, STM32WBA55UGI7TR, STM32WL5MOCH6, STM32WL5MOCH6TR]
2024-05-19 10:52:39,265 [INFO] DbMcus:218 - Found 4096 MCUs, 4096 are supported
2024-05-19 10:52:39,267 [INFO] ApiDb:423 - Load user favorites file C:\Users\User/.stm32cubeide/favorites.mcus.txt: 0 item(s)
2024-05-19 10:52:39,267 [INFO] ApiDb:427 - User favorites MCUs=[]
2024-05-19 10:52:39,267 [INFO] DbMcus:224 - Set 0 / 0 favorites MCUs
2024-05-19 10:52:39,688 [INFO] ApiDb:423 - Load user favorites file C:\Users\User/.stm32cubeide/favorites.boards.txt: 0 item(s)
2024-05-19 10:52:39,688 [INFO] ApiDb:427 - User favorites Boards=[]
2024-05-19 10:52:39,688 [INFO] DbBoards:198 - Set 0 / 0 favorites Boards
2024-05-19 10:52:39,759 [INFO] UtilMem:75 - End LoadConfig() Used Memory: 345376656 Bytes (551550976)
2024-05-19 10:52:40,012 [WARN] ThirdParty:833 - waiting for thirdparty lock release [change project]
2024-05-19 10:52:40,013 [INFO] ThirdParty:835 - entering critical section [change project]
2024-05-19 10:52:40,013 [INFO] ThirdParty:1030 - CMSIS Pack Vendor :STMicroelectronics USBPD 4.1
2024-05-19 10:52:40,013 [INFO] ThirdParty:1030 - CMSIS Pack Vendor :STMicroelectronics X-CUBE-GNSS1 6.0.0
2024-05-19 10:52:40,013 [INFO] ThirdParty:1030 - CMSIS Pack Vendor :STMicroelectronics USB_HOST 2.0.0
2024-05-19 10:52:40,013 [INFO] ThirdParty:1030 - CMSIS Pack Vendor :STMicroelectronics FP-SNS-MOTENVWB1 1.4.0
2024-05-19 10:52:40,013 [INFO] ThirdParty:1030 - CMSIS Pack Vendor :STMicroelectronics X-CUBE-AZRTOS-F4 1.1.0
2024-05-19 10:52:40,014 [INFO] ThirdParty:1030 - CMSIS Pack Vendor :STMicroelectronics LIBJPEG 8.0.0
2024-05-19 10:52:40,014 [INFO] ThirdParty:1030 - CMSIS Pack Vendor :STMicroelectronics X-CUBE-SMBUS 2.1.0
2024-05-19 10:52:40,014 [INFO] ThirdParty:1030 - CMSIS Pack Vendor :STMicroelectronics USB_DEVICE 3.0.0
2024-05-19 10:52:40,014 [INFO] ThirdParty:1030 - CMSIS Pack Vendor :STMicroelectronics X-CUBE-TCPP 4.1.0
2024-05-19 10:52:40,014 [INFO] ThirdParty:1030 - CMSIS Pack Vendor :STMicroelectronics X-CUBE-AZRTOS-WB 2.0.0
2024-05-19 10:52:40,014 [INFO] ThirdParty:1030 - CMSIS Pack Vendor :STMicroelectronics X-CUBE-TOUCHGFX 4.23.2
2024-05-19 10:52:40,014 [INFO] ThirdParty:1030 - CMSIS Pack Vendor :STMicroelectronics X-CUBE-AZRTOS-F7 1.1.0
2024-05-19 10:52:40,014 [INFO] ThirdParty:1030 - CMSIS Pack Vendor :STMicroelectronics X-CUBE-AZRTOS-L5 2.0.0
2024-05-19 10:52:40,015 [INFO] ThirdParty:1030 - CMSIS Pack Vendor :STMicroelectronics USB_DEVICE 2.0.0
2024-05-19 10:52:40,015 [INFO] ThirdParty:1030 - CMSIS Pack Vendor :STMicroelectronics X-CUBE-NFC6 3.1.0
2024-05-19 10:52:40,015 [INFO] ThirdParty:1030 - CMSIS Pack Vendor :STMicroelectronics X-CUBE-ALGOBUILD 1.3.0
2024-05-19 10:52:40,015 [INFO] ThirdParty:1030 - CMSIS Pack Vendor :STMicroelectronics FreeRTOS 0.0.1
2024-05-19 10:52:40,015 [INFO] ThirdParty:1030 - CMSIS Pack Vendor :STMicroelectronics X-CUBE-AZRTOS-G0 1.1.0
2024-05-19 10:52:40,015 [INFO] ThirdParty:1030 - CMSIS Pack Vendor :STMicroelectronics X-CUBE-SAFEA1 1.2.2
2024-05-19 10:52:40,015 [INFO] ThirdParty:1030 - CMSIS Pack Vendor :STMicroelectronics X-CUBE-NFC4 3.0.0
2024-05-19 10:52:40,015 [INFO] ThirdParty:1030 - CMSIS Pack Vendor :STMicroelectronics X-CUBE-SUBG2 5.0.0
2024-05-19 10:52:40,016 [INFO] ThirdParty:1030 - CMSIS Pack Vendor :STMicroelectronics STM32_WPAN 1.0.0
2024-05-19 10:52:40,016 [INFO] ThirdParty:1030 - CMSIS Pack Vendor :STMicroelectronics lwIP 2.0.3
2024-05-19 10:52:40,016 [INFO] ThirdParty:1030 - CMSIS Pack Vendor :STMicroelectronics FP-SNS-FLIGHT1 5.0.2
2024-05-19 10:52:40,016 [INFO] ThirdParty:1030 - CMSIS Pack Vendor :STMicroelectronics USB_HOST 1.0.0
2024-05-19 10:52:40,016 [INFO] ThirdParty:1030 - CMSIS Pack Vendor :STMicroelectronics X-CUBE-AI 9.0.0
2024-05-19 10:52:40,016 [INFO] ThirdParty:1030 - CMSIS Pack Vendor :STMicroelectronics X-CUBE-AZRTOS-G4 2.0.0
2024-05-19 10:52:40,016 [INFO] ThirdParty:1030 - CMSIS Pack Vendor :STMicroelectronics PDM2PCM 3.1.0
2024-05-19 10:52:40,016 [INFO] ThirdParty:1030 - CMSIS Pack Vendor :STMicroelectronics PDM2PCM 3.3.0
2024-05-19 10:52:40,016 [INFO] ThirdParty:1030 - CMSIS Pack Vendor :STMicroelectronics X-CUBE-DISPLAY 3.0.0
2024-05-19 10:52:40,017 [INFO] ThirdParty:1030 - CMSIS Pack Vendor :wolfSSL I-CUBE-wolfSSL 5.7.0
2024-05-19 10:52:40,017 [INFO] ThirdParty:1030 - CMSIS Pack Vendor :STMicroelectronics X-CUBE-BLE1 7.0.0
2024-05-19 10:52:40,017 [INFO] ThirdParty:1030 - CMSIS Pack Vendor :STMicroelectronics FP-ATR-SIGFOX1 3.2.0
2024-05-19 10:52:40,017 [INFO] ThirdParty:1030 - CMSIS Pack Vendor :STMicroelectronics X-CUBE-ISPU 2.0.0
2024-05-19 10:52:40,017 [INFO] ThirdParty:1030 - CMSIS Pack Vendor :STMicroelectronics X-CUBE-EEPRMA1 5.1.0
2024-05-19 10:52:40,017 [INFO] ThirdParty:1030 - CMSIS Pack Vendor :STMicroelectronics HAL Drivers 0.0.0
2024-05-19 10:52:40,017 [INFO] ThirdParty:1030 - CMSIS Pack Vendor :STMicroelectronics MBEDTLS 2.16.2
2024-05-19 10:52:40,018 [INFO] ThirdParty:1030 - CMSIS Pack Vendor :emotas I-CUBE-CANOPEN 1.3.0
2024-05-19 10:52:40,018 [INFO] ThirdParty:1030 - CMSIS Pack Vendor :STMicroelectronics X-CUBE-MEMS1 10.0.0
2024-05-19 10:52:40,018 [INFO] ThirdParty:1030 - CMSIS Pack Vendor :STMicroelectronics X-CUBE-FREERTOS 1.1.0
2024-05-19 10:52:40,018 [INFO] ThirdParty:1030 - CMSIS Pack Vendor :STMicroelectronics X-CUBE-NFC7 1.0.1
2024-05-19 10:52:40,018 [INFO] ThirdParty:1030 - CMSIS Pack Vendor :STMicroelectronics MBEDTLS 2.14.1
2024-05-19 10:52:40,018 [INFO] ThirdParty:1030 - CMSIS Pack Vendor :ITTIA_DB I-CUBE-ITTIADB 8.9.0
2024-05-19 10:52:40,018 [INFO] ThirdParty:1030 - CMSIS Pack Vendor :portGmbH I-Cube-SoM-uGOAL 1.1.0
2024-05-19 10:52:40,018 [INFO] ThirdParty:1030 - CMSIS Pack Vendor :STMicroelectronics X-CUBE-ALS 1.0.1
2024-05-19 10:52:40,018 [INFO] ThirdParty:1030 - CMSIS Pack Vendor :STMicroelectronics X-CUBE-BLEMGR 3.1.0
2024-05-19 10:52:40,019 [INFO] ThirdParty:1030 - CMSIS Pack Vendor :STMicroelectronics ThreadX 1.0.0
2024-05-19 10:52:40,019 [INFO] ThirdParty:1030 - CMSIS Pack Vendor :STMicroelectronics FP-SNS-SMARTAG2 1.2.0
2024-05-19 10:52:40,019 [INFO] ThirdParty:1030 - CMSIS Pack Vendor :STMicroelectronics X-CUBE-AZRTOS-WL 2.0.0
2024-05-19 10:52:40,019 [INFO] ThirdParty:1030 - CMSIS Pack Vendor :SEGGER I-CUBE-embOS 1.3.1
2024-05-19 10:52:40,019 [INFO] ThirdParty:1030 - CMSIS Pack Vendor :STMicroelectronics FP-SNS-MOTENV1 5.0.0
2024-05-19 10:52:40,019 [INFO] ThirdParty:1030 - CMSIS Pack Vendor :STMicroelectronics USB_DEVICE 1.0.0
2024-05-19 10:52:40,019 [INFO] ThirdParty:1030 - CMSIS Pack Vendor :STMicroelectronics X-CUBE-AZRTOS-H7RS 1.0.0
2024-05-19 10:52:40,019 [INFO] ThirdParty:1030 - CMSIS Pack Vendor :STMicroelectronics X-CUBE-AZRTOS-L4 2.0.0
2024-05-19 10:52:40,019 [INFO] ThirdParty:1030 - CMSIS Pack Vendor :STMicroelectronics ThreadX 0.0.2
2024-05-19 10:52:40,020 [INFO] ThirdParty:1030 - CMSIS Pack Vendor :WES I-CUBE-Cesium 1.3.0
2024-05-19 10:52:40,020 [INFO] ThirdParty:1030 - CMSIS Pack Vendor :STMicroelectronics FP-ATR-ASTRA1 2.0.0
2024-05-19 10:52:40,020 [INFO] ThirdParty:1030 - CMSIS Pack Vendor :STMicroelectronics lwIP 2.1.2
2024-05-19 10:52:40,020 [INFO] ThirdParty:1030 - CMSIS Pack Vendor :STMicroelectronics X-CUBE-SFXS2LP1 4.0.0
2024-05-19 10:52:40,020 [INFO] ThirdParty:1030 - CMSIS Pack Vendor :STMicroelectronics X-CUBE-BLE2 3.3.0
2024-05-19 10:52:40,020 [INFO] ThirdParty:1030 - CMSIS Pack Vendor :STMicroelectronics X-CUBE-TOF1 3.4.1
2024-05-19 10:52:40,020 [INFO] ThirdParty:1030 - CMSIS Pack Vendor :STMicroelectronics X-CUBE-AZRTOS-H7 3.2.0
2024-05-19 10:52:40,020 [INFO] ThirdParty:1030 - CMSIS Pack Vendor :Infineon AIROC-Wi-Fi-Bluetooth-STM32 1.6.0
2024-05-19 10:52:40,021 [INFO] ThirdParty:1030 - CMSIS Pack Vendor :STMicroelectronics PDM2PCM 3.2.0
2024-05-19 10:52:40,021 [INFO] ThirdParty:841 - exiting critical section [change project]
2024-05-19 10:52:40,474 [INFO] PinOutPanel:1561 - setPackage(No Configuration,No Configuration)
2024-05-19 10:52:40,476 [INFO] PinOutPanel:1561 - setPackage(STM32F103C8Tx,LQFP48)
2024-05-19 10:52:41,216 [INFO] UtilMem:75 - Before build in PCC Used Memory: 444161608 Bytes (551550976)
2024-05-19 10:52:42,525 [INFO] UtilMem:75 - After build in PCC Used Memory: 223100688 Bytes (551550976)
2024-05-19 10:52:42,568 [INFO] IPUIPlugin:80 - create IPUIPlugin
2024-05-19 10:52:42,568 [INFO] IPUIPlugin:80 - create IPUIPlugin
2024-05-19 10:52:42,568 [INFO] IPUIPlugin:80 - create IPUIPlugin
2024-05-19 10:52:42,569 [INFO] IPUIPlugin:80 - create IPUIPlugin
2024-05-19 10:52:42,569 [INFO] IPUIPlugin:80 - create IPUIPlugin
2024-05-19 10:52:42,569 [INFO] IPUIPlugin:80 - create IPUIPlugin
2024-05-19 10:52:42,570 [INFO] IPUIPlugin:80 - create IPUIPlugin
2024-05-19 10:52:42,570 [INFO] IPUIPlugin:80 - create IPUIPlugin
2024-05-19 10:52:42,570 [INFO] IPUIPlugin:80 - create IPUIPlugin
2024-05-19 10:52:42,570 [INFO] IPUIPlugin:80 - create IPUIPlugin
2024-05-19 10:52:42,571 [INFO] IPUIPlugin:80 - create IPUIPlugin
2024-05-19 10:52:42,571 [INFO] IPUIPlugin:80 - create IPUIPlugin
2024-05-19 10:52:42,572 [INFO] IPUIPlugin:80 - create IPUIPlugin
2024-05-19 10:52:42,572 [INFO] IPUIPlugin:80 - create IPUIPlugin
2024-05-19 10:52:42,572 [INFO] IPUIPlugin:80 - create IPUIPlugin
2024-05-19 10:52:42,573 [INFO] IPUIPlugin:80 - create IPUIPlugin
2024-05-19 10:52:42,573 [INFO] IPUIPlugin:80 - create IPUIPlugin
2024-05-19 10:52:42,573 [INFO] IPUIPlugin:80 - create IPUIPlugin
2024-05-19 10:52:42,573 [INFO] IPUIPlugin:80 - create IPUIPlugin
2024-05-19 10:52:42,574 [INFO] IPUIPlugin:80 - create IPUIPlugin
2024-05-19 10:52:42,574 [INFO] IPUIPlugin:80 - create IPUIPlugin
2024-05-19 10:52:42,574 [INFO] IPUIPlugin:80 - create IPUIPlugin
2024-05-19 10:52:42,574 [INFO] IPUIPlugin:80 - create IPUIPlugin
2024-05-19 10:52:42,575 [INFO] IPUIPlugin:80 - create IPUIPlugin
2024-05-19 10:52:42,575 [INFO] IPUIPlugin:80 - create IPUIPlugin
2024-05-19 10:52:42,575 [INFO] IPUIPlugin:80 - create IPUIPlugin
2024-05-19 10:52:42,576 [INFO] IPUIPlugin:80 - create IPUIPlugin
2024-05-19 10:52:42,594 [WARN] IP:2120 - I2C_Coeff_DF not found: check if there is a RefParameter without a condition.
2024-05-19 10:52:42,594 [WARN] IP:2120 - Analog_Filter not found: check if there is a RefParameter without a condition.
2024-05-19 10:52:42,914 [INFO] CADModel:165 - CPN selected for project levelSTM32F103C8T6
2024-05-19 10:52:42,914 [INFO] CADModel:114 - Register for checkConnection events
2024-05-19 10:52:42,972 [INFO] OpenFileManager:343 - Restore cursor
2024-05-19 10:52:43,228 [WARN] IP:2120 - I2C_Coeff_DF not found: check if there is a RefParameter without a condition.
2024-05-19 10:52:43,228 [WARN] IP:2120 - Analog_Filter not found: check if there is a RefParameter without a condition.
2024-05-19 10:52:43,229 [WARN] IP:2120 - I2C_Coeff_DF not found: check if there is a RefParameter without a condition.
2024-05-19 10:52:43,229 [WARN] IP:2120 - Analog_Filter not found: check if there is a RefParameter without a condition.
2024-05-19 10:53:26,726 [INFO] NvicIntPanel:101 - NVIC parent = com.st.microxplorer.plugins.ip.nvic.MultiNvicIntPanel[,0,0,450x102,layout=javax.swing.BoxLayout,alignmentX=0.0,alignmentY=0.0,border=,flags=9,maximumSize=,minimumSize=,preferredSize=]
2024-05-19 10:55:23,867 [WARN] IP:2120 - I2C_Coeff_DF not found: check if there is a RefParameter without a condition.
2024-05-19 10:55:23,867 [WARN] IP:2120 - Analog_Filter not found: check if there is a RefParameter without a condition.
2024-05-19 10:55:23,868 [WARN] IP:2120 - I2C_Coeff_DF not found: check if there is a RefParameter without a condition.
2024-05-19 10:55:23,868 [WARN] IP:2120 - Analog_Filter not found: check if there is a RefParameter without a condition.
2024-05-19 10:55:25,557 [INFO] UtilMem:75 - End SaveConfig() Used Memory: 273247200 Bytes (551550976)
2024-05-19 10:55:25,624 [ERROR] ConfigurationRetriever:142 - IOException on connection: sw-center.st.com
2024-05-19 10:55:25,627 [ERROR] ConfigurationRetriever:142 - IOException on connection: sw-center.st.com
2024-05-19 10:55:25,629 [ERROR] ConfigurationRetriever:142 - IOException on connection: sw-center.st.com
2024-05-19 10:55:25,746 [INFO] UtilMem:75 - End SaveConfig() Used Memory: 294971904 Bytes (551550976)
2024-05-19 10:55:32,345 [INFO] UtilMem:75 - End SaveConfig() Used Memory: 324858368 Bytes (551550976)
2024-05-19 10:55:32,395 [ERROR] ConfigurationRetriever:142 - IOException on connection: sw-center.st.com
2024-05-19 10:55:32,397 [ERROR] ConfigurationRetriever:142 - IOException on connection: sw-center.st.com
2024-05-19 10:55:32,398 [ERROR] ConfigurationRetriever:142 - IOException on connection: sw-center.st.com
2024-05-19 10:55:33,046 [INFO] BlockDiagram:2759 - set Specific Code input for plugin: RTC
2024-05-19 10:55:33,047 [INFO] BlockDiagram:2759 - set Specific Code input for plugin: NVIC
2024-05-19 10:55:33,047 [INFO] BlockDiagram:2759 - set Specific Code input for plugin: SYS
2024-05-19 10:55:33,047 [INFO] BlockDiagram:2759 - set Specific Code input for plugin: GPIO
2024-05-19 10:55:33,047 [INFO] BlockDiagram:2759 - set Specific Code input for plugin: RCC
2024-05-19 10:55:33,047 [INFO] BlockDiagram:2759 - set Specific Code input for plugin: I2C
2024-05-19 10:55:33,049 [INFO] CodeGenerator:807 - code generatio: config db path: C:\ST\STM32CubeIDE_1.15.0\STM32CubeIDE\plugins\com.st.stm32cube.common.mx_6.11.0.202403141607\\db\
2024-05-19 10:55:33,060 [WARN] IP:2120 - I2C_Coeff_DF not found: check if there is a RefParameter without a condition.
2024-05-19 10:55:33,060 [WARN] IP:2120 - Analog_Filter not found: check if there is a RefParameter without a condition.
2024-05-19 10:55:33,326 [INFO] CodeEngine:255 - oldGeneratedFile, C:\Users\User\STM32CubeIDE\workspace_1.15.0\rtc\MXTmpFiles\license.tmp_save
2024-05-19 10:55:33,855 [INFO] CodeEngine:279 - Generated code: C:\Users\User\STM32CubeIDE\workspace_1.15.0\rtc\MXTmpFiles\license.tmp
2024-05-19 10:55:34,074 [INFO] CodeEngine:255 - oldGeneratedFile, C:\Users\User\STM32CubeIDE\workspace_1.15.0\rtc\MXTmpFiles\gpio.tmp_save
2024-05-19 10:55:34,314 [INFO] CodeEngine:279 - Generated code: C:\Users\User\STM32CubeIDE\workspace_1.15.0\rtc\MXTmpFiles\gpio.tmp
2024-05-19 10:55:34,518 [INFO] CodeEngine:255 - oldGeneratedFile, C:\Users\User\STM32CubeIDE\workspace_1.15.0\rtc\Core\Src\stm32f1xx_it.c_save
2024-05-19 10:55:34,744 [INFO] CodeEngine:279 - Generated code: C:\Users\User\STM32CubeIDE\workspace_1.15.0\rtc\Core\Src\stm32f1xx_it.c
2024-05-19 10:55:34,778 [INFO] CodeEngine:255 - oldGeneratedFile, C:\Users\User\STM32CubeIDE\workspace_1.15.0\rtc\Core\Inc\stm32f1xx_it.h_save
2024-05-19 10:55:34,974 [INFO] CodeEngine:279 - Generated code: C:\Users\User\STM32CubeIDE\workspace_1.15.0\rtc\Core\Inc\stm32f1xx_it.h
2024-05-19 10:55:35,037 [INFO] CodeEngine:255 - oldGeneratedFile, C:\Users\User\STM32CubeIDE\workspace_1.15.0\rtc\Core\Src\stm32f1xx_hal_msp.c_save
2024-05-19 10:55:35,245 [INFO] CodeEngine:279 - Generated code: C:\Users\User\STM32CubeIDE\workspace_1.15.0\rtc\Core\Src\stm32f1xx_hal_msp.c
2024-05-19 10:55:35,264 [INFO] CodeEngine:255 - oldGeneratedFile, C:\Users\User\STM32CubeIDE\workspace_1.15.0\rtc\MXTmpFiles\system.tmp_save
2024-05-19 10:55:35,371 [INFO] CodeEngine:279 - Generated code: C:\Users\User\STM32CubeIDE\workspace_1.15.0\rtc\MXTmpFiles\system.tmp
2024-05-19 10:55:35,425 [INFO] CodeEngine:311 - oldGeneratedFile, C:\Users\User\STM32CubeIDE\workspace_1.15.0\rtc\Core\Inc\stm32f1xx_hal_conf.h_save
2024-05-19 10:55:35,585 [INFO] CodeEngine:335 - Generated code: C:\Users\User\STM32CubeIDE\workspace_1.15.0\rtc\Core\Inc\stm32f1xx_hal_conf.h
2024-05-19 10:55:35,678 [INFO] CodeEngine:255 - oldGeneratedFile, C:\Users\User\STM32CubeIDE\workspace_1.15.0\rtc\Core\Inc\main.h_save
2024-05-19 10:55:35,842 [INFO] CodeEngine:279 - Generated code: C:\Users\User\STM32CubeIDE\workspace_1.15.0\rtc\Core\Inc\main.h
2024-05-19 10:55:35,882 [INFO] CodeEngine:255 - oldGeneratedFile, C:\Users\User\STM32CubeIDE\workspace_1.15.0\rtc\Core\Src\main.c_save
2024-05-19 10:55:36,125 [INFO] CodeEngine:279 - Generated code: C:\Users\User\STM32CubeIDE\workspace_1.15.0\rtc\Core\Src\main.c
2024-05-19 10:55:36,907 [INFO] ProjectBuilder:3163 - Time for Copy HAL[1] : 386mS.
2024-05-19 10:55:36,926 [INFO] ProjectBuilder:4736 - Project Generator version: 4.3.0-B58
2024-05-19 10:55:37,161 [INFO] ConfigFileManager:1503 - The Die is : DIE410
2024-05-19 10:55:37,188 [INFO] ApiDbMcu:508 - Load IP Config File for FATFS
2024-05-19 10:55:37,207 [INFO] ApiDbMcu:508 - Load IP Config File for FREERTOS
2024-05-19 10:55:37,227 [INFO] ApiDbMcu:508 - Load IP Config File for USB_DEVICE
2024-05-19 10:55:38,233 [INFO] LogOutputStream:77 - [STDOUT_REDIRECT] 
2024-05-19 10:55:42,007 [INFO] ProjectBuilder:5002 - Time for Generating toolchain IDE Files: 5080mS.
2024-05-19 10:55:42,008 [INFO] ProjectBuilder:3034 - Time for Copy CMSIS : 1mS.
2024-05-19 10:55:42,013 [INFO] ProjectBuilder:3034 - Time for Copy CMSIS : 0mS.
2024-05-19 10:55:51,688 [WARN] IP:2120 - I2C_Coeff_DF not found: check if there is a RefParameter without a condition.
2024-05-19 10:55:51,688 [WARN] IP:2120 - Analog_Filter not found: check if there is a RefParameter without a condition.
2024-05-19 10:55:51,690 [WARN] IP:2120 - I2C_Coeff_DF not found: check if there is a RefParameter without a condition.
2024-05-19 10:55:51,690 [WARN] IP:2120 - Analog_Filter not found: check if there is a RefParameter without a condition.
2024-05-19 10:56:01,387 [WARN] IP:2120 - I2C_Coeff_DF not found: check if there is a RefParameter without a condition.
2024-05-19 10:56:01,387 [WARN] IP:2120 - Analog_Filter not found: check if there is a RefParameter without a condition.
2024-05-19 10:56:01,388 [WARN] IP:2120 - I2C_Coeff_DF not found: check if there is a RefParameter without a condition.
2024-05-19 10:56:01,388 [WARN] IP:2120 - Analog_Filter not found: check if there is a RefParameter without a condition.
2024-05-19 10:56:14,314 [WARN] IP:2120 - I2C_Coeff_DF not found: check if there is a RefParameter without a condition.
2024-05-19 10:56:14,314 [WARN] IP:2120 - Analog_Filter not found: check if there is a RefParameter without a condition.
2024-05-19 10:56:14,314 [WARN] IP:2120 - I2C_Coeff_DF not found: check if there is a RefParameter without a condition.
2024-05-19 10:56:14,314 [WARN] IP:2120 - Analog_Filter not found: check if there is a RefParameter without a condition.
2024-05-19 10:56:15,750 [INFO] NvicIntPanel:101 - NVIC parent = com.st.microxplorer.plugins.ip.nvic.MultiNvicIntPanel[,0,0,450x102,layout=javax.swing.BoxLayout,alignmentX=0.0,alignmentY=0.0,border=,flags=9,maximumSize=,minimumSize=,preferredSize=]
2024-05-19 10:56:21,464 [INFO] NvicIntPanel:101 - NVIC parent = com.st.microxplorer.plugins.ip.nvic.MultiNvicIntPanel[,0,0,0x0,invalid,layout=javax.swing.BoxLayout,alignmentX=0.0,alignmentY=0.0,border=,flags=9,maximumSize=,minimumSize=,preferredSize=]
2024-05-19 10:56:24,971 [INFO] NvicIntPanel:101 - NVIC parent = com.st.microxplorer.plugins.ip.nvic.MultiNvicIntPanel[,0,0,0x0,invalid,layout=javax.swing.BoxLayout,alignmentX=0.0,alignmentY=0.0,border=,flags=9,maximumSize=,minimumSize=,preferredSize=]
2024-05-19 10:56:30,438 [WARN] IP:2120 - I2C_Coeff_DF not found: check if there is a RefParameter without a condition.
2024-05-19 10:56:30,438 [WARN] IP:2120 - Analog_Filter not found: check if there is a RefParameter without a condition.
2024-05-19 10:56:30,439 [WARN] IP:2120 - I2C_Coeff_DF not found: check if there is a RefParameter without a condition.
2024-05-19 10:56:30,439 [WARN] IP:2120 - Analog_Filter not found: check if there is a RefParameter without a condition.
2024-05-19 10:56:36,571 [WARN] IP:2120 - I2C_Coeff_DF not found: check if there is a RefParameter without a condition.
2024-05-19 10:56:36,571 [WARN] IP:2120 - Analog_Filter not found: check if there is a RefParameter without a condition.
2024-05-19 10:56:36,572 [WARN] IP:2120 - I2C_Coeff_DF not found: check if there is a RefParameter without a condition.
2024-05-19 10:56:36,572 [WARN] IP:2120 - Analog_Filter not found: check if there is a RefParameter without a condition.
2024-05-19 10:56:41,815 [WARN] IP:2120 - I2C_Coeff_DF not found: check if there is a RefParameter without a condition.
2024-05-19 10:56:41,815 [WARN] IP:2120 - Analog_Filter not found: check if there is a RefParameter without a condition.
2024-05-19 10:56:41,815 [WARN] IP:2120 - I2C_Coeff_DF not found: check if there is a RefParameter without a condition.
2024-05-19 10:56:41,815 [WARN] IP:2120 - Analog_Filter not found: check if there is a RefParameter without a condition.
2024-05-19 10:56:47,708 [WARN] IP:2120 - I2C_Coeff_DF not found: check if there is a RefParameter without a condition.
2024-05-19 10:56:47,708 [WARN] IP:2120 - Analog_Filter not found: check if there is a RefParameter without a condition.
2024-05-19 10:56:47,710 [WARN] IP:2120 - I2C_Coeff_DF not found: check if there is a RefParameter without a condition.
2024-05-19 10:56:47,710 [WARN] IP:2120 - Analog_Filter not found: check if there is a RefParameter without a condition.
2024-05-19 10:57:05,614 [INFO] NvicIntPanel:101 - NVIC parent = com.st.microxplorer.plugins.ip.nvic.MultiNvicIntPanel[,0,0,450x102,layout=javax.swing.BoxLayout,alignmentX=0.0,alignmentY=0.0,border=,flags=9,maximumSize=,minimumSize=,preferredSize=]
2024-05-19 10:57:09,918 [INFO] NvicIntPanel:101 - NVIC parent = com.st.microxplorer.plugins.ip.nvic.MultiNvicIntPanel[,0,0,0x0,invalid,layout=javax.swing.BoxLayout,alignmentX=0.0,alignmentY=0.0,border=,flags=9,maximumSize=,minimumSize=,preferredSize=]
2024-05-19 10:57:22,791 [ERROR] LogOutputStream:75 - [STDERR_REDIRECT] Exception in thread "AWT-EventQueue-0" java.lang.ClassCastException: class sun.awt.windows.WEmbeddedFrame cannot be cast to class javax.swing.JFrame (sun.awt.windows.WEmbeddedFrame and javax.swing.JFrame are in module java.desktop of loader 'bootstrap')
2024-05-19 10:57:22,794 [ERROR] LogOutputStream:75 - [STDERR_REDIRECT] 	at com.st.microxplorer.plugins.clock.ClockConfigurationView.activatePlugin(ClockConfigurationView.java:425)
2024-05-19 10:57:22,797 [ERROR] LogOutputStream:75 - [STDERR_REDIRECT] 	at com.st.microxplorer.maingui.MainPanel$1.stateChanged(MainPanel.java:369)
2024-05-19 10:57:22,801 [ERROR] LogOutputStream:75 - [STDERR_REDIRECT] 	at java.desktop/javax.swing.JTabbedPane.fireStateChanged(JTabbedPane.java:444)
2024-05-19 10:57:22,803 [ERROR] LogOutputStream:75 - [STDERR_REDIRECT] 	at java.desktop/javax.swing.JTabbedPane$ModelListener.stateChanged(JTabbedPane.java:295)
2024-05-19 10:57:22,807 [ERROR] LogOutputStream:75 - [STDERR_REDIRECT] 	at java.desktop/javax.swing.DefaultSingleSelectionModel.fireStateChanged(DefaultSingleSelectionModel.java:148)
2024-05-19 10:57:22,810 [ERROR] LogOutputStream:75 - [STDERR_REDIRECT] 	at java.desktop/javax.swing.DefaultSingleSelectionModel.setSelectedIndex(DefaultSingleSelectionModel.java:79)
2024-05-19 10:57:22,813 [ERROR] LogOutputStream:75 - [STDERR_REDIRECT] 	at java.desktop/javax.swing.JTabbedPane.setSelectedIndexImpl(JTabbedPane.java:648)
2024-05-19 10:57:22,816 [ERROR] LogOutputStream:75 - [STDERR_REDIRECT] 	at java.desktop/javax.swing.JTabbedPane.setSelectedIndex(JTabbedPane.java:623)
2024-05-19 10:57:22,820 [ERROR] LogOutputStream:75 - [STDERR_REDIRECT] 	at java.desktop/javax.swing.plaf.basic.BasicTabbedPaneUI$Handler.mousePressed(BasicTabbedPaneUI.java:4101)
2024-05-19 10:57:22,822 [ERROR] LogOutputStream:75 - [STDERR_REDIRECT] 	at java.desktop/java.awt.Component.processMouseEvent(Component.java:6623)
2024-05-19 10:57:22,825 [ERROR] LogOutputStream:75 - [STDERR_REDIRECT] 	at java.desktop/javax.swing.JComponent.processMouseEvent(JComponent.java:3389)
2024-05-19 10:57:22,827 [ERROR] LogOutputStream:75 - [STDERR_REDIRECT] 	at java.desktop/java.awt.Component.processEvent(Component.java:6391)
2024-05-19 10:57:22,829 [ERROR] LogOutputStream:75 - [STDERR_REDIRECT] 	at java.desktop/java.awt.Container.processEvent(Container.java:2266)
2024-05-19 10:57:22,832 [ERROR] LogOutputStream:75 - [STDERR_REDIRECT] 	at java.desktop/java.awt.Component.dispatchEventImpl(Component.java:5001)
2024-05-19 10:57:22,835 [ERROR] LogOutputStream:75 - [STDERR_REDIRECT] 	at java.desktop/java.awt.Container.dispatchEventImpl(Container.java:2324)
2024-05-19 10:57:22,838 [ERROR] LogOutputStream:75 - [STDERR_REDIRECT] 	at java.desktop/java.awt.Component.dispatchEvent(Component.java:4833)
2024-05-19 10:57:22,840 [ERROR] LogOutputStream:75 - [STDERR_REDIRECT] 	at java.desktop/java.awt.LightweightDispatcher.retargetMouseEvent(Container.java:4948)
2024-05-19 10:57:22,844 [ERROR] LogOutputStream:75 - [STDERR_REDIRECT] 	at java.desktop/java.awt.LightweightDispatcher.processMouseEvent(Container.java:4572)
2024-05-19 10:57:22,846 [ERROR] LogOutputStream:75 - [STDERR_REDIRECT] 	at java.desktop/java.awt.LightweightDispatcher.dispatchEvent(Container.java:4516)
2024-05-19 10:57:22,850 [ERROR] LogOutputStream:75 - [STDERR_REDIRECT] 	at java.desktop/java.awt.Container.dispatchEventImpl(Container.java:2310)
2024-05-19 10:57:22,852 [ERROR] LogOutputStream:75 - [STDERR_REDIRECT] 	at java.desktop/java.awt.Component.dispatchEvent(Component.java:4833)
2024-05-19 10:57:22,854 [ERROR] LogOutputStream:75 - [STDERR_REDIRECT] 	at java.desktop/java.awt.EventQueue.dispatchEventImpl(EventQueue.java:775)
2024-05-19 10:57:22,857 [ERROR] LogOutputStream:75 - [STDERR_REDIRECT] 	at java.desktop/java.awt.EventQueue$4.run(EventQueue.java:720)
2024-05-19 10:57:22,859 [ERROR] LogOutputStream:75 - [STDERR_REDIRECT] 	at java.desktop/java.awt.EventQueue$4.run(EventQueue.java:714)
2024-05-19 10:57:22,862 [ERROR] LogOutputStream:75 - [STDERR_REDIRECT] 	at java.base/java.security.AccessController.doPrivileged(AccessController.java:399)
2024-05-19 10:57:22,865 [ERROR] LogOutputStream:75 - [STDERR_REDIRECT] 	at java.base/java.security.ProtectionDomain$JavaSecurityAccessImpl.doIntersectionPrivilege(ProtectionDomain.java:86)
2024-05-19 10:57:22,869 [ERROR] LogOutputStream:75 - [STDERR_REDIRECT] 	at java.base/java.security.ProtectionDomain$JavaSecurityAccessImpl.doIntersectionPrivilege(ProtectionDomain.java:97)
2024-05-19 10:57:22,871 [ERROR] LogOutputStream:75 - [STDERR_REDIRECT] 	at java.desktop/java.awt.EventQueue$5.run(EventQueue.java:747)
2024-05-19 10:57:22,873 [ERROR] LogOutputStream:75 - [STDERR_REDIRECT] 	at java.desktop/java.awt.EventQueue$5.run(EventQueue.java:745)
2024-05-19 10:57:22,876 [ERROR] LogOutputStream:75 - [STDERR_REDIRECT] 	at java.base/java.security.AccessController.doPrivileged(AccessController.java:399)
2024-05-19 10:57:22,879 [ERROR] LogOutputStream:75 - [STDERR_REDIRECT] 	at java.base/java.security.ProtectionDomain$JavaSecurityAccessImpl.doIntersectionPrivilege(ProtectionDomain.java:86)
2024-05-19 10:57:22,880 [ERROR] LogOutputStream:75 - [STDERR_REDIRECT] 	at java.desktop/java.awt.EventQueue.dispatchEvent(EventQueue.java:744)
2024-05-19 10:57:22,883 [ERROR] LogOutputStream:75 - [STDERR_REDIRECT] 	at java.desktop/java.awt.EventDispatchThread.pumpOneEventForFilters(EventDispatchThread.java:203)
2024-05-19 10:57:22,885 [ERROR] LogOutputStream:75 - [STDERR_REDIRECT] 	at java.desktop/java.awt.EventDispatchThread.pumpEventsForFilter(EventDispatchThread.java:124)
2024-05-19 10:57:22,887 [ERROR] LogOutputStream:75 - [STDERR_REDIRECT] 	at java.desktop/java.awt.EventDispatchThread.pumpEventsForHierarchy(EventDispatchThread.java:113)
2024-05-19 10:57:22,889 [ERROR] LogOutputStream:75 - [STDERR_REDIRECT] 	at java.desktop/java.awt.EventDispatchThread.pumpEvents(EventDispatchThread.java:109)
2024-05-19 10:57:22,892 [ERROR] LogOutputStream:75 - [STDERR_REDIRECT] 	at java.desktop/java.awt.EventDispatchThread.pumpEvents(EventDispatchThread.java:101)
2024-05-19 10:57:22,893 [ERROR] LogOutputStream:75 - [STDERR_REDIRECT] 	at java.desktop/java.awt.EventDispatchThread.run(EventDispatchThread.java:90)
2024-05-19 10:57:28,279 [WARN] IP:2120 - I2C_Coeff_DF not found: check if there is a RefParameter without a condition.
2024-05-19 10:57:28,279 [WARN] IP:2120 - Analog_Filter not found: check if there is a RefParameter without a condition.
2024-05-19 10:57:28,280 [WARN] IP:2120 - I2C_Coeff_DF not found: check if there is a RefParameter without a condition.
2024-05-19 10:57:28,280 [WARN] IP:2120 - Analog_Filter not found: check if there is a RefParameter without a condition.
2024-05-19 10:57:32,752 [WARN] IP:2120 - I2C_Coeff_DF not found: check if there is a RefParameter without a condition.
2024-05-19 10:57:32,753 [WARN] IP:2120 - Analog_Filter not found: check if there is a RefParameter without a condition.
2024-05-19 10:57:32,753 [WARN] IP:2120 - I2C_Coeff_DF not found: check if there is a RefParameter without a condition.
2024-05-19 10:57:32,753 [WARN] IP:2120 - Analog_Filter not found: check if there is a RefParameter without a condition.
2024-05-19 10:57:52,425 [WARN] IP:2120 - I2C_Coeff_DF not found: check if there is a RefParameter without a condition.
2024-05-19 10:57:52,425 [WARN] IP:2120 - Analog_Filter not found: check if there is a RefParameter without a condition.
2024-05-19 10:57:52,426 [WARN] IP:2120 - I2C_Coeff_DF not found: check if there is a RefParameter without a condition.
2024-05-19 10:57:52,426 [WARN] IP:2120 - Analog_Filter not found: check if there is a RefParameter without a condition.
2024-05-19 10:57:56,601 [INFO] NvicIntPanel:101 - NVIC parent = com.st.microxplorer.plugins.ip.nvic.MultiNvicIntPanel[,0,0,450x102,layout=javax.swing.BoxLayout,alignmentX=0.0,alignmentY=0.0,border=,flags=9,maximumSize=,minimumSize=,preferredSize=]
2024-05-19 10:58:05,623 [INFO] UtilMem:75 - End SaveConfig() Used Memory: 563746832 Bytes (574619648)
2024-05-19 10:58:05,722 [ERROR] ConfigurationRetriever:142 - IOException on connection: sw-center.st.com
2024-05-19 10:58:05,724 [ERROR] ConfigurationRetriever:142 - IOException on connection: sw-center.st.com
2024-05-19 10:58:05,726 [ERROR] ConfigurationRetriever:142 - IOException on connection: sw-center.st.com
2024-05-19 10:58:05,805 [INFO] UtilMem:75 - End SaveConfig() Used Memory: 462737560 Bytes (574619648)
2024-05-19 10:58:06,406 [INFO] UtilMem:75 - End SaveConfig() Used Memory: 229625824 Bytes (574619648)
2024-05-19 10:58:06,803 [INFO] BlockDiagram:2759 - set Specific Code input for plugin: RTC
2024-05-19 10:58:06,803 [INFO] BlockDiagram:2759 - set Specific Code input for plugin: NVIC
2024-05-19 10:58:06,803 [INFO] BlockDiagram:2759 - set Specific Code input for plugin: SYS
2024-05-19 10:58:06,804 [INFO] BlockDiagram:2759 - set Specific Code input for plugin: GPIO
2024-05-19 10:58:06,804 [INFO] BlockDiagram:2759 - set Specific Code input for plugin: RCC
2024-05-19 10:58:06,804 [INFO] BlockDiagram:2759 - set Specific Code input for plugin: I2C
2024-05-19 10:58:06,806 [INFO] CodeGenerator:807 - code generatio: config db path: C:\ST\STM32CubeIDE_1.15.0\STM32CubeIDE\plugins\com.st.stm32cube.common.mx_6.11.0.202403141607\\db\
2024-05-19 10:58:06,808 [WARN] IP:2120 - I2C_Coeff_DF not found: check if there is a RefParameter without a condition.
2024-05-19 10:58:06,808 [WARN] IP:2120 - Analog_Filter not found: check if there is a RefParameter without a condition.
2024-05-19 10:58:06,948 [INFO] CodeEngine:255 - oldGeneratedFile, C:\Users\User\STM32CubeIDE\workspace_1.15.0\rtc\MXTmpFiles\license.tmp_save
2024-05-19 10:58:07,074 [INFO] CodeEngine:279 - Generated code: C:\Users\User\STM32CubeIDE\workspace_1.15.0\rtc\MXTmpFiles\license.tmp
2024-05-19 10:58:07,108 [INFO] CodeEngine:255 - oldGeneratedFile, C:\Users\User\STM32CubeIDE\workspace_1.15.0\rtc\MXTmpFiles\gpio.tmp_save
2024-05-19 10:58:07,242 [INFO] CodeEngine:279 - Generated code: C:\Users\User\STM32CubeIDE\workspace_1.15.0\rtc\MXTmpFiles\gpio.tmp
2024-05-19 10:58:07,320 [INFO] CodeEngine:255 - oldGeneratedFile, C:\Users\User\STM32CubeIDE\workspace_1.15.0\rtc\Core\Src\stm32f1xx_it.c_save
2024-05-19 10:58:07,456 [INFO] CodeEngine:279 - Generated code: C:\Users\User\STM32CubeIDE\workspace_1.15.0\rtc\Core\Src\stm32f1xx_it.c
2024-05-19 10:58:07,463 [INFO] CodeEngine:255 - oldGeneratedFile, C:\Users\User\STM32CubeIDE\workspace_1.15.0\rtc\Core\Inc\stm32f1xx_it.h_save
2024-05-19 10:58:07,557 [INFO] CodeEngine:279 - Generated code: C:\Users\User\STM32CubeIDE\workspace_1.15.0\rtc\Core\Inc\stm32f1xx_it.h
2024-05-19 10:58:07,600 [INFO] CodeEngine:255 - oldGeneratedFile, C:\Users\User\STM32CubeIDE\workspace_1.15.0\rtc\Core\Src\stm32f1xx_hal_msp.c_save
2024-05-19 10:58:07,773 [INFO] CodeEngine:279 - Generated code: C:\Users\User\STM32CubeIDE\workspace_1.15.0\rtc\Core\Src\stm32f1xx_hal_msp.c
2024-05-19 10:58:07,778 [INFO] CodeEngine:255 - oldGeneratedFile, C:\Users\User\STM32CubeIDE\workspace_1.15.0\rtc\MXTmpFiles\system.tmp_save
2024-05-19 10:58:07,879 [INFO] CodeEngine:279 - Generated code: C:\Users\User\STM32CubeIDE\workspace_1.15.0\rtc\MXTmpFiles\system.tmp
2024-05-19 10:58:07,921 [INFO] CodeEngine:311 - oldGeneratedFile, C:\Users\User\STM32CubeIDE\workspace_1.15.0\rtc\Core\Inc\stm32f1xx_hal_conf.h_save
2024-05-19 10:58:08,109 [INFO] CodeEngine:335 - Generated code: C:\Users\User\STM32CubeIDE\workspace_1.15.0\rtc\Core\Inc\stm32f1xx_hal_conf.h
2024-05-19 10:58:08,181 [INFO] CodeEngine:255 - oldGeneratedFile, C:\Users\User\STM32CubeIDE\workspace_1.15.0\rtc\Core\Inc\main.h_save
2024-05-19 10:58:08,296 [INFO] CodeEngine:279 - Generated code: C:\Users\User\STM32CubeIDE\workspace_1.15.0\rtc\Core\Inc\main.h
2024-05-19 10:58:08,317 [INFO] CodeEngine:255 - oldGeneratedFile, C:\Users\User\STM32CubeIDE\workspace_1.15.0\rtc\Core\Src\main.c_save
2024-05-19 10:58:08,547 [INFO] CodeEngine:279 - Generated code: C:\Users\User\STM32CubeIDE\workspace_1.15.0\rtc\Core\Src\main.c
2024-05-19 10:58:08,995 [INFO] ProjectBuilder:3163 - Time for Copy HAL[1] : 202mS.
2024-05-19 10:58:09,000 [INFO] ProjectBuilder:4736 - Project Generator version: 4.3.0-B58
2024-05-19 10:58:09,143 [INFO] ConfigFileManager:1503 - The Die is : DIE410
2024-05-19 10:58:10,551 [INFO] ProjectBuilder:5002 - Time for Generating toolchain IDE Files: 1551mS.
2024-05-19 10:58:10,553 [INFO] ProjectBuilder:3034 - Time for Copy CMSIS : 0mS.
2024-05-19 10:58:10,557 [INFO] ProjectBuilder:3034 - Time for Copy CMSIS : 0mS.
2024-05-19 12:32:29,868 [ERROR] ConfigurationRetriever:142 - IOException on connection: sw-center.st.com
2024-05-19 12:32:29,869 [ERROR] ConfigurationRetriever:142 - IOException on connection: sw-center.st.com
2024-05-19 12:32:29,869 [ERROR] ConfigurationRetriever:142 - IOException on connection: sw-center.st.com
2024-05-19 12:32:30,832 [ERROR] LogOutputStream:75 - [STDERR_REDIRECT] 
