2024-05-24 10:11:10,298 [INFO] Activator:176 - 


2024-05-24 10:11:10,305 [INFO] Activator:177 - !SESSION log4j initialized
2024-05-24 10:11:17,552 [INFO] LogOutputStream:77 - [STDOUT_REDIRECT] 
2024-05-24 10:11:19,577 [INFO] ApplicationProperties:184 - Using Application install path: C:\ST\STM32CubeIDE_1.15.0\STM32CubeIDE\plugins\com.st.stm32cube.common.mx_6.11.0.202403141607
2024-05-24 10:11:19,595 [INFO] DbMcusXml:78 - Set database path to: C:\ST\STM32CubeIDE_1.15.0\STM32CubeIDE\plugins\com.st.stm32cube.common.mx_6.11.0.202403141607\\db\/mcu/
2024-05-24 10:11:19,595 [INFO] ApiDb:274 - Set plugin database path to: C:\ST\STM32CubeIDE_1.15.0\STM32CubeIDE\plugins\com.st.stm32cube.common.mx_6.11.0.202403141607\\db\/plugins/boardmanager/
2024-05-24 10:11:19,596 [WARN] ApiDb:259 - Overriding images path with different value:  => C:\ST\STM32CubeIDE_1.15.0\STM32CubeIDE\plugins\com.st.stm32cube.common.mx_6.11.0.202403141607\\db\/plugins/mcufinder/images/
2024-05-24 10:11:19,604 [INFO] ApiDb:250 - Set database path to: C:\Users\User\.stmcufinder\plugins\mcufinder//mcu/
2024-05-24 10:11:19,605 [INFO] DbMcusAds:125 - Set database path to: C:\Users\User\.stmcufinder\plugins\mcufinder//mcu/
2024-05-24 10:11:19,607 [INFO] CrossReferenceDbSqlite:203 - Set database path to: C:\Users\User\.stmcufinder\plugins\mcufinder//mcu/cs/
2024-05-24 10:11:19,732 [INFO] RulesReader:64 - Compatibility file has been processed (297 Rules)
2024-05-24 10:11:19,839 [INFO] DbMcusXml:78 - Set database path to: C:\ST\STM32CubeIDE_1.15.0\STM32CubeIDE\plugins\com.st.stm32cube.common.mx_6.11.0.202403141607\\db\/mcu/
2024-05-24 10:11:19,839 [INFO] ApiDb:274 - Set plugin database path to: C:\ST\STM32CubeIDE_1.15.0\STM32CubeIDE\plugins\com.st.stm32cube.common.mx_6.11.0.202403141607\\db\/plugins/boardmanager/
2024-05-24 10:11:19,839 [INFO] ApiDb:261 - Set plugin images path to: C:\ST\STM32CubeIDE_1.15.0\STM32CubeIDE\plugins\com.st.stm32cube.common.mx_6.11.0.202403141607\\db\/plugins/mcufinder/images/
2024-05-24 10:11:19,840 [WARN] DbFile:41 - Overriding database path with different value: C:\Users\User\.stmcufinder\plugins\mcufinder/ => C:\Users\User\.stmcufinder\plugins\mcufinder
2024-05-24 10:11:19,840 [INFO] ApiDb:250 - Set database path to: C:\Users\User\.stmcufinder\plugins\mcufinder//mcu/
2024-05-24 10:11:19,840 [WARN] DbFile:41 - Overriding database path with different value: C:\Users\User\.stmcufinder\plugins\mcufinder/ => C:\Users\User\.stmcufinder\plugins\mcufinder
2024-05-24 10:11:19,840 [INFO] DbMcusAds:125 - Set database path to: C:\Users\User\.stmcufinder\plugins\mcufinder//mcu/
2024-05-24 10:11:19,841 [WARN] DbFile:41 - Overriding database path with different value: C:\Users\User\.stmcufinder\plugins\mcufinder/ => C:\Users\User\.stmcufinder\plugins\mcufinder
2024-05-24 10:11:19,841 [WARN] DbFile:41 - Overriding database path with different value: C:\Users\User\.stmcufinder\plugins\mcufinder/ => C:\Users\User\.stmcufinder\plugins\mcufinder
2024-05-24 10:11:19,841 [INFO] CrossReferenceDbSqlite:203 - Set database path to: C:\Users\User\.stmcufinder\plugins\mcufinder//mcu/cs/
2024-05-24 10:11:19,937 [INFO] MainPanel:264 - HeapMemory: 268435456
2024-05-24 10:11:20,038 [INFO] DbMcusXml:78 - Set database path to: C:\ST\STM32CubeIDE_1.15.0\STM32CubeIDE\plugins\com.st.stm32cube.common.mx_6.11.0.202403141607\\db\/mcu/
2024-05-24 10:11:20,038 [INFO] ApiDb:274 - Set plugin database path to: C:\ST\STM32CubeIDE_1.15.0\STM32CubeIDE\plugins\com.st.stm32cube.common.mx_6.11.0.202403141607\\db\/plugins/boardmanager/
2024-05-24 10:11:20,038 [INFO] ApiDb:261 - Set plugin images path to: C:\ST\STM32CubeIDE_1.15.0\STM32CubeIDE\plugins\com.st.stm32cube.common.mx_6.11.0.202403141607\\db\/plugins/mcufinder/images/
2024-05-24 10:11:20,039 [WARN] DbFile:41 - Overriding database path with different value: C:\Users\User\.stmcufinder\plugins\mcufinder/ => C:\Users\User\.stmcufinder\plugins\mcufinder
2024-05-24 10:11:20,039 [INFO] ApiDb:250 - Set database path to: C:\Users\User\.stmcufinder\plugins\mcufinder//mcu/
2024-05-24 10:11:20,039 [WARN] DbFile:41 - Overriding database path with different value: C:\Users\User\.stmcufinder\plugins\mcufinder/ => C:\Users\User\.stmcufinder\plugins\mcufinder
2024-05-24 10:11:20,040 [INFO] DbMcusAds:125 - Set database path to: C:\Users\User\.stmcufinder\plugins\mcufinder//mcu/
2024-05-24 10:11:20,040 [WARN] DbFile:41 - Overriding database path with different value: C:\Users\User\.stmcufinder\plugins\mcufinder/ => C:\Users\User\.stmcufinder\plugins\mcufinder
2024-05-24 10:11:20,040 [WARN] DbFile:41 - Overriding database path with different value: C:\Users\User\.stmcufinder\plugins\mcufinder/ => C:\Users\User\.stmcufinder\plugins\mcufinder
2024-05-24 10:11:20,040 [INFO] CrossReferenceDbSqlite:203 - Set database path to: C:\Users\User\.stmcufinder\plugins\mcufinder//mcu/cs/
2024-05-24 10:11:20,057 [INFO] ApplicationProperties:184 - Using Application install path: C:\ST\STM32CubeIDE_1.15.0\STM32CubeIDE\plugins\com.st.stm32cube.common.mx_6.11.0.202403141607
2024-05-24 10:11:20,059 [INFO] PluginManage:196 - Search for loadable plugins [exclusion list=, ]
2024-05-24 10:11:20,060 [INFO] PluginManage:310 - Check plugin analytics
2024-05-24 10:11:20,259 [INFO] AnalyticsPlugin:253 - Accepted Software Licenses: 
2024-05-24 10:11:20,259 [INFO] AnalyticsPlugin:255 - Accepted CMSIS Pack Licenses: 
2024-05-24 10:11:20,259 [INFO] AnalyticsPlugin:257 - Accepted Firmware Licenses: 
2024-05-24 10:11:20,263 [INFO] PluginManage:359 - Loaded plugin analytics (category:tool,tabindex:-1)
2024-05-24 10:11:20,263 [INFO] PluginManage:310 - Check plugin cadmodel
2024-05-24 10:11:20,276 [INFO] CADModel:105 - Init CAD model plugin
2024-05-24 10:11:20,277 [INFO] PluginManage:359 - Loaded plugin cadmodel (category:power,tabindex:5)
2024-05-24 10:11:20,277 [INFO] PluginManage:310 - Check plugin clock
2024-05-24 10:11:20,296 [INFO] PluginManage:359 - Loaded plugin clock (category:base,tabindex:2)
2024-05-24 10:11:20,297 [INFO] PluginManage:310 - Check plugin ddr
2024-05-24 10:11:20,299 [INFO] PluginManage:359 - Loaded plugin ddr (category:tool,tabindex:6)
2024-05-24 10:11:20,299 [INFO] PluginManage:310 - Check plugin filemanager
2024-05-24 10:11:20,442 [INFO] PluginManage:359 - Loaded plugin filemanager (category:base,tabindex:10)
2024-05-24 10:11:20,443 [INFO] PluginManage:310 - Check plugin ipmanager
2024-05-24 10:11:20,449 [INFO] PluginManage:359 - Loaded plugin ipmanager (category:base,tabindex:5)
2024-05-24 10:11:20,449 [INFO] PluginManage:310 - Check plugin lpbam
2024-05-24 10:11:20,469 [INFO] PluginManage:359 - Loaded plugin lpbam (category:base,tabindex:0)
2024-05-24 10:11:20,469 [INFO] PluginManage:310 - Check plugin memorymap
2024-05-24 10:11:20,502 [INFO] PluginManage:359 - Loaded plugin memorymap (category:base,tabindex:4)
2024-05-24 10:11:20,502 [INFO] PluginManage:310 - Check plugin pinoutandconfiguration
2024-05-24 10:11:20,523 [INFO] PluginManage:359 - Loaded plugin pinoutandconfiguration (category:base,tabindex:1)
2024-05-24 10:11:20,524 [INFO] PluginManage:310 - Check plugin pinoutconfig
2024-05-24 10:11:20,629 [WARN] SupportedApi:132 - Cannot load RTOS API schema: s4s-elt-must-match.1: The content of 'definitions' must match (annotation?, (simpleType | complexType)?, (unique | key | keyref)*)). A problem was found starting at: attribute.
2024-05-24 10:11:20,763 [INFO] PluginManage:359 - Loaded plugin pinoutconfig (category:base,tabindex:0)
2024-05-24 10:11:20,764 [INFO] PluginManage:310 - Check plugin power
2024-05-24 10:11:20,781 [INFO] PluginManage:359 - Loaded plugin power (category:power,tabindex:4)
2024-05-24 10:11:20,782 [INFO] PluginManage:310 - Check plugin projectmanager
2024-05-24 10:11:20,798 [INFO] PluginManage:359 - Loaded plugin projectmanager (category:projectmanager,tabindex:3)
2024-05-24 10:11:20,798 [INFO] PluginManage:310 - Check plugin thirdparty
2024-05-24 10:11:21,074 [INFO] PluginManage:359 - Loaded plugin thirdparty (category:base,tabindex:-1)
2024-05-24 10:11:21,074 [WARN] IntegrityCheckThread:84 - waiting for thirdparty lock release [integrity check]
2024-05-24 10:11:21,074 [INFO] PluginManage:310 - Check plugin tools
2024-05-24 10:11:21,074 [INFO] IntegrityCheckThread:86 - entering critical section [integrity check]
2024-05-24 10:11:21,074 [INFO] ThirdPartyUpdaterWithRetryManager:70 - Updater plugin not ready yet. [1/15]
2024-05-24 10:11:21,109 [INFO] PluginManage:359 - Loaded plugin tools (category:base,tabindex:7)
2024-05-24 10:11:21,109 [INFO] PluginManage:310 - Check plugin tutovideos
2024-05-24 10:11:21,344 [INFO] PluginManage:359 - Loaded plugin tutovideos (category:base,tabindex:-1)
2024-05-24 10:11:21,344 [INFO] PluginManage:310 - Check plugin updater
2024-05-24 10:11:21,354 [INFO] PluginManage:359 - Loaded plugin updater (category:base,tabindex:12)
2024-05-24 10:11:21,354 [INFO] PluginManage:310 - Check plugin userauth
2024-05-24 10:11:21,360 [INFO] UserAuth:114 - Init User Auth plugin
2024-05-24 10:11:21,360 [INFO] PluginManage:359 - Loaded plugin userauth (category:base,tabindex:14)
2024-05-24 10:11:21,360 [INFO] PluginManage:283 - PluginManage : Loaded plugins [17]
2024-05-24 10:11:21,593 [INFO] PinOutPanel:1561 - setPackage(No Configuration,No Configuration)
2024-05-24 10:11:21,668 [INFO] CADModel:165 - CPN selected for project level
2024-05-24 10:11:21,668 [INFO] CADModel:114 - Register for checkConnection events
2024-05-24 10:11:21,698 [INFO] IPUIPlugin:80 - create IPUIPlugin
2024-05-24 10:11:21,698 [INFO] PluginManager:220 - loadIPPluginJar : add adc
2024-05-24 10:11:21,743 [INFO] IPUIPlugin:80 - create IPUIPlugin
2024-05-24 10:11:21,743 [INFO] PluginManager:220 - loadIPPluginJar : add aes
2024-05-24 10:11:21,790 [INFO] IPUIPlugin:80 - create IPUIPlugin
2024-05-24 10:11:21,790 [INFO] PluginManager:220 - loadIPPluginJar : add can
2024-05-24 10:11:21,816 [INFO] IPUIPlugin:80 - create IPUIPlugin
2024-05-24 10:11:21,816 [INFO] PluginManager:220 - loadIPPluginJar : add comp
2024-05-24 10:11:21,853 [INFO] IPUIPlugin:80 - create IPUIPlugin
2024-05-24 10:11:21,854 [INFO] PluginManager:220 - loadIPPluginJar : add cryp
2024-05-24 10:11:21,890 [INFO] IPUIPlugin:80 - create IPUIPlugin
2024-05-24 10:11:21,891 [INFO] PluginManager:220 - loadIPPluginJar : add dfsdm
2024-05-24 10:11:21,907 [INFO] IPUIPlugin:80 - create IPUIPlugin
2024-05-24 10:11:21,908 [INFO] PluginManager:220 - loadIPPluginJar : add dma
2024-05-24 10:11:21,958 [INFO] IPUIPlugin:80 - create IPUIPlugin
2024-05-24 10:11:21,958 [INFO] PluginManager:220 - loadIPPluginJar : add dma3
2024-05-24 10:11:22,008 [INFO] IPUIPlugin:80 - create IPUIPlugin
2024-05-24 10:11:22,008 [INFO] PluginManager:220 - loadIPPluginJar : add extmemmanager
2024-05-24 10:11:22,031 [INFO] IPUIPlugin:80 - create IPUIPlugin
2024-05-24 10:11:22,031 [INFO] PluginManager:220 - loadIPPluginJar : add fatfs
2024-05-24 10:11:22,081 [INFO] IPUIPlugin:80 - create IPUIPlugin
2024-05-24 10:11:22,081 [INFO] PluginManager:220 - loadIPPluginJar : add fmc
2024-05-24 10:11:22,097 [INFO] IPUIPlugin:80 - create IPUIPlugin
2024-05-24 10:11:22,097 [INFO] PluginManager:220 - loadIPPluginJar : add freertos
2024-05-24 10:11:22,118 [INFO] IPUIPlugin:80 - create IPUIPlugin
2024-05-24 10:11:22,118 [INFO] PluginManager:220 - loadIPPluginJar : add genericplugin
2024-05-24 10:11:22,210 [INFO] IPUIPlugin:80 - create IPUIPlugin
2024-05-24 10:11:22,210 [INFO] PluginManager:220 - loadIPPluginJar : add gfxmmu
2024-05-24 10:11:22,335 [INFO] IPUIPlugin:80 - create IPUIPlugin
2024-05-24 10:11:22,335 [INFO] PluginManager:220 - loadIPPluginJar : add gic
2024-05-24 10:11:22,348 [INFO] IPUIPlugin:80 - create IPUIPlugin
2024-05-24 10:11:22,348 [INFO] PluginManager:220 - loadIPPluginJar : add gpio
2024-05-24 10:11:22,443 [INFO] IPUIPlugin:80 - create IPUIPlugin
2024-05-24 10:11:22,443 [INFO] PluginManager:220 - loadIPPluginJar : add gtzc
2024-05-24 10:11:22,481 [INFO] IPUIPlugin:80 - create IPUIPlugin
2024-05-24 10:11:22,481 [INFO] PluginManager:220 - loadIPPluginJar : add hash
2024-05-24 10:11:22,538 [INFO] IPUIPlugin:80 - create IPUIPlugin
2024-05-24 10:11:22,538 [INFO] PluginManager:220 - loadIPPluginJar : add i2c
2024-05-24 10:11:22,580 [INFO] IPUIPlugin:80 - create IPUIPlugin
2024-05-24 10:11:22,581 [INFO] PluginManager:220 - loadIPPluginJar : add i2s
2024-05-24 10:11:22,624 [INFO] IPUIPlugin:80 - create IPUIPlugin
2024-05-24 10:11:22,624 [INFO] PluginManager:220 - loadIPPluginJar : add i3c
2024-05-24 10:11:22,734 [INFO] IPUIPlugin:80 - create IPUIPlugin
2024-05-24 10:11:22,734 [INFO] PluginManager:220 - loadIPPluginJar : add ipddr
2024-05-24 10:11:22,832 [INFO] IPUIPlugin:80 - create IPUIPlugin
2024-05-24 10:11:22,832 [INFO] PluginManager:220 - loadIPPluginJar : add linkedlist
2024-05-24 10:11:22,871 [INFO] IPUIPlugin:80 - create IPUIPlugin
2024-05-24 10:11:22,871 [INFO] PluginManager:220 - loadIPPluginJar : add lorawan
2024-05-24 10:11:22,911 [INFO] IPUIPlugin:80 - create IPUIPlugin
2024-05-24 10:11:22,911 [INFO] PluginManager:220 - loadIPPluginJar : add ltdc
2024-05-24 10:11:22,926 [INFO] IPUIPlugin:80 - create IPUIPlugin
2024-05-24 10:11:22,926 [INFO] PluginManager:220 - loadIPPluginJar : add mdma
2024-05-24 10:11:22,939 [INFO] IPUIPlugin:80 - create IPUIPlugin
2024-05-24 10:11:22,940 [INFO] PluginManager:220 - loadIPPluginJar : add nvic
2024-05-24 10:11:22,980 [INFO] IPUIPlugin:80 - create IPUIPlugin
2024-05-24 10:11:22,980 [INFO] PluginManager:220 - loadIPPluginJar : add opamp
2024-05-24 10:11:23,048 [INFO] IPUIPlugin:80 - create IPUIPlugin
2024-05-24 10:11:23,049 [INFO] PluginManager:220 - loadIPPluginJar : add openamp
2024-05-24 10:11:23,092 [INFO] IPUIPlugin:80 - create IPUIPlugin
2024-05-24 10:11:23,092 [INFO] PluginManager:220 - loadIPPluginJar : add pdm2pcm
2024-05-24 10:11:23,106 [INFO] IPUIPlugin:80 - create IPUIPlugin
2024-05-24 10:11:23,109 [INFO] PluginManager:220 - loadIPPluginJar : add plateformsettings
2024-05-24 10:11:23,131 [INFO] IPUIPlugin:80 - create IPUIPlugin
2024-05-24 10:11:23,131 [INFO] PluginManager:220 - loadIPPluginJar : add quadspi
2024-05-24 10:11:23,143 [INFO] IPUIPlugin:80 - create IPUIPlugin
2024-05-24 10:11:23,143 [INFO] PluginManager:220 - loadIPPluginJar : add resmgrutility
2024-05-24 10:11:23,192 [INFO] IPUIPlugin:80 - create IPUIPlugin
2024-05-24 10:11:23,192 [INFO] PluginManager:220 - loadIPPluginJar : add sai
2024-05-24 10:11:23,235 [INFO] IPUIPlugin:80 - create IPUIPlugin
2024-05-24 10:11:23,235 [INFO] PluginManager:220 - loadIPPluginJar : add spi
2024-05-24 10:11:23,302 [INFO] IPUIPlugin:80 - create IPUIPlugin
2024-05-24 10:11:23,302 [INFO] PluginManager:220 - loadIPPluginJar : add stm32_wpan
2024-05-24 10:11:23,324 [INFO] IPUIPlugin:80 - create IPUIPlugin
2024-05-24 10:11:23,325 [INFO] PluginManager:220 - loadIPPluginJar : add tim
2024-05-24 10:11:23,382 [INFO] IPUIPlugin:80 - create IPUIPlugin
2024-05-24 10:11:23,383 [INFO] PluginManager:220 - loadIPPluginJar : add touchsensing
2024-05-24 10:11:23,405 [INFO] IPUIPlugin:80 - create IPUIPlugin
2024-05-24 10:11:23,405 [INFO] PluginManager:220 - loadIPPluginJar : add tracer_emb
2024-05-24 10:11:23,428 [INFO] IPUIPlugin:80 - create IPUIPlugin
2024-05-24 10:11:23,428 [INFO] PluginManager:220 - loadIPPluginJar : add ts
2024-05-24 10:11:23,453 [INFO] IPUIPlugin:80 - create IPUIPlugin
2024-05-24 10:11:23,453 [INFO] PluginManager:220 - loadIPPluginJar : add tsc
2024-05-24 10:11:23,478 [INFO] IPUIPlugin:80 - create IPUIPlugin
2024-05-24 10:11:23,478 [INFO] PluginManager:220 - loadIPPluginJar : add ucpd
2024-05-24 10:11:23,521 [INFO] IPUIPlugin:80 - create IPUIPlugin
2024-05-24 10:11:23,521 [INFO] PluginManager:220 - loadIPPluginJar : add usart
2024-05-24 10:11:23,564 [INFO] IPUIPlugin:80 - create IPUIPlugin
2024-05-24 10:11:23,565 [INFO] PluginManager:220 - loadIPPluginJar : add usbx
2024-05-24 10:11:23,706 [INFO] CADModel:165 - CPN selected for project level
2024-05-24 10:11:23,706 [INFO] CADModel:114 - Register for checkConnection events
2024-05-24 10:11:23,706 [FATAL] Updater:308 - Updater called before beeing initialized
2024-05-24 10:11:23,707 [ERROR] CADModel:125 - Updater not yet initialized, retry later 
2024-05-24 10:11:23,884 [INFO] CADModel:165 - CPN selected for project level
2024-05-24 10:11:23,884 [INFO] CADModel:114 - Register for checkConnection events
2024-05-24 10:11:23,884 [FATAL] Updater:308 - Updater called before beeing initialized
2024-05-24 10:11:23,884 [ERROR] CADModel:125 - Updater not yet initialized, retry later 
2024-05-24 10:11:23,887 [FATAL] Updater:308 - Updater called before beeing initialized
2024-05-24 10:11:24,006 [FATAL] Updater:308 - Updater called before beeing initialized
2024-05-24 10:11:24,017 [INFO] DbMcusAds:53 - JSON generation date=Thu May 16 10:22:00 WAT 2024 (1715851320852)
2024-05-24 10:11:24,017 [FATAL] Updater:308 - Updater called before beeing initialized
2024-05-24 10:11:24,075 [INFO] ThirdPartyUpdaterWithRetryManager:70 - Updater plugin not ready yet. [2/15]
2024-05-24 10:11:24,124 [WARN] DetailPanel:346 - Failed to get advertising image, set to default
2024-05-24 10:11:24,223 [FATAL] Updater:308 - Updater called before beeing initialized
2024-05-24 10:11:24,225 [FATAL] Updater:308 - Updater called before beeing initialized
2024-05-24 10:11:24,225 [FATAL] Updater:308 - Updater called before beeing initialized
2024-05-24 10:11:24,225 [WARN] DetailPanel:346 - Failed to get advertising image, set to default
2024-05-24 10:11:24,226 [FATAL] Updater:308 - Updater called before beeing initialized
2024-05-24 10:11:24,286 [ERROR] Updater:1120 - MainUpdater not yet initialized. External WinMGr cannot be set.
2024-05-24 10:11:24,297 [INFO] Updater:1056 - Updater Version found : 6.11.0
2024-05-24 10:11:24,318 [INFO] ApplicationProperties:184 - Using Application install path: C:\ST\STM32CubeIDE_1.15.0\STM32CubeIDE\plugins\com.st.stm32cube.common.mx_6.11.0.202403141607
2024-05-24 10:11:25,903 [ERROR] LogOutputStream:75 - [STDERR_REDIRECT] May 24, 2024 10:11:25 AM java.util.prefs.WindowsPreferences <init>
2024-05-24 10:11:25,906 [ERROR] LogOutputStream:75 - [STDERR_REDIRECT] WARNING: Could not open/create prefs root node Software\JavaSoft\Prefs at root 0xffffffff80000002. Windows RegCreateKeyEx(...) returned error code 5.
2024-05-24 10:11:25,906 [ERROR] LogOutputStream:75 - [STDERR_REDIRECT] 
2024-05-24 10:11:26,984 [INFO] MainUpdater:2873 - connection check result : 10
2024-05-24 10:11:26,984 [INFO] MainUpdater:3567 - Updater definition file requires update
2024-05-24 10:11:26,986 [INFO] MainUpdater:290 - Updater Check For Update Now.
2024-05-24 10:11:26,986 [INFO] MicroXplorer:498 - Change Database Version : DB.6.0.110
2024-05-24 10:11:27,006 [INFO] McuFinderGlobals:63 - Set McuFinder mode to 2 (CubeIDE integrated)
2024-05-24 10:11:27,020 [INFO] UserAuth:415 - Internet connection configuration mode: 1
2024-05-24 10:11:27,053 [INFO] JxBrowserEngine:152 - Initiate JxBrowser Engine with user profile folder
2024-05-24 10:11:27,075 [WARN] MainUpdater:1194 - Updater busy. Cannot search thirdparties
2024-05-24 10:11:27,075 [INFO] ThirdPartyUpdaterWithRetryManager:96 - Updater plugin is busy. [1/15]
2024-05-24 10:11:28,425 [INFO] ServerAccessManage:473 - Download File updaters.zip
2024-05-24 10:11:29,045 [INFO] FileExtend:240 - Unzip File : updaters.zip
2024-05-24 10:11:29,045 [INFO] FileExtend:255 - Standard Zip Deflate
2024-05-24 10:11:29,655 [INFO] ServerAccessManage:473 - Download File PacksControlFlags.xml
2024-05-24 10:11:30,061 [INFO] ServerAccessManage:473 - Download File cubemx.pidx
2024-05-24 10:11:30,077 [WARN] MainUpdater:1194 - Updater busy. Cannot search thirdparties
2024-05-24 10:11:30,077 [INFO] ThirdPartyUpdaterWithRetryManager:96 - Updater plugin is busy. [2/15]
2024-05-24 10:11:31,436 [INFO] ServerAccessManage:473 - Download File STMicroelectronics.X-CUBE-ALS.pdsc
2024-05-24 10:11:32,938 [INFO] WebApp:161 - Instantiating new browser for Auth
2024-05-24 10:11:33,079 [WARN] MainUpdater:1194 - Updater busy. Cannot search thirdparties
2024-05-24 10:11:33,079 [INFO] ThirdPartyUpdaterWithRetryManager:96 - Updater plugin is busy. [3/15]
2024-05-24 10:11:33,905 [INFO] ServerAccessManage:473 - Download File STMicroelectronics.X-CUBE-FREERTOS.pdsc
2024-05-24 10:11:33,983 [INFO] WebApp:779 - Register for checkConnection events
2024-05-24 10:11:33,983 [INFO] WebApp:414 - Apply proxy settings
2024-05-24 10:11:33,983 [INFO] WebApp:499 - Chromium requires no authentication
2024-05-24 10:11:33,995 [INFO] WebApp:442 - Direct internet connection detected
2024-05-24 10:11:34,307 [INFO] WebApp:192 - Starting web application
2024-05-24 10:11:34,308 [INFO] WebApp:544 - Web application path used C:\ST\STM32CubeIDE_1.15.0\STM32CubeIDE\plugins\com.st.stm32cube.common.mx_6.11.0.202403141607\db\plugins\mcufinder\reactClient1\index.html
2024-05-24 10:11:36,079 [WARN] MainUpdater:1194 - Updater busy. Cannot search thirdparties
2024-05-24 10:11:36,079 [INFO] ThirdPartyUpdaterWithRetryManager:96 - Updater plugin is busy. [4/15]
2024-05-24 10:11:37,155 [INFO] ServerAccessManage:473 - Download File STMicroelectronics.X-CUBE-ALGOBUILD.pdsc
2024-05-24 10:11:39,079 [WARN] MainUpdater:1194 - Updater busy. Cannot search thirdparties
2024-05-24 10:11:39,079 [INFO] ThirdPartyUpdaterWithRetryManager:96 - Updater plugin is busy. [5/15]
2024-05-24 10:11:42,080 [WARN] MainUpdater:1194 - Updater busy. Cannot search thirdparties
2024-05-24 10:11:42,080 [INFO] ThirdPartyUpdaterWithRetryManager:96 - Updater plugin is busy. [6/15]
2024-05-24 10:11:43,776 [INFO] ServerAccessManage:473 - Download File Cesanta.I-CUBE-Mongoose.pdsc
2024-05-24 10:11:45,081 [WARN] MainUpdater:1194 - Updater busy. Cannot search thirdparties
2024-05-24 10:11:45,082 [INFO] ThirdPartyUpdaterWithRetryManager:96 - Updater plugin is busy. [7/15]
2024-05-24 10:11:46,473 [WARN] PackLoader:240 - Cannot read IP mode file for STMicroelectronics.X-CUBE-ALS.1.0.2
2024-05-24 10:11:46,481 [WARN] PackLoader:240 - Cannot read IP mode file for STMicroelectronics.X-CUBE-FREERTOS.1.2.0
2024-05-24 10:11:46,491 [WARN] PackLoader:240 - Cannot read IP mode file for STMicroelectronics.X-CUBE-ALGOBUILD.1.4.0
2024-05-24 10:11:46,500 [WARN] PackLoader:240 - Cannot read IP mode file for Cesanta.I-CUBE-Mongoose.7.13.0
2024-05-24 10:11:46,500 [INFO] PopulateThirdPartyThread:66 - Ending populate Thread
2024-05-24 10:11:46,502 [INFO] ThirdParty:1030 - CMSIS Pack Vendor :STMicroelectronics X-CUBE-ALS 1.0.2
2024-05-24 10:11:46,502 [INFO] ThirdParty:1030 - CMSIS Pack Vendor :STMicroelectronics X-CUBE-FREERTOS 1.2.0
2024-05-24 10:11:46,502 [INFO] ThirdParty:1030 - CMSIS Pack Vendor :Cesanta I-CUBE-Mongoose 7.13.0
2024-05-24 10:11:46,502 [INFO] ThirdParty:1030 - CMSIS Pack Vendor :STMicroelectronics X-CUBE-ALGOBUILD 1.4.0
2024-05-24 10:11:46,502 [INFO] LoadServerUpdatesThread:375 - End of LoadServerUpdate Thread
2024-05-24 10:11:46,601 [INFO] CheckServerUpdateThread:120 - End of CheckServer Thread
2024-05-24 10:11:48,264 [WARN] PackLoader:240 - Cannot read IP mode file for STMicroelectronics.FP-SNS-MOTENVWB1.1.4.0
2024-05-24 10:11:48,278 [WARN] PackLoader:240 - Cannot read IP mode file for STMicroelectronics.X-CUBE-SMBUS.2.1.0
2024-05-24 10:11:48,291 [WARN] PackLoader:240 - Cannot read IP mode file for STMicroelectronics.X-CUBE-TOUCHGFX.4.23.2
2024-05-24 10:11:48,333 [WARN] PackLoader:240 - Cannot read IP mode file for STMicroelectronics.X-CUBE-AZRTOS-F7.1.1.0
2024-05-24 10:11:48,346 [WARN] PackLoader:240 - Cannot read IP mode file for STMicroelectronics.FP-SNS-FLIGHT1.5.0.2
2024-05-24 10:11:48,364 [WARN] PackLoader:240 - Cannot read IP mode file for STMicroelectronics.X-CUBE-DISPLAY.3.0.0
2024-05-24 10:11:48,387 [WARN] PackLoader:240 - Cannot read IP mode file for STMicroelectronics.X-CUBE-BLE1.7.0.0
2024-05-24 10:11:48,400 [WARN] PackLoader:240 - Cannot read IP mode file for emotas.I-CUBE-CANOPEN.1.3.0
2024-05-24 10:11:48,420 [WARN] PackLoader:240 - Cannot read IP mode file for STMicroelectronics.X-CUBE-BLEMGR.3.1.0
2024-05-24 10:11:48,437 [WARN] PackLoader:240 - Cannot read IP mode file for STMicroelectronics.FP-SNS-SMARTAG2.1.2.0
2024-05-24 10:11:48,456 [INFO] LogOutputStream:77 - [STDOUT_REDIRECT] 1 : Invalid condition id : UX_CORESTACK_Condition cause : null
2024-05-24 10:11:48,456 [INFO] LogOutputStream:77 - [STDOUT_REDIRECT] 1 : Invalid condition id : UX_CORESTACK_Condition cause : null
2024-05-24 10:11:48,458 [INFO] LogOutputStream:77 - [STDOUT_REDIRECT] 1 : Invalid condition id : UX_CORESTACK_Condition cause : null
2024-05-24 10:11:48,459 [INFO] LogOutputStream:77 - [STDOUT_REDIRECT] 1 : Invalid condition id : UX_CORESTACK_Condition cause : null
2024-05-24 10:11:48,460 [INFO] LogOutputStream:77 - [STDOUT_REDIRECT] 1 : Invalid condition id : UX_CORESTACK_Condition cause : null
2024-05-24 10:11:48,464 [WARN] PackLoader:240 - Cannot read IP mode file for STMicroelectronics.X-CUBE-AZRTOS-WL.2.0.0
2024-05-24 10:11:48,478 [WARN] PackLoader:240 - Cannot read IP mode file for STMicroelectronics.FP-SNS-MOTENV1.5.0.0
2024-05-24 10:11:48,493 [WARN] PackLoader:240 - Cannot read IP mode file for WES.I-CUBE-Cesium.1.3.0
2024-05-24 10:11:48,505 [WARN] PackLoader:240 - Cannot read IP mode file for STMicroelectronics.X-CUBE-BLE2.3.3.0
2024-05-24 10:11:48,518 [WARN] PackLoader:240 - Cannot read IP mode file for STMicroelectronics.X-CUBE-TCPP.4.1.0
2024-05-24 10:11:48,533 [WARN] PackLoader:240 - Cannot read IP mode file for STMicroelectronics.X-CUBE-ALGOBUILD.1.3.0
2024-05-24 10:11:48,562 [WARN] PackLoader:240 - Cannot read IP mode file for STMicroelectronics.X-CUBE-AZRTOS-G0.1.1.0
2024-05-24 10:11:48,580 [WARN] PackLoader:240 - Cannot read IP mode file for STMicroelectronics.X-CUBE-SAFEA1.1.2.2
2024-05-24 10:11:48,597 [WARN] PackLoader:240 - Cannot read IP mode file for STMicroelectronics.X-CUBE-NFC4.3.0.0
2024-05-24 10:11:48,611 [WARN] PackLoader:240 - Cannot read IP mode file for wolfSSL.I-CUBE-wolfSSL.5.7.0
2024-05-24 10:11:48,616 [WARN] PackLoader:240 - Cannot read IP mode file for STMicroelectronics.FP-ATR-SIGFOX1.3.2.0
2024-05-24 10:11:48,630 [WARN] PackLoader:240 - Cannot read IP mode file for STMicroelectronics.X-CUBE-EEPRMA1.5.1.0
2024-05-24 10:11:48,648 [WARN] PackLoader:240 - Cannot read IP mode file for ITTIA_DB.I-CUBE-ITTIADB.8.9.0
2024-05-24 10:11:48,699 [WARN] PackLoader:240 - Cannot read IP mode file for SEGGER.I-CUBE-embOS.1.3.1
2024-05-24 10:11:48,751 [WARN] PackLoader:240 - Cannot read IP mode file for STMicroelectronics.X-CUBE-ALGOBUILD.1.4.0
2024-05-24 10:11:48,766 [WARN] PackLoader:240 - Cannot read IP mode file for STMicroelectronics.X-CUBE-GNSS1.6.0.0
2024-05-24 10:11:48,795 [WARN] PackLoader:240 - Cannot read IP mode file for STMicroelectronics.X-CUBE-AZRTOS-F4.1.1.0
2024-05-24 10:11:48,801 [WARN] PackLoader:240 - Cannot read IP mode file for STMicroelectronics.X-CUBE-FREERTOS.1.2.0
2024-05-24 10:11:48,829 [WARN] PackLoader:240 - Cannot read IP mode file for STMicroelectronics.X-CUBE-AZRTOS-L5.2.0.0
2024-05-24 10:11:48,848 [WARN] PackLoader:240 - Cannot read IP mode file for STMicroelectronics.X-CUBE-NFC6.3.1.0
2024-05-24 10:11:48,863 [WARN] PackLoader:240 - Cannot read IP mode file for STMicroelectronics.X-CUBE-AI.9.0.0
2024-05-24 10:11:48,877 [WARN] PackLoader:240 - Cannot read IP mode file for STMicroelectronics.X-CUBE-NFC7.1.0.1
2024-05-24 10:11:48,911 [WARN] ConditionMgr:438 - getConditionDescription Invalid condition id : LAN8742 Phy interface Condition cause : null
2024-05-24 10:11:48,911 [WARN] PackLoader:240 - Cannot read IP mode file for STMicroelectronics.X-CUBE-AZRTOS-L4.2.0.0
2024-05-24 10:11:48,913 [WARN] ConditionMgr:1039 - genDependencies : Invalid condition id : LAN8742 Phy interface Condition cause : null
2024-05-24 10:11:48,913 [WARN] ConditionMgr:1039 - genDependencies : Invalid condition id : LAN8742 Phy interface Condition cause : null
2024-05-24 10:11:48,913 [WARN] ConditionMgr:1039 - genDependencies : Invalid condition id : LAN8742 Phy interface Condition cause : null
2024-05-24 10:11:48,928 [WARN] PackLoader:240 - Cannot read IP mode file for STMicroelectronics.X-CUBE-SFXS2LP1.4.0.0
2024-05-24 10:11:48,951 [WARN] ConditionMgr:438 - getConditionDescription Invalid condition id : UX DEVICE CLASS RTOS Condition cause : null
2024-05-24 10:11:48,952 [WARN] ConditionMgr:438 - getConditionDescription Invalid condition id : UX DEVICE CLASS RTOS Condition cause : null
2024-05-24 10:11:48,954 [WARN] PackLoader:240 - Cannot read IP mode file for STMicroelectronics.X-CUBE-AZRTOS-WB.2.0.0
2024-05-24 10:11:48,954 [WARN] ConditionMgr:1039 - genDependencies : Invalid condition id : UX DEVICE CLASS RTOS Condition cause : null
2024-05-24 10:11:48,954 [WARN] ConditionMgr:1039 - genDependencies : Invalid condition id : UX DEVICE CLASS RTOS Condition cause : null
2024-05-24 10:11:48,955 [WARN] ConditionMgr:1039 - genDependencies : Invalid condition id : UX DEVICE CLASS RTOS Condition cause : null
2024-05-24 10:11:48,956 [WARN] ConditionMgr:1039 - genDependencies : Invalid condition id : UX DEVICE CLASS RTOS Condition cause : null
2024-05-24 10:11:48,956 [WARN] ConditionMgr:1039 - genDependencies : Invalid condition id : UX DEVICE CLASS RTOS Condition cause : null
2024-05-24 10:11:48,975 [WARN] PackLoader:240 - Cannot read IP mode file for STMicroelectronics.X-CUBE-SUBG2.5.0.0
2024-05-24 10:11:48,982 [WARN] PackLoader:240 - Cannot read IP mode file for Cesanta.I-CUBE-Mongoose.7.13.0
2024-05-24 10:11:49,006 [WARN] PackLoader:240 - Cannot read IP mode file for STMicroelectronics.X-CUBE-AZRTOS-G4.2.0.0
2024-05-24 10:11:49,019 [WARN] PackLoader:240 - Cannot read IP mode file for STMicroelectronics.X-CUBE-ISPU.2.0.0
2024-05-24 10:11:49,023 [WARN] PackLoader:240 - Cannot read IP mode file for STMicroelectronics.X-CUBE-ALS.1.0.2
2024-05-24 10:11:49,076 [WARN] PackLoader:240 - Cannot read IP mode file for STMicroelectronics.X-CUBE-MEMS1.10.0.0
2024-05-24 10:11:49,192 [WARN] PackLoader:240 - Cannot read IP mode file for STMicroelectronics.X-CUBE-FREERTOS.1.1.0
2024-05-24 10:11:49,207 [WARN] PackLoader:240 - Cannot read IP mode file for portGmbH.I-Cube-SoM-uGOAL.1.1.0
2024-05-24 10:11:49,218 [WARN] PackLoader:240 - Cannot read IP mode file for STMicroelectronics.X-CUBE-ALS.1.0.1
2024-05-24 10:11:49,246 [WARN] PackLoader:240 - Cannot read IP mode file for STMicroelectronics.X-CUBE-AZRTOS-H7RS.1.0.0
2024-05-24 10:11:49,259 [WARN] PackLoader:240 - Cannot read IP mode file for STMicroelectronics.FP-ATR-ASTRA1.2.0.0
2024-05-24 10:11:49,277 [WARN] PackLoader:240 - Cannot read IP mode file for STMicroelectronics.X-CUBE-TOF1.3.4.1
2024-05-24 10:11:49,318 [WARN] PackLoader:240 - Cannot read IP mode file for STMicroelectronics.X-CUBE-AZRTOS-H7.3.2.0
2024-05-24 10:11:49,342 [WARN] PackLoader:240 - Cannot read IP mode file for Infineon.AIROC-Wi-Fi-Bluetooth-STM32.1.6.0
2024-05-24 10:11:49,344 [INFO] ThirdParty:978 - Integrity check success = true
2024-05-24 10:11:49,345 [INFO] IntegrityCheckThread:100 - exiting critical section [integrity check]
2024-05-24 10:11:49,345 [INFO] IntegrityCheckThread:103 - End integrity checks thread
2024-05-24 10:35:44,353 [INFO] WebApp:354 - JxBrowser engine has been closed 
2024-05-24 11:01:20,342 [INFO] Activator:176 - 


2024-05-24 11:01:20,344 [INFO] Activator:177 - !SESSION log4j initialized
2024-05-24 11:01:29,530 [INFO] LogOutputStream:77 - [STDOUT_REDIRECT] 
2024-05-24 11:01:33,265 [INFO] ApplicationProperties:184 - Using Application install path: C:\ST\STM32CubeIDE_1.15.0\STM32CubeIDE\plugins\com.st.stm32cube.common.mx_6.11.0.202403141607
2024-05-24 11:01:33,285 [INFO] DbMcusXml:78 - Set database path to: C:\ST\STM32CubeIDE_1.15.0\STM32CubeIDE\plugins\com.st.stm32cube.common.mx_6.11.0.202403141607\\db\/mcu/
2024-05-24 11:01:33,285 [INFO] ApiDb:274 - Set plugin database path to: C:\ST\STM32CubeIDE_1.15.0\STM32CubeIDE\plugins\com.st.stm32cube.common.mx_6.11.0.202403141607\\db\/plugins/boardmanager/
2024-05-24 11:01:33,285 [WARN] ApiDb:259 - Overriding images path with different value:  => C:\ST\STM32CubeIDE_1.15.0\STM32CubeIDE\plugins\com.st.stm32cube.common.mx_6.11.0.202403141607\\db\/plugins/mcufinder/images/
2024-05-24 11:01:33,296 [INFO] ApiDb:250 - Set database path to: C:\Users\User\.stmcufinder\plugins\mcufinder//mcu/
2024-05-24 11:01:33,297 [INFO] DbMcusAds:125 - Set database path to: C:\Users\User\.stmcufinder\plugins\mcufinder//mcu/
2024-05-24 11:01:33,299 [INFO] CrossReferenceDbSqlite:203 - Set database path to: C:\Users\User\.stmcufinder\plugins\mcufinder//mcu/cs/
2024-05-24 11:01:33,427 [INFO] RulesReader:64 - Compatibility file has been processed (297 Rules)
2024-05-24 11:01:33,546 [INFO] DbMcusXml:78 - Set database path to: C:\ST\STM32CubeIDE_1.15.0\STM32CubeIDE\plugins\com.st.stm32cube.common.mx_6.11.0.202403141607\\db\/mcu/
2024-05-24 11:01:33,546 [INFO] ApiDb:274 - Set plugin database path to: C:\ST\STM32CubeIDE_1.15.0\STM32CubeIDE\plugins\com.st.stm32cube.common.mx_6.11.0.202403141607\\db\/plugins/boardmanager/
2024-05-24 11:01:33,546 [INFO] ApiDb:261 - Set plugin images path to: C:\ST\STM32CubeIDE_1.15.0\STM32CubeIDE\plugins\com.st.stm32cube.common.mx_6.11.0.202403141607\\db\/plugins/mcufinder/images/
2024-05-24 11:01:33,547 [WARN] DbFile:41 - Overriding database path with different value: C:\Users\User\.stmcufinder\plugins\mcufinder/ => C:\Users\User\.stmcufinder\plugins\mcufinder
2024-05-24 11:01:33,547 [INFO] ApiDb:250 - Set database path to: C:\Users\User\.stmcufinder\plugins\mcufinder//mcu/
2024-05-24 11:01:33,547 [WARN] DbFile:41 - Overriding database path with different value: C:\Users\User\.stmcufinder\plugins\mcufinder/ => C:\Users\User\.stmcufinder\plugins\mcufinder
2024-05-24 11:01:33,547 [INFO] DbMcusAds:125 - Set database path to: C:\Users\User\.stmcufinder\plugins\mcufinder//mcu/
2024-05-24 11:01:33,547 [WARN] DbFile:41 - Overriding database path with different value: C:\Users\User\.stmcufinder\plugins\mcufinder/ => C:\Users\User\.stmcufinder\plugins\mcufinder
2024-05-24 11:01:33,547 [WARN] DbFile:41 - Overriding database path with different value: C:\Users\User\.stmcufinder\plugins\mcufinder/ => C:\Users\User\.stmcufinder\plugins\mcufinder
2024-05-24 11:01:33,547 [INFO] CrossReferenceDbSqlite:203 - Set database path to: C:\Users\User\.stmcufinder\plugins\mcufinder//mcu/cs/
2024-05-24 11:01:33,644 [INFO] MainPanel:264 - HeapMemory: 268435456
2024-05-24 11:01:33,752 [INFO] DbMcusXml:78 - Set database path to: C:\ST\STM32CubeIDE_1.15.0\STM32CubeIDE\plugins\com.st.stm32cube.common.mx_6.11.0.202403141607\\db\/mcu/
2024-05-24 11:01:33,752 [INFO] ApiDb:274 - Set plugin database path to: C:\ST\STM32CubeIDE_1.15.0\STM32CubeIDE\plugins\com.st.stm32cube.common.mx_6.11.0.202403141607\\db\/plugins/boardmanager/
2024-05-24 11:01:33,752 [INFO] ApiDb:261 - Set plugin images path to: C:\ST\STM32CubeIDE_1.15.0\STM32CubeIDE\plugins\com.st.stm32cube.common.mx_6.11.0.202403141607\\db\/plugins/mcufinder/images/
2024-05-24 11:01:33,752 [WARN] DbFile:41 - Overriding database path with different value: C:\Users\User\.stmcufinder\plugins\mcufinder/ => C:\Users\User\.stmcufinder\plugins\mcufinder
2024-05-24 11:01:33,752 [INFO] ApiDb:250 - Set database path to: C:\Users\User\.stmcufinder\plugins\mcufinder//mcu/
2024-05-24 11:01:33,752 [WARN] DbFile:41 - Overriding database path with different value: C:\Users\User\.stmcufinder\plugins\mcufinder/ => C:\Users\User\.stmcufinder\plugins\mcufinder
2024-05-24 11:01:33,752 [INFO] DbMcusAds:125 - Set database path to: C:\Users\User\.stmcufinder\plugins\mcufinder//mcu/
2024-05-24 11:01:33,752 [WARN] DbFile:41 - Overriding database path with different value: C:\Users\User\.stmcufinder\plugins\mcufinder/ => C:\Users\User\.stmcufinder\plugins\mcufinder
2024-05-24 11:01:33,752 [WARN] DbFile:41 - Overriding database path with different value: C:\Users\User\.stmcufinder\plugins\mcufinder/ => C:\Users\User\.stmcufinder\plugins\mcufinder
2024-05-24 11:01:33,752 [INFO] CrossReferenceDbSqlite:203 - Set database path to: C:\Users\User\.stmcufinder\plugins\mcufinder//mcu/cs/
2024-05-24 11:01:33,771 [INFO] ApplicationProperties:184 - Using Application install path: C:\ST\STM32CubeIDE_1.15.0\STM32CubeIDE\plugins\com.st.stm32cube.common.mx_6.11.0.202403141607
2024-05-24 11:01:33,772 [INFO] PluginManage:196 - Search for loadable plugins [exclusion list=, ]
2024-05-24 11:01:33,773 [INFO] PluginManage:310 - Check plugin analytics
2024-05-24 11:01:33,958 [INFO] AnalyticsPlugin:253 - Accepted Software Licenses: 
2024-05-24 11:01:33,958 [INFO] AnalyticsPlugin:255 - Accepted CMSIS Pack Licenses: 
2024-05-24 11:01:33,959 [INFO] AnalyticsPlugin:257 - Accepted Firmware Licenses: 
2024-05-24 11:01:33,961 [INFO] PluginManage:359 - Loaded plugin analytics (category:tool,tabindex:-1)
2024-05-24 11:01:33,962 [INFO] PluginManage:310 - Check plugin cadmodel
2024-05-24 11:01:33,978 [INFO] CADModel:105 - Init CAD model plugin
2024-05-24 11:01:33,978 [INFO] PluginManage:359 - Loaded plugin cadmodel (category:power,tabindex:5)
2024-05-24 11:01:33,978 [INFO] PluginManage:310 - Check plugin clock
2024-05-24 11:01:34,000 [INFO] PluginManage:359 - Loaded plugin clock (category:base,tabindex:2)
2024-05-24 11:01:34,001 [INFO] PluginManage:310 - Check plugin ddr
2024-05-24 11:01:34,003 [INFO] PluginManage:359 - Loaded plugin ddr (category:tool,tabindex:6)
2024-05-24 11:01:34,003 [INFO] PluginManage:310 - Check plugin filemanager
2024-05-24 11:01:34,151 [INFO] PluginManage:359 - Loaded plugin filemanager (category:base,tabindex:10)
2024-05-24 11:01:34,152 [INFO] PluginManage:310 - Check plugin ipmanager
2024-05-24 11:01:34,158 [INFO] PluginManage:359 - Loaded plugin ipmanager (category:base,tabindex:5)
2024-05-24 11:01:34,159 [INFO] PluginManage:310 - Check plugin lpbam
2024-05-24 11:01:34,177 [INFO] PluginManage:359 - Loaded plugin lpbam (category:base,tabindex:0)
2024-05-24 11:01:34,177 [INFO] PluginManage:310 - Check plugin memorymap
2024-05-24 11:01:34,203 [INFO] PluginManage:359 - Loaded plugin memorymap (category:base,tabindex:4)
2024-05-24 11:01:34,203 [INFO] PluginManage:310 - Check plugin pinoutandconfiguration
2024-05-24 11:01:34,224 [INFO] PluginManage:359 - Loaded plugin pinoutandconfiguration (category:base,tabindex:1)
2024-05-24 11:01:34,224 [INFO] PluginManage:310 - Check plugin pinoutconfig
2024-05-24 11:01:34,328 [WARN] SupportedApi:132 - Cannot load RTOS API schema: s4s-elt-must-match.1: The content of 'definitions' must match (annotation?, (simpleType | complexType)?, (unique | key | keyref)*)). A problem was found starting at: attribute.
2024-05-24 11:01:34,479 [INFO] PluginManage:359 - Loaded plugin pinoutconfig (category:base,tabindex:0)
2024-05-24 11:01:34,479 [INFO] PluginManage:310 - Check plugin power
2024-05-24 11:01:34,502 [INFO] PluginManage:359 - Loaded plugin power (category:power,tabindex:4)
2024-05-24 11:01:34,502 [INFO] PluginManage:310 - Check plugin projectmanager
2024-05-24 11:01:34,525 [INFO] PluginManage:359 - Loaded plugin projectmanager (category:projectmanager,tabindex:3)
2024-05-24 11:01:34,525 [INFO] PluginManage:310 - Check plugin thirdparty
2024-05-24 11:01:34,808 [INFO] PluginManage:359 - Loaded plugin thirdparty (category:base,tabindex:-1)
2024-05-24 11:01:34,808 [WARN] IntegrityCheckThread:84 - waiting for thirdparty lock release [integrity check]
2024-05-24 11:01:34,808 [INFO] PluginManage:310 - Check plugin tools
2024-05-24 11:01:34,808 [INFO] IntegrityCheckThread:86 - entering critical section [integrity check]
2024-05-24 11:01:34,808 [INFO] ThirdPartyUpdaterWithRetryManager:70 - Updater plugin not ready yet. [1/15]
2024-05-24 11:01:34,848 [INFO] PluginManage:359 - Loaded plugin tools (category:base,tabindex:7)
2024-05-24 11:01:34,848 [INFO] PluginManage:310 - Check plugin tutovideos
2024-05-24 11:01:35,080 [INFO] PluginManage:359 - Loaded plugin tutovideos (category:base,tabindex:-1)
2024-05-24 11:01:35,080 [INFO] PluginManage:310 - Check plugin updater
2024-05-24 11:01:35,090 [INFO] PluginManage:359 - Loaded plugin updater (category:base,tabindex:12)
2024-05-24 11:01:35,090 [INFO] PluginManage:310 - Check plugin userauth
2024-05-24 11:01:35,096 [INFO] UserAuth:114 - Init User Auth plugin
2024-05-24 11:01:35,096 [INFO] PluginManage:359 - Loaded plugin userauth (category:base,tabindex:14)
2024-05-24 11:01:35,097 [INFO] PluginManage:283 - PluginManage : Loaded plugins [17]
2024-05-24 11:01:35,331 [INFO] PinOutPanel:1561 - setPackage(No Configuration,No Configuration)
2024-05-24 11:01:35,410 [INFO] CADModel:165 - CPN selected for project level
2024-05-24 11:01:35,410 [INFO] CADModel:114 - Register for checkConnection events
2024-05-24 11:01:35,444 [INFO] IPUIPlugin:80 - create IPUIPlugin
2024-05-24 11:01:35,444 [INFO] PluginManager:220 - loadIPPluginJar : add adc
2024-05-24 11:01:35,492 [INFO] IPUIPlugin:80 - create IPUIPlugin
2024-05-24 11:01:35,493 [INFO] PluginManager:220 - loadIPPluginJar : add aes
2024-05-24 11:01:35,546 [INFO] IPUIPlugin:80 - create IPUIPlugin
2024-05-24 11:01:35,546 [INFO] PluginManager:220 - loadIPPluginJar : add can
2024-05-24 11:01:35,575 [INFO] IPUIPlugin:80 - create IPUIPlugin
2024-05-24 11:01:35,576 [INFO] PluginManager:220 - loadIPPluginJar : add comp
2024-05-24 11:01:35,617 [INFO] IPUIPlugin:80 - create IPUIPlugin
2024-05-24 11:01:35,617 [INFO] PluginManager:220 - loadIPPluginJar : add cryp
2024-05-24 11:01:35,653 [INFO] IPUIPlugin:80 - create IPUIPlugin
2024-05-24 11:01:35,653 [INFO] PluginManager:220 - loadIPPluginJar : add dfsdm
2024-05-24 11:01:35,670 [INFO] IPUIPlugin:80 - create IPUIPlugin
2024-05-24 11:01:35,671 [INFO] PluginManager:220 - loadIPPluginJar : add dma
2024-05-24 11:01:35,726 [INFO] IPUIPlugin:80 - create IPUIPlugin
2024-05-24 11:01:35,726 [INFO] PluginManager:220 - loadIPPluginJar : add dma3
2024-05-24 11:01:35,777 [INFO] IPUIPlugin:80 - create IPUIPlugin
2024-05-24 11:01:35,777 [INFO] PluginManager:220 - loadIPPluginJar : add extmemmanager
2024-05-24 11:01:35,801 [INFO] IPUIPlugin:80 - create IPUIPlugin
2024-05-24 11:01:35,801 [INFO] PluginManager:220 - loadIPPluginJar : add fatfs
2024-05-24 11:01:35,859 [INFO] IPUIPlugin:80 - create IPUIPlugin
2024-05-24 11:01:35,860 [INFO] PluginManager:220 - loadIPPluginJar : add fmc
2024-05-24 11:01:35,878 [INFO] IPUIPlugin:80 - create IPUIPlugin
2024-05-24 11:01:35,878 [INFO] PluginManager:220 - loadIPPluginJar : add freertos
2024-05-24 11:01:35,902 [INFO] IPUIPlugin:80 - create IPUIPlugin
2024-05-24 11:01:35,902 [INFO] PluginManager:220 - loadIPPluginJar : add genericplugin
2024-05-24 11:01:36,013 [INFO] IPUIPlugin:80 - create IPUIPlugin
2024-05-24 11:01:36,014 [INFO] PluginManager:220 - loadIPPluginJar : add gfxmmu
2024-05-24 11:01:36,153 [INFO] IPUIPlugin:80 - create IPUIPlugin
2024-05-24 11:01:36,153 [INFO] PluginManager:220 - loadIPPluginJar : add gic
2024-05-24 11:01:36,168 [INFO] IPUIPlugin:80 - create IPUIPlugin
2024-05-24 11:01:36,168 [INFO] PluginManager:220 - loadIPPluginJar : add gpio
2024-05-24 11:01:36,266 [INFO] IPUIPlugin:80 - create IPUIPlugin
2024-05-24 11:01:36,266 [INFO] PluginManager:220 - loadIPPluginJar : add gtzc
2024-05-24 11:01:36,299 [INFO] IPUIPlugin:80 - create IPUIPlugin
2024-05-24 11:01:36,299 [INFO] PluginManager:220 - loadIPPluginJar : add hash
2024-05-24 11:01:36,353 [INFO] IPUIPlugin:80 - create IPUIPlugin
2024-05-24 11:01:36,353 [INFO] PluginManager:220 - loadIPPluginJar : add i2c
2024-05-24 11:01:36,397 [INFO] IPUIPlugin:80 - create IPUIPlugin
2024-05-24 11:01:36,397 [INFO] PluginManager:220 - loadIPPluginJar : add i2s
2024-05-24 11:01:36,445 [INFO] IPUIPlugin:80 - create IPUIPlugin
2024-05-24 11:01:36,445 [INFO] PluginManager:220 - loadIPPluginJar : add i3c
2024-05-24 11:01:36,561 [INFO] IPUIPlugin:80 - create IPUIPlugin
2024-05-24 11:01:36,562 [INFO] PluginManager:220 - loadIPPluginJar : add ipddr
2024-05-24 11:01:36,666 [INFO] IPUIPlugin:80 - create IPUIPlugin
2024-05-24 11:01:36,666 [INFO] PluginManager:220 - loadIPPluginJar : add linkedlist
2024-05-24 11:01:36,705 [INFO] IPUIPlugin:80 - create IPUIPlugin
2024-05-24 11:01:36,705 [INFO] PluginManager:220 - loadIPPluginJar : add lorawan
2024-05-24 11:01:36,743 [INFO] IPUIPlugin:80 - create IPUIPlugin
2024-05-24 11:01:36,744 [INFO] PluginManager:220 - loadIPPluginJar : add ltdc
2024-05-24 11:01:36,758 [INFO] IPUIPlugin:80 - create IPUIPlugin
2024-05-24 11:01:36,758 [INFO] PluginManager:220 - loadIPPluginJar : add mdma
2024-05-24 11:01:36,772 [INFO] IPUIPlugin:80 - create IPUIPlugin
2024-05-24 11:01:36,772 [INFO] PluginManager:220 - loadIPPluginJar : add nvic
2024-05-24 11:01:36,813 [INFO] IPUIPlugin:80 - create IPUIPlugin
2024-05-24 11:01:36,813 [INFO] PluginManager:220 - loadIPPluginJar : add opamp
2024-05-24 11:01:36,882 [INFO] IPUIPlugin:80 - create IPUIPlugin
2024-05-24 11:01:36,882 [INFO] PluginManager:220 - loadIPPluginJar : add openamp
2024-05-24 11:01:36,944 [INFO] IPUIPlugin:80 - create IPUIPlugin
2024-05-24 11:01:36,944 [INFO] PluginManager:220 - loadIPPluginJar : add pdm2pcm
2024-05-24 11:01:36,962 [INFO] IPUIPlugin:80 - create IPUIPlugin
2024-05-24 11:01:36,965 [INFO] PluginManager:220 - loadIPPluginJar : add plateformsettings
2024-05-24 11:01:36,990 [INFO] IPUIPlugin:80 - create IPUIPlugin
2024-05-24 11:01:36,990 [INFO] PluginManager:220 - loadIPPluginJar : add quadspi
2024-05-24 11:01:37,002 [INFO] IPUIPlugin:80 - create IPUIPlugin
2024-05-24 11:01:37,002 [INFO] PluginManager:220 - loadIPPluginJar : add resmgrutility
2024-05-24 11:01:37,055 [INFO] IPUIPlugin:80 - create IPUIPlugin
2024-05-24 11:01:37,056 [INFO] PluginManager:220 - loadIPPluginJar : add sai
2024-05-24 11:01:37,101 [INFO] IPUIPlugin:80 - create IPUIPlugin
2024-05-24 11:01:37,101 [INFO] PluginManager:220 - loadIPPluginJar : add spi
2024-05-24 11:01:37,173 [INFO] IPUIPlugin:80 - create IPUIPlugin
2024-05-24 11:01:37,174 [INFO] PluginManager:220 - loadIPPluginJar : add stm32_wpan
2024-05-24 11:01:37,205 [INFO] IPUIPlugin:80 - create IPUIPlugin
2024-05-24 11:01:37,205 [INFO] PluginManager:220 - loadIPPluginJar : add tim
2024-05-24 11:01:37,270 [INFO] IPUIPlugin:80 - create IPUIPlugin
2024-05-24 11:01:37,270 [INFO] PluginManager:220 - loadIPPluginJar : add touchsensing
2024-05-24 11:01:37,294 [INFO] IPUIPlugin:80 - create IPUIPlugin
2024-05-24 11:01:37,295 [INFO] PluginManager:220 - loadIPPluginJar : add tracer_emb
2024-05-24 11:01:37,324 [INFO] IPUIPlugin:80 - create IPUIPlugin
2024-05-24 11:01:37,324 [INFO] PluginManager:220 - loadIPPluginJar : add ts
2024-05-24 11:01:37,351 [INFO] IPUIPlugin:80 - create IPUIPlugin
2024-05-24 11:01:37,351 [INFO] PluginManager:220 - loadIPPluginJar : add tsc
2024-05-24 11:01:37,377 [INFO] IPUIPlugin:80 - create IPUIPlugin
2024-05-24 11:01:37,378 [INFO] PluginManager:220 - loadIPPluginJar : add ucpd
2024-05-24 11:01:37,432 [INFO] IPUIPlugin:80 - create IPUIPlugin
2024-05-24 11:01:37,432 [INFO] PluginManager:220 - loadIPPluginJar : add usart
2024-05-24 11:01:37,480 [INFO] IPUIPlugin:80 - create IPUIPlugin
2024-05-24 11:01:37,480 [INFO] PluginManager:220 - loadIPPluginJar : add usbx
2024-05-24 11:01:37,622 [INFO] CADModel:165 - CPN selected for project level
2024-05-24 11:01:37,623 [INFO] CADModel:114 - Register for checkConnection events
2024-05-24 11:01:37,624 [FATAL] Updater:308 - Updater called before beeing initialized
2024-05-24 11:01:37,624 [ERROR] CADModel:125 - Updater not yet initialized, retry later 
2024-05-24 11:01:37,810 [INFO] ThirdPartyUpdaterWithRetryManager:70 - Updater plugin not ready yet. [2/15]
2024-05-24 11:01:37,817 [INFO] CADModel:165 - CPN selected for project level
2024-05-24 11:01:37,817 [INFO] CADModel:114 - Register for checkConnection events
2024-05-24 11:01:37,817 [FATAL] Updater:308 - Updater called before beeing initialized
2024-05-24 11:01:37,817 [ERROR] CADModel:125 - Updater not yet initialized, retry later 
2024-05-24 11:01:37,820 [FATAL] Updater:308 - Updater called before beeing initialized
2024-05-24 11:01:37,943 [FATAL] Updater:308 - Updater called before beeing initialized
2024-05-24 11:01:37,956 [INFO] DbMcusAds:53 - JSON generation date=Thu May 16 10:22:00 WAT 2024 (1715851320852)
2024-05-24 11:01:37,956 [FATAL] Updater:308 - Updater called before beeing initialized
2024-05-24 11:01:38,041 [WARN] DetailPanel:346 - Failed to get advertising image, set to default
2024-05-24 11:01:38,136 [FATAL] Updater:308 - Updater called before beeing initialized
2024-05-24 11:01:38,139 [FATAL] Updater:308 - Updater called before beeing initialized
2024-05-24 11:01:38,139 [FATAL] Updater:308 - Updater called before beeing initialized
2024-05-24 11:01:38,139 [WARN] DetailPanel:346 - Failed to get advertising image, set to default
2024-05-24 11:01:38,140 [FATAL] Updater:308 - Updater called before beeing initialized
2024-05-24 11:01:38,206 [ERROR] Updater:1120 - MainUpdater not yet initialized. External WinMGr cannot be set.
2024-05-24 11:01:38,217 [INFO] Updater:1056 - Updater Version found : 6.11.0
2024-05-24 11:01:38,242 [INFO] ApplicationProperties:184 - Using Application install path: C:\ST\STM32CubeIDE_1.15.0\STM32CubeIDE\plugins\com.st.stm32cube.common.mx_6.11.0.202403141607
2024-05-24 11:01:39,847 [ERROR] LogOutputStream:75 - [STDERR_REDIRECT] May 24, 2024 11:01:39 AM java.util.prefs.WindowsPreferences <init>
2024-05-24 11:01:39,850 [ERROR] LogOutputStream:75 - [STDERR_REDIRECT] WARNING: Could not open/create prefs root node Software\JavaSoft\Prefs at root 0xffffffff80000002. Windows RegCreateKeyEx(...) returned error code 5.
2024-05-24 11:01:39,850 [ERROR] LogOutputStream:75 - [STDERR_REDIRECT] 
2024-05-24 11:01:40,810 [FATAL] Updater:308 - Updater called before beeing initialized
2024-05-24 11:01:40,811 [ERROR] IntegrityCheckThread:130 - Cannot retrieve database content from updater: error 21
2024-05-24 11:01:40,812 [INFO] ThirdParty:978 - Integrity check success = false
2024-05-24 11:01:40,813 [INFO] IntegrityCheckThread:100 - exiting critical section [integrity check]
2024-05-24 11:01:40,813 [INFO] IntegrityCheckThread:103 - End integrity checks thread
2024-05-24 11:01:40,955 [INFO] MainUpdater:2873 - connection check result : 10
2024-05-24 11:01:40,957 [INFO] MainUpdater:290 - Updater Check For Update Now.
2024-05-24 11:01:40,957 [INFO] MicroXplorer:498 - Change Database Version : DB.6.0.110
2024-05-24 11:01:40,988 [INFO] McuFinderGlobals:63 - Set McuFinder mode to 2 (CubeIDE integrated)
2024-05-24 11:01:41,000 [INFO] UserAuth:415 - Internet connection configuration mode: 1
2024-05-24 11:01:41,032 [INFO] JxBrowserEngine:152 - Initiate JxBrowser Engine with user profile folder
2024-05-24 11:01:41,184 [INFO] CheckServerUpdateThread:120 - End of CheckServer Thread
2024-05-24 11:01:46,359 [INFO] WebApp:161 - Instantiating new browser for Auth
2024-05-24 11:01:47,109 [INFO] WebApp:779 - Register for checkConnection events
2024-05-24 11:01:47,109 [INFO] WebApp:414 - Apply proxy settings
2024-05-24 11:01:47,109 [INFO] WebApp:499 - Chromium requires no authentication
2024-05-24 11:01:47,118 [INFO] WebApp:442 - Direct internet connection detected
2024-05-24 11:01:47,312 [INFO] WebApp:192 - Starting web application
2024-05-24 11:01:47,312 [INFO] WebApp:544 - Web application path used C:\ST\STM32CubeIDE_1.15.0\STM32CubeIDE\plugins\com.st.stm32cube.common.mx_6.11.0.202403141607\db\plugins\mcufinder\reactClient1\index.html
